[2022-12-01  08:45:27] [type: Request] [user: ] [ip: undefined] [proxy: undefined] Controller: LanguageSelection Task: getInterfaceNamesData: {}
[2022-12-01  08:45:31] [type: Request] [user: admin] [ip: undefined] [proxy: undefined] Controller: LanguageSelection Task: getInterfaceNamesData: {}
[2022-12-01  08:45:34] [type: Access] [user: admin] [ip: undefined] [proxy: undefined] http://
[2022-12-01  08:45:35] [type: Request] [user: admin] [ip: undefined] [proxy: undefined] Controller: LanguageSelection Task: getInterfaceNamesData: {}
[2022-12-01  08:45:36] [type: Request] [user: admin] [ip: undefined] [proxy: undefined] Controller: StatsDisplay Task: getStatsData: {}
[2022-12-01  08:45:36] [type: Select] [user: admin] [ip: undefined] [proxy: undefined] Database: scheduler; SQL: SELECT id, name FROM statistics WHERE  active = '1'
[2022-12-01  08:46:47] [type: Request] [user: admin] [ip: undefined] [proxy: undefined] Controller: StatsDisplay Task: getInputsSettingsData: {}
[2022-12-01  08:46:47] [type: Select] [user: admin] [ip: undefined] [proxy: undefined] Database: scheduler; SQL: SELECT * FROM statistics WHERE  id = '4'
[2022-12-01  08:46:56] [type: Request] [user: admin] [ip: undefined] [proxy: undefined] Controller: StatsDisplay Task: getInputsSettingsData: {}
[2022-12-01  08:46:56] [type: Select] [user: admin] [ip: undefined] [proxy: undefined] Database: scheduler; SQL: SELECT * FROM statistics WHERE  id = '5'
[2022-12-01  08:47:01] [type: Access] [user: admin] [ip: undefined] [proxy: undefined] http://
[2022-12-01  08:47:03] [type: Request] [user: admin] [ip: undefined] [proxy: undefined] Controller: LanguageSelection Task: getInterfaceNamesData: {}
[2022-12-01  08:47:03] [type: Request] [user: admin] [ip: undefined] [proxy: undefined] Controller: StatsSettings Task: getStatsWithoutFormData: {}
[2022-12-01  08:47:03] [type: Select] [user: admin] [ip: undefined] [proxy: undefined] Database: scheduler; SQL: SELECT * FROM statistics WHERE  type != 'Ze wzoru'
[2022-12-01  08:47:12] [type: Request] [user: admin] [ip: undefined] [proxy: undefined] Controller: StatsSettings Task: getStatsStageOneData: {}
[2022-12-01  08:48:28] [type: Request] [user: admin] [ip: undefined] [proxy: undefined] Controller: StatsSettings Task: getStatsStageTwoData: {}
[2022-12-01  08:49:43] [type: Access] [user: admin] [ip: undefined] [proxy: undefined] http://
[2022-12-01  08:49:45] [type: Request] [user: admin] [ip: undefined] [proxy: undefined] Controller: LanguageSelection Task: getInterfaceNamesData: {}
[2022-12-01  08:49:45] [type: Request] [user: admin] [ip: undefined] [proxy: undefined] Controller: StatsSuzug Task: getSuzugUsersData: {}
[2022-12-01  08:49:45] [type: Select] [user: admin] [ip: undefined] [proxy: undefined] Database: scheduler; SQL: SELECT * FROM suzug_user_details WHERE  year = '2022' ORDER BY number ASC
[2022-12-01  08:49:45] [type: Error] [user: admin] [ip: undefined] [proxy: undefined] SQLSTATE[42S02]: Base table or view not found: 1146 Table 'scheduler.suzug_user_details' doesn't exist ;
 #0 /var/www/html/sys/classes/Tanweb/Database/Database.php(115): PDO->prepare('SELECT * FROM s...')
#1 /var/www/html/sys/classes/Data/Access/View.php(47): Tanweb\Database\Database->select(Object(Tanweb\Database\SQL\MysqlBuilder))
#2 /var/www/html/sys/classes/Data/Access/Views/SuzugUserDetailsView.php(51): Data\Access\View->select(Object(Tanweb\Database\SQL\MysqlBuilder))
#3 /var/www/html/sys/classes/Services/SuzugService.php(88): Data\Access\Views\SuzugUserDetailsView->getByYear(2022)
#4 /var/www/html/sys/classes/Controllers/StatsSuzug.php(33): Services\SuzugService->getAllSuzugUsersForYear(2022)
#5 /var/www/html/sys/classes/Controllers/Base/Controller.php(112): Controllers\StatsSuzug->getSuzugUsers()
#6 /var/www/html/sys/classes/Controllers/Base/Controller.php(89): Controllers\Base\Controller->runTask(Object(Tanweb\Request\Request))
#7 /var/www/html/sys/scripts/requests/rest.php(26): Controllers\Base\Controller->run(Object(Tanweb\Request\Request))
#8 {main}
[2022-12-01  08:49:59] [type: Request] [user: admin] [ip: undefined] [proxy: undefined] Controller: StatsSuzug Task: getAssignmentOptionsData: {}
[2022-12-01  08:49:59] [type: Select] [user: admin] [ip: undefined] [proxy: undefined] Database: scheduler; SQL: SELECT * FROM suzug_user_details WHERE  active = '1' and year = '2022' ORDER BY number ASC
[2022-12-01  08:49:59] [type: Error] [user: admin] [ip: undefined] [proxy: undefined] SQLSTATE[42S02]: Base table or view not found: 1146 Table 'scheduler.suzug_user_details' doesn't exist ;
 #0 /var/www/html/sys/classes/Tanweb/Database/Database.php(115): PDO->prepare('SELECT * FROM s...')
#1 /var/www/html/sys/classes/Data/Access/View.php(47): Tanweb\Database\Database->select(Object(Tanweb\Database\SQL\MysqlBuilder))
#2 /var/www/html/sys/classes/Data/Access/Views/SuzugUserDetailsView.php(58): Data\Access\View->select(Object(Tanweb\Database\SQL\MysqlBuilder))
#3 /var/www/html/sys/classes/Services/SuzugService.php(35): Data\Access\Views\SuzugUserDetailsView->getActiveByYear(2022)
#4 /var/www/html/sys/classes/Controllers/StatsSuzug.php(40): Services\SuzugService->getAssignmentOptions(2022)
#5 /var/www/html/sys/classes/Controllers/Base/Controller.php(112): Controllers\StatsSuzug->getAssignmentOptions()
#6 /var/www/html/sys/classes/Controllers/Base/Controller.php(89): Controllers\Base\Controller->runTask(Object(Tanweb\Request\Request))
#7 /var/www/html/sys/scripts/requests/rest.php(26): Controllers\Base\Controller->run(Object(Tanweb\Request\Request))
#8 {main}
[2022-12-01  09:01:52] [type: Access] [user: admin] [ip: undefined] [proxy: undefined] http://
[2022-12-01  09:01:54] [type: Request] [user: admin] [ip: undefined] [proxy: undefined] Controller: LanguageSelection Task: getInterfaceNamesData: {}
[2022-12-01  09:01:54] [type: Request] [user: admin] [ip: undefined] [proxy: undefined] Controller: StatsSuzug Task: getSuzugUsersData: {}
[2022-12-01  09:01:54] [type: Select] [user: admin] [ip: undefined] [proxy: undefined] Database: scheduler; SQL: SELECT * FROM suzug_user_details WHERE  year = '2022' ORDER BY number ASC
[2022-12-01  09:01:58] [type: Request] [user: admin] [ip: undefined] [proxy: undefined] Controller: StatsSuzug Task: getAssignmentOptionsData: {}
[2022-12-01  09:01:58] [type: Select] [user: admin] [ip: undefined] [proxy: undefined] Database: scheduler; SQL: SELECT * FROM suzug_user_details WHERE  active = '1' and year = '2022' ORDER BY number ASC
[2022-12-01  09:01:58] [type: Select] [user: admin] [ip: undefined] [proxy: undefined] Database: scheduler; SQL: SELECT * FROM users_employment_periods WHERE  active = '1' and inspector = '1' and ( ( start <= '2022-01-01' and end >= '2022-01-01' ) or ( start <= '2022-12-31' and end >= '2022-12-31' )) ORDER BY sort_priority ASC, surname ASC
[2022-12-01  09:03:06] [type: Request] [user: admin] [ip: undefined] [proxy: undefined] Controller: StatsSuzug Task: changeStatusData: {}
[2022-12-01  09:03:06] [type: Select] [user: admin] [ip: undefined] [proxy: undefined] Database: scheduler; SQL: SELECT * FROM suzug_user_details WHERE  id = '9'
[2022-12-01  09:03:06] [type: update] [user: admin] [ip: undefined] [proxy: undefined] Database: scheduler; SQL: UPDATE suzug_user SET active='0' WHERE id = '9'
[2022-12-01  09:03:07] [type: Request] [user: admin] [ip: undefined] [proxy: undefined] Controller: StatsSuzug Task: getSuzugUsersData: {}
[2022-12-01  09:03:07] [type: Select] [user: admin] [ip: undefined] [proxy: undefined] Database: scheduler; SQL: SELECT * FROM suzug_user_details WHERE  year = '2022' ORDER BY number ASC
[2022-12-01  09:03:39] [type: Request] [user: admin] [ip: undefined] [proxy: undefined] Controller: StatsSuzug Task: getAssignmentOptionsData: {}
[2022-12-01  09:03:39] [type: Select] [user: admin] [ip: undefined] [proxy: undefined] Database: scheduler; SQL: SELECT * FROM suzug_user_details WHERE  active = '1' and year = '2022' ORDER BY number ASC
[2022-12-01  09:03:39] [type: Select] [user: admin] [ip: undefined] [proxy: undefined] Database: scheduler; SQL: SELECT * FROM users_employment_periods WHERE  active = '1' and inspector = '1' and ( ( start <= '2022-01-01' and end >= '2022-01-01' ) or ( start <= '2022-12-31' and end >= '2022-12-31' )) ORDER BY sort_priority ASC, surname ASC
[2022-12-01  09:04:02] [type: Request] [user: admin] [ip: undefined] [proxy: undefined] Controller: StatsSuzug Task: getAssignmentOptionsData: {}
[2022-12-01  09:04:02] [type: Select] [user: admin] [ip: undefined] [proxy: undefined] Database: scheduler; SQL: SELECT * FROM suzug_user_details WHERE  active = '1' and year = '2022' ORDER BY number ASC
[2022-12-01  09:04:02] [type: Select] [user: admin] [ip: undefined] [proxy: undefined] Database: scheduler; SQL: SELECT * FROM users_employment_periods WHERE  active = '1' and inspector = '1' and ( ( start <= '2022-01-01' and end >= '2022-01-01' ) or ( start <= '2022-12-31' and end >= '2022-12-31' )) ORDER BY sort_priority ASC, surname ASC
[2022-12-01  09:04:10] [type: Request] [user: admin] [ip: undefined] [proxy: undefined] Controller: StatsSuzug Task: changeStatusData: {}
[2022-12-01  09:04:10] [type: Select] [user: admin] [ip: undefined] [proxy: undefined] Database: scheduler; SQL: SELECT * FROM suzug_user_details WHERE  id = '9'
[2022-12-01  09:04:10] [type: Select] [user: admin] [ip: undefined] [proxy: undefined] Database: scheduler; SQL: SELECT * FROM suzug_user_details WHERE  active = '1' and year = '2022' and number = '2'
[2022-12-01  09:04:10] [type: Select] [user: admin] [ip: undefined] [proxy: undefined] Database: scheduler; SQL: SELECT * FROM suzug_user_details WHERE  active = '1' and year = '2022' and id_user = '6'
[2022-12-01  09:04:10] [type: update] [user: admin] [ip: undefined] [proxy: undefined] Database: scheduler; SQL: UPDATE suzug_user SET active='1' WHERE id = '9'
[2022-12-01  09:04:11] [type: Request] [user: admin] [ip: undefined] [proxy: undefined] Controller: StatsSuzug Task: getSuzugUsersData: {}
[2022-12-01  09:04:11] [type: Select] [user: admin] [ip: undefined] [proxy: undefined] Database: scheduler; SQL: SELECT * FROM suzug_user_details WHERE  year = '2022' ORDER BY number ASC
[2022-12-01  09:04:13] [type: Request] [user: admin] [ip: undefined] [proxy: undefined] Controller: StatsSuzug Task: getAssignmentOptionsData: {}
[2022-12-01  09:04:13] [type: Select] [user: admin] [ip: undefined] [proxy: undefined] Database: scheduler; SQL: SELECT * FROM suzug_user_details WHERE  active = '1' and year = '2022' ORDER BY number ASC
[2022-12-01  09:04:13] [type: Select] [user: admin] [ip: undefined] [proxy: undefined] Database: scheduler; SQL: SELECT * FROM users_employment_periods WHERE  active = '1' and inspector = '1' and ( ( start <= '2022-01-01' and end >= '2022-01-01' ) or ( start <= '2022-12-31' and end >= '2022-12-31' )) ORDER BY sort_priority ASC, surname ASC
[2022-12-01  09:04:19] [type: Request] [user: admin] [ip: undefined] [proxy: undefined] Controller: StatsSuzug Task: saveData: {}
[2022-12-01  09:04:19] [type: Select] [user: admin] [ip: undefined] [proxy: undefined] Database: scheduler; SQL: SELECT * FROM suzug_user_details WHERE  active = '1' and year = '2022' and number = '5'
[2022-12-01  09:04:19] [type: Select] [user: admin] [ip: undefined] [proxy: undefined] Database: scheduler; SQL: SELECT * FROM suzug_user_details WHERE  active = '1' and year = '2022' and id_user = '6'
[2022-12-01  09:04:19] [type: Select] [user: admin] [ip: undefined] [proxy: undefined] Database: scheduler; SQL: SELECT * FROM suzug_user WHERE  id = '9'
[2022-12-01  09:04:19] [type: update] [user: admin] [ip: undefined] [proxy: undefined] Database: scheduler; SQL: UPDATE suzug_user SET active='1', year='2022', number='5', id_user='6' WHERE id = '9'
[2022-12-01  09:04:21] [type: Request] [user: admin] [ip: undefined] [proxy: undefined] Controller: StatsSuzug Task: getSuzugUsersData: {}
[2022-12-01  09:04:21] [type: Select] [user: admin] [ip: undefined] [proxy: undefined] Database: scheduler; SQL: SELECT * FROM suzug_user_details WHERE  year = '2022' ORDER BY number ASC
[2022-12-01  09:05:13] [type: Access] [user: admin] [ip: undefined] [proxy: undefined] http://
[2022-12-01  09:05:15] [type: Request] [user: admin] [ip: undefined] [proxy: undefined] Controller: LanguageSelection Task: getInterfaceNamesData: {}
[2022-12-01  09:05:15] [type: Request] [user: admin] [ip: undefined] [proxy: undefined] Controller: StatsDisplay Task: getStatsData: {}
[2022-12-01  09:05:15] [type: Select] [user: admin] [ip: undefined] [proxy: undefined] Database: scheduler; SQL: SELECT id, name FROM statistics WHERE  active = '1'
[2022-12-01  09:33:52] [type: Request] [user: admin] [ip: undefined] [proxy: undefined] Controller: StatsDisplay Task: getInputsSettingsData: {}
[2022-12-01  09:33:52] [type: Select] [user: admin] [ip: undefined] [proxy: undefined] Database: scheduler; SQL: SELECT * FROM statistics WHERE  id = '4'
[2022-12-01  09:33:55] [type: Request] [user: admin] [ip: undefined] [proxy: undefined] Controller: StatsDisplay Task: generateStatsData: {}
[2022-12-01  09:33:55] [type: Select] [user: admin] [ip: undefined] [proxy: undefined] Database: scheduler; SQL: SELECT * FROM statistics WHERE  id = '4'
[2022-12-01  09:35:42] [type: Request] [user: admin] [ip: undefined] [proxy: undefined] Controller: StatsDisplay Task: generateStatsData: {}
[2022-12-01  09:35:42] [type: Select] [user: admin] [ip: undefined] [proxy: undefined] Database: scheduler; SQL: SELECT * FROM statistics WHERE  id = '4'
[2022-12-01  10:54:06] [type: Request] [user: admin] [ip: undefined] [proxy: undefined] Controller: StatsDisplay Task: generateStatsData: {}
[2022-12-01  10:54:06] [type: Select] [user: admin] [ip: undefined] [proxy: undefined] Database: scheduler; SQL: SELECT * FROM statistics WHERE  id = '4'
[2022-12-01  10:57:20] [type: Request] [user: admin] [ip: undefined] [proxy: undefined] Controller: StatsDisplay Task: generateStatsData: {}
[2022-12-01  10:57:20] [type: Select] [user: admin] [ip: undefined] [proxy: undefined] Database: scheduler; SQL: SELECT * FROM statistics WHERE  id = '4'
[2022-12-01  10:57:51] [type: Error] [user: admin] [ip: undefined] [proxy: undefined] Using $this when not in object context ;
 #0 /var/www/html/sys/classes/Custom/Statistics/Calculation/Calculator.php(26): Custom\Statistics\Options\Group::getValue(Object(Tanweb\Container))
#1 /var/www/html/sys/classes/Custom/Statistics/SingleStats.php(38): Custom\Statistics\Calculation\Calculator::sum(Object(Tanweb\Container), Object(Tanweb\Container), 'value')
#2 /var/www/html/sys/classes/Custom/Statistics/SingleStats.php(30): Custom\Statistics\SingleStats->calculateResult()
#3 /var/www/html/sys/classes/Services/StatsService.php(176): Custom\Statistics\SingleStats->generate()
#4 /var/www/html/sys/classes/Controllers/StatsDisplay.php(45): Services\StatsService->generateStats(Object(Tanweb\Container))
#5 /var/www/html/sys/classes/Controllers/Base/Controller.php(112): Controllers\StatsDisplay->generateStats()
#6 /var/www/html/sys/classes/Controllers/Base/Controller.php(89): Controllers\Base\Controller->runTask(Object(Tanweb\Request\Request))
#7 /var/www/html/sys/scripts/requests/rest.php(26): Controllers\Base\Controller->run(Object(Tanweb\Request\Request))
#8 {main}
[2022-12-01  10:58:05] [type: Request] [user: admin] [ip: undefined] [proxy: undefined] Controller: StatsDisplay Task: generateStatsData: {}
[2022-12-01  10:58:05] [type: Select] [user: admin] [ip: undefined] [proxy: undefined] Database: scheduler; SQL: SELECT * FROM statistics WHERE  id = '4'
[2022-12-01  10:58:15] [type: Error] [user: admin] [ip: undefined] [proxy: undefined] Using $this when not in object context ;
 #0 /var/www/html/sys/classes/Custom/Statistics/Calculation/Calculator.php(26): Custom\Statistics\Options\Group::getValue(Object(Tanweb\Container))
#1 /var/www/html/sys/classes/Custom/Statistics/SingleStats.php(38): Custom\Statistics\Calculation\Calculator::sum(Object(Tanweb\Container), Object(Tanweb\Container), 'value')
#2 /var/www/html/sys/classes/Custom/Statistics/SingleStats.php(30): Custom\Statistics\SingleStats->calculateResult()
#3 /var/www/html/sys/classes/Services/StatsService.php(176): Custom\Statistics\SingleStats->generate()
#4 /var/www/html/sys/classes/Controllers/StatsDisplay.php(45): Services\StatsService->generateStats(Object(Tanweb\Container))
#5 /var/www/html/sys/classes/Controllers/Base/Controller.php(112): Controllers\StatsDisplay->generateStats()
#6 /var/www/html/sys/classes/Controllers/Base/Controller.php(89): Controllers\Base\Controller->runTask(Object(Tanweb\Request\Request))
#7 /var/www/html/sys/scripts/requests/rest.php(26): Controllers\Base\Controller->run(Object(Tanweb\Request\Request))
#8 {main}
[2022-12-01  10:58:33] [type: Request] [user: admin] [ip: undefined] [proxy: undefined] Controller: StatsDisplay Task: generateStatsData: {}
[2022-12-01  10:58:33] [type: Select] [user: admin] [ip: undefined] [proxy: undefined] Database: scheduler; SQL: SELECT * FROM statistics WHERE  id = '4'
[2022-12-01  10:58:52] [type: Error] [user: admin] [ip: undefined] [proxy: undefined] Using $this when not in object context ;
 #0 /var/www/html/sys/classes/Custom/Statistics/Calculation/Calculator.php(26): Custom\Statistics\Options\Group::getValue(Object(Tanweb\Container))
#1 /var/www/html/sys/classes/Custom/Statistics/SingleStats.php(38): Custom\Statistics\Calculation\Calculator::sum(Object(Tanweb\Container), Object(Tanweb\Container), 'value')
#2 /var/www/html/sys/classes/Custom/Statistics/SingleStats.php(30): Custom\Statistics\SingleStats->calculateResult()
#3 /var/www/html/sys/classes/Services/StatsService.php(176): Custom\Statistics\SingleStats->generate()
#4 /var/www/html/sys/classes/Controllers/StatsDisplay.php(45): Services\StatsService->generateStats(Object(Tanweb\Container))
#5 /var/www/html/sys/classes/Controllers/Base/Controller.php(112): Controllers\StatsDisplay->generateStats()
#6 /var/www/html/sys/classes/Controllers/Base/Controller.php(89): Controllers\Base\Controller->runTask(Object(Tanweb\Request\Request))
#7 /var/www/html/sys/scripts/requests/rest.php(26): Controllers\Base\Controller->run(Object(Tanweb\Request\Request))
#8 {main}
[2022-12-01  10:59:10] [type: Request] [user: admin] [ip: undefined] [proxy: undefined] Controller: StatsDisplay Task: generateStatsData: {}
[2022-12-01  10:59:10] [type: Select] [user: admin] [ip: undefined] [proxy: undefined] Database: scheduler; SQL: SELECT * FROM statistics WHERE  id = '4'
[2022-12-01  10:59:46] [type: Error] [user: admin] [ip: undefined] [proxy: undefined] Call to undefined function Custom\Statistics\Options\get() ;
 #0 /var/www/html/sys/classes/Custom/Statistics/Calculation/Calculator.php(26): Custom\Statistics\Options\Group->getValue(Object(Tanweb\Container))
#1 /var/www/html/sys/classes/Custom/Statistics/SingleStats.php(38): Custom\Statistics\Calculation\Calculator::sum(Object(Tanweb\Container), Object(Tanweb\Container), 'value')
#2 /var/www/html/sys/classes/Custom/Statistics/SingleStats.php(30): Custom\Statistics\SingleStats->calculateResult()
#3 /var/www/html/sys/classes/Services/StatsService.php(176): Custom\Statistics\SingleStats->generate()
#4 /var/www/html/sys/classes/Controllers/StatsDisplay.php(45): Services\StatsService->generateStats(Object(Tanweb\Container))
#5 /var/www/html/sys/classes/Controllers/Base/Controller.php(112): Controllers\StatsDisplay->generateStats()
#6 /var/www/html/sys/classes/Controllers/Base/Controller.php(89): Controllers\Base\Controller->runTask(Object(Tanweb\Request\Request))
#7 /var/www/html/sys/scripts/requests/rest.php(26): Controllers\Base\Controller->run(Object(Tanweb\Request\Request))
#8 {main}
[2022-12-01  10:59:47] [type: Request] [user: admin] [ip: undefined] [proxy: undefined] Controller: StatsDisplay Task: generateStatsData: {}
[2022-12-01  10:59:47] [type: Select] [user: admin] [ip: undefined] [proxy: undefined] Database: scheduler; SQL: SELECT * FROM statistics WHERE  id = '4'
[2022-12-01  11:00:04] [type: Error] [user: admin] [ip: undefined] [proxy: undefined] Call to undefined function Custom\Statistics\Options\get() ;
 #0 /var/www/html/sys/classes/Custom/Statistics/Calculation/Calculator.php(26): Custom\Statistics\Options\Group->getValue(Object(Tanweb\Container))
#1 /var/www/html/sys/classes/Custom/Statistics/SingleStats.php(38): Custom\Statistics\Calculation\Calculator::sum(Object(Tanweb\Container), Object(Tanweb\Container), 'value')
#2 /var/www/html/sys/classes/Custom/Statistics/SingleStats.php(30): Custom\Statistics\SingleStats->calculateResult()
#3 /var/www/html/sys/classes/Services/StatsService.php(176): Custom\Statistics\SingleStats->generate()
#4 /var/www/html/sys/classes/Controllers/StatsDisplay.php(45): Services\StatsService->generateStats(Object(Tanweb\Container))
#5 /var/www/html/sys/classes/Controllers/Base/Controller.php(112): Controllers\StatsDisplay->generateStats()
#6 /var/www/html/sys/classes/Controllers/Base/Controller.php(89): Controllers\Base\Controller->runTask(Object(Tanweb\Request\Request))
#7 /var/www/html/sys/scripts/requests/rest.php(26): Controllers\Base\Controller->run(Object(Tanweb\Request\Request))
#8 {main}
[2022-12-01  11:00:27] [type: Request] [user: admin] [ip: undefined] [proxy: undefined] Controller: StatsDisplay Task: generateStatsData: {}
[2022-12-01  11:00:27] [type: Select] [user: admin] [ip: undefined] [proxy: undefined] Database: scheduler; SQL: SELECT * FROM statistics WHERE  id = '4'
[2022-12-01  11:00:42] [type: Error] [user: admin] [ip: undefined] [proxy: undefined] Container error: value not defined for key: location ;
 #0 /var/www/html/sys/classes/Tanweb/Container.php(42): Tanweb\Container->throwException('value not defin...')
#1 /var/www/html/sys/classes/Custom/Statistics/Options/Group.php(235): Tanweb\Container->get('location')
#2 /var/www/html/sys/classes/Custom/Statistics/Calculation/Calculator.php(26): Custom\Statistics\Options\Group->getValue(Object(Tanweb\Container))
#3 /var/www/html/sys/classes/Custom/Statistics/SingleStats.php(38): Custom\Statistics\Calculation\Calculator::sum(Object(Tanweb\Container), Object(Tanweb\Container), 'value')
#4 /var/www/html/sys/classes/Custom/Statistics/SingleStats.php(30): Custom\Statistics\SingleStats->calculateResult()
#5 /var/www/html/sys/classes/Services/StatsService.php(176): Custom\Statistics\SingleStats->generate()
#6 /var/www/html/sys/classes/Controllers/StatsDisplay.php(45): Services\StatsService->generateStats(Object(Tanweb\Container))
#7 /var/www/html/sys/classes/Controllers/Base/Controller.php(112): Controllers\StatsDisplay->generateStats()
#8 /var/www/html/sys/classes/Controllers/Base/Controller.php(89): Controllers\Base\Controller->runTask(Object(Tanweb\Request\Request))
#9 /var/www/html/sys/scripts/requests/rest.php(26): Controllers\Base\Controller->run(Object(Tanweb\Request\Request))
#10 {main}
[2022-12-01  11:00:52] [type: Request] [user: admin] [ip: undefined] [proxy: undefined] Controller: StatsDisplay Task: generateStatsData: {}
[2022-12-01  11:00:52] [type: Select] [user: admin] [ip: undefined] [proxy: undefined] Database: scheduler; SQL: SELECT * FROM statistics WHERE  id = '4'
[2022-12-01  11:01:05] [type: Error] [user: admin] [ip: undefined] [proxy: undefined] Container error: value not defined for key: location ;
 #0 /var/www/html/sys/classes/Tanweb/Container.php(42): Tanweb\Container->throwException('value not defin...')
#1 /var/www/html/sys/classes/Custom/Statistics/Options/Group.php(235): Tanweb\Container->get('location')
#2 /var/www/html/sys/classes/Custom/Statistics/Calculation/Calculator.php(26): Custom\Statistics\Options\Group->getValue(Object(Tanweb\Container))
#3 /var/www/html/sys/classes/Custom/Statistics/SingleStats.php(38): Custom\Statistics\Calculation\Calculator::sum(Object(Tanweb\Container), Object(Tanweb\Container), 'value')
#4 /var/www/html/sys/classes/Custom/Statistics/SingleStats.php(30): Custom\Statistics\SingleStats->calculateResult()
#5 /var/www/html/sys/classes/Services/StatsService.php(176): Custom\Statistics\SingleStats->generate()
#6 /var/www/html/sys/classes/Controllers/StatsDisplay.php(45): Services\StatsService->generateStats(Object(Tanweb\Container))
#7 /var/www/html/sys/classes/Controllers/Base/Controller.php(112): Controllers\StatsDisplay->generateStats()
#8 /var/www/html/sys/classes/Controllers/Base/Controller.php(89): Controllers\Base\Controller->runTask(Object(Tanweb\Request\Request))
#9 /var/www/html/sys/scripts/requests/rest.php(26): Controllers\Base\Controller->run(Object(Tanweb\Request\Request))
#10 {main}
[2022-12-01  11:09:23] [type: Request] [user: admin] [ip: undefined] [proxy: undefined] Controller: StatsDisplay Task: generateStatsData: {}
[2022-12-01  11:09:23] [type: Select] [user: admin] [ip: undefined] [proxy: undefined] Database: scheduler; SQL: SELECT * FROM statistics WHERE  id = '4'
[2022-12-01  11:50:42] [type: Request] [user: admin] [ip: undefined] [proxy: undefined] Controller: StatsDisplay Task: generateStatsData: {}
[2022-12-01  11:50:42] [type: Select] [user: admin] [ip: undefined] [proxy: undefined] Database: scheduler; SQL: SELECT * FROM statistics WHERE  id = '4'
[2022-12-01  12:48:23] [type: Request] [user: admin] [ip: undefined] [proxy: undefined] Controller: StatsDisplay Task: generateStatsData: {}
[2022-12-01  12:48:23] [type: Select] [user: admin] [ip: undefined] [proxy: undefined] Database: scheduler; SQL: SELECT * FROM statistics WHERE  id = '4'
[2022-12-01  13:15:22] [type: Request] [user: ] [ip: undefined] [proxy: undefined] Controller: LanguageSelection Task: getInterfaceNamesData: {}
[2022-12-01  13:15:26] [type: Request] [user: admin] [ip: undefined] [proxy: undefined] Controller: LanguageSelection Task: getInterfaceNamesData: {}
[2022-12-01  13:15:27] [type: Access] [user: admin] [ip: undefined] [proxy: undefined] http://
[2022-12-01  13:15:29] [type: Request] [user: admin] [ip: undefined] [proxy: undefined] Controller: LanguageSelection Task: getInterfaceNamesData: {}
[2022-12-01  13:15:29] [type: Request] [user: admin] [ip: undefined] [proxy: undefined] Controller: StatsDisplay Task: getStatsData: {}
[2022-12-01  13:15:29] [type: Select] [user: admin] [ip: undefined] [proxy: undefined] Database: scheduler; SQL: SELECT id, name FROM statistics WHERE  active = '1'
[2022-12-01  13:15:33] [type: Request] [user: admin] [ip: undefined] [proxy: undefined] Controller: StatsDisplay Task: getInputsSettingsData: {}
[2022-12-01  13:15:33] [type: Select] [user: admin] [ip: undefined] [proxy: undefined] Database: scheduler; SQL: SELECT * FROM statistics WHERE  id = '4'
[2022-12-01  13:15:52] [type: Request] [user: admin] [ip: undefined] [proxy: undefined] Controller: StatsDisplay Task: generateStatsData: {}
[2022-12-01  13:15:52] [type: Select] [user: admin] [ip: undefined] [proxy: undefined] Database: scheduler; SQL: SELECT * FROM statistics WHERE  id = '4'
