[2023-01-02  10:58:44] [type: Request] [user: ] [ip: undefined] [proxy: undefined] Controller: LanguageSelection Task: getInterfaceNamesData: {}
[2023-01-02  10:58:47] [type: Select] [user: admin] [ip: undefined] [proxy: undefined] Database: scheduler; SQL: SELECT * FROM users_without_passwords WHERE  username = 'admin'
[2023-01-02  10:58:47] [type: Select] [user: admin] [ip: undefined] [proxy: undefined] Database: scheduler; SQL: SELECT * FROM users_employment_periods WHERE  active = '1' and start <= '2023-01-02' and username = 'admin' ORDER BY start ASC
[2023-01-02  10:58:47] [type: Select] [user: admin] [ip: undefined] [proxy: undefined] Database: scheduler; SQL: SELECT * FROM schedule_entries WHERE  start <= '2023-01-02 10:58:47' and username = 'admin' and active = '1' ORDER BY start ASC
[2023-01-02  10:58:47] [type: Select] [user: admin] [ip: undefined] [proxy: undefined] Database: scheduler; SQL: SELECT * FROM days_off_user_details WHERE  username = 'admin' and days_off_active = '1'
[2023-01-02  10:58:47] [type: Select] [user: admin] [ip: undefined] [proxy: undefined] Database: scheduler; SQL: SELECT * FROM inventory_log_details WHERE  confirmation = '0' and target_username = 'admin'
[2023-01-02  10:58:48] [type: Request] [user: admin] [ip: undefined] [proxy: undefined] Controller: LanguageSelection Task: getInterfaceNamesData: {}
[2023-01-02  11:00:24] [type: Fixer] [user: admin] [ip: undefined] [proxy: undefined] Fixer task started
[2023-01-02  11:00:24] [type: Fixer] [user: admin] [ip: undefined] [proxy: undefined] Fixer task finished
[2023-01-02  11:03:52] [type: Fixer] [user: admin] [ip: undefined] [proxy: undefined] Fixer task started
[2023-01-02  11:03:52] [type: Fixer] [user: admin] [ip: undefined] [proxy: undefined] Fixer task finished
[2023-01-02  11:04:14] [type: Fixer] [user: admin] [ip: undefined] [proxy: undefined] Fixer task started
[2023-01-02  11:04:14] [type: Fixer] [user: admin] [ip: undefined] [proxy: undefined] Fixer task finished
[2023-01-02  11:07:01] [type: Fixer] [user: admin] [ip: undefined] [proxy: undefined] Fixer task started
[2023-01-02  11:07:01] [type: Fixer] [user: admin] [ip: undefined] [proxy: undefined] Fixer task finished
[2023-01-02  11:17:31] [type: Fixer] [user: admin] [ip: undefined] [proxy: undefined] Fixer task started
[2023-01-02  11:17:31] [type: Fixer] [user: admin] [ip: undefined] [proxy: undefined] Fixer task finished
[2023-01-02  11:18:09] [type: Fixer] [user: ] [ip: undefined] [proxy: undefined] Fixer task started
[2023-01-02  11:18:09] [type: Fixer] [user: ] [ip: undefined] [proxy: undefined] Fixer task finished
[2023-01-02  11:22:51] [type: Fixer] [user: admin] [ip: undefined] [proxy: undefined] Fixer task started
[2023-01-02  11:22:51] [type: Fixer] [user: admin] [ip: undefined] [proxy: undefined] Fixer task finished
[2023-01-02  11:29:46] [type: Fixer] [user: ] [ip: undefined] [proxy: undefined] Fixer task started
[2023-01-02  11:29:46] [type: Fixer] [user: ] [ip: undefined] [proxy: undefined] Fixer task finished
[2023-01-02  11:30:26] [type: Fixer] [user: ] [ip: undefined] [proxy: undefined] Fixer task started
[2023-01-02  11:30:26] [type: Fixer] [user: ] [ip: undefined] [proxy: undefined] Fixer task finished
[2023-01-02  11:37:34] [type: Select] [user: admin] [ip: undefined] [proxy: undefined] Database: scheduler; SQL: SELECT * FROM users_without_passwords WHERE  username = 'admin'
[2023-01-02  11:37:34] [type: Select] [user: admin] [ip: undefined] [proxy: undefined] Database: scheduler; SQL: SELECT * FROM users_employment_periods WHERE  active = '1' and start <= '2023-01-02' and username = 'admin' ORDER BY start ASC
[2023-01-02  11:37:34] [type: Select] [user: admin] [ip: undefined] [proxy: undefined] Database: scheduler; SQL: SELECT * FROM schedule_entries WHERE  start <= '2023-01-02 11:37:34' and username = 'admin' and active = '1' ORDER BY start ASC
[2023-01-02  11:37:34] [type: Select] [user: admin] [ip: undefined] [proxy: undefined] Database: scheduler; SQL: SELECT * FROM days_off_user_details WHERE  username = 'admin' and days_off_active = '1'
[2023-01-02  11:37:35] [type: Select] [user: admin] [ip: undefined] [proxy: undefined] Database: scheduler; SQL: SELECT * FROM inventory_log_details WHERE  confirmation = '0' and target_username = 'admin'
[2023-01-02  11:37:35] [type: Request] [user: admin] [ip: undefined] [proxy: undefined] Controller: LanguageSelection Task: getInterfaceNamesData: {}
[2023-01-02  12:17:04] [type: Fixer] [user: admin] [ip: undefined] [proxy: undefined] Fixer task started
[2023-01-02  12:17:13] [type: Fixer] [user: admin] [ip: undefined] [proxy: undefined] Fixer task started
[2023-01-02  12:17:18] [type: Select] [user: admin] [ip: undefined] [proxy: undefined] Database: scheduler; SQL: SELECT * FROM location
[2023-01-02  12:18:18] [type: Fixer] [user: admin] [ip: undefined] [proxy: undefined] Fixer task started
[2023-01-02  12:18:22] [type: Select] [user: admin] [ip: undefined] [proxy: undefined] Database: scheduler; SQL: SELECT * FROM location
[2023-01-02  12:19:15] [type: Fixer] [user: admin] [ip: undefined] [proxy: undefined] Fixer task started
[2023-01-02  12:19:18] [type: Select] [user: admin] [ip: undefined] [proxy: undefined] Database: scheduler; SQL: SELECT * FROM location
[2023-01-02  12:19:18] [type: Fixer] [user: admin] [ip: undefined] [proxy: undefined] Fixer task finished: Disabled: 1, Enabled: 0, Dates swapped: 0, Removed: 0
[2023-01-02  12:19:37] [type: Fixer] [user: admin] [ip: undefined] [proxy: undefined] Fixer task started
[2023-01-02  12:19:37] [type: Select] [user: admin] [ip: undefined] [proxy: undefined] Database: scheduler; SQL: SELECT * FROM location
[2023-01-02  12:19:37] [type: Fixer] [user: admin] [ip: undefined] [proxy: undefined] Fixer task finished: Disabled: 1, Enabled: 0, Dates swapped: 0, Removed: 0
[2023-01-02  12:20:07] [type: Select] [user: admin] [ip: undefined] [proxy: undefined] Database: scheduler; SQL: SELECT * FROM users_without_passwords WHERE  username = 'admin'
[2023-01-02  12:20:07] [type: Select] [user: admin] [ip: undefined] [proxy: undefined] Database: scheduler; SQL: SELECT * FROM users_employment_periods WHERE  active = '1' and start <= '2023-01-02' and username = 'admin' ORDER BY start ASC
[2023-01-02  12:20:07] [type: Select] [user: admin] [ip: undefined] [proxy: undefined] Database: scheduler; SQL: SELECT * FROM schedule_entries WHERE  start <= '2023-01-02 12:20:07' and username = 'admin' and active = '1' ORDER BY start ASC
[2023-01-02  12:20:07] [type: Select] [user: admin] [ip: undefined] [proxy: undefined] Database: scheduler; SQL: SELECT * FROM days_off_user_details WHERE  username = 'admin' and days_off_active = '1'
[2023-01-02  12:20:07] [type: Select] [user: admin] [ip: undefined] [proxy: undefined] Database: scheduler; SQL: SELECT * FROM inventory_log_details WHERE  confirmation = '0' and target_username = 'admin'
[2023-01-02  12:20:08] [type: Select] [user: admin] [ip: undefined] [proxy: undefined] Database: scheduler; SQL: SELECT * FROM users_without_passwords WHERE  username = 'admin'
[2023-01-02  12:20:08] [type: Select] [user: admin] [ip: undefined] [proxy: undefined] Database: scheduler; SQL: SELECT * FROM users_employment_periods WHERE  active = '1' and start <= '2023-01-02' and username = 'admin' ORDER BY start ASC
[2023-01-02  12:20:08] [type: Select] [user: admin] [ip: undefined] [proxy: undefined] Database: scheduler; SQL: SELECT * FROM schedule_entries WHERE  start <= '2023-01-02 12:20:08' and username = 'admin' and active = '1' ORDER BY start ASC
[2023-01-02  12:20:08] [type: Select] [user: admin] [ip: undefined] [proxy: undefined] Database: scheduler; SQL: SELECT * FROM days_off_user_details WHERE  username = 'admin' and days_off_active = '1'
[2023-01-02  12:20:08] [type: Select] [user: admin] [ip: undefined] [proxy: undefined] Database: scheduler; SQL: SELECT * FROM inventory_log_details WHERE  confirmation = '0' and target_username = 'admin'
[2023-01-02  12:20:09] [type: Request] [user: admin] [ip: undefined] [proxy: undefined] Controller: LanguageSelection Task: getInterfaceNamesData: {}
[2023-01-02  12:20:14] [type: Access] [user: admin] [ip: undefined] [proxy: undefined] http://
[2023-01-02  12:20:16] [type: Request] [user: admin] [ip: undefined] [proxy: undefined] Controller: LanguageSelection Task: getInterfaceNamesData: {}
[2023-01-02  12:20:16] [type: Request] [user: admin] [ip: undefined] [proxy: undefined] Controller: AdminPanelUsers Task: getUserEmploymentPeriodsData: {}
[2023-01-02  12:20:16] [type: Select] [user: admin] [ip: undefined] [proxy: undefined] Database: scheduler; SQL: SELECT * FROM employment WHERE  id_user = '0'
[2023-01-02  12:20:17] [type: Request] [user: admin] [ip: undefined] [proxy: undefined] Controller: AdminPanelUsers Task: getAllUsersData: {}
[2023-01-02  12:20:17] [type: Select] [user: admin] [ip: undefined] [proxy: undefined] Database: scheduler; SQL: SELECT * FROM users_without_passwords
[2023-01-02  12:20:17] [type: Request] [user: admin] [ip: undefined] [proxy: undefined] Controller: AdminPanelUsers Task: getUserPrivilagesData: {}
[2023-01-02  12:20:17] [type: Select] [user: admin] [ip: undefined] [proxy: undefined] Database: scheduler; SQL: SELECT * FROM privilages WHERE  id_user = '0'
[2023-01-02  12:20:24] [type: Access] [user: admin] [ip: undefined] [proxy: undefined] http://
[2023-01-02  12:20:25] [type: Select] [user: admin] [ip: undefined] [proxy: undefined] Database: scheduler; SQL: SELECT * FROM location_group
[2023-01-02  12:20:26] [type: Request] [user: admin] [ip: undefined] [proxy: undefined] Controller: LanguageSelection Task: getInterfaceNamesData: {}
[2023-01-02  12:20:26] [type: Request] [user: admin] [ip: undefined] [proxy: undefined] Controller: AdminPanelLocation Task: getLocationsByGroupIdData: {}
[2023-01-02  12:20:26] [type: Select] [user: admin] [ip: undefined] [proxy: undefined] Database: scheduler; SQL: SELECT * FROM location_details WHERE  id_location_group = '1'
[2023-01-02  12:20:33] [type: Request] [user: admin] [ip: undefined] [proxy: undefined] Controller: AdminPanelLocation Task: getActiveLocationGroupsData: {}
[2023-01-02  12:20:33] [type: Select] [user: admin] [ip: undefined] [proxy: undefined] Database: scheduler; SQL: SELECT * FROM location_group WHERE  active = '1'
[2023-01-02  12:20:34] [type: Request] [user: admin] [ip: undefined] [proxy: undefined] Controller: AdminPanelLocation Task: getActiveLocationTypesData: {}
[2023-01-02  12:20:34] [type: Select] [user: admin] [ip: undefined] [proxy: undefined] Database: scheduler; SQL: SELECT * FROM location_type WHERE  active = '1'
[2023-01-02  12:20:43] [type: Request] [user: admin] [ip: undefined] [proxy: undefined] Controller: AdminPanelLocation Task: saveLocationData: {}
[2023-01-02  12:20:43] [type: Error] [user: admin] [ip: undefined] [proxy: undefined] Class "Services\LocationDatesException" not found ;
 #0 /var/www/html/sys/classes/Controllers/AdminPanelLocation.php(64): Services\LocationService->saveLocation(Object(Tanweb\Container))
#1 /var/www/html/sys/classes/Controllers/Base/Controller.php(112): Controllers\AdminPanelLocation->saveLocation()
#2 /var/www/html/sys/classes/Controllers/Base/Controller.php(89): Controllers\Base\Controller->runTask(Object(Tanweb\Request\Request))
#3 /var/www/html/sys/scripts/requests/rest.php(26): Controllers\Base\Controller->run(Object(Tanweb\Request\Request))
#4 {main}
[2023-01-02  12:21:31] [type: Request] [user: admin] [ip: undefined] [proxy: undefined] Controller: AdminPanelLocation Task: getActiveLocationGroupsData: {}
[2023-01-02  12:21:31] [type: Select] [user: admin] [ip: undefined] [proxy: undefined] Database: scheduler; SQL: SELECT * FROM location_group WHERE  active = '1'
[2023-01-02  12:21:31] [type: Request] [user: admin] [ip: undefined] [proxy: undefined] Controller: AdminPanelLocation Task: getActiveLocationTypesData: {}
[2023-01-02  12:21:31] [type: Select] [user: admin] [ip: undefined] [proxy: undefined] Database: scheduler; SQL: SELECT * FROM location_type WHERE  active = '1'
[2023-01-02  12:21:34] [type: Request] [user: admin] [ip: undefined] [proxy: undefined] Controller: AdminPanelLocation Task: saveLocationData: {}
[2023-01-02  12:21:34] [type: Error] [user: admin] [ip: undefined] [proxy: undefined] Data startu nie może być wcześniejsza niż konca.
[2023-01-02  12:23:15] [type: Access] [user: admin] [ip: undefined] [proxy: undefined] http://
[2023-01-02  12:23:17] [type: Select] [user: admin] [ip: undefined] [proxy: undefined] Database: scheduler; SQL: SELECT * FROM location_group
[2023-01-02  12:23:17] [type: Request] [user: admin] [ip: undefined] [proxy: undefined] Controller: LanguageSelection Task: getInterfaceNamesData: {}
[2023-01-02  12:23:18] [type: Request] [user: admin] [ip: undefined] [proxy: undefined] Controller: AdminPanelLocation Task: getLocationsByGroupIdData: {}
[2023-01-02  12:23:18] [type: Select] [user: admin] [ip: undefined] [proxy: undefined] Database: scheduler; SQL: SELECT * FROM location_details WHERE  id_location_group = '1'
[2023-01-02  12:27:38] [type: Access] [user: admin] [ip: undefined] [proxy: undefined] http://
[2023-01-02  12:27:40] [type: Request] [user: admin] [ip: undefined] [proxy: undefined] Controller: LanguageSelection Task: getInterfaceNamesData: {}
[2023-01-02  12:27:40] [type: Request] [user: admin] [ip: undefined] [proxy: undefined] Controller: AdminPanelUsers Task: getUserEmploymentPeriodsData: {}
[2023-01-02  12:27:40] [type: Select] [user: admin] [ip: undefined] [proxy: undefined] Database: scheduler; SQL: SELECT * FROM employment WHERE  id_user = '0'
[2023-01-02  12:27:41] [type: Request] [user: admin] [ip: undefined] [proxy: undefined] Controller: AdminPanelUsers Task: getAllUsersData: {}
[2023-01-02  12:27:41] [type: Select] [user: admin] [ip: undefined] [proxy: undefined] Database: scheduler; SQL: SELECT * FROM users_without_passwords
[2023-01-02  12:27:41] [type: Request] [user: admin] [ip: undefined] [proxy: undefined] Controller: AdminPanelUsers Task: getUserPrivilagesData: {}
[2023-01-02  12:27:41] [type: Select] [user: admin] [ip: undefined] [proxy: undefined] Database: scheduler; SQL: SELECT * FROM privilages WHERE  id_user = '0'
[2023-01-02  12:27:42] [type: Access] [user: admin] [ip: undefined] [proxy: undefined] http://
[2023-01-02  12:27:44] [type: Request] [user: admin] [ip: undefined] [proxy: undefined] Controller: LanguageSelection Task: getInterfaceNamesData: {}
[2023-01-02  12:29:43] [type: Access] [user: admin] [ip: undefined] [proxy: undefined] http://
[2023-01-02  12:32:26] [type: Access] [user: admin] [ip: undefined] [proxy: undefined] http://
[2023-01-02  12:32:28] [type: Request] [user: admin] [ip: undefined] [proxy: undefined] Controller: LanguageSelection Task: getInterfaceNamesData: {}
[2023-01-02  12:34:18] [type: Access] [user: admin] [ip: undefined] [proxy: undefined] http://
[2023-01-02  12:34:20] [type: Request] [user: admin] [ip: undefined] [proxy: undefined] Controller: LanguageSelection Task: getInterfaceNamesData: {}
[2023-01-02  12:37:29] [type: Access] [user: admin] [ip: undefined] [proxy: undefined] http://
[2023-01-02  12:37:32] [type: Request] [user: admin] [ip: undefined] [proxy: undefined] Controller: LanguageSelection Task: getInterfaceNamesData: {}
[2023-01-02  12:50:57] [type: Access] [user: admin] [ip: undefined] [proxy: undefined] http://
[2023-01-02  12:50:59] [type: Request] [user: admin] [ip: undefined] [proxy: undefined] Controller: LanguageSelection Task: getInterfaceNamesData: {}
[2023-01-02  12:51:06] [type: Request] [user: admin] [ip: undefined] [proxy: undefined] Controller: AdminPanelSystem Task: runFixData: {}
[2023-01-02  12:51:06] [type: Fixer] [user: admin] [ip: undefined] [proxy: undefined] Fixer task started
[2023-01-02  12:51:06] [type: Select] [user: admin] [ip: undefined] [proxy: undefined] Database: scheduler; SQL: SELECT * FROM location
[2023-01-02  12:51:06] [type: Fixer] [user: admin] [ip: undefined] [proxy: undefined] Fixer task finished: Disabled: 2, Enabled: 0, Dates swapped: 1, Removed: 0
[2023-01-02  12:52:06] [type: Fixer] [user: ] [ip: undefined] [proxy: undefined] Fixer task started
[2023-01-02  12:52:06] [type: Select] [user: ] [ip: undefined] [proxy: undefined] Database: scheduler; SQL: SELECT * FROM location
[2023-01-02  12:52:06] [type: Fixer] [user: ] [ip: undefined] [proxy: undefined] Fixer task finished: Disabled: 2, Enabled: 0, Dates swapped: 1, Removed: 0
[2023-01-02  12:53:48] [type: Request] [user: admin] [ip: undefined] [proxy: undefined] Controller: AdminPanelSystem Task: runFixData: {}
[2023-01-02  12:53:48] [type: Fixer] [user: admin] [ip: undefined] [proxy: undefined] Fixer task started
[2023-01-02  12:53:51] [type: Select] [user: admin] [ip: undefined] [proxy: undefined] Database: scheduler; SQL: SELECT * FROM location
[2023-01-02  12:54:13] [type: Fixer] [user: admin] [ip: undefined] [proxy: undefined] Fixer task finished: Disabled: 2, Enabled: 0, Dates swapped: 1, Removed: 0
[2023-01-02  12:54:53] [type: Request] [user: admin] [ip: undefined] [proxy: undefined] Controller: AdminPanelSystem Task: runFixData: {}
[2023-01-02  12:54:53] [type: Fixer] [user: admin] [ip: undefined] [proxy: undefined] Fixer task started
[2023-01-02  12:54:57] [type: Select] [user: admin] [ip: undefined] [proxy: undefined] Database: scheduler; SQL: SELECT * FROM location
[2023-01-02  12:54:57] [type: Select] [user: admin] [ip: undefined] [proxy: undefined] Database: scheduler; SQL: SELECT * FROM location WHERE  id = '1'
[2023-01-02  12:54:57] [type: update] [user: admin] [ip: undefined] [proxy: undefined] Database: scheduler; SQL: UPDATE location SET active='0', active_from='2011-01-01', active_to='2018-01-01' WHERE id = '1'
[2023-01-02  12:54:57] [type: Select] [user: admin] [ip: undefined] [proxy: undefined] Database: scheduler; SQL: SELECT * FROM location WHERE  id = '9'
[2023-01-02  12:54:57] [type: update] [user: admin] [ip: undefined] [proxy: undefined] Database: scheduler; SQL: UPDATE location SET active='0' WHERE id = '9'
[2023-01-02  12:54:57] [type: Fixer] [user: admin] [ip: undefined] [proxy: undefined] Fixer task finished: Disabled: 2, Enabled: 0, Dates swapped: 1, Removed: 0
[2023-01-02  12:55:58] [type: Fixer] [user: ] [ip: undefined] [proxy: undefined] Fixer task started
[2023-01-02  12:55:58] [type: Select] [user: ] [ip: undefined] [proxy: undefined] Database: scheduler; SQL: SELECT * FROM location
[2023-01-02  12:55:58] [type: Select] [user: ] [ip: undefined] [proxy: undefined] Database: scheduler; SQL: SELECT * FROM location WHERE  id = '1'
[2023-01-02  12:55:58] [type: update] [user: ] [ip: undefined] [proxy: undefined] Database: scheduler; SQL: UPDATE location SET active='0', active_from='2011-01-01', active_to='2018-01-01' WHERE id = '1'
[2023-01-02  12:55:58] [type: Fixer] [user: ] [ip: undefined] [proxy: undefined] Fixer task finished: Disabled: 1, Enabled: 0, Dates swapped: 1, Removed: 0
[2023-01-02  12:56:29] [type: Fixer] [user: ] [ip: undefined] [proxy: undefined] Fixer task started
[2023-01-02  12:56:29] [type: Select] [user: ] [ip: undefined] [proxy: undefined] Database: scheduler; SQL: SELECT * FROM location
[2023-01-02  12:56:29] [type: Select] [user: ] [ip: undefined] [proxy: undefined] Database: scheduler; SQL: SELECT * FROM location WHERE  id = '1'
[2023-01-02  12:56:29] [type: update] [user: ] [ip: undefined] [proxy: undefined] Database: scheduler; SQL: UPDATE location SET active='0', active_from='2011-01-01', active_to='2018-01-01' WHERE id = '1'
[2023-01-02  12:56:29] [type: Fixer] [user: ] [ip: undefined] [proxy: undefined] Fixer task finished: Disabled: 1, Enabled: 0, Dates swapped: 1, Removed: 0
[2023-01-02  12:56:58] [type: Fixer] [user: ] [ip: undefined] [proxy: undefined] Fixer task started
[2023-01-02  12:56:58] [type: Select] [user: ] [ip: undefined] [proxy: undefined] Database: scheduler; SQL: SELECT * FROM location
[2023-01-02  12:56:58] [type: Select] [user: ] [ip: undefined] [proxy: undefined] Database: scheduler; SQL: SELECT * FROM location WHERE  id = '1'
[2023-01-02  12:56:58] [type: update] [user: ] [ip: undefined] [proxy: undefined] Database: scheduler; SQL: UPDATE location SET active='0', active_from='2011-01-01', active_to='2018-01-01' WHERE id = '1'
[2023-01-02  12:56:58] [type: Fixer] [user: ] [ip: undefined] [proxy: undefined] Fixer task finished: Disabled: 1, Enabled: 0, Dates swapped: 1, Removed: 0
[2023-01-02  13:03:28] [type: Fixer] [user: ] [ip: undefined] [proxy: undefined] Fixer task started
[2023-01-02  13:03:28] [type: Select] [user: ] [ip: undefined] [proxy: undefined] Database: scheduler; SQL: SELECT * FROM location
[2023-01-02  13:03:28] [type: Select] [user: ] [ip: undefined] [proxy: undefined] Database: scheduler; SQL: SELECT * FROM location WHERE  id = '1'
[2023-01-02  13:03:28] [type: update] [user: ] [ip: undefined] [proxy: undefined] Database: scheduler; SQL: UPDATE location SET active='0', active_from='2011-01-01', active_to='2018-01-01' WHERE id = '1'
[2023-01-02  13:03:28] [type: Fixer] [user: ] [ip: undefined] [proxy: undefined] Fixer task finished: Disabled: 1, Enabled: 0, Dates swapped: 1, Removed: 0
[2023-01-02  13:03:58] [type: Fixer] [user: ] [ip: undefined] [proxy: undefined] Fixer task started
[2023-01-02  13:03:58] [type: Select] [user: ] [ip: undefined] [proxy: undefined] Database: scheduler; SQL: SELECT * FROM location
[2023-01-02  13:03:58] [type: Fixer] [user: ] [ip: undefined] [proxy: undefined] Fixer task finished: Disabled: 0, Enabled: 0, Dates swapped: 0, Removed: 0
[2023-01-02  13:07:45] [type: Fixer] [user: ] [ip: undefined] [proxy: undefined] Fixer task started
[2023-01-02  13:07:45] [type: Select] [user: ] [ip: undefined] [proxy: undefined] Database: scheduler; SQL: SELECT * FROM location
[2023-01-02  13:07:45] [type: Select] [user: ] [ip: undefined] [proxy: undefined] Database: scheduler; SQL: SELECT * FROM location WHERE  id = '1'
[2023-01-02  13:07:45] [type: update] [user: ] [ip: undefined] [proxy: undefined] Database: scheduler; SQL: UPDATE location SET active='0', active_from='2011-01-01', active_to='2018-01-01' WHERE id = '1'
[2023-01-02  13:07:45] [type: Fixer] [user: ] [ip: undefined] [proxy: undefined] Fixer task finished: Disabled: 1, Enabled: 0, Dates swapped: 1, Removed: 0
[2023-01-02  13:09:36] [type: Fixer] [user: ] [ip: undefined] [proxy: undefined] Fixer task started
[2023-01-02  13:09:36] [type: Select] [user: ] [ip: undefined] [proxy: undefined] Database: scheduler; SQL: SELECT * FROM location
[2023-01-02  13:09:36] [type: Select] [user: ] [ip: undefined] [proxy: undefined] Database: scheduler; SQL: SELECT * FROM location WHERE  id = '1'
[2023-01-02  13:09:36] [type: update] [user: ] [ip: undefined] [proxy: undefined] Database: scheduler; SQL: UPDATE location SET active='0', active_from='2011-01-01', active_to='2018-01-01' WHERE id = '1'
[2023-01-02  13:09:36] [type: Fixer] [user: ] [ip: undefined] [proxy: undefined] Fixer task finished: Disabled: 1, Enabled: 0, Dates swapped: 1, Removed: 0
[2023-01-02  13:10:06] [type: Fixer] [user: ] [ip: undefined] [proxy: undefined] Fixer task started
[2023-01-02  13:10:06] [type: Select] [user: ] [ip: undefined] [proxy: undefined] Database: scheduler; SQL: SELECT * FROM location
[2023-01-02  13:10:06] [type: Fixer] [user: ] [ip: undefined] [proxy: undefined] Fixer task finished: Disabled: 0, Enabled: 0, Dates swapped: 0, Removed: 0
[2023-01-02  13:18:46] [type: Fixer] [user: ] [ip: undefined] [proxy: undefined] Fixer task started
[2023-01-02  13:18:46] [type: Select] [user: ] [ip: undefined] [proxy: undefined] Database: scheduler; SQL: SELECT * FROM location
[2023-01-02  13:19:16] [type: Fixer] [user: ] [ip: undefined] [proxy: undefined] Fixer task started
[2023-01-02  13:19:16] [type: Select] [user: ] [ip: undefined] [proxy: undefined] Database: scheduler; SQL: SELECT * FROM location
[2023-01-02  13:30:07] [type: Fixer] [user: ] [ip: undefined] [proxy: undefined] Fixer task started
[2023-01-02  13:30:07] [type: Select] [user: ] [ip: undefined] [proxy: undefined] Database: scheduler; SQL: SELECT * FROM location
[2023-01-02  13:30:07] [type: Select] [user: ] [ip: undefined] [proxy: undefined] Database: scheduler; SQL: SELECT * FROM location WHERE  id = '1'
[2023-01-02  13:30:07] [type: update] [user: ] [ip: undefined] [proxy: undefined] Database: scheduler; SQL: UPDATE location SET active='0', active_from='2011-01-01', active_to='2023-01-01' WHERE id = '1'
[2023-01-02  13:30:07] [type: Fixer] [user: ] [ip: undefined] [proxy: undefined] Fixer task finished: Disabled: 1, Enabled: 0, Dates swapped: 1, Removed: 0
[2023-01-02  13:33:21] [type: Select] [user: admin] [ip: undefined] [proxy: undefined] Database: scheduler; SQL: SELECT * FROM users_without_passwords WHERE  username = 'admin'
[2023-01-02  13:33:21] [type: Select] [user: admin] [ip: undefined] [proxy: undefined] Database: scheduler; SQL: SELECT * FROM users_employment_periods WHERE  active = '1' and start <= '2023-01-02' and username = 'admin' ORDER BY start ASC
[2023-01-02  13:33:21] [type: Select] [user: admin] [ip: undefined] [proxy: undefined] Database: scheduler; SQL: SELECT * FROM schedule_entries WHERE  start <= '2023-01-02 13:33:21' and username = 'admin' and active = '1' ORDER BY start ASC
[2023-01-02  13:33:21] [type: Select] [user: admin] [ip: undefined] [proxy: undefined] Database: scheduler; SQL: SELECT * FROM days_off_user_details WHERE  username = 'admin' and days_off_active = '1'
[2023-01-02  13:33:21] [type: Select] [user: admin] [ip: undefined] [proxy: undefined] Database: scheduler; SQL: SELECT * FROM inventory_log_details WHERE  confirmation = '0' and target_username = 'admin'
[2023-01-02  13:33:21] [type: Request] [user: admin] [ip: undefined] [proxy: undefined] Controller: LanguageSelection Task: getInterfaceNamesData: {}
[2023-01-02  13:34:32] [type: Fixer] [user: ] [ip: undefined] [proxy: undefined] Fixer task started
[2023-01-02  13:34:32] [type: Select] [user: ] [ip: undefined] [proxy: undefined] Database: scheduler; SQL: SELECT * FROM location
[2023-01-02  13:34:32] [type: Fixer] [user: ] [ip: undefined] [proxy: undefined] Fixer task finished: Disabled: 0, Enabled: 0, Dates swapped: 0, Removed: 0
[2023-01-02  13:43:01] [type: Fixer] [user: ] [ip: undefined] [proxy: undefined] Fixer task started
[2023-01-02  13:43:01] [type: Select] [user: ] [ip: undefined] [proxy: undefined] Database: scheduler; SQL: SELECT * FROM location
[2023-01-02  13:43:01] [type: Fixer] [user: ] [ip: undefined] [proxy: undefined] Fixer task finished: Disabled: 0, Enabled: 0, Dates swapped: 0, Removed: 0
