[2022-12-02  06:44:31] [type: Request] [user: ] [ip: undefined] [proxy: undefined] Controller: LanguageSelection Task: getInterfaceNamesData: {}
[2022-12-02  06:44:35] [type: Request] [user: admin] [ip: undefined] [proxy: undefined] Controller: LanguageSelection Task: getInterfaceNamesData: {}
[2022-12-02  06:44:39] [type: Access] [user: admin] [ip: undefined] [proxy: undefined] http://
[2022-12-02  06:44:41] [type: Request] [user: admin] [ip: undefined] [proxy: undefined] Controller: LanguageSelection Task: getInterfaceNamesData: {}
[2022-12-02  06:44:41] [type: Request] [user: admin] [ip: undefined] [proxy: undefined] Controller: StatsDisplay Task: getStatsData: {}
[2022-12-02  06:44:41] [type: Select] [user: admin] [ip: undefined] [proxy: undefined] Database: scheduler; SQL: SELECT id, name FROM statistics WHERE  active = '1'
[2022-12-02  06:44:43] [type: Request] [user: admin] [ip: undefined] [proxy: undefined] Controller: StatsDisplay Task: getInputsSettingsData: {}
[2022-12-02  06:44:43] [type: Select] [user: admin] [ip: undefined] [proxy: undefined] Database: scheduler; SQL: SELECT * FROM statistics WHERE  id = '4'
[2022-12-02  06:45:10] [type: Request] [user: admin] [ip: undefined] [proxy: undefined] Controller: StatsDisplay Task: generateStatsData: {}
[2022-12-02  06:45:10] [type: Select] [user: admin] [ip: undefined] [proxy: undefined] Database: scheduler; SQL: SELECT * FROM statistics WHERE  id = '4'
[2022-12-02  06:45:50] [type: Request] [user: admin] [ip: undefined] [proxy: undefined] Controller: StatsDisplay Task: generateStatsData: {}
[2022-12-02  06:45:50] [type: Select] [user: admin] [ip: undefined] [proxy: undefined] Database: scheduler; SQL: SELECT * FROM statistics WHERE  id = '4'
[2022-12-02  06:45:57] [type: Request] [user: admin] [ip: undefined] [proxy: undefined] Controller: StatsDisplay Task: generateStatsData: {}
[2022-12-02  06:45:57] [type: Select] [user: admin] [ip: undefined] [proxy: undefined] Database: scheduler; SQL: SELECT * FROM statistics WHERE  id = '4'
[2022-12-02  06:47:42] [type: Request] [user: admin] [ip: undefined] [proxy: undefined] Controller: StatsDisplay Task: generateStatsData: {}
[2022-12-02  06:47:42] [type: Select] [user: admin] [ip: undefined] [proxy: undefined] Database: scheduler; SQL: SELECT * FROM statistics WHERE  id = '4'
[2022-12-02  06:47:53] [type: Request] [user: admin] [ip: undefined] [proxy: undefined] Controller: StatsDisplay Task: generateStatsData: {}
[2022-12-02  06:47:53] [type: Select] [user: admin] [ip: undefined] [proxy: undefined] Database: scheduler; SQL: SELECT * FROM statistics WHERE  id = '4'
[2022-12-02  06:48:46] [type: Request] [user: admin] [ip: undefined] [proxy: undefined] Controller: StatsDisplay Task: generateStatsData: {}
[2022-12-02  06:48:46] [type: Select] [user: admin] [ip: undefined] [proxy: undefined] Database: scheduler; SQL: SELECT * FROM statistics WHERE  id = '4'
[2022-12-02  06:49:08] [type: Request] [user: admin] [ip: undefined] [proxy: undefined] Controller: StatsDisplay Task: generateStatsData: {}
[2022-12-02  06:49:08] [type: Select] [user: admin] [ip: undefined] [proxy: undefined] Database: scheduler; SQL: SELECT * FROM statistics WHERE  id = '4'
[2022-12-02  06:50:05] [type: Access] [user: admin] [ip: undefined] [proxy: undefined] http://
[2022-12-02  06:50:06] [type: Request] [user: admin] [ip: undefined] [proxy: undefined] Controller: LanguageSelection Task: getInterfaceNamesData: {}
[2022-12-02  06:50:07] [type: Request] [user: admin] [ip: undefined] [proxy: undefined] Controller: StatsDisplay Task: getStatsData: {}
[2022-12-02  06:50:07] [type: Select] [user: admin] [ip: undefined] [proxy: undefined] Database: scheduler; SQL: SELECT id, name FROM statistics WHERE  active = '1'
[2022-12-02  06:50:08] [type: Request] [user: admin] [ip: undefined] [proxy: undefined] Controller: StatsDisplay Task: getInputsSettingsData: {}
[2022-12-02  06:50:08] [type: Select] [user: admin] [ip: undefined] [proxy: undefined] Database: scheduler; SQL: SELECT * FROM statistics WHERE  id = '4'
[2022-12-02  06:50:14] [type: Request] [user: admin] [ip: undefined] [proxy: undefined] Controller: StatsDisplay Task: generateStatsData: {}
[2022-12-02  06:50:14] [type: Select] [user: admin] [ip: undefined] [proxy: undefined] Database: scheduler; SQL: SELECT * FROM statistics WHERE  id = '4'
[2022-12-02  06:52:12] [type: Request] [user: admin] [ip: undefined] [proxy: undefined] Controller: StatsDisplay Task: generateStatsData: {}
[2022-12-02  06:52:12] [type: Select] [user: admin] [ip: undefined] [proxy: undefined] Database: scheduler; SQL: SELECT * FROM statistics WHERE  id = '4'
[2022-12-02  06:58:44] [type: Request] [user: admin] [ip: undefined] [proxy: undefined] Controller: StatsDisplay Task: generateStatsData: {}
[2022-12-02  06:58:44] [type: Select] [user: admin] [ip: undefined] [proxy: undefined] Database: scheduler; SQL: SELECT * FROM statistics WHERE  id = '4'
[2022-12-02  07:04:28] [type: Request] [user: admin] [ip: undefined] [proxy: undefined] Controller: StatsDisplay Task: generateStatsData: {}
[2022-12-02  07:04:28] [type: Select] [user: admin] [ip: undefined] [proxy: undefined] Database: scheduler; SQL: SELECT * FROM statistics WHERE  id = '4'
[2022-12-02  07:10:48] [type: Request] [user: admin] [ip: undefined] [proxy: undefined] Controller: StatsDisplay Task: generateStatsData: {}
[2022-12-02  07:10:48] [type: Select] [user: admin] [ip: undefined] [proxy: undefined] Database: scheduler; SQL: SELECT * FROM statistics WHERE  id = '4'
[2022-12-02  07:15:14] [type: Request] [user: admin] [ip: undefined] [proxy: undefined] Controller: StatsDisplay Task: generateStatsData: {}
[2022-12-02  07:15:14] [type: Select] [user: admin] [ip: undefined] [proxy: undefined] Database: scheduler; SQL: SELECT * FROM statistics WHERE  id = '4'
[2022-12-02  07:55:02] [type: Request] [user: admin] [ip: undefined] [proxy: undefined] Controller: StatsDisplay Task: generateStatsData: {}
[2022-12-02  07:55:02] [type: Select] [user: admin] [ip: undefined] [proxy: undefined] Database: scheduler; SQL: SELECT * FROM statistics WHERE  id = '4'
[2022-12-02  07:55:13] [type: Error] [user: admin] [ip: undefined] [proxy: undefined] Custom\Statistics\SingleStats::getGroupsOptions(): Return value must be of type array, none returned ;
 #0 /var/www/html/sys/classes/Custom/Statistics/SingleStats.php(119): Custom\Statistics\SingleStats->getGroupsOptions(Array)
#1 /var/www/html/sys/classes/Custom/Statistics/SingleStats.php(107): Custom\Statistics\SingleStats->addTableData(Object(Tanweb\Container), Object(Custom\Statistics\Calculation\ResultSet))
#2 /var/www/html/sys/classes/Custom/Statistics/SingleStats.php(65): Custom\Statistics\SingleStats->parseResultSet(Object(Custom\Statistics\Calculation\ResultSet))
#3 /var/www/html/sys/classes/Services/StatsService.php(176): Custom\Statistics\SingleStats->generate()
#4 /var/www/html/sys/classes/Controllers/StatsDisplay.php(45): Services\StatsService->generateStats(Object(Tanweb\Container))
#5 /var/www/html/sys/classes/Controllers/Base/Controller.php(112): Controllers\StatsDisplay->generateStats()
#6 /var/www/html/sys/classes/Controllers/Base/Controller.php(89): Controllers\Base\Controller->runTask(Object(Tanweb\Request\Request))
#7 /var/www/html/sys/scripts/requests/rest.php(26): Controllers\Base\Controller->run(Object(Tanweb\Request\Request))
#8 {main}
[2022-12-02  07:55:50] [type: Request] [user: admin] [ip: undefined] [proxy: undefined] Controller: StatsDisplay Task: generateStatsData: {}
[2022-12-02  07:55:50] [type: Select] [user: admin] [ip: undefined] [proxy: undefined] Database: scheduler; SQL: SELECT * FROM statistics WHERE  id = '4'
[2022-12-02  07:56:48] [type: Request] [user: admin] [ip: undefined] [proxy: undefined] Controller: StatsDisplay Task: generateStatsData: {}
[2022-12-02  07:56:48] [type: Select] [user: admin] [ip: undefined] [proxy: undefined] Database: scheduler; SQL: SELECT * FROM statistics WHERE  id = '4'
[2022-12-02  09:15:46] [type: Request] [user: admin] [ip: undefined] [proxy: undefined] Controller: LanguageSelection Task: getInterfaceNamesData: {}
[2022-12-02  09:15:50] [type: Access] [user: admin] [ip: undefined] [proxy: undefined] http://
[2022-12-02  09:15:51] [type: Request] [user: admin] [ip: undefined] [proxy: undefined] Controller: LanguageSelection Task: getInterfaceNamesData: {}
[2022-12-02  09:15:51] [type: Request] [user: admin] [ip: undefined] [proxy: undefined] Controller: StatsDisplay Task: getStatsData: {}
[2022-12-02  09:15:51] [type: Select] [user: admin] [ip: undefined] [proxy: undefined] Database: scheduler; SQL: SELECT id, name FROM statistics WHERE  active = '1'
[2022-12-02  09:15:54] [type: Request] [user: admin] [ip: undefined] [proxy: undefined] Controller: StatsDisplay Task: getInputsSettingsData: {}
[2022-12-02  09:15:54] [type: Select] [user: admin] [ip: undefined] [proxy: undefined] Database: scheduler; SQL: SELECT * FROM statistics WHERE  id = '4'
[2022-12-02  09:16:05] [type: Request] [user: admin] [ip: undefined] [proxy: undefined] Controller: StatsDisplay Task: generateStatsData: {}
[2022-12-02  09:16:05] [type: Select] [user: admin] [ip: undefined] [proxy: undefined] Database: scheduler; SQL: SELECT * FROM statistics WHERE  id = '4'
[2022-12-02  09:22:27] [type: Access] [user: admin] [ip: undefined] [proxy: undefined] http://
[2022-12-02  09:22:28] [type: Request] [user: admin] [ip: undefined] [proxy: undefined] Controller: LanguageSelection Task: getInterfaceNamesData: {}
[2022-12-02  09:22:29] [type: Request] [user: admin] [ip: undefined] [proxy: undefined] Controller: StatsSettings Task: getStatsWithoutFormData: {}
[2022-12-02  09:22:29] [type: Select] [user: admin] [ip: undefined] [proxy: undefined] Database: scheduler; SQL: SELECT * FROM statistics WHERE  type != 'Ze wzoru'
[2022-12-02  09:22:31] [type: Request] [user: admin] [ip: undefined] [proxy: undefined] Controller: StatsSettings Task: getStatsStageOneData: {}
[2022-12-02  09:23:11] [type: Request] [user: admin] [ip: undefined] [proxy: undefined] Controller: StatsSettings Task: getStatsStageTwoData: {}
[2022-12-02  09:23:18] [type: Request] [user: admin] [ip: undefined] [proxy: undefined] Controller: StatsSettings Task: saveStatsData: {}
[2022-12-02  09:23:18] [type: insert] [user: admin] [ip: undefined] [proxy: undefined] Database: scheduler; SQL: INSERT INTO statistics (name, type, json) VALUES ('Mandaty Miesięcznie (Wykres)', 'Pojedyncze', '{"dataset":"Mandaty","resultForm":"Wykres liniowo-kropkowy","inputs":["Miesiąc","Rok"],"x":["Użytkownicy"],"method":"Zliczanie"}')
[2022-12-02  09:23:20] [type: Request] [user: admin] [ip: undefined] [proxy: undefined] Controller: StatsSettings Task: getStatsWithoutFormData: {}
[2022-12-02  09:23:20] [type: Select] [user: admin] [ip: undefined] [proxy: undefined] Database: scheduler; SQL: SELECT * FROM statistics WHERE  type != 'Ze wzoru'
[2022-12-02  09:23:23] [type: Request] [user: admin] [ip: undefined] [proxy: undefined] Controller: StatsSettings Task: getStatsStageOneData: {}
[2022-12-02  09:24:19] [type: Request] [user: admin] [ip: undefined] [proxy: undefined] Controller: StatsSettings Task: getStatsStageTwoData: {}
[2022-12-02  09:25:37] [type: Request] [user: admin] [ip: undefined] [proxy: undefined] Controller: StatsSettings Task: getStatsStageOneData: {}
[2022-12-02  09:26:20] [type: Request] [user: admin] [ip: undefined] [proxy: undefined] Controller: StatsSettings Task: getStatsStageTwoData: {}
[2022-12-02  09:26:35] [type: Request] [user: admin] [ip: undefined] [proxy: undefined] Controller: StatsSettings Task: saveStatsData: {}
[2022-12-02  09:26:35] [type: insert] [user: admin] [ip: undefined] [proxy: undefined] Database: scheduler; SQL: INSERT INTO statistics (name, type, json) VALUES ('Mandaty Rocznie Tabela', 'Pojedyncze', '{"dataset":"Mandaty","resultForm":"Tabela","inputs":["Rok"],"x":["Miejsca"],"y":["Miesiące","Użytkownicy"],"method":"Zliczanie"}')
[2022-12-02  09:26:36] [type: Request] [user: admin] [ip: undefined] [proxy: undefined] Controller: StatsSettings Task: getStatsWithoutFormData: {}
[2022-12-02  09:26:36] [type: Select] [user: admin] [ip: undefined] [proxy: undefined] Database: scheduler; SQL: SELECT * FROM statistics WHERE  type != 'Ze wzoru'
[2022-12-02  09:26:46] [type: Access] [user: admin] [ip: undefined] [proxy: undefined] http://
[2022-12-02  09:26:48] [type: Request] [user: admin] [ip: undefined] [proxy: undefined] Controller: LanguageSelection Task: getInterfaceNamesData: {}
[2022-12-02  09:26:48] [type: Request] [user: admin] [ip: undefined] [proxy: undefined] Controller: StatsDisplay Task: getStatsData: {}
[2022-12-02  09:26:48] [type: Select] [user: admin] [ip: undefined] [proxy: undefined] Database: scheduler; SQL: SELECT id, name FROM statistics WHERE  active = '1'
[2022-12-02  09:26:49] [type: Request] [user: admin] [ip: undefined] [proxy: undefined] Controller: StatsDisplay Task: getInputsSettingsData: {}
[2022-12-02  09:26:49] [type: Select] [user: admin] [ip: undefined] [proxy: undefined] Database: scheduler; SQL: SELECT * FROM statistics WHERE  id = '7'
[2022-12-02  09:26:53] [type: Request] [user: admin] [ip: undefined] [proxy: undefined] Controller: StatsDisplay Task: generateStatsData: {}
[2022-12-02  09:26:53] [type: Select] [user: admin] [ip: undefined] [proxy: undefined] Database: scheduler; SQL: SELECT * FROM statistics WHERE  id = '7'
[2022-12-02  09:28:44] [type: Request] [user: admin] [ip: undefined] [proxy: undefined] Controller: StatsDisplay Task: generateStatsData: {}
[2022-12-02  09:28:44] [type: Select] [user: admin] [ip: undefined] [proxy: undefined] Database: scheduler; SQL: SELECT * FROM statistics WHERE  id = '7'
[2022-12-02  09:40:09] [type: Request] [user: admin] [ip: undefined] [proxy: undefined] Controller: StatsDisplay Task: generateStatsData: {}
[2022-12-02  09:40:09] [type: Select] [user: admin] [ip: undefined] [proxy: undefined] Database: scheduler; SQL: SELECT * FROM statistics WHERE  id = '7'
[2022-12-02  09:44:12] [type: Request] [user: admin] [ip: undefined] [proxy: undefined] Controller: StatsDisplay Task: generateStatsData: {}
[2022-12-02  09:44:12] [type: Select] [user: admin] [ip: undefined] [proxy: undefined] Database: scheduler; SQL: SELECT * FROM statistics WHERE  id = '7'
[2022-12-02  09:44:25] [type: Request] [user: admin] [ip: undefined] [proxy: undefined] Controller: StatsDisplay Task: generateStatsData: {}
[2022-12-02  09:44:25] [type: Select] [user: admin] [ip: undefined] [proxy: undefined] Database: scheduler; SQL: SELECT * FROM statistics WHERE  id = '7'
[2022-12-02  09:44:43] [type: Request] [user: admin] [ip: undefined] [proxy: undefined] Controller: StatsDisplay Task: generateStatsData: {}
[2022-12-02  09:44:43] [type: Select] [user: admin] [ip: undefined] [proxy: undefined] Database: scheduler; SQL: SELECT * FROM statistics WHERE  id = '7'
[2022-12-02  09:44:49] [type: Request] [user: admin] [ip: undefined] [proxy: undefined] Controller: StatsDisplay Task: generateStatsData: {}
[2022-12-02  09:44:49] [type: Select] [user: admin] [ip: undefined] [proxy: undefined] Database: scheduler; SQL: SELECT * FROM statistics WHERE  id = '7'
[2022-12-02  09:45:16] [type: Error] [user: admin] [ip: undefined] [proxy: undefined] Custom\Statistics\SingleStats::formRows(): Return value must be of type array, none returned ;
 #0 /var/www/html/sys/classes/Custom/Statistics/SingleStats.php(121): Custom\Statistics\SingleStats->formRows(Array)
#1 /var/www/html/sys/classes/Custom/Statistics/SingleStats.php(107): Custom\Statistics\SingleStats->addTableData(Object(Tanweb\Container), Object(Custom\Statistics\Calculation\ResultSet))
#2 /var/www/html/sys/classes/Custom/Statistics/SingleStats.php(65): Custom\Statistics\SingleStats->parseResultSet(Object(Custom\Statistics\Calculation\ResultSet))
#3 /var/www/html/sys/classes/Services/StatsService.php(176): Custom\Statistics\SingleStats->generate()
#4 /var/www/html/sys/classes/Controllers/StatsDisplay.php(45): Services\StatsService->generateStats(Object(Tanweb\Container))
#5 /var/www/html/sys/classes/Controllers/Base/Controller.php(112): Controllers\StatsDisplay->generateStats()
#6 /var/www/html/sys/classes/Controllers/Base/Controller.php(89): Controllers\Base\Controller->runTask(Object(Tanweb\Request\Request))
#7 /var/www/html/sys/scripts/requests/rest.php(26): Controllers\Base\Controller->run(Object(Tanweb\Request\Request))
#8 {main}
[2022-12-02  10:40:27] [type: Request] [user: admin] [ip: undefined] [proxy: undefined] Controller: StatsDisplay Task: generateStatsData: {}
[2022-12-02  10:40:27] [type: Select] [user: admin] [ip: undefined] [proxy: undefined] Database: scheduler; SQL: SELECT * FROM statistics WHERE  id = '7'
[2022-12-02  10:40:47] [type: Error] [user: admin] [ip: undefined] [proxy: undefined] Custom\Calculation\Counter\Counter::getState(): Return value must be of type array, none returned ;
 #0 /var/www/html/sys/classes/Custom/Statistics/SingleStats.php(141): Custom\Calculation\Counter\Counter->getState()
#1 /var/www/html/sys/classes/Custom/Statistics/SingleStats.php(122): Custom\Statistics\SingleStats->formRows(Array)
#2 /var/www/html/sys/classes/Custom/Statistics/SingleStats.php(108): Custom\Statistics\SingleStats->addTableData(Object(Tanweb\Container), Object(Custom\Statistics\Calculation\ResultSet))
#3 /var/www/html/sys/classes/Custom/Statistics/SingleStats.php(66): Custom\Statistics\SingleStats->parseResultSet(Object(Custom\Statistics\Calculation\ResultSet))
#4 /var/www/html/sys/classes/Services/StatsService.php(176): Custom\Statistics\SingleStats->generate()
#5 /var/www/html/sys/classes/Controllers/StatsDisplay.php(45): Services\StatsService->generateStats(Object(Tanweb\Container))
#6 /var/www/html/sys/classes/Controllers/Base/Controller.php(112): Controllers\StatsDisplay->generateStats()
#7 /var/www/html/sys/classes/Controllers/Base/Controller.php(89): Controllers\Base\Controller->runTask(Object(Tanweb\Request\Request))
#8 /var/www/html/sys/scripts/requests/rest.php(26): Controllers\Base\Controller->run(Object(Tanweb\Request\Request))
#9 {main}
[2022-12-02  10:59:30] [type: Request] [user: admin] [ip: undefined] [proxy: undefined] Controller: StatsDisplay Task: generateStatsData: {}
[2022-12-02  10:59:30] [type: Select] [user: admin] [ip: undefined] [proxy: undefined] Database: scheduler; SQL: SELECT * FROM statistics WHERE  id = '7'
[2022-12-02  10:59:56] [type: Error] [user: admin] [ip: undefined] [proxy: undefined] Custom\Calculation\Counter\Counter::getState(): Return value must be of type array, none returned ;
 #0 /var/www/html/sys/classes/Custom/Statistics/SingleStats.php(141): Custom\Calculation\Counter\Counter->getState()
#1 /var/www/html/sys/classes/Custom/Statistics/SingleStats.php(122): Custom\Statistics\SingleStats->formRows(Array)
#2 /var/www/html/sys/classes/Custom/Statistics/SingleStats.php(108): Custom\Statistics\SingleStats->addTableData(Object(Tanweb\Container), Object(Custom\Statistics\Calculation\ResultSet))
#3 /var/www/html/sys/classes/Custom/Statistics/SingleStats.php(66): Custom\Statistics\SingleStats->parseResultSet(Object(Custom\Statistics\Calculation\ResultSet))
#4 /var/www/html/sys/classes/Services/StatsService.php(176): Custom\Statistics\SingleStats->generate()
#5 /var/www/html/sys/classes/Controllers/StatsDisplay.php(45): Services\StatsService->generateStats(Object(Tanweb\Container))
#6 /var/www/html/sys/classes/Controllers/Base/Controller.php(112): Controllers\StatsDisplay->generateStats()
#7 /var/www/html/sys/classes/Controllers/Base/Controller.php(89): Controllers\Base\Controller->runTask(Object(Tanweb\Request\Request))
#8 /var/www/html/sys/scripts/requests/rest.php(26): Controllers\Base\Controller->run(Object(Tanweb\Request\Request))
#9 {main}
[2022-12-02  10:59:59] [type: Request] [user: admin] [ip: undefined] [proxy: undefined] Controller: StatsDisplay Task: generateStatsData: {}
[2022-12-02  10:59:59] [type: Select] [user: admin] [ip: undefined] [proxy: undefined] Database: scheduler; SQL: SELECT * FROM statistics WHERE  id = '7'
[2022-12-02  11:00:14] [type: Error] [user: admin] [ip: undefined] [proxy: undefined] Custom\Calculation\Counter\Counter::getState(): Return value must be of type array, none returned ;
 #0 /var/www/html/sys/classes/Custom/Statistics/SingleStats.php(141): Custom\Calculation\Counter\Counter->getState()
#1 /var/www/html/sys/classes/Custom/Statistics/SingleStats.php(122): Custom\Statistics\SingleStats->formRows(Array)
#2 /var/www/html/sys/classes/Custom/Statistics/SingleStats.php(108): Custom\Statistics\SingleStats->addTableData(Object(Tanweb\Container), Object(Custom\Statistics\Calculation\ResultSet))
#3 /var/www/html/sys/classes/Custom/Statistics/SingleStats.php(66): Custom\Statistics\SingleStats->parseResultSet(Object(Custom\Statistics\Calculation\ResultSet))
#4 /var/www/html/sys/classes/Services/StatsService.php(176): Custom\Statistics\SingleStats->generate()
#5 /var/www/html/sys/classes/Controllers/StatsDisplay.php(45): Services\StatsService->generateStats(Object(Tanweb\Container))
#6 /var/www/html/sys/classes/Controllers/Base/Controller.php(112): Controllers\StatsDisplay->generateStats()
#7 /var/www/html/sys/classes/Controllers/Base/Controller.php(89): Controllers\Base\Controller->runTask(Object(Tanweb\Request\Request))
#8 /var/www/html/sys/scripts/requests/rest.php(26): Controllers\Base\Controller->run(Object(Tanweb\Request\Request))
#9 {main}
[2022-12-02  11:00:28] [type: Request] [user: admin] [ip: undefined] [proxy: undefined] Controller: StatsDisplay Task: generateStatsData: {}
[2022-12-02  11:00:28] [type: Select] [user: admin] [ip: undefined] [proxy: undefined] Database: scheduler; SQL: SELECT * FROM statistics WHERE  id = '7'
[2022-12-02  11:01:42] [type: Error] [user: admin] [ip: undefined] [proxy: undefined] Custom\Statistics\SingleStats::formRows(): Return value must be of type array, none returned ;
 #0 /var/www/html/sys/classes/Custom/Statistics/SingleStats.php(122): Custom\Statistics\SingleStats->formRows(Array)
#1 /var/www/html/sys/classes/Custom/Statistics/SingleStats.php(108): Custom\Statistics\SingleStats->addTableData(Object(Tanweb\Container), Object(Custom\Statistics\Calculation\ResultSet))
#2 /var/www/html/sys/classes/Custom/Statistics/SingleStats.php(66): Custom\Statistics\SingleStats->parseResultSet(Object(Custom\Statistics\Calculation\ResultSet))
#3 /var/www/html/sys/classes/Services/StatsService.php(176): Custom\Statistics\SingleStats->generate()
#4 /var/www/html/sys/classes/Controllers/StatsDisplay.php(45): Services\StatsService->generateStats(Object(Tanweb\Container))
#5 /var/www/html/sys/classes/Controllers/Base/Controller.php(112): Controllers\StatsDisplay->generateStats()
#6 /var/www/html/sys/classes/Controllers/Base/Controller.php(89): Controllers\Base\Controller->runTask(Object(Tanweb\Request\Request))
#7 /var/www/html/sys/scripts/requests/rest.php(26): Controllers\Base\Controller->run(Object(Tanweb\Request\Request))
#8 {main}
[2022-12-02  11:01:45] [type: Request] [user: admin] [ip: undefined] [proxy: undefined] Controller: StatsDisplay Task: generateStatsData: {}
[2022-12-02  11:01:45] [type: Select] [user: admin] [ip: undefined] [proxy: undefined] Database: scheduler; SQL: SELECT * FROM statistics WHERE  id = '7'
[2022-12-02  11:02:16] [type: Error] [user: admin] [ip: undefined] [proxy: undefined] Custom\Statistics\SingleStats::formRows(): Return value must be of type array, none returned ;
 #0 /var/www/html/sys/classes/Custom/Statistics/SingleStats.php(122): Custom\Statistics\SingleStats->formRows(Array)
#1 /var/www/html/sys/classes/Custom/Statistics/SingleStats.php(108): Custom\Statistics\SingleStats->addTableData(Object(Tanweb\Container), Object(Custom\Statistics\Calculation\ResultSet))
#2 /var/www/html/sys/classes/Custom/Statistics/SingleStats.php(66): Custom\Statistics\SingleStats->parseResultSet(Object(Custom\Statistics\Calculation\ResultSet))
#3 /var/www/html/sys/classes/Services/StatsService.php(176): Custom\Statistics\SingleStats->generate()
#4 /var/www/html/sys/classes/Controllers/StatsDisplay.php(45): Services\StatsService->generateStats(Object(Tanweb\Container))
#5 /var/www/html/sys/classes/Controllers/Base/Controller.php(112): Controllers\StatsDisplay->generateStats()
#6 /var/www/html/sys/classes/Controllers/Base/Controller.php(89): Controllers\Base\Controller->runTask(Object(Tanweb\Request\Request))
#7 /var/www/html/sys/scripts/requests/rest.php(26): Controllers\Base\Controller->run(Object(Tanweb\Request\Request))
#8 {main}
[2022-12-02  11:02:49] [type: Request] [user: admin] [ip: undefined] [proxy: undefined] Controller: StatsDisplay Task: generateStatsData: {}
[2022-12-02  11:02:49] [type: Select] [user: admin] [ip: undefined] [proxy: undefined] Database: scheduler; SQL: SELECT * FROM statistics WHERE  id = '7'
[2022-12-02  11:02:49] [type: Error] [user: admin] [ip: undefined] [proxy: undefined] Custom\Statistics\SingleStats::formRows(): Return value must be of type array, none returned ;
 #0 /var/www/html/sys/classes/Custom/Statistics/SingleStats.php(122): Custom\Statistics\SingleStats->formRows(Array)
#1 /var/www/html/sys/classes/Custom/Statistics/SingleStats.php(108): Custom\Statistics\SingleStats->addTableData(Object(Tanweb\Container), Object(Custom\Statistics\Calculation\ResultSet))
#2 /var/www/html/sys/classes/Custom/Statistics/SingleStats.php(66): Custom\Statistics\SingleStats->parseResultSet(Object(Custom\Statistics\Calculation\ResultSet))
#3 /var/www/html/sys/classes/Services/StatsService.php(176): Custom\Statistics\SingleStats->generate()
#4 /var/www/html/sys/classes/Controllers/StatsDisplay.php(45): Services\StatsService->generateStats(Object(Tanweb\Container))
#5 /var/www/html/sys/classes/Controllers/Base/Controller.php(112): Controllers\StatsDisplay->generateStats()
#6 /var/www/html/sys/classes/Controllers/Base/Controller.php(89): Controllers\Base\Controller->runTask(Object(Tanweb\Request\Request))
#7 /var/www/html/sys/scripts/requests/rest.php(26): Controllers\Base\Controller->run(Object(Tanweb\Request\Request))
#8 {main}
[2022-12-02  11:02:54] [type: Request] [user: admin] [ip: undefined] [proxy: undefined] Controller: StatsDisplay Task: generateStatsData: {}
[2022-12-02  11:02:54] [type: Select] [user: admin] [ip: undefined] [proxy: undefined] Database: scheduler; SQL: SELECT * FROM statistics WHERE  id = '7'
[2022-12-02  11:03:28] [type: Error] [user: admin] [ip: undefined] [proxy: undefined] Custom\Statistics\SingleStats::formRows(): Return value must be of type array, none returned ;
 #0 /var/www/html/sys/classes/Custom/Statistics/SingleStats.php(122): Custom\Statistics\SingleStats->formRows(Array)
#1 /var/www/html/sys/classes/Custom/Statistics/SingleStats.php(108): Custom\Statistics\SingleStats->addTableData(Object(Tanweb\Container), Object(Custom\Statistics\Calculation\ResultSet))
#2 /var/www/html/sys/classes/Custom/Statistics/SingleStats.php(66): Custom\Statistics\SingleStats->parseResultSet(Object(Custom\Statistics\Calculation\ResultSet))
#3 /var/www/html/sys/classes/Services/StatsService.php(176): Custom\Statistics\SingleStats->generate()
#4 /var/www/html/sys/classes/Controllers/StatsDisplay.php(45): Services\StatsService->generateStats(Object(Tanweb\Container))
#5 /var/www/html/sys/classes/Controllers/Base/Controller.php(112): Controllers\StatsDisplay->generateStats()
#6 /var/www/html/sys/classes/Controllers/Base/Controller.php(89): Controllers\Base\Controller->runTask(Object(Tanweb\Request\Request))
#7 /var/www/html/sys/scripts/requests/rest.php(26): Controllers\Base\Controller->run(Object(Tanweb\Request\Request))
#8 {main}
[2022-12-02  11:03:38] [type: Request] [user: admin] [ip: undefined] [proxy: undefined] Controller: StatsDisplay Task: generateStatsData: {}
[2022-12-02  11:03:38] [type: Select] [user: admin] [ip: undefined] [proxy: undefined] Database: scheduler; SQL: SELECT * FROM statistics WHERE  id = '7'
[2022-12-02  11:03:38] [type: Error] [user: admin] [ip: undefined] [proxy: undefined] Custom\Statistics\SingleStats::formRows(): Return value must be of type array, none returned ;
 #0 /var/www/html/sys/classes/Custom/Statistics/SingleStats.php(122): Custom\Statistics\SingleStats->formRows(Array)
#1 /var/www/html/sys/classes/Custom/Statistics/SingleStats.php(108): Custom\Statistics\SingleStats->addTableData(Object(Tanweb\Container), Object(Custom\Statistics\Calculation\ResultSet))
#2 /var/www/html/sys/classes/Custom/Statistics/SingleStats.php(66): Custom\Statistics\SingleStats->parseResultSet(Object(Custom\Statistics\Calculation\ResultSet))
#3 /var/www/html/sys/classes/Services/StatsService.php(176): Custom\Statistics\SingleStats->generate()
#4 /var/www/html/sys/classes/Controllers/StatsDisplay.php(45): Services\StatsService->generateStats(Object(Tanweb\Container))
#5 /var/www/html/sys/classes/Controllers/Base/Controller.php(112): Controllers\StatsDisplay->generateStats()
#6 /var/www/html/sys/classes/Controllers/Base/Controller.php(89): Controllers\Base\Controller->runTask(Object(Tanweb\Request\Request))
#7 /var/www/html/sys/scripts/requests/rest.php(26): Controllers\Base\Controller->run(Object(Tanweb\Request\Request))
#8 {main}
[2022-12-02  11:03:42] [type: Request] [user: admin] [ip: undefined] [proxy: undefined] Controller: StatsDisplay Task: generateStatsData: {}
[2022-12-02  11:03:42] [type: Select] [user: admin] [ip: undefined] [proxy: undefined] Database: scheduler; SQL: SELECT * FROM statistics WHERE  id = '7'
[2022-12-02  11:04:35] [type: Error] [user: admin] [ip: undefined] [proxy: undefined] Custom\Statistics\SingleStats::formRows(): Return value must be of type array, none returned ;
 #0 /var/www/html/sys/classes/Custom/Statistics/SingleStats.php(122): Custom\Statistics\SingleStats->formRows(Array)
#1 /var/www/html/sys/classes/Custom/Statistics/SingleStats.php(108): Custom\Statistics\SingleStats->addTableData(Object(Tanweb\Container), Object(Custom\Statistics\Calculation\ResultSet))
#2 /var/www/html/sys/classes/Custom/Statistics/SingleStats.php(66): Custom\Statistics\SingleStats->parseResultSet(Object(Custom\Statistics\Calculation\ResultSet))
#3 /var/www/html/sys/classes/Services/StatsService.php(176): Custom\Statistics\SingleStats->generate()
#4 /var/www/html/sys/classes/Controllers/StatsDisplay.php(45): Services\StatsService->generateStats(Object(Tanweb\Container))
#5 /var/www/html/sys/classes/Controllers/Base/Controller.php(112): Controllers\StatsDisplay->generateStats()
#6 /var/www/html/sys/classes/Controllers/Base/Controller.php(89): Controllers\Base\Controller->runTask(Object(Tanweb\Request\Request))
#7 /var/www/html/sys/scripts/requests/rest.php(26): Controllers\Base\Controller->run(Object(Tanweb\Request\Request))
#8 {main}
[2022-12-02  11:05:54] [type: Request] [user: admin] [ip: undefined] [proxy: undefined] Controller: StatsDisplay Task: generateStatsData: {}
[2022-12-02  11:05:54] [type: Select] [user: admin] [ip: undefined] [proxy: undefined] Database: scheduler; SQL: SELECT * FROM statistics WHERE  id = '7'
[2022-12-02  11:06:21] [type: Error] [user: admin] [ip: undefined] [proxy: undefined] Custom\Statistics\SingleStats::formRows(): Return value must be of type array, none returned ;
 #0 /var/www/html/sys/classes/Custom/Statistics/SingleStats.php(122): Custom\Statistics\SingleStats->formRows(Array)
#1 /var/www/html/sys/classes/Custom/Statistics/SingleStats.php(108): Custom\Statistics\SingleStats->addTableData(Object(Tanweb\Container), Object(Custom\Statistics\Calculation\ResultSet))
#2 /var/www/html/sys/classes/Custom/Statistics/SingleStats.php(66): Custom\Statistics\SingleStats->parseResultSet(Object(Custom\Statistics\Calculation\ResultSet))
#3 /var/www/html/sys/classes/Services/StatsService.php(176): Custom\Statistics\SingleStats->generate()
#4 /var/www/html/sys/classes/Controllers/StatsDisplay.php(45): Services\StatsService->generateStats(Object(Tanweb\Container))
#5 /var/www/html/sys/classes/Controllers/Base/Controller.php(112): Controllers\StatsDisplay->generateStats()
#6 /var/www/html/sys/classes/Controllers/Base/Controller.php(89): Controllers\Base\Controller->runTask(Object(Tanweb\Request\Request))
#7 /var/www/html/sys/scripts/requests/rest.php(26): Controllers\Base\Controller->run(Object(Tanweb\Request\Request))
#8 {main}
[2022-12-02  11:12:32] [type: Request] [user: admin] [ip: undefined] [proxy: undefined] Controller: StatsDisplay Task: generateStatsData: {}
[2022-12-02  11:12:32] [type: Select] [user: admin] [ip: undefined] [proxy: undefined] Database: scheduler; SQL: SELECT * FROM statistics WHERE  id = '7'
[2022-12-02  11:13:43] [type: Error] [user: admin] [ip: undefined] [proxy: undefined] Custom\Statistics\SingleStats::formRows(): Return value must be of type array, none returned ;
 #0 /var/www/html/sys/classes/Custom/Statistics/SingleStats.php(122): Custom\Statistics\SingleStats->formRows(Array)
#1 /var/www/html/sys/classes/Custom/Statistics/SingleStats.php(108): Custom\Statistics\SingleStats->addTableData(Object(Tanweb\Container), Object(Custom\Statistics\Calculation\ResultSet))
#2 /var/www/html/sys/classes/Custom/Statistics/SingleStats.php(66): Custom\Statistics\SingleStats->parseResultSet(Object(Custom\Statistics\Calculation\ResultSet))
#3 /var/www/html/sys/classes/Services/StatsService.php(176): Custom\Statistics\SingleStats->generate()
#4 /var/www/html/sys/classes/Controllers/StatsDisplay.php(45): Services\StatsService->generateStats(Object(Tanweb\Container))
#5 /var/www/html/sys/classes/Controllers/Base/Controller.php(112): Controllers\StatsDisplay->generateStats()
#6 /var/www/html/sys/classes/Controllers/Base/Controller.php(89): Controllers\Base\Controller->runTask(Object(Tanweb\Request\Request))
#7 /var/www/html/sys/scripts/requests/rest.php(26): Controllers\Base\Controller->run(Object(Tanweb\Request\Request))
#8 {main}
[2022-12-02  11:13:46] [type: Request] [user: admin] [ip: undefined] [proxy: undefined] Controller: StatsDisplay Task: getInputsSettingsData: {}
[2022-12-02  11:13:46] [type: Select] [user: admin] [ip: undefined] [proxy: undefined] Database: scheduler; SQL: SELECT * FROM statistics WHERE  id = '4'
[2022-12-02  11:13:51] [type: Request] [user: admin] [ip: undefined] [proxy: undefined] Controller: StatsDisplay Task: generateStatsData: {}
[2022-12-02  11:13:51] [type: Select] [user: admin] [ip: undefined] [proxy: undefined] Database: scheduler; SQL: SELECT * FROM statistics WHERE  id = '4'
[2022-12-02  11:14:15] [type: Error] [user: admin] [ip: undefined] [proxy: undefined] Custom\Statistics\SingleStats::formRows(): Return value must be of type array, none returned ;
 #0 /var/www/html/sys/classes/Custom/Statistics/SingleStats.php(122): Custom\Statistics\SingleStats->formRows(Array)
#1 /var/www/html/sys/classes/Custom/Statistics/SingleStats.php(108): Custom\Statistics\SingleStats->addTableData(Object(Tanweb\Container), Object(Custom\Statistics\Calculation\ResultSet))
#2 /var/www/html/sys/classes/Custom/Statistics/SingleStats.php(66): Custom\Statistics\SingleStats->parseResultSet(Object(Custom\Statistics\Calculation\ResultSet))
#3 /var/www/html/sys/classes/Services/StatsService.php(176): Custom\Statistics\SingleStats->generate()
#4 /var/www/html/sys/classes/Controllers/StatsDisplay.php(45): Services\StatsService->generateStats(Object(Tanweb\Container))
#5 /var/www/html/sys/classes/Controllers/Base/Controller.php(112): Controllers\StatsDisplay->generateStats()
#6 /var/www/html/sys/classes/Controllers/Base/Controller.php(89): Controllers\Base\Controller->runTask(Object(Tanweb\Request\Request))
#7 /var/www/html/sys/scripts/requests/rest.php(26): Controllers\Base\Controller->run(Object(Tanweb\Request\Request))
#8 {main}
[2022-12-02  11:14:46] [type: Request] [user: admin] [ip: undefined] [proxy: undefined] Controller: StatsDisplay Task: generateStatsData: {}
[2022-12-02  11:14:46] [type: Select] [user: admin] [ip: undefined] [proxy: undefined] Database: scheduler; SQL: SELECT * FROM statistics WHERE  id = '4'
[2022-12-02  11:15:08] [type: Error] [user: admin] [ip: undefined] [proxy: undefined] Custom\Statistics\SingleStats::formRows(): Return value must be of type array, none returned ;
 #0 /var/www/html/sys/classes/Custom/Statistics/SingleStats.php(122): Custom\Statistics\SingleStats->formRows(Array)
#1 /var/www/html/sys/classes/Custom/Statistics/SingleStats.php(108): Custom\Statistics\SingleStats->addTableData(Object(Tanweb\Container), Object(Custom\Statistics\Calculation\ResultSet))
#2 /var/www/html/sys/classes/Custom/Statistics/SingleStats.php(66): Custom\Statistics\SingleStats->parseResultSet(Object(Custom\Statistics\Calculation\ResultSet))
#3 /var/www/html/sys/classes/Services/StatsService.php(176): Custom\Statistics\SingleStats->generate()
#4 /var/www/html/sys/classes/Controllers/StatsDisplay.php(45): Services\StatsService->generateStats(Object(Tanweb\Container))
#5 /var/www/html/sys/classes/Controllers/Base/Controller.php(112): Controllers\StatsDisplay->generateStats()
#6 /var/www/html/sys/classes/Controllers/Base/Controller.php(89): Controllers\Base\Controller->runTask(Object(Tanweb\Request\Request))
#7 /var/www/html/sys/scripts/requests/rest.php(26): Controllers\Base\Controller->run(Object(Tanweb\Request\Request))
#8 {main}
[2022-12-02  11:15:11] [type: Request] [user: admin] [ip: undefined] [proxy: undefined] Controller: StatsDisplay Task: getInputsSettingsData: {}
[2022-12-02  11:15:11] [type: Select] [user: admin] [ip: undefined] [proxy: undefined] Database: scheduler; SQL: SELECT * FROM statistics WHERE  id = '7'
[2022-12-02  11:15:13] [type: Request] [user: admin] [ip: undefined] [proxy: undefined] Controller: StatsDisplay Task: generateStatsData: {}
[2022-12-02  11:15:13] [type: Select] [user: admin] [ip: undefined] [proxy: undefined] Database: scheduler; SQL: SELECT * FROM statistics WHERE  id = '7'
[2022-12-02  11:16:27] [type: Error] [user: admin] [ip: undefined] [proxy: undefined] Custom\Statistics\SingleStats::formRows(): Return value must be of type array, none returned ;
 #0 /var/www/html/sys/classes/Custom/Statistics/SingleStats.php(122): Custom\Statistics\SingleStats->formRows(Array)
#1 /var/www/html/sys/classes/Custom/Statistics/SingleStats.php(108): Custom\Statistics\SingleStats->addTableData(Object(Tanweb\Container), Object(Custom\Statistics\Calculation\ResultSet))
#2 /var/www/html/sys/classes/Custom/Statistics/SingleStats.php(66): Custom\Statistics\SingleStats->parseResultSet(Object(Custom\Statistics\Calculation\ResultSet))
#3 /var/www/html/sys/classes/Services/StatsService.php(176): Custom\Statistics\SingleStats->generate()
#4 /var/www/html/sys/classes/Controllers/StatsDisplay.php(45): Services\StatsService->generateStats(Object(Tanweb\Container))
#5 /var/www/html/sys/classes/Controllers/Base/Controller.php(112): Controllers\StatsDisplay->generateStats()
#6 /var/www/html/sys/classes/Controllers/Base/Controller.php(89): Controllers\Base\Controller->runTask(Object(Tanweb\Request\Request))
#7 /var/www/html/sys/scripts/requests/rest.php(26): Controllers\Base\Controller->run(Object(Tanweb\Request\Request))
#8 {main}
[2022-12-02  11:35:21] [type: Access] [user: admin] [ip: undefined] [proxy: undefined] http://
[2022-12-02  11:35:23] [type: Request] [user: admin] [ip: undefined] [proxy: undefined] Controller: LanguageSelection Task: getInterfaceNamesData: {}
[2022-12-02  11:35:23] [type: Request] [user: admin] [ip: undefined] [proxy: undefined] Controller: StatsDisplay Task: getStatsData: {}
[2022-12-02  11:35:23] [type: Select] [user: admin] [ip: undefined] [proxy: undefined] Database: scheduler; SQL: SELECT id, name FROM statistics WHERE  active = '1'
[2022-12-02  11:35:25] [type: Request] [user: admin] [ip: undefined] [proxy: undefined] Controller: StatsDisplay Task: getInputsSettingsData: {}
[2022-12-02  11:35:25] [type: Select] [user: admin] [ip: undefined] [proxy: undefined] Database: scheduler; SQL: SELECT * FROM statistics WHERE  id = '7'
[2022-12-02  11:35:27] [type: Request] [user: admin] [ip: undefined] [proxy: undefined] Controller: StatsDisplay Task: generateStatsData: {}
[2022-12-02  11:35:27] [type: Select] [user: admin] [ip: undefined] [proxy: undefined] Database: scheduler; SQL: SELECT * FROM statistics WHERE  id = '7'
[2022-12-02  11:35:27] [type: Error] [user: admin] [ip: undefined] [proxy: undefined] Custom\Statistics\SingleStats::processResultsetForTable(): Argument #1 ($resultset) must be of type Custom\Statistics\Calculation\ResultSet, null given, called in /var/www/html/sys/classes/Custom/Statistics/SingleStats.php on line 124 ;
 #0 /var/www/html/sys/classes/Custom/Statistics/SingleStats.php(124): Custom\Statistics\SingleStats->processResultsetForTable(NULL, Array, Array)
#1 /var/www/html/sys/classes/Custom/Statistics/SingleStats.php(108): Custom\Statistics\SingleStats->addTableData(Object(Tanweb\Container), Object(Custom\Statistics\Calculation\ResultSet))
#2 /var/www/html/sys/classes/Custom/Statistics/SingleStats.php(66): Custom\Statistics\SingleStats->parseResultSet(Object(Custom\Statistics\Calculation\ResultSet))
#3 /var/www/html/sys/classes/Services/StatsService.php(176): Custom\Statistics\SingleStats->generate()
#4 /var/www/html/sys/classes/Controllers/StatsDisplay.php(45): Services\StatsService->generateStats(Object(Tanweb\Container))
#5 /var/www/html/sys/classes/Controllers/Base/Controller.php(112): Controllers\StatsDisplay->generateStats()
#6 /var/www/html/sys/classes/Controllers/Base/Controller.php(89): Controllers\Base\Controller->runTask(Object(Tanweb\Request\Request))
#7 /var/www/html/sys/scripts/requests/rest.php(26): Controllers\Base\Controller->run(Object(Tanweb\Request\Request))
#8 {main}
[2022-12-02  11:35:57] [type: Request] [user: admin] [ip: undefined] [proxy: undefined] Controller: StatsDisplay Task: generateStatsData: {}
[2022-12-02  11:35:57] [type: Select] [user: admin] [ip: undefined] [proxy: undefined] Database: scheduler; SQL: SELECT * FROM statistics WHERE  id = '7'
[2022-12-02  11:39:23] [type: Request] [user: admin] [ip: undefined] [proxy: undefined] Controller: StatsDisplay Task: generateStatsData: {}
[2022-12-02  11:39:23] [type: Select] [user: admin] [ip: undefined] [proxy: undefined] Database: scheduler; SQL: SELECT * FROM statistics WHERE  id = '7'
[2022-12-02  11:41:45] [type: Request] [user: admin] [ip: undefined] [proxy: undefined] Controller: StatsDisplay Task: generateStatsData: {}
[2022-12-02  11:41:45] [type: Select] [user: admin] [ip: undefined] [proxy: undefined] Database: scheduler; SQL: SELECT * FROM statistics WHERE  id = '7'
[2022-12-02  11:42:47] [type: Request] [user: admin] [ip: undefined] [proxy: undefined] Controller: StatsDisplay Task: generateStatsData: {}
[2022-12-02  11:42:47] [type: Select] [user: admin] [ip: undefined] [proxy: undefined] Database: scheduler; SQL: SELECT * FROM statistics WHERE  id = '7'
[2022-12-02  11:42:59] [type: Request] [user: admin] [ip: undefined] [proxy: undefined] Controller: StatsDisplay Task: generateStatsData: {}
[2022-12-02  11:42:59] [type: Select] [user: admin] [ip: undefined] [proxy: undefined] Database: scheduler; SQL: SELECT * FROM statistics WHERE  id = '7'
[2022-12-02  11:48:25] [type: Request] [user: admin] [ip: undefined] [proxy: undefined] Controller: StatsDisplay Task: generateStatsData: {}
[2022-12-02  11:48:25] [type: Select] [user: admin] [ip: undefined] [proxy: undefined] Database: scheduler; SQL: SELECT * FROM statistics WHERE  id = '7'
[2022-12-02  11:48:50] [type: Request] [user: admin] [ip: undefined] [proxy: undefined] Controller: StatsDisplay Task: generateStatsData: {}
[2022-12-02  11:48:50] [type: Select] [user: admin] [ip: undefined] [proxy: undefined] Database: scheduler; SQL: SELECT * FROM statistics WHERE  id = '7'
[2022-12-02  11:49:34] [type: Request] [user: admin] [ip: undefined] [proxy: undefined] Controller: StatsDisplay Task: generateStatsData: {}
[2022-12-02  11:49:34] [type: Select] [user: admin] [ip: undefined] [proxy: undefined] Database: scheduler; SQL: SELECT * FROM statistics WHERE  id = '7'
[2022-12-02  11:50:08] [type: Request] [user: admin] [ip: undefined] [proxy: undefined] Controller: StatsDisplay Task: generateStatsData: {}
[2022-12-02  11:50:08] [type: Select] [user: admin] [ip: undefined] [proxy: undefined] Database: scheduler; SQL: SELECT * FROM statistics WHERE  id = '7'
[2022-12-02  11:54:15] [type: Request] [user: admin] [ip: undefined] [proxy: undefined] Controller: StatsDisplay Task: generateStatsData: {}
[2022-12-02  11:54:15] [type: Select] [user: admin] [ip: undefined] [proxy: undefined] Database: scheduler; SQL: SELECT * FROM statistics WHERE  id = '7'
[2022-12-02  11:55:31] [type: Request] [user: admin] [ip: undefined] [proxy: undefined] Controller: StatsDisplay Task: generateStatsData: {}
[2022-12-02  11:55:31] [type: Select] [user: admin] [ip: undefined] [proxy: undefined] Database: scheduler; SQL: SELECT * FROM statistics WHERE  id = '7'
[2022-12-02  11:57:50] [type: Request] [user: admin] [ip: undefined] [proxy: undefined] Controller: StatsDisplay Task: generateStatsData: {}
[2022-12-02  11:57:50] [type: Select] [user: admin] [ip: undefined] [proxy: undefined] Database: scheduler; SQL: SELECT * FROM statistics WHERE  id = '7'
[2022-12-02  12:01:17] [type: Request] [user: admin] [ip: undefined] [proxy: undefined] Controller: StatsDisplay Task: generateStatsData: {}
[2022-12-02  12:01:17] [type: Select] [user: admin] [ip: undefined] [proxy: undefined] Database: scheduler; SQL: SELECT * FROM statistics WHERE  id = '7'
[2022-12-02  12:03:27] [type: Request] [user: admin] [ip: undefined] [proxy: undefined] Controller: StatsDisplay Task: generateStatsData: {}
[2022-12-02  12:03:27] [type: Select] [user: admin] [ip: undefined] [proxy: undefined] Database: scheduler; SQL: SELECT * FROM statistics WHERE  id = '7'
[2022-12-02  12:10:26] [type: Request] [user: admin] [ip: undefined] [proxy: undefined] Controller: StatsDisplay Task: generateStatsData: {}
[2022-12-02  12:10:26] [type: Select] [user: admin] [ip: undefined] [proxy: undefined] Database: scheduler; SQL: SELECT * FROM statistics WHERE  id = '7'
[2022-12-02  12:12:17] [type: Request] [user: admin] [ip: undefined] [proxy: undefined] Controller: StatsDisplay Task: generateStatsData: {}
[2022-12-02  12:12:17] [type: Select] [user: admin] [ip: undefined] [proxy: undefined] Database: scheduler; SQL: SELECT * FROM statistics WHERE  id = '7'
[2022-12-02  12:12:17] [type: Error] [user: admin] [ip: undefined] [proxy: undefined] Container error: value not defined for key: id_location ;
 #0 /var/www/html/sys/classes/Tanweb/Container.php(42): Tanweb\Container->throwException('value not defin...')
#1 /var/www/html/sys/classes/Custom/Statistics/Options/Group.php(235): Tanweb\Container->get('id_location')
#2 /var/www/html/sys/classes/Custom/Statistics/Calculation/Calculator.php(52): Custom\Statistics\Options\Group->getValue(Object(Tanweb\Container))
#3 /var/www/html/sys/classes/Custom/Statistics/SingleStats.php(96): Custom\Statistics\Calculation\Calculator::count(Object(Tanweb\Container), Object(Tanweb\Container))
#4 /var/www/html/sys/classes/Custom/Statistics/SingleStats.php(65): Custom\Statistics\SingleStats->calculate(Object(Custom\Statistics\Options\Method), Object(Tanweb\Container), Object(Tanweb\Container))
#5 /var/www/html/sys/classes/Services/StatsService.php(176): Custom\Statistics\SingleStats->generate()
#6 /var/www/html/sys/classes/Controllers/StatsDisplay.php(45): Services\StatsService->generateStats(Object(Tanweb\Container))
#7 /var/www/html/sys/classes/Controllers/Base/Controller.php(112): Controllers\StatsDisplay->generateStats()
#8 /var/www/html/sys/classes/Controllers/Base/Controller.php(89): Controllers\Base\Controller->runTask(Object(Tanweb\Request\Request))
#9 /var/www/html/sys/scripts/requests/rest.php(26): Controllers\Base\Controller->run(Object(Tanweb\Request\Request))
#10 {main}
[2022-12-02  12:12:34] [type: Request] [user: admin] [ip: undefined] [proxy: undefined] Controller: StatsDisplay Task: generateStatsData: {}
[2022-12-02  12:12:34] [type: Select] [user: admin] [ip: undefined] [proxy: undefined] Database: scheduler; SQL: SELECT * FROM statistics WHERE  id = '7'
[2022-12-02  12:12:54] [type: Error] [user: admin] [ip: undefined] [proxy: undefined] Container error: value not defined for key: id_location ;
 #0 /var/www/html/sys/classes/Tanweb/Container.php(42): Tanweb\Container->throwException('value not defin...')
#1 /var/www/html/sys/classes/Custom/Statistics/Options/Group.php(235): Tanweb\Container->get('id_location')
#2 /var/www/html/sys/classes/Custom/Statistics/Calculation/Calculator.php(52): Custom\Statistics\Options\Group->getValue(Object(Tanweb\Container))
#3 /var/www/html/sys/classes/Custom/Statistics/SingleStats.php(96): Custom\Statistics\Calculation\Calculator::count(Object(Tanweb\Container), Object(Tanweb\Container))
#4 /var/www/html/sys/classes/Custom/Statistics/SingleStats.php(65): Custom\Statistics\SingleStats->calculate(Object(Custom\Statistics\Options\Method), Object(Tanweb\Container), Object(Tanweb\Container))
#5 /var/www/html/sys/classes/Services/StatsService.php(176): Custom\Statistics\SingleStats->generate()
#6 /var/www/html/sys/classes/Controllers/StatsDisplay.php(45): Services\StatsService->generateStats(Object(Tanweb\Container))
#7 /var/www/html/sys/classes/Controllers/Base/Controller.php(112): Controllers\StatsDisplay->generateStats()
#8 /var/www/html/sys/classes/Controllers/Base/Controller.php(89): Controllers\Base\Controller->runTask(Object(Tanweb\Request\Request))
#9 /var/www/html/sys/scripts/requests/rest.php(26): Controllers\Base\Controller->run(Object(Tanweb\Request\Request))
#10 {main}
[2022-12-02  12:15:57] [type: Access] [user: admin] [ip: undefined] [proxy: undefined] http://
[2022-12-02  12:15:58] [type: Request] [user: admin] [ip: undefined] [proxy: undefined] Controller: LanguageSelection Task: getInterfaceNamesData: {}
[2022-12-02  12:15:59] [type: Request] [user: admin] [ip: undefined] [proxy: undefined] Controller: StatsDisplay Task: getStatsData: {}
[2022-12-02  12:15:59] [type: Select] [user: admin] [ip: undefined] [proxy: undefined] Database: scheduler; SQL: SELECT id, name FROM statistics WHERE  active = '1'
[2022-12-02  12:16:00] [type: Request] [user: admin] [ip: undefined] [proxy: undefined] Controller: StatsDisplay Task: getInputsSettingsData: {}
[2022-12-02  12:16:00] [type: Select] [user: admin] [ip: undefined] [proxy: undefined] Database: scheduler; SQL: SELECT * FROM statistics WHERE  id = '7'
[2022-12-02  12:16:03] [type: Request] [user: admin] [ip: undefined] [proxy: undefined] Controller: StatsDisplay Task: generateStatsData: {}
[2022-12-02  12:16:03] [type: Select] [user: admin] [ip: undefined] [proxy: undefined] Database: scheduler; SQL: SELECT * FROM statistics WHERE  id = '7'
[2022-12-02  12:16:03] [type: Error] [user: admin] [ip: undefined] [proxy: undefined] Container error: value not defined for key: id_location ;
 #0 /var/www/html/sys/classes/Tanweb/Container.php(42): Tanweb\Container->throwException('value not defin...')
#1 /var/www/html/sys/classes/Custom/Statistics/Options/Group.php(235): Tanweb\Container->get('id_location')
#2 /var/www/html/sys/classes/Custom/Statistics/Calculation/Calculator.php(52): Custom\Statistics\Options\Group->getValue(Object(Tanweb\Container))
#3 /var/www/html/sys/classes/Custom/Statistics/SingleStats.php(96): Custom\Statistics\Calculation\Calculator::count(Object(Tanweb\Container), Object(Tanweb\Container))
#4 /var/www/html/sys/classes/Custom/Statistics/SingleStats.php(65): Custom\Statistics\SingleStats->calculate(Object(Custom\Statistics\Options\Method), Object(Tanweb\Container), Object(Tanweb\Container))
#5 /var/www/html/sys/classes/Services/StatsService.php(176): Custom\Statistics\SingleStats->generate()
#6 /var/www/html/sys/classes/Controllers/StatsDisplay.php(45): Services\StatsService->generateStats(Object(Tanweb\Container))
#7 /var/www/html/sys/classes/Controllers/Base/Controller.php(112): Controllers\StatsDisplay->generateStats()
#8 /var/www/html/sys/classes/Controllers/Base/Controller.php(89): Controllers\Base\Controller->runTask(Object(Tanweb\Request\Request))
#9 /var/www/html/sys/scripts/requests/rest.php(26): Controllers\Base\Controller->run(Object(Tanweb\Request\Request))
#10 {main}
[2022-12-02  12:16:25] [type: Request] [user: admin] [ip: undefined] [proxy: undefined] Controller: StatsDisplay Task: generateStatsData: {}
[2022-12-02  12:16:25] [type: Select] [user: admin] [ip: undefined] [proxy: undefined] Database: scheduler; SQL: SELECT * FROM statistics WHERE  id = '7'
[2022-12-02  12:20:29] [type: Request] [user: admin] [ip: undefined] [proxy: undefined] Controller: StatsDisplay Task: generateStatsData: {}
[2022-12-02  12:20:29] [type: Select] [user: admin] [ip: undefined] [proxy: undefined] Database: scheduler; SQL: SELECT * FROM statistics WHERE  id = '7'
[2022-12-02  12:20:39] [type: Request] [user: admin] [ip: undefined] [proxy: undefined] Controller: StatsDisplay Task: generateStatsData: {}
[2022-12-02  12:20:39] [type: Select] [user: admin] [ip: undefined] [proxy: undefined] Database: scheduler; SQL: SELECT * FROM statistics WHERE  id = '7'
[2022-12-02  12:32:41] [type: Request] [user: admin] [ip: undefined] [proxy: undefined] Controller: StatsDisplay Task: generateStatsData: {}
[2022-12-02  12:32:41] [type: Select] [user: admin] [ip: undefined] [proxy: undefined] Database: scheduler; SQL: SELECT * FROM statistics WHERE  id = '7'
[2022-12-02  12:32:41] [type: Error] [user: admin] [ip: undefined] [proxy: undefined] Too few arguments to function Custom\Statistics\SingleStats::combineOptions(), 1 passed in /var/www/html/sys/classes/Custom/Statistics/SingleStats.php on line 122 and exactly 3 expected ;
 #0 /var/www/html/sys/classes/Custom/Statistics/SingleStats.php(122): Custom\Statistics\SingleStats->combineOptions(Array)
#1 /var/www/html/sys/classes/Custom/Statistics/SingleStats.php(108): Custom\Statistics\SingleStats->addTableData(Object(Tanweb\Container), Object(Custom\Statistics\Calculation\ResultSet))
#2 /var/www/html/sys/classes/Custom/Statistics/SingleStats.php(66): Custom\Statistics\SingleStats->parseResultSet(Object(Custom\Statistics\Calculation\ResultSet))
#3 /var/www/html/sys/classes/Services/StatsService.php(176): Custom\Statistics\SingleStats->generate()
#4 /var/www/html/sys/classes/Controllers/StatsDisplay.php(45): Services\StatsService->generateStats(Object(Tanweb\Container))
#5 /var/www/html/sys/classes/Controllers/Base/Controller.php(112): Controllers\StatsDisplay->generateStats()
#6 /var/www/html/sys/classes/Controllers/Base/Controller.php(89): Controllers\Base\Controller->runTask(Object(Tanweb\Request\Request))
#7 /var/www/html/sys/scripts/requests/rest.php(26): Controllers\Base\Controller->run(Object(Tanweb\Request\Request))
#8 {main}
[2022-12-02  12:33:36] [type: Request] [user: admin] [ip: undefined] [proxy: undefined] Controller: StatsDisplay Task: generateStatsData: {}
[2022-12-02  12:33:36] [type: Select] [user: admin] [ip: undefined] [proxy: undefined] Database: scheduler; SQL: SELECT * FROM statistics WHERE  id = '7'
[2022-12-02  12:33:36] [type: Error] [user: admin] [ip: undefined] [proxy: undefined] Too few arguments to function Custom\Statistics\SingleStats::combineOptions(), 2 passed in /var/www/html/sys/classes/Custom/Statistics/SingleStats.php on line 123 and exactly 3 expected ;
 #0 /var/www/html/sys/classes/Custom/Statistics/SingleStats.php(123): Custom\Statistics\SingleStats->combineOptions(Array, Array)
#1 /var/www/html/sys/classes/Custom/Statistics/SingleStats.php(108): Custom\Statistics\SingleStats->addTableData(Object(Tanweb\Container), Object(Custom\Statistics\Calculation\ResultSet))
#2 /var/www/html/sys/classes/Custom/Statistics/SingleStats.php(66): Custom\Statistics\SingleStats->parseResultSet(Object(Custom\Statistics\Calculation\ResultSet))
#3 /var/www/html/sys/classes/Services/StatsService.php(176): Custom\Statistics\SingleStats->generate()
#4 /var/www/html/sys/classes/Controllers/StatsDisplay.php(45): Services\StatsService->generateStats(Object(Tanweb\Container))
#5 /var/www/html/sys/classes/Controllers/Base/Controller.php(112): Controllers\StatsDisplay->generateStats()
#6 /var/www/html/sys/classes/Controllers/Base/Controller.php(89): Controllers\Base\Controller->runTask(Object(Tanweb\Request\Request))
#7 /var/www/html/sys/scripts/requests/rest.php(26): Controllers\Base\Controller->run(Object(Tanweb\Request\Request))
#8 {main}
[2022-12-02  12:34:01] [type: Request] [user: admin] [ip: undefined] [proxy: undefined] Controller: StatsDisplay Task: generateStatsData: {}
[2022-12-02  12:34:01] [type: Select] [user: admin] [ip: undefined] [proxy: undefined] Database: scheduler; SQL: SELECT * FROM statistics WHERE  id = '7'
[2022-12-02  12:36:47] [type: Request] [user: admin] [ip: undefined] [proxy: undefined] Controller: StatsDisplay Task: generateStatsData: {}
[2022-12-02  12:36:47] [type: Select] [user: admin] [ip: undefined] [proxy: undefined] Database: scheduler; SQL: SELECT * FROM statistics WHERE  id = '7'
[2022-12-02  12:36:47] [type: Error] [user: admin] [ip: undefined] [proxy: undefined] Using $this when not in object context ;
 #0 /var/www/html/sys/classes/Custom/Statistics/SingleStats.php(177): Custom\Statistics\Options\Group::getColumn()
#1 /var/www/html/sys/classes/Custom/Statistics/SingleStats.php(124): Custom\Statistics\SingleStats->combineOptions(Array, Array, Array)
#2 /var/www/html/sys/classes/Custom/Statistics/SingleStats.php(108): Custom\Statistics\SingleStats->addTableData(Object(Tanweb\Container), Object(Custom\Statistics\Calculation\ResultSet))
#3 /var/www/html/sys/classes/Custom/Statistics/SingleStats.php(66): Custom\Statistics\SingleStats->parseResultSet(Object(Custom\Statistics\Calculation\ResultSet))
#4 /var/www/html/sys/classes/Services/StatsService.php(176): Custom\Statistics\SingleStats->generate()
#5 /var/www/html/sys/classes/Controllers/StatsDisplay.php(45): Services\StatsService->generateStats(Object(Tanweb\Container))
#6 /var/www/html/sys/classes/Controllers/Base/Controller.php(112): Controllers\StatsDisplay->generateStats()
#7 /var/www/html/sys/classes/Controllers/Base/Controller.php(89): Controllers\Base\Controller->runTask(Object(Tanweb\Request\Request))
#8 /var/www/html/sys/scripts/requests/rest.php(26): Controllers\Base\Controller->run(Object(Tanweb\Request\Request))
#9 {main}
[2022-12-02  12:37:10] [type: Request] [user: admin] [ip: undefined] [proxy: undefined] Controller: StatsDisplay Task: generateStatsData: {}
[2022-12-02  12:37:10] [type: Select] [user: admin] [ip: undefined] [proxy: undefined] Database: scheduler; SQL: SELECT * FROM statistics WHERE  id = '7'
[2022-12-02  12:37:28] [type: Error] [user: admin] [ip: undefined] [proxy: undefined] Using $this when not in object context ;
 #0 /var/www/html/sys/classes/Custom/Statistics/SingleStats.php(177): Custom\Statistics\Options\Group::getColumn()
#1 /var/www/html/sys/classes/Custom/Statistics/SingleStats.php(124): Custom\Statistics\SingleStats->combineOptions(Array, Array, Array)
#2 /var/www/html/sys/classes/Custom/Statistics/SingleStats.php(108): Custom\Statistics\SingleStats->addTableData(Object(Tanweb\Container), Object(Custom\Statistics\Calculation\ResultSet))
#3 /var/www/html/sys/classes/Custom/Statistics/SingleStats.php(66): Custom\Statistics\SingleStats->parseResultSet(Object(Custom\Statistics\Calculation\ResultSet))
#4 /var/www/html/sys/classes/Services/StatsService.php(176): Custom\Statistics\SingleStats->generate()
#5 /var/www/html/sys/classes/Controllers/StatsDisplay.php(45): Services\StatsService->generateStats(Object(Tanweb\Container))
#6 /var/www/html/sys/classes/Controllers/Base/Controller.php(112): Controllers\StatsDisplay->generateStats()
#7 /var/www/html/sys/classes/Controllers/Base/Controller.php(89): Controllers\Base\Controller->runTask(Object(Tanweb\Request\Request))
#8 /var/www/html/sys/scripts/requests/rest.php(26): Controllers\Base\Controller->run(Object(Tanweb\Request\Request))
#9 {main}
[2022-12-02  12:37:52] [type: Request] [user: admin] [ip: undefined] [proxy: undefined] Controller: StatsDisplay Task: generateStatsData: {}
[2022-12-02  12:37:52] [type: Select] [user: admin] [ip: undefined] [proxy: undefined] Database: scheduler; SQL: SELECT * FROM statistics WHERE  id = '7'
[2022-12-02  12:38:24] [type: Request] [user: admin] [ip: undefined] [proxy: undefined] Controller: StatsDisplay Task: generateStatsData: {}
[2022-12-02  12:38:24] [type: Select] [user: admin] [ip: undefined] [proxy: undefined] Database: scheduler; SQL: SELECT * FROM statistics WHERE  id = '7'
[2022-12-02  12:38:43] [type: Request] [user: admin] [ip: undefined] [proxy: undefined] Controller: StatsDisplay Task: generateStatsData: {}
[2022-12-02  12:38:43] [type: Select] [user: admin] [ip: undefined] [proxy: undefined] Database: scheduler; SQL: SELECT * FROM statistics WHERE  id = '7'
[2022-12-02  12:39:38] [type: Request] [user: admin] [ip: undefined] [proxy: undefined] Controller: StatsDisplay Task: generateStatsData: {}
[2022-12-02  12:39:38] [type: Select] [user: admin] [ip: undefined] [proxy: undefined] Database: scheduler; SQL: SELECT * FROM statistics WHERE  id = '7'
[2022-12-02  12:41:06] [type: Request] [user: admin] [ip: undefined] [proxy: undefined] Controller: StatsDisplay Task: generateStatsData: {}
[2022-12-02  12:41:06] [type: Select] [user: admin] [ip: undefined] [proxy: undefined] Database: scheduler; SQL: SELECT * FROM statistics WHERE  id = '7'
[2022-12-02  12:41:36] [type: Request] [user: admin] [ip: undefined] [proxy: undefined] Controller: StatsDisplay Task: generateStatsData: {}
[2022-12-02  12:41:36] [type: Select] [user: admin] [ip: undefined] [proxy: undefined] Database: scheduler; SQL: SELECT * FROM statistics WHERE  id = '7'
[2022-12-02  12:44:42] [type: Request] [user: admin] [ip: undefined] [proxy: undefined] Controller: StatsDisplay Task: generateStatsData: {}
[2022-12-02  12:44:42] [type: Select] [user: admin] [ip: undefined] [proxy: undefined] Database: scheduler; SQL: SELECT * FROM statistics WHERE  id = '7'
[2022-12-02  12:45:50] [type: Request] [user: admin] [ip: undefined] [proxy: undefined] Controller: StatsDisplay Task: generateStatsData: {}
[2022-12-02  12:45:50] [type: Select] [user: admin] [ip: undefined] [proxy: undefined] Database: scheduler; SQL: SELECT * FROM statistics WHERE  id = '7'
[2022-12-02  12:46:35] [type: Request] [user: admin] [ip: undefined] [proxy: undefined] Controller: StatsDisplay Task: generateStatsData: {}
[2022-12-02  12:46:35] [type: Select] [user: admin] [ip: undefined] [proxy: undefined] Database: scheduler; SQL: SELECT * FROM statistics WHERE  id = '7'
[2022-12-02  12:47:14] [type: Request] [user: admin] [ip: undefined] [proxy: undefined] Controller: StatsDisplay Task: generateStatsData: {}
[2022-12-02  12:47:14] [type: Select] [user: admin] [ip: undefined] [proxy: undefined] Database: scheduler; SQL: SELECT * FROM statistics WHERE  id = '7'
[2022-12-02  12:48:37] [type: Request] [user: admin] [ip: undefined] [proxy: undefined] Controller: StatsDisplay Task: generateStatsData: {}
[2022-12-02  12:48:37] [type: Select] [user: admin] [ip: undefined] [proxy: undefined] Database: scheduler; SQL: SELECT * FROM statistics WHERE  id = '7'
[2022-12-02  12:50:33] [type: Request] [user: admin] [ip: undefined] [proxy: undefined] Controller: StatsDisplay Task: generateStatsData: {}
[2022-12-02  12:50:33] [type: Select] [user: admin] [ip: undefined] [proxy: undefined] Database: scheduler; SQL: SELECT * FROM statistics WHERE  id = '7'
[2022-12-02  12:53:19] [type: Request] [user: admin] [ip: undefined] [proxy: undefined] Controller: StatsDisplay Task: generateStatsData: {}
[2022-12-02  12:53:19] [type: Select] [user: admin] [ip: undefined] [proxy: undefined] Database: scheduler; SQL: SELECT * FROM statistics WHERE  id = '7'
[2022-12-02  12:53:59] [type: Request] [user: admin] [ip: undefined] [proxy: undefined] Controller: StatsDisplay Task: generateStatsData: {}
[2022-12-02  12:53:59] [type: Select] [user: admin] [ip: undefined] [proxy: undefined] Database: scheduler; SQL: SELECT * FROM statistics WHERE  id = '7'
[2022-12-02  12:54:18] [type: Request] [user: admin] [ip: undefined] [proxy: undefined] Controller: StatsDisplay Task: generateStatsData: {}
[2022-12-02  12:54:18] [type: Select] [user: admin] [ip: undefined] [proxy: undefined] Database: scheduler; SQL: SELECT * FROM statistics WHERE  id = '7'
[2022-12-02  12:54:36] [type: Request] [user: admin] [ip: undefined] [proxy: undefined] Controller: StatsDisplay Task: generateStatsData: {}
[2022-12-02  12:54:36] [type: Select] [user: admin] [ip: undefined] [proxy: undefined] Database: scheduler; SQL: SELECT * FROM statistics WHERE  id = '7'
[2022-12-02  12:55:09] [type: Request] [user: admin] [ip: undefined] [proxy: undefined] Controller: StatsDisplay Task: generateStatsData: {}
[2022-12-02  12:55:09] [type: Select] [user: admin] [ip: undefined] [proxy: undefined] Database: scheduler; SQL: SELECT * FROM statistics WHERE  id = '7'
[2022-12-02  12:58:03] [type: Request] [user: admin] [ip: undefined] [proxy: undefined] Controller: StatsDisplay Task: generateStatsData: {}
[2022-12-02  12:58:03] [type: Select] [user: admin] [ip: undefined] [proxy: undefined] Database: scheduler; SQL: SELECT * FROM statistics WHERE  id = '7'
[2022-12-02  12:58:36] [type: Request] [user: admin] [ip: undefined] [proxy: undefined] Controller: StatsDisplay Task: generateStatsData: {}
[2022-12-02  12:58:36] [type: Select] [user: admin] [ip: undefined] [proxy: undefined] Database: scheduler; SQL: SELECT * FROM statistics WHERE  id = '7'
[2022-12-02  13:03:41] [type: Access] [user: admin] [ip: undefined] [proxy: undefined] http://
[2022-12-02  13:03:43] [type: Request] [user: admin] [ip: undefined] [proxy: undefined] Controller: LanguageSelection Task: getInterfaceNamesData: {}
[2022-12-02  13:03:43] [type: Request] [user: admin] [ip: undefined] [proxy: undefined] Controller: StatsDisplay Task: getStatsData: {}
[2022-12-02  13:03:43] [type: Select] [user: admin] [ip: undefined] [proxy: undefined] Database: scheduler; SQL: SELECT id, name FROM statistics WHERE  active = '1'
[2022-12-02  13:03:44] [type: Request] [user: admin] [ip: undefined] [proxy: undefined] Controller: StatsDisplay Task: getInputsSettingsData: {}
[2022-12-02  13:03:44] [type: Select] [user: admin] [ip: undefined] [proxy: undefined] Database: scheduler; SQL: SELECT * FROM statistics WHERE  id = '7'
[2022-12-02  13:03:49] [type: Request] [user: admin] [ip: undefined] [proxy: undefined] Controller: StatsDisplay Task: generateStatsData: {}
[2022-12-02  13:03:49] [type: Select] [user: admin] [ip: undefined] [proxy: undefined] Database: scheduler; SQL: SELECT * FROM statistics WHERE  id = '7'
[2022-12-02  13:17:51] [type: Request] [user: admin] [ip: undefined] [proxy: undefined] Controller: StatsDisplay Task: generateStatsData: {}
[2022-12-02  13:17:51] [type: Select] [user: admin] [ip: undefined] [proxy: undefined] Database: scheduler; SQL: SELECT * FROM statistics WHERE  id = '7'
[2022-12-02  13:19:11] [type: Request] [user: admin] [ip: undefined] [proxy: undefined] Controller: StatsDisplay Task: generateStatsData: {}
[2022-12-02  13:19:11] [type: Select] [user: admin] [ip: undefined] [proxy: undefined] Database: scheduler; SQL: SELECT * FROM statistics WHERE  id = '7'
[2022-12-02  13:19:41] [type: Request] [user: admin] [ip: undefined] [proxy: undefined] Controller: StatsDisplay Task: generateStatsData: {}
[2022-12-02  13:19:41] [type: Select] [user: admin] [ip: undefined] [proxy: undefined] Database: scheduler; SQL: SELECT * FROM statistics WHERE  id = '7'
[2022-12-02  13:20:18] [type: Request] [user: admin] [ip: undefined] [proxy: undefined] Controller: StatsDisplay Task: generateStatsData: {}
[2022-12-02  13:20:18] [type: Select] [user: admin] [ip: undefined] [proxy: undefined] Database: scheduler; SQL: SELECT * FROM statistics WHERE  id = '7'
[2022-12-02  13:24:55] [type: Access] [user: admin] [ip: undefined] [proxy: undefined] http://
[2022-12-02  13:24:57] [type: Request] [user: admin] [ip: undefined] [proxy: undefined] Controller: LanguageSelection Task: getInterfaceNamesData: {}
[2022-12-02  13:24:57] [type: Request] [user: admin] [ip: undefined] [proxy: undefined] Controller: StatsDisplay Task: getStatsData: {}
[2022-12-02  13:24:57] [type: Select] [user: admin] [ip: undefined] [proxy: undefined] Database: scheduler; SQL: SELECT id, name FROM statistics WHERE  active = '1'
[2022-12-02  13:25:00] [type: Request] [user: admin] [ip: undefined] [proxy: undefined] Controller: StatsDisplay Task: getInputsSettingsData: {}
[2022-12-02  13:25:00] [type: Select] [user: admin] [ip: undefined] [proxy: undefined] Database: scheduler; SQL: SELECT * FROM statistics WHERE  id = '7'
[2022-12-02  13:25:12] [type: Request] [user: admin] [ip: undefined] [proxy: undefined] Controller: StatsDisplay Task: generateStatsData: {}
[2022-12-02  13:25:12] [type: Select] [user: admin] [ip: undefined] [proxy: undefined] Database: scheduler; SQL: SELECT * FROM statistics WHERE  id = '7'
[2022-12-02  13:30:54] [type: Access] [user: admin] [ip: undefined] [proxy: undefined] http://
[2022-12-02  13:30:55] [type: Request] [user: admin] [ip: undefined] [proxy: undefined] Controller: LanguageSelection Task: getInterfaceNamesData: {}
[2022-12-02  13:30:56] [type: Request] [user: admin] [ip: undefined] [proxy: undefined] Controller: StatsDisplay Task: getStatsData: {}
[2022-12-02  13:30:56] [type: Select] [user: admin] [ip: undefined] [proxy: undefined] Database: scheduler; SQL: SELECT id, name FROM statistics WHERE  active = '1'
[2022-12-02  13:30:57] [type: Request] [user: admin] [ip: undefined] [proxy: undefined] Controller: StatsDisplay Task: getInputsSettingsData: {}
[2022-12-02  13:30:57] [type: Select] [user: admin] [ip: undefined] [proxy: undefined] Database: scheduler; SQL: SELECT * FROM statistics WHERE  id = '7'
[2022-12-02  13:31:00] [type: Request] [user: admin] [ip: undefined] [proxy: undefined] Controller: StatsDisplay Task: generateStatsData: {}
[2022-12-02  13:31:00] [type: Select] [user: admin] [ip: undefined] [proxy: undefined] Database: scheduler; SQL: SELECT * FROM statistics WHERE  id = '7'
[2022-12-02  13:31:10] [type: Request] [user: admin] [ip: undefined] [proxy: undefined] Controller: StatsDisplay Task: generateStatsData: {}
[2022-12-02  13:31:10] [type: Select] [user: admin] [ip: undefined] [proxy: undefined] Database: scheduler; SQL: SELECT * FROM statistics WHERE  id = '7'
[2022-12-02  13:31:58] [type: Access] [user: admin] [ip: undefined] [proxy: undefined] http://
[2022-12-02  13:31:59] [type: Request] [user: admin] [ip: undefined] [proxy: undefined] Controller: LanguageSelection Task: getInterfaceNamesData: {}
[2022-12-02  13:32:00] [type: Request] [user: admin] [ip: undefined] [proxy: undefined] Controller: StatsDisplay Task: getStatsData: {}
[2022-12-02  13:32:00] [type: Select] [user: admin] [ip: undefined] [proxy: undefined] Database: scheduler; SQL: SELECT id, name FROM statistics WHERE  active = '1'
[2022-12-02  13:32:02] [type: Request] [user: admin] [ip: undefined] [proxy: undefined] Controller: StatsDisplay Task: getInputsSettingsData: {}
[2022-12-02  13:32:02] [type: Select] [user: admin] [ip: undefined] [proxy: undefined] Database: scheduler; SQL: SELECT * FROM statistics WHERE  id = '7'
[2022-12-02  13:32:04] [type: Request] [user: admin] [ip: undefined] [proxy: undefined] Controller: StatsDisplay Task: generateStatsData: {}
[2022-12-02  13:32:04] [type: Select] [user: admin] [ip: undefined] [proxy: undefined] Database: scheduler; SQL: SELECT * FROM statistics WHERE  id = '7'
[2022-12-02  13:33:02] [type: Request] [user: admin] [ip: undefined] [proxy: undefined] Controller: StatsDisplay Task: generateStatsData: {}
[2022-12-02  13:33:02] [type: Select] [user: admin] [ip: undefined] [proxy: undefined] Database: scheduler; SQL: SELECT * FROM statistics WHERE  id = '7'
