[2022-12-07  06:21:57] [type: Request] [user: ] [ip: undefined] [proxy: undefined] Controller: LanguageSelection Task: getInterfaceNamesData: {}
[2022-12-07  06:22:01] [type: Request] [user: ] [ip: undefined] [proxy: undefined] Controller: LanguageSelection Task: getInterfaceNamesData: {}
[2022-12-07  06:22:52] [type: Request] [user: admin] [ip: undefined] [proxy: undefined] Controller: LanguageSelection Task: getInterfaceNamesData: {}
[2022-12-07  06:24:56] [type: Access] [user: admin] [ip: undefined] [proxy: undefined] http://
[2022-12-07  06:24:58] [type: Request] [user: admin] [ip: undefined] [proxy: undefined] Controller: LanguageSelection Task: getInterfaceNamesData: {}
[2022-12-07  06:24:58] [type: Request] [user: admin] [ip: undefined] [proxy: undefined] Controller: StatsDisplay Task: getStatsData: {}
[2022-12-07  06:24:58] [type: Select] [user: admin] [ip: undefined] [proxy: undefined] Database: scheduler; SQL: SELECT id, name FROM statistics WHERE  active = '1'
[2022-12-07  07:19:31] [type: Request] [user: ] [ip: undefined] [proxy: undefined] Controller: LanguageSelection Task: getInterfaceNamesData: {}
[2022-12-07  07:19:34] [type: Request] [user: admin] [ip: undefined] [proxy: undefined] Controller: LanguageSelection Task: getInterfaceNamesData: {}
[2022-12-07  07:19:36] [type: Access] [user: admin] [ip: undefined] [proxy: undefined] http://
[2022-12-07  07:19:38] [type: Request] [user: admin] [ip: undefined] [proxy: undefined] Controller: LanguageSelection Task: getInterfaceNamesData: {}
[2022-12-07  07:19:38] [type: Request] [user: admin] [ip: undefined] [proxy: undefined] Controller: StatsDisplay Task: getStatsData: {}
[2022-12-07  07:19:38] [type: Select] [user: admin] [ip: undefined] [proxy: undefined] Database: scheduler; SQL: SELECT id, name FROM statistics WHERE  active = '1'
[2022-12-07  07:19:49] [type: Access] [user: admin] [ip: undefined] [proxy: undefined] http://
[2022-12-07  07:19:50] [type: Request] [user: admin] [ip: undefined] [proxy: undefined] Controller: LanguageSelection Task: getInterfaceNamesData: {}
[2022-12-07  07:19:51] [type: Access] [user: admin] [ip: undefined] [proxy: undefined] http://
[2022-12-07  07:19:52] [type: Request] [user: admin] [ip: undefined] [proxy: undefined] Controller: LanguageSelection Task: getInterfaceNamesData: {}
[2022-12-07  07:19:52] [type: Request] [user: admin] [ip: undefined] [proxy: undefined] Controller: StatsSettings Task: getStatsWithoutFormData: {}
[2022-12-07  07:19:52] [type: Select] [user: admin] [ip: undefined] [proxy: undefined] Database: scheduler; SQL: SELECT * FROM statistics WHERE  type != 'Ze wzoru'
[2022-12-07  07:30:58] [type: Request] [user: ] [ip: undefined] [proxy: undefined] Controller: LanguageSelection Task: getInterfaceNamesData: {}
[2022-12-07  07:51:03] [type: Request] [user: admin] [ip: undefined] [proxy: undefined] Controller: LanguageSelection Task: getInterfaceNamesData: {}
[2022-12-07  07:51:04] [type: Access] [user: admin] [ip: undefined] [proxy: undefined] http://
[2022-12-07  07:51:06] [type: Request] [user: admin] [ip: undefined] [proxy: undefined] Controller: LanguageSelection Task: getInterfaceNamesData: {}
[2022-12-07  07:51:07] [type: Request] [user: admin] [ip: undefined] [proxy: undefined] Controller: AdminPanelUsers Task: getUserPrivilagesData: {}
[2022-12-07  07:51:07] [type: Select] [user: admin] [ip: undefined] [proxy: undefined] Database: scheduler; SQL: SELECT * FROM privilages WHERE  id_user = '0'
[2022-12-07  07:51:07] [type: Request] [user: admin] [ip: undefined] [proxy: undefined] Controller: AdminPanelUsers Task: getAllUsersData: {}
[2022-12-07  07:51:07] [type: Select] [user: admin] [ip: undefined] [proxy: undefined] Database: scheduler; SQL: SELECT * FROM users_without_passwords
[2022-12-07  07:51:07] [type: Request] [user: admin] [ip: undefined] [proxy: undefined] Controller: AdminPanelUsers Task: getUserEmploymentPeriodsData: {}
[2022-12-07  07:51:07] [type: Select] [user: admin] [ip: undefined] [proxy: undefined] Database: scheduler; SQL: SELECT * FROM employment WHERE  id_user = '0'
[2022-12-07  07:51:14] [type: Access] [user: admin] [ip: undefined] [proxy: undefined] http://
[2022-12-07  07:51:15] [type: Select] [user: admin] [ip: undefined] [proxy: undefined] Database: scheduler; SQL: SELECT * FROM location_group
[2022-12-07  07:51:16] [type: Request] [user: admin] [ip: undefined] [proxy: undefined] Controller: LanguageSelection Task: getInterfaceNamesData: {}
[2022-12-07  07:51:16] [type: Request] [user: admin] [ip: undefined] [proxy: undefined] Controller: AdminPanelLocation Task: getLocationsByGroupIdData: {}
[2022-12-07  07:51:16] [type: Select] [user: admin] [ip: undefined] [proxy: undefined] Database: scheduler; SQL: SELECT * FROM location_details WHERE  id_location_group = '1'
[2022-12-07  07:51:21] [type: Request] [user: admin] [ip: undefined] [proxy: undefined] Controller: AdminPanelLocation Task: getActiveLocationGroupsData: {}
[2022-12-07  07:51:21] [type: Select] [user: admin] [ip: undefined] [proxy: undefined] Database: scheduler; SQL: SELECT * FROM location_group WHERE  active = '1'
[2022-12-07  07:51:22] [type: Request] [user: admin] [ip: undefined] [proxy: undefined] Controller: AdminPanelLocation Task: getActiveLocationTypesData: {}
[2022-12-07  07:51:22] [type: Select] [user: admin] [ip: undefined] [proxy: undefined] Database: scheduler; SQL: SELECT * FROM location_type WHERE  active = '1'
[2022-12-07  07:51:41] [type: Request] [user: admin] [ip: undefined] [proxy: undefined] Controller: AdminPanelLocation Task: saveLocationData: {}
[2022-12-07  07:51:41] [type: Select] [user: admin] [ip: undefined] [proxy: undefined] Database: scheduler; SQL: SELECT * FROM location WHERE  id = '1'
[2022-12-07  07:51:41] [type: update] [user: admin] [ip: undefined] [proxy: undefined] Database: scheduler; SQL: UPDATE location SET active='1', active_from='2018-01-01', id_location_group='1', id_location_type='1' WHERE id = '1'
[2022-12-07  07:51:42] [type: Request] [user: admin] [ip: undefined] [proxy: undefined] Controller: AdminPanelLocation Task: getLocationsByGroupIdData: {}
[2022-12-07  07:51:42] [type: Select] [user: admin] [ip: undefined] [proxy: undefined] Database: scheduler; SQL: SELECT * FROM location_details WHERE  id_location_group = '1'
[2022-12-07  08:43:16] [type: Request] [user: admin] [ip: undefined] [proxy: undefined] Controller: AdminPanelLocation Task: getLocationsByGroupIdData: {}
[2022-12-07  08:43:16] [type: Select] [user: admin] [ip: undefined] [proxy: undefined] Database: scheduler; SQL: SELECT * FROM location_details WHERE  id_location_group = '5'
[2022-12-07  08:43:20] [type: Request] [user: admin] [ip: undefined] [proxy: undefined] Controller: AdminPanelLocation Task: getActiveLocationGroupsData: {}
[2022-12-07  08:43:20] [type: Select] [user: admin] [ip: undefined] [proxy: undefined] Database: scheduler; SQL: SELECT * FROM location_group WHERE  active = '1'
[2022-12-07  08:43:21] [type: Request] [user: admin] [ip: undefined] [proxy: undefined] Controller: AdminPanelLocation Task: getActiveLocationTypesData: {}
[2022-12-07  08:43:21] [type: Select] [user: admin] [ip: undefined] [proxy: undefined] Database: scheduler; SQL: SELECT * FROM location_type WHERE  active = '1'
[2022-12-07  08:43:43] [type: Request] [user: admin] [ip: undefined] [proxy: undefined] Controller: AdminPanelLocation Task: saveLocationData: {}
[2022-12-07  08:43:43] [type: Select] [user: admin] [ip: undefined] [proxy: undefined] Database: scheduler; SQL: SELECT * FROM location WHERE  id = '9'
[2022-12-07  08:43:43] [type: update] [user: admin] [ip: undefined] [proxy: undefined] Database: scheduler; SQL: UPDATE location SET active='1', active_to='2022-10-14', id_location_group='5', id_location_type='4' WHERE id = '9'
[2022-12-07  08:43:45] [type: Request] [user: admin] [ip: undefined] [proxy: undefined] Controller: AdminPanelLocation Task: getLocationsByGroupIdData: {}
[2022-12-07  08:43:45] [type: Select] [user: admin] [ip: undefined] [proxy: undefined] Database: scheduler; SQL: SELECT * FROM location_details WHERE  id_location_group = '5'
[2022-12-07  08:43:51] [type: Access] [user: admin] [ip: undefined] [proxy: undefined] http://
[2022-12-07  08:43:53] [type: Request] [user: admin] [ip: undefined] [proxy: undefined] Controller: LanguageSelection Task: getInterfaceNamesData: {}
[2022-12-07  08:43:53] [type: Request] [user: admin] [ip: undefined] [proxy: undefined] Controller: StatsDisplay Task: getStatsData: {}
[2022-12-07  08:43:53] [type: Select] [user: admin] [ip: undefined] [proxy: undefined] Database: scheduler; SQL: SELECT id, name FROM statistics WHERE  active = '1'
[2022-12-07  08:43:56] [type: Request] [user: admin] [ip: undefined] [proxy: undefined] Controller: StatsDisplay Task: getInputsSettingsData: {}
[2022-12-07  08:43:56] [type: Select] [user: admin] [ip: undefined] [proxy: undefined] Database: scheduler; SQL: SELECT * FROM statistics WHERE  id = '8'
[2022-12-07  08:43:59] [type: Request] [user: admin] [ip: undefined] [proxy: undefined] Controller: StatsDisplay Task: generateStatsData: {}
[2022-12-07  08:43:59] [type: Select] [user: admin] [ip: undefined] [proxy: undefined] Database: scheduler; SQL: SELECT * FROM statistics WHERE  id = '8'
[2022-12-07  08:44:02] [type: Request] [user: admin] [ip: undefined] [proxy: undefined] Controller: StatsDisplay Task: getInputsSettingsData: {}
[2022-12-07  08:44:02] [type: Select] [user: admin] [ip: undefined] [proxy: undefined] Database: scheduler; SQL: SELECT * FROM statistics WHERE  id = '10'
[2022-12-07  08:44:12] [type: Request] [user: admin] [ip: undefined] [proxy: undefined] Controller: StatsDisplay Task: getInputsSettingsData: {}
[2022-12-07  08:44:12] [type: Select] [user: admin] [ip: undefined] [proxy: undefined] Database: scheduler; SQL: SELECT * FROM statistics WHERE  id = '16'
[2022-12-07  08:44:12] [type: Select] [user: admin] [ip: undefined] [proxy: undefined] Database: scheduler; SQL: SELECT * FROM users_employment_periods WHERE  active = '1' and inspector = '1'
[2022-12-07  08:44:13] [type: Request] [user: admin] [ip: undefined] [proxy: undefined] Controller: StatsDisplay Task: getInputsSettingsData: {}
[2022-12-07  08:44:13] [type: Select] [user: admin] [ip: undefined] [proxy: undefined] Database: scheduler; SQL: SELECT * FROM statistics WHERE  id = '15'
[2022-12-07  08:44:13] [type: Select] [user: admin] [ip: undefined] [proxy: undefined] Database: scheduler; SQL: SELECT * FROM users_employment_periods WHERE  active = '1'
[2022-12-07  08:44:15] [type: Request] [user: admin] [ip: undefined] [proxy: undefined] Controller: StatsDisplay Task: getInputsSettingsData: {}
[2022-12-07  08:44:15] [type: Select] [user: admin] [ip: undefined] [proxy: undefined] Database: scheduler; SQL: SELECT * FROM statistics WHERE  id = '14'
[2022-12-07  08:44:23] [type: Request] [user: admin] [ip: undefined] [proxy: undefined] Controller: StatsDisplay Task: generateStatsData: {}
[2022-12-07  08:44:23] [type: Select] [user: admin] [ip: undefined] [proxy: undefined] Database: scheduler; SQL: SELECT * FROM statistics WHERE  id = '14'
[2022-12-07  08:44:27] [type: Request] [user: admin] [ip: undefined] [proxy: undefined] Controller: StatsDisplay Task: generateStatsData: {}
[2022-12-07  08:44:27] [type: Select] [user: admin] [ip: undefined] [proxy: undefined] Database: scheduler; SQL: SELECT * FROM statistics WHERE  id = '14'
[2022-12-07  08:44:31] [type: Request] [user: admin] [ip: undefined] [proxy: undefined] Controller: StatsDisplay Task: generateStatsData: {}
[2022-12-07  08:44:31] [type: Select] [user: admin] [ip: undefined] [proxy: undefined] Database: scheduler; SQL: SELECT * FROM statistics WHERE  id = '14'
[2022-12-07  08:45:57] [type: Request] [user: admin] [ip: undefined] [proxy: undefined] Controller: StatsDisplay Task: generateStatsData: {}
[2022-12-07  08:45:57] [type: Select] [user: admin] [ip: undefined] [proxy: undefined] Database: scheduler; SQL: SELECT * FROM statistics WHERE  id = '14'
[2022-12-07  08:48:26] [type: Access] [user: admin] [ip: undefined] [proxy: undefined] http://
[2022-12-07  08:48:27] [type: Request] [user: admin] [ip: undefined] [proxy: undefined] Controller: LanguageSelection Task: getInterfaceNamesData: {}
[2022-12-07  08:48:28] [type: Request] [user: admin] [ip: undefined] [proxy: undefined] Controller: StatsSettings Task: getStatsWithoutFormData: {}
[2022-12-07  08:48:28] [type: Select] [user: admin] [ip: undefined] [proxy: undefined] Database: scheduler; SQL: SELECT * FROM statistics WHERE  type != 'Ze wzoru'
[2022-12-07  08:48:29] [type: Request] [user: admin] [ip: undefined] [proxy: undefined] Controller: StatsSettings Task: getStatsStageOneData: {}
[2022-12-07  08:49:15] [type: Request] [user: admin] [ip: undefined] [proxy: undefined] Controller: StatsSettings Task: getStatsStageTwoData: {}
[2022-12-07  08:49:26] [type: Request] [user: admin] [ip: undefined] [proxy: undefined] Controller: StatsSettings Task: saveStatsData: {}
[2022-12-07  08:49:26] [type: insert] [user: admin] [ip: undefined] [proxy: undefined] Database: scheduler; SQL: INSERT INTO statistics (name, type, json) VALUES ('Zestawienie Roczne Mandaty', 'Zestawienie roczne', '{"dataset":"Mandaty","resultForm":"Tabela","x":"Miesiące","y":"Użytkownicy","method":"Zliczanie","inputs":["Zakres lat"]}')
[2022-12-07  08:49:28] [type: Request] [user: admin] [ip: undefined] [proxy: undefined] Controller: StatsSettings Task: getStatsWithoutFormData: {}
[2022-12-07  08:49:28] [type: Select] [user: admin] [ip: undefined] [proxy: undefined] Database: scheduler; SQL: SELECT * FROM statistics WHERE  type != 'Ze wzoru'
[2022-12-07  08:49:31] [type: Access] [user: admin] [ip: undefined] [proxy: undefined] http://
[2022-12-07  08:49:32] [type: Request] [user: admin] [ip: undefined] [proxy: undefined] Controller: LanguageSelection Task: getInterfaceNamesData: {}
[2022-12-07  08:49:33] [type: Request] [user: admin] [ip: undefined] [proxy: undefined] Controller: StatsDisplay Task: getStatsData: {}
[2022-12-07  08:49:33] [type: Select] [user: admin] [ip: undefined] [proxy: undefined] Database: scheduler; SQL: SELECT id, name FROM statistics WHERE  active = '1'
[2022-12-07  08:49:34] [type: Request] [user: admin] [ip: undefined] [proxy: undefined] Controller: StatsDisplay Task: getInputsSettingsData: {}
[2022-12-07  08:49:34] [type: Select] [user: admin] [ip: undefined] [proxy: undefined] Database: scheduler; SQL: SELECT * FROM statistics WHERE  id = '18'
[2022-12-07  08:49:39] [type: Request] [user: admin] [ip: undefined] [proxy: undefined] Controller: StatsDisplay Task: generateStatsData: {}
[2022-12-07  08:49:39] [type: Select] [user: admin] [ip: undefined] [proxy: undefined] Database: scheduler; SQL: SELECT * FROM statistics WHERE  id = '18'
[2022-12-07  08:49:39] [type: Error] [user: admin] [ip: undefined] [proxy: undefined] Exception::__construct(): Argument #1 ($message) must be of type string, Custom\Statistics\Options\Type given ;
 #0 /var/www/html/sys/classes/Custom/Statistics/StatisticsFactory.php(39): Exception->__construct(Object(Custom\Statistics\Options\Type))
#1 /var/www/html/sys/classes/Services/StatsService.php(174): Custom\Statistics\StatisticsFactory::build(Object(Tanweb\Container))
#2 /var/www/html/sys/classes/Controllers/StatsDisplay.php(45): Services\StatsService->generateStats(Object(Tanweb\Container))
#3 /var/www/html/sys/classes/Controllers/Base/Controller.php(112): Controllers\StatsDisplay->generateStats()
#4 /var/www/html/sys/classes/Controllers/Base/Controller.php(89): Controllers\Base\Controller->runTask(Object(Tanweb\Request\Request))
#5 /var/www/html/sys/scripts/requests/rest.php(26): Controllers\Base\Controller->run(Object(Tanweb\Request\Request))
#6 {main}
[2022-12-07  08:51:05] [type: Request] [user: admin] [ip: undefined] [proxy: undefined] Controller: StatsDisplay Task: generateStatsData: {}
[2022-12-07  08:51:05] [type: Select] [user: admin] [ip: undefined] [proxy: undefined] Database: scheduler; SQL: SELECT * FROM statistics WHERE  id = '18'
[2022-12-07  08:51:39] [type: Error] [user: admin] [ip: undefined] [proxy: undefined] Container error: value not defined for key: yearsRange ;
 #0 /var/www/html/sys/classes/Tanweb/Container.php(43): Tanweb\Container->throwException('value not defin...')
#1 /var/www/html/sys/classes/Custom/Statistics/YearlyStats.php(55): Tanweb\Container->get('yearsRange')
#2 /var/www/html/sys/classes/Custom/Statistics/YearlyStats.php(40): Custom\Statistics\YearlyStats->getTitlePart(Object(Custom\Statistics\Options\Input), Object(Tanweb\Container))
#3 /var/www/html/sys/classes/Custom/Statistics/YearlyStats.php(31): Custom\Statistics\YearlyStats->formTitle(Object(Tanweb\Container), Object(Tanweb\Container))
#4 /var/www/html/sys/classes/Custom/Statistics/StatisticsFactory.php(36): Custom\Statistics\YearlyStats->__construct(Object(Tanweb\Container), Object(Tanweb\Container))
#5 /var/www/html/sys/classes/Services/StatsService.php(174): Custom\Statistics\StatisticsFactory::build(Object(Tanweb\Container))
#6 /var/www/html/sys/classes/Controllers/StatsDisplay.php(45): Services\StatsService->generateStats(Object(Tanweb\Container))
#7 /var/www/html/sys/classes/Controllers/Base/Controller.php(112): Controllers\StatsDisplay->generateStats()
#8 /var/www/html/sys/classes/Controllers/Base/Controller.php(89): Controllers\Base\Controller->runTask(Object(Tanweb\Request\Request))
#9 /var/www/html/sys/scripts/requests/rest.php(26): Controllers\Base\Controller->run(Object(Tanweb\Request\Request))
#10 {main}
[2022-12-07  09:02:09] [type: Request] [user: admin] [ip: undefined] [proxy: undefined] Controller: StatsDisplay Task: generateStatsData: {}
[2022-12-07  09:02:09] [type: Select] [user: admin] [ip: undefined] [proxy: undefined] Database: scheduler; SQL: SELECT * FROM statistics WHERE  id = '18'
[2022-12-07  09:02:27] [type: Error] [user: admin] [ip: undefined] [proxy: undefined] Custom\Statistics\YearlyStats::getTitlePart(): Return value must be of type string, null returned ;
 #0 /var/www/html/sys/classes/Custom/Statistics/YearlyStats.php(40): Custom\Statistics\YearlyStats->getTitlePart(Object(Custom\Statistics\Options\Input), Object(Tanweb\Container))
#1 /var/www/html/sys/classes/Custom/Statistics/YearlyStats.php(31): Custom\Statistics\YearlyStats->formTitle(Object(Tanweb\Container), Object(Tanweb\Container))
#2 /var/www/html/sys/classes/Custom/Statistics/StatisticsFactory.php(36): Custom\Statistics\YearlyStats->__construct(Object(Tanweb\Container), Object(Tanweb\Container))
#3 /var/www/html/sys/classes/Services/StatsService.php(174): Custom\Statistics\StatisticsFactory::build(Object(Tanweb\Container))
#4 /var/www/html/sys/classes/Controllers/StatsDisplay.php(45): Services\StatsService->generateStats(Object(Tanweb\Container))
#5 /var/www/html/sys/classes/Controllers/Base/Controller.php(112): Controllers\StatsDisplay->generateStats()
#6 /var/www/html/sys/classes/Controllers/Base/Controller.php(89): Controllers\Base\Controller->runTask(Object(Tanweb\Request\Request))
#7 /var/www/html/sys/scripts/requests/rest.php(26): Controllers\Base\Controller->run(Object(Tanweb\Request\Request))
#8 {main}
[2022-12-07  09:03:37] [type: Request] [user: admin] [ip: undefined] [proxy: undefined] Controller: StatsDisplay Task: generateStatsData: {}
[2022-12-07  09:03:37] [type: Select] [user: admin] [ip: undefined] [proxy: undefined] Database: scheduler; SQL: SELECT * FROM statistics WHERE  id = '18'
[2022-12-07  09:03:46] [type: Error] [user: admin] [ip: undefined] [proxy: undefined] Container error: value not defined for key: startYear ;
 #0 /var/www/html/sys/classes/Tanweb/Container.php(43): Tanweb\Container->throwException('value not defin...')
#1 /var/www/html/sys/classes/Custom/Statistics/YearlyStats.php(54): Tanweb\Container->get('startYear')
#2 /var/www/html/sys/classes/Custom/Statistics/YearlyStats.php(40): Custom\Statistics\YearlyStats->getTitlePart(Object(Custom\Statistics\Options\Input), Object(Tanweb\Container))
#3 /var/www/html/sys/classes/Custom/Statistics/YearlyStats.php(31): Custom\Statistics\YearlyStats->formTitle(Object(Tanweb\Container), Object(Tanweb\Container))
#4 /var/www/html/sys/classes/Custom/Statistics/StatisticsFactory.php(36): Custom\Statistics\YearlyStats->__construct(Object(Tanweb\Container), Object(Tanweb\Container))
#5 /var/www/html/sys/classes/Services/StatsService.php(174): Custom\Statistics\StatisticsFactory::build(Object(Tanweb\Container))
#6 /var/www/html/sys/classes/Controllers/StatsDisplay.php(45): Services\StatsService->generateStats(Object(Tanweb\Container))
#7 /var/www/html/sys/classes/Controllers/Base/Controller.php(112): Controllers\StatsDisplay->generateStats()
#8 /var/www/html/sys/classes/Controllers/Base/Controller.php(89): Controllers\Base\Controller->runTask(Object(Tanweb\Request\Request))
#9 /var/www/html/sys/scripts/requests/rest.php(26): Controllers\Base\Controller->run(Object(Tanweb\Request\Request))
#10 {main}
[2022-12-07  09:03:53] [type: Request] [user: admin] [ip: undefined] [proxy: undefined] Controller: StatsDisplay Task: generateStatsData: {}
[2022-12-07  09:03:53] [type: Select] [user: admin] [ip: undefined] [proxy: undefined] Database: scheduler; SQL: SELECT * FROM statistics WHERE  id = '18'
[2022-12-07  09:04:19] [type: Error] [user: admin] [ip: undefined] [proxy: undefined] Container error: value not defined for key: startYear ;
 #0 /var/www/html/sys/classes/Tanweb/Container.php(43): Tanweb\Container->throwException('value not defin...')
#1 /var/www/html/sys/classes/Custom/Statistics/YearlyStats.php(54): Tanweb\Container->get('startYear')
#2 /var/www/html/sys/classes/Custom/Statistics/YearlyStats.php(40): Custom\Statistics\YearlyStats->getTitlePart(Object(Custom\Statistics\Options\Input), Object(Tanweb\Container))
#3 /var/www/html/sys/classes/Custom/Statistics/YearlyStats.php(31): Custom\Statistics\YearlyStats->formTitle(Object(Tanweb\Container), Object(Tanweb\Container))
#4 /var/www/html/sys/classes/Custom/Statistics/StatisticsFactory.php(36): Custom\Statistics\YearlyStats->__construct(Object(Tanweb\Container), Object(Tanweb\Container))
#5 /var/www/html/sys/classes/Services/StatsService.php(174): Custom\Statistics\StatisticsFactory::build(Object(Tanweb\Container))
#6 /var/www/html/sys/classes/Controllers/StatsDisplay.php(45): Services\StatsService->generateStats(Object(Tanweb\Container))
#7 /var/www/html/sys/classes/Controllers/Base/Controller.php(112): Controllers\StatsDisplay->generateStats()
#8 /var/www/html/sys/classes/Controllers/Base/Controller.php(89): Controllers\Base\Controller->runTask(Object(Tanweb\Request\Request))
#9 /var/www/html/sys/scripts/requests/rest.php(26): Controllers\Base\Controller->run(Object(Tanweb\Request\Request))
#10 {main}
[2022-12-07  09:04:22] [type: Request] [user: admin] [ip: undefined] [proxy: undefined] Controller: StatsDisplay Task: generateStatsData: {}
[2022-12-07  09:04:22] [type: Select] [user: admin] [ip: undefined] [proxy: undefined] Database: scheduler; SQL: SELECT * FROM statistics WHERE  id = '18'
[2022-12-07  09:07:40] [type: Request] [user: admin] [ip: undefined] [proxy: undefined] Controller: StatsDisplay Task: getInputsSettingsData: {}
[2022-12-07  09:07:40] [type: Select] [user: admin] [ip: undefined] [proxy: undefined] Database: scheduler; SQL: SELECT * FROM statistics WHERE  id = '8'
[2022-12-07  09:07:43] [type: Request] [user: admin] [ip: undefined] [proxy: undefined] Controller: StatsDisplay Task: generateStatsData: {}
[2022-12-07  09:07:43] [type: Select] [user: admin] [ip: undefined] [proxy: undefined] Database: scheduler; SQL: SELECT * FROM statistics WHERE  id = '8'
[2022-12-07  09:23:01] [type: Request] [user: admin] [ip: undefined] [proxy: undefined] Controller: StatsDisplay Task: getInputsSettingsData: {}
[2022-12-07  09:23:01] [type: Select] [user: admin] [ip: undefined] [proxy: undefined] Database: scheduler; SQL: SELECT * FROM statistics WHERE  id = '18'
[2022-12-07  09:23:05] [type: Request] [user: admin] [ip: undefined] [proxy: undefined] Controller: StatsDisplay Task: generateStatsData: {}
[2022-12-07  09:23:05] [type: Select] [user: admin] [ip: undefined] [proxy: undefined] Database: scheduler; SQL: SELECT * FROM statistics WHERE  id = '18'
[2022-12-07  09:23:42] [type: Error] [user: admin] [ip: undefined] [proxy: undefined] Container error: value not defined for key: type ;
 #0 /var/www/html/sys/classes/Tanweb/Container.php(43): Tanweb\Container->throwException('value not defin...')
#1 /var/www/html/sys/classes/Custom/Statistics/Statistics.php(28): Tanweb\Container->get('type')
#2 /var/www/html/sys/classes/Custom/Statistics/SingleStats.php(28): Custom\Statistics\Statistics->__construct(Object(Tanweb\Container), Object(Tanweb\Container))
#3 /var/www/html/sys/classes/Custom/Statistics/YearlyStats.php(82): Custom\Statistics\SingleStats->__construct(Object(Tanweb\Container), Object(Tanweb\Container))
#4 /var/www/html/sys/classes/Custom/Statistics/YearlyStats.php(71): Custom\Statistics\YearlyStats->formStatsForYear(2019)
#5 /var/www/html/sys/classes/Services/StatsService.php(176): Custom\Statistics\YearlyStats->generate()
#6 /var/www/html/sys/classes/Controllers/StatsDisplay.php(45): Services\StatsService->generateStats(Object(Tanweb\Container))
#7 /var/www/html/sys/classes/Controllers/Base/Controller.php(112): Controllers\StatsDisplay->generateStats()
#8 /var/www/html/sys/classes/Controllers/Base/Controller.php(89): Controllers\Base\Controller->runTask(Object(Tanweb\Request\Request))
#9 /var/www/html/sys/scripts/requests/rest.php(26): Controllers\Base\Controller->run(Object(Tanweb\Request\Request))
#10 {main}
[2022-12-07  09:23:45] [type: Request] [user: admin] [ip: undefined] [proxy: undefined] Controller: StatsDisplay Task: generateStatsData: {}
[2022-12-07  09:23:45] [type: Select] [user: admin] [ip: undefined] [proxy: undefined] Database: scheduler; SQL: SELECT * FROM statistics WHERE  id = '18'
[2022-12-07  09:24:11] [type: Error] [user: admin] [ip: undefined] [proxy: undefined] Container error: value not defined for key: type ;
 #0 /var/www/html/sys/classes/Tanweb/Container.php(43): Tanweb\Container->throwException('value not defin...')
#1 /var/www/html/sys/classes/Custom/Statistics/Statistics.php(28): Tanweb\Container->get('type')
#2 /var/www/html/sys/classes/Custom/Statistics/SingleStats.php(28): Custom\Statistics\Statistics->__construct(Object(Tanweb\Container), Object(Tanweb\Container))
#3 /var/www/html/sys/classes/Custom/Statistics/YearlyStats.php(82): Custom\Statistics\SingleStats->__construct(Object(Tanweb\Container), Object(Tanweb\Container))
#4 /var/www/html/sys/classes/Custom/Statistics/YearlyStats.php(71): Custom\Statistics\YearlyStats->formStatsForYear(2019)
#5 /var/www/html/sys/classes/Services/StatsService.php(176): Custom\Statistics\YearlyStats->generate()
#6 /var/www/html/sys/classes/Controllers/StatsDisplay.php(45): Services\StatsService->generateStats(Object(Tanweb\Container))
#7 /var/www/html/sys/classes/Controllers/Base/Controller.php(112): Controllers\StatsDisplay->generateStats()
#8 /var/www/html/sys/classes/Controllers/Base/Controller.php(89): Controllers\Base\Controller->runTask(Object(Tanweb\Request\Request))
#9 /var/www/html/sys/scripts/requests/rest.php(26): Controllers\Base\Controller->run(Object(Tanweb\Request\Request))
#10 {main}
[2022-12-07  10:12:38] [type: Request] [user: admin] [ip: undefined] [proxy: undefined] Controller: StatsDisplay Task: generateStatsData: {}
[2022-12-07  10:12:38] [type: Select] [user: admin] [ip: undefined] [proxy: undefined] Database: scheduler; SQL: SELECT * FROM statistics WHERE  id = '18'
[2022-12-07  10:12:55] [type: Error] [user: admin] [ip: undefined] [proxy: undefined] Container error: value not defined for key: type ;
 #0 /var/www/html/sys/classes/Tanweb/Container.php(43): Tanweb\Container->throwException('value not defin...')
#1 /var/www/html/sys/classes/Custom/Statistics/Statistics.php(28): Tanweb\Container->get('type')
#2 /var/www/html/sys/classes/Custom/Statistics/SingleStats.php(28): Custom\Statistics\Statistics->__construct(Object(Tanweb\Container), Object(Tanweb\Container))
#3 /var/www/html/sys/classes/Custom/Statistics/YearlyStats.php(82): Custom\Statistics\SingleStats->__construct(Object(Tanweb\Container), Object(Tanweb\Container))
#4 /var/www/html/sys/classes/Custom/Statistics/YearlyStats.php(71): Custom\Statistics\YearlyStats->formStatsForYear(2019)
#5 /var/www/html/sys/classes/Services/StatsService.php(176): Custom\Statistics\YearlyStats->generate()
#6 /var/www/html/sys/classes/Controllers/StatsDisplay.php(45): Services\StatsService->generateStats(Object(Tanweb\Container))
#7 /var/www/html/sys/classes/Controllers/Base/Controller.php(112): Controllers\StatsDisplay->generateStats()
#8 /var/www/html/sys/classes/Controllers/Base/Controller.php(89): Controllers\Base\Controller->runTask(Object(Tanweb\Request\Request))
#9 /var/www/html/sys/scripts/requests/rest.php(26): Controllers\Base\Controller->run(Object(Tanweb\Request\Request))
#10 {main}
[2022-12-07  10:13:43] [type: Request] [user: admin] [ip: undefined] [proxy: undefined] Controller: StatsDisplay Task: generateStatsData: {}
[2022-12-07  10:13:43] [type: Select] [user: admin] [ip: undefined] [proxy: undefined] Database: scheduler; SQL: SELECT * FROM statistics WHERE  id = '18'
[2022-12-07  10:14:08] [type: Error] [user: admin] [ip: undefined] [proxy: undefined] Custom\Statistics\Options\Type::from(): Argument #1 ($value) must be of type string|int, Custom\Statistics\Options\Type given ;
 #0 /var/www/html/sys/classes/Custom/Statistics/Statistics.php(28): Custom\Statistics\Options\Type::from(Object(Custom\Statistics\Options\Type))
#1 /var/www/html/sys/classes/Custom/Statistics/SingleStats.php(28): Custom\Statistics\Statistics->__construct(Object(Tanweb\Container), Object(Tanweb\Container))
#2 /var/www/html/sys/classes/Custom/Statistics/YearlyStats.php(82): Custom\Statistics\SingleStats->__construct(Object(Tanweb\Container), Object(Tanweb\Container))
#3 /var/www/html/sys/classes/Custom/Statistics/YearlyStats.php(71): Custom\Statistics\YearlyStats->formStatsForYear(2019)
#4 /var/www/html/sys/classes/Services/StatsService.php(176): Custom\Statistics\YearlyStats->generate()
#5 /var/www/html/sys/classes/Controllers/StatsDisplay.php(45): Services\StatsService->generateStats(Object(Tanweb\Container))
#6 /var/www/html/sys/classes/Controllers/Base/Controller.php(112): Controllers\StatsDisplay->generateStats()
#7 /var/www/html/sys/classes/Controllers/Base/Controller.php(89): Controllers\Base\Controller->runTask(Object(Tanweb\Request\Request))
#8 /var/www/html/sys/scripts/requests/rest.php(26): Controllers\Base\Controller->run(Object(Tanweb\Request\Request))
#9 {main}
[2022-12-07  10:14:20] [type: Request] [user: admin] [ip: undefined] [proxy: undefined] Controller: StatsDisplay Task: generateStatsData: {}
[2022-12-07  10:14:20] [type: Select] [user: admin] [ip: undefined] [proxy: undefined] Database: scheduler; SQL: SELECT * FROM statistics WHERE  id = '18'
[2022-12-07  10:14:31] [type: Error] [user: admin] [ip: undefined] [proxy: undefined] json_decode(): Argument #1 ($json) must be of type string, array given ;
 #0 /var/www/html/sys/classes/Custom/Statistics/Statistics.php(31): json_decode(Array, true)
#1 /var/www/html/sys/classes/Custom/Statistics/SingleStats.php(28): Custom\Statistics\Statistics->__construct(Object(Tanweb\Container), Object(Tanweb\Container))
#2 /var/www/html/sys/classes/Custom/Statistics/YearlyStats.php(82): Custom\Statistics\SingleStats->__construct(Object(Tanweb\Container), Object(Tanweb\Container))
#3 /var/www/html/sys/classes/Custom/Statistics/YearlyStats.php(71): Custom\Statistics\YearlyStats->formStatsForYear(2019)
#4 /var/www/html/sys/classes/Services/StatsService.php(176): Custom\Statistics\YearlyStats->generate()
#5 /var/www/html/sys/classes/Controllers/StatsDisplay.php(45): Services\StatsService->generateStats(Object(Tanweb\Container))
#6 /var/www/html/sys/classes/Controllers/Base/Controller.php(112): Controllers\StatsDisplay->generateStats()
#7 /var/www/html/sys/classes/Controllers/Base/Controller.php(89): Controllers\Base\Controller->runTask(Object(Tanweb\Request\Request))
#8 /var/www/html/sys/scripts/requests/rest.php(26): Controllers\Base\Controller->run(Object(Tanweb\Request\Request))
#9 {main}
[2022-12-07  10:18:42] [type: Request] [user: admin] [ip: undefined] [proxy: undefined] Controller: StatsDisplay Task: generateStatsData: {}
[2022-12-07  10:18:42] [type: Select] [user: admin] [ip: undefined] [proxy: undefined] Database: scheduler; SQL: SELECT * FROM statistics WHERE  id = '18'
[2022-12-07  10:19:07] [type: Error] [user: admin] [ip: undefined] [proxy: undefined] Container error: value not defined for key: yearStart ;
 #0 /var/www/html/sys/classes/Tanweb/Container.php(43): Tanweb\Container->throwException('value not defin...')
#1 /var/www/html/sys/classes/Custom/Statistics/Statistics.php(74): Tanweb\Container->get('yearStart')
#2 /var/www/html/sys/classes/Custom/Statistics/Statistics.php(54): Custom\Statistics\Statistics->processInput(Object(Custom\Statistics\Options\Input), Object(Tanweb\Database\DataFilter\DataFilter), Object(Tanweb\Container))
#3 /var/www/html/sys/classes/Custom/Statistics/Statistics.php(40): Custom\Statistics\Statistics->processDatafilter(Object(Custom\Statistics\Options\DataSet), Object(Tanweb\Container))
#4 /var/www/html/sys/classes/Custom/Statistics/Statistics.php(33): Custom\Statistics\Statistics->recieveDataset(Object(Tanweb\Container))
#5 /var/www/html/sys/classes/Custom/Statistics/SingleStats.php(28): Custom\Statistics\Statistics->__construct(Object(Tanweb\Container), Object(Tanweb\Container))
#6 /var/www/html/sys/classes/Custom/Statistics/YearlyStats.php(82): Custom\Statistics\SingleStats->__construct(Object(Tanweb\Container), Object(Tanweb\Container))
#7 /var/www/html/sys/classes/Custom/Statistics/YearlyStats.php(71): Custom\Statistics\YearlyStats->formStatsForYear(2019)
#8 /var/www/html/sys/classes/Services/StatsService.php(176): Custom\Statistics\YearlyStats->generate()
#9 /var/www/html/sys/classes/Controllers/StatsDisplay.php(45): Services\StatsService->generateStats(Object(Tanweb\Container))
#10 /var/www/html/sys/classes/Controllers/Base/Controller.php(112): Controllers\StatsDisplay->generateStats()
#11 /var/www/html/sys/classes/Controllers/Base/Controller.php(89): Controllers\Base\Controller->runTask(Object(Tanweb\Request\Request))
#12 /var/www/html/sys/scripts/requests/rest.php(26): Controllers\Base\Controller->run(Object(Tanweb\Request\Request))
#13 {main}
[2022-12-07  10:19:10] [type: Request] [user: admin] [ip: undefined] [proxy: undefined] Controller: StatsDisplay Task: generateStatsData: {}
[2022-12-07  10:19:10] [type: Select] [user: admin] [ip: undefined] [proxy: undefined] Database: scheduler; SQL: SELECT * FROM statistics WHERE  id = '18'
[2022-12-07  10:19:34] [type: Error] [user: admin] [ip: undefined] [proxy: undefined] Container error: value not defined for key: yearStart ;
 #0 /var/www/html/sys/classes/Tanweb/Container.php(43): Tanweb\Container->throwException('value not defin...')
#1 /var/www/html/sys/classes/Custom/Statistics/Statistics.php(74): Tanweb\Container->get('yearStart')
#2 /var/www/html/sys/classes/Custom/Statistics/Statistics.php(54): Custom\Statistics\Statistics->processInput(Object(Custom\Statistics\Options\Input), Object(Tanweb\Database\DataFilter\DataFilter), Object(Tanweb\Container))
#3 /var/www/html/sys/classes/Custom/Statistics/Statistics.php(40): Custom\Statistics\Statistics->processDatafilter(Object(Custom\Statistics\Options\DataSet), Object(Tanweb\Container))
#4 /var/www/html/sys/classes/Custom/Statistics/Statistics.php(33): Custom\Statistics\Statistics->recieveDataset(Object(Tanweb\Container))
#5 /var/www/html/sys/classes/Custom/Statistics/SingleStats.php(28): Custom\Statistics\Statistics->__construct(Object(Tanweb\Container), Object(Tanweb\Container))
#6 /var/www/html/sys/classes/Custom/Statistics/YearlyStats.php(82): Custom\Statistics\SingleStats->__construct(Object(Tanweb\Container), Object(Tanweb\Container))
#7 /var/www/html/sys/classes/Custom/Statistics/YearlyStats.php(71): Custom\Statistics\YearlyStats->formStatsForYear(2019)
#8 /var/www/html/sys/classes/Services/StatsService.php(176): Custom\Statistics\YearlyStats->generate()
#9 /var/www/html/sys/classes/Controllers/StatsDisplay.php(45): Services\StatsService->generateStats(Object(Tanweb\Container))
#10 /var/www/html/sys/classes/Controllers/Base/Controller.php(112): Controllers\StatsDisplay->generateStats()
#11 /var/www/html/sys/classes/Controllers/Base/Controller.php(89): Controllers\Base\Controller->runTask(Object(Tanweb\Request\Request))
#12 /var/www/html/sys/scripts/requests/rest.php(26): Controllers\Base\Controller->run(Object(Tanweb\Request\Request))
#13 {main}
[2022-12-07  10:20:02] [type: Request] [user: admin] [ip: undefined] [proxy: undefined] Controller: StatsDisplay Task: generateStatsData: {}
[2022-12-07  10:20:02] [type: Select] [user: admin] [ip: undefined] [proxy: undefined] Database: scheduler; SQL: SELECT * FROM statistics WHERE  id = '18'
[2022-12-07  10:20:37] [type: Error] [user: admin] [ip: undefined] [proxy: undefined] Container error: value not defined for key: yearsRange ;
 #0 /var/www/html/sys/classes/Tanweb/Container.php(43): Tanweb\Container->throwException('value not defin...')
#1 /var/www/html/sys/classes/Custom/Statistics/SingleStats.php(53): Tanweb\Container->get('yearsRange')
#2 /var/www/html/sys/classes/Custom/Statistics/SingleStats.php(38): Custom\Statistics\SingleStats->getTitlePart(Object(Custom\Statistics\Options\Input), Object(Tanweb\Container))
#3 /var/www/html/sys/classes/Custom/Statistics/SingleStats.php(29): Custom\Statistics\SingleStats->formTitle(Object(Tanweb\Container), Object(Tanweb\Container))
#4 /var/www/html/sys/classes/Custom/Statistics/YearlyStats.php(82): Custom\Statistics\SingleStats->__construct(Object(Tanweb\Container), Object(Tanweb\Container))
#5 /var/www/html/sys/classes/Custom/Statistics/YearlyStats.php(71): Custom\Statistics\YearlyStats->formStatsForYear(2019)
#6 /var/www/html/sys/classes/Services/StatsService.php(176): Custom\Statistics\YearlyStats->generate()
#7 /var/www/html/sys/classes/Controllers/StatsDisplay.php(45): Services\StatsService->generateStats(Object(Tanweb\Container))
#8 /var/www/html/sys/classes/Controllers/Base/Controller.php(112): Controllers\StatsDisplay->generateStats()
#9 /var/www/html/sys/classes/Controllers/Base/Controller.php(89): Controllers\Base\Controller->runTask(Object(Tanweb\Request\Request))
#10 /var/www/html/sys/scripts/requests/rest.php(26): Controllers\Base\Controller->run(Object(Tanweb\Request\Request))
#11 {main}
[2022-12-07  10:20:37] [type: Request] [user: admin] [ip: undefined] [proxy: undefined] Controller: StatsDisplay Task: generateStatsData: {}
[2022-12-07  10:20:37] [type: Select] [user: admin] [ip: undefined] [proxy: undefined] Database: scheduler; SQL: SELECT * FROM statistics WHERE  id = '18'
[2022-12-07  10:21:05] [type: Error] [user: admin] [ip: undefined] [proxy: undefined] Container error: value not defined for key: yearsRange ;
 #0 /var/www/html/sys/classes/Tanweb/Container.php(43): Tanweb\Container->throwException('value not defin...')
#1 /var/www/html/sys/classes/Custom/Statistics/SingleStats.php(53): Tanweb\Container->get('yearsRange')
#2 /var/www/html/sys/classes/Custom/Statistics/SingleStats.php(38): Custom\Statistics\SingleStats->getTitlePart(Object(Custom\Statistics\Options\Input), Object(Tanweb\Container))
#3 /var/www/html/sys/classes/Custom/Statistics/SingleStats.php(29): Custom\Statistics\SingleStats->formTitle(Object(Tanweb\Container), Object(Tanweb\Container))
#4 /var/www/html/sys/classes/Custom/Statistics/YearlyStats.php(82): Custom\Statistics\SingleStats->__construct(Object(Tanweb\Container), Object(Tanweb\Container))
#5 /var/www/html/sys/classes/Custom/Statistics/YearlyStats.php(71): Custom\Statistics\YearlyStats->formStatsForYear(2019)
#6 /var/www/html/sys/classes/Services/StatsService.php(176): Custom\Statistics\YearlyStats->generate()
#7 /var/www/html/sys/classes/Controllers/StatsDisplay.php(45): Services\StatsService->generateStats(Object(Tanweb\Container))
#8 /var/www/html/sys/classes/Controllers/Base/Controller.php(112): Controllers\StatsDisplay->generateStats()
#9 /var/www/html/sys/classes/Controllers/Base/Controller.php(89): Controllers\Base\Controller->runTask(Object(Tanweb\Request\Request))
#10 /var/www/html/sys/scripts/requests/rest.php(26): Controllers\Base\Controller->run(Object(Tanweb\Request\Request))
#11 {main}
[2022-12-07  10:22:20] [type: Request] [user: admin] [ip: undefined] [proxy: undefined] Controller: StatsDisplay Task: generateStatsData: {}
[2022-12-07  10:22:20] [type: Select] [user: admin] [ip: undefined] [proxy: undefined] Database: scheduler; SQL: SELECT * FROM statistics WHERE  id = '18'
[2022-12-07  10:22:38] [type: Error] [user: admin] [ip: undefined] [proxy: undefined] Container error: value not defined for key: yearsRange ;
 #0 /var/www/html/sys/classes/Tanweb/Container.php(43): Tanweb\Container->throwException('value not defin...')
#1 /var/www/html/sys/classes/Custom/Statistics/SingleStats.php(53): Tanweb\Container->get('yearsRange')
#2 /var/www/html/sys/classes/Custom/Statistics/SingleStats.php(38): Custom\Statistics\SingleStats->getTitlePart(Object(Custom\Statistics\Options\Input), Object(Tanweb\Container))
#3 /var/www/html/sys/classes/Custom/Statistics/SingleStats.php(29): Custom\Statistics\SingleStats->formTitle(Object(Tanweb\Container), Object(Tanweb\Container))
#4 /var/www/html/sys/classes/Custom/Statistics/YearlyStats.php(82): Custom\Statistics\SingleStats->__construct(Object(Tanweb\Container), Object(Tanweb\Container))
#5 /var/www/html/sys/classes/Custom/Statistics/YearlyStats.php(71): Custom\Statistics\YearlyStats->formStatsForYear(2019)
#6 /var/www/html/sys/classes/Services/StatsService.php(176): Custom\Statistics\YearlyStats->generate()
#7 /var/www/html/sys/classes/Controllers/StatsDisplay.php(45): Services\StatsService->generateStats(Object(Tanweb\Container))
#8 /var/www/html/sys/classes/Controllers/Base/Controller.php(112): Controllers\StatsDisplay->generateStats()
#9 /var/www/html/sys/classes/Controllers/Base/Controller.php(89): Controllers\Base\Controller->runTask(Object(Tanweb\Request\Request))
#10 /var/www/html/sys/scripts/requests/rest.php(26): Controllers\Base\Controller->run(Object(Tanweb\Request\Request))
#11 {main}
[2022-12-07  10:22:41] [type: Request] [user: admin] [ip: undefined] [proxy: undefined] Controller: StatsDisplay Task: generateStatsData: {}
[2022-12-07  10:22:41] [type: Select] [user: admin] [ip: undefined] [proxy: undefined] Database: scheduler; SQL: SELECT * FROM statistics WHERE  id = '18'
[2022-12-07  10:22:56] [type: Error] [user: admin] [ip: undefined] [proxy: undefined] Container error: value not defined for key: yearsRange ;
 #0 /var/www/html/sys/classes/Tanweb/Container.php(43): Tanweb\Container->throwException('value not defin...')
#1 /var/www/html/sys/classes/Custom/Statistics/SingleStats.php(53): Tanweb\Container->get('yearsRange')
#2 /var/www/html/sys/classes/Custom/Statistics/SingleStats.php(38): Custom\Statistics\SingleStats->getTitlePart(Object(Custom\Statistics\Options\Input), Object(Tanweb\Container))
#3 /var/www/html/sys/classes/Custom/Statistics/SingleStats.php(29): Custom\Statistics\SingleStats->formTitle(Object(Tanweb\Container), Object(Tanweb\Container))
#4 /var/www/html/sys/classes/Custom/Statistics/YearlyStats.php(82): Custom\Statistics\SingleStats->__construct(Object(Tanweb\Container), Object(Tanweb\Container))
#5 /var/www/html/sys/classes/Custom/Statistics/YearlyStats.php(71): Custom\Statistics\YearlyStats->formStatsForYear(2019)
#6 /var/www/html/sys/classes/Services/StatsService.php(176): Custom\Statistics\YearlyStats->generate()
#7 /var/www/html/sys/classes/Controllers/StatsDisplay.php(45): Services\StatsService->generateStats(Object(Tanweb\Container))
#8 /var/www/html/sys/classes/Controllers/Base/Controller.php(112): Controllers\StatsDisplay->generateStats()
#9 /var/www/html/sys/classes/Controllers/Base/Controller.php(89): Controllers\Base\Controller->runTask(Object(Tanweb\Request\Request))
#10 /var/www/html/sys/scripts/requests/rest.php(26): Controllers\Base\Controller->run(Object(Tanweb\Request\Request))
#11 {main}
[2022-12-07  10:41:14] [type: Request] [user: admin] [ip: undefined] [proxy: undefined] Controller: StatsDisplay Task: generateStatsData: {}
[2022-12-07  10:41:14] [type: Select] [user: admin] [ip: undefined] [proxy: undefined] Database: scheduler; SQL: SELECT * FROM statistics WHERE  id = '18'
[2022-12-07  10:42:33] [type: Error] [user: admin] [ip: undefined] [proxy: undefined] Custom\Statistics\YearlyStats::formStatsForYear(): Return value must be of type Tanweb\Container, none returned ;
 #0 /var/www/html/sys/classes/Custom/Statistics/YearlyStats.php(71): Custom\Statistics\YearlyStats->formStatsForYear(2019)
#1 /var/www/html/sys/classes/Services/StatsService.php(176): Custom\Statistics\YearlyStats->generate()
#2 /var/www/html/sys/classes/Controllers/StatsDisplay.php(45): Services\StatsService->generateStats(Object(Tanweb\Container))
#3 /var/www/html/sys/classes/Controllers/Base/Controller.php(112): Controllers\StatsDisplay->generateStats()
#4 /var/www/html/sys/classes/Controllers/Base/Controller.php(89): Controllers\Base\Controller->runTask(Object(Tanweb\Request\Request))
#5 /var/www/html/sys/scripts/requests/rest.php(26): Controllers\Base\Controller->run(Object(Tanweb\Request\Request))
#6 {main}
[2022-12-07  10:42:33] [type: Access] [user: admin] [ip: undefined] [proxy: undefined] http://
[2022-12-07  10:42:35] [type: Request] [user: admin] [ip: undefined] [proxy: undefined] Controller: LanguageSelection Task: getInterfaceNamesData: {}
[2022-12-07  10:42:36] [type: Request] [user: admin] [ip: undefined] [proxy: undefined] Controller: StatsDisplay Task: getStatsData: {}
[2022-12-07  10:42:36] [type: Select] [user: admin] [ip: undefined] [proxy: undefined] Database: scheduler; SQL: SELECT id, name FROM statistics WHERE  active = '1'
[2022-12-07  10:42:37] [type: Request] [user: admin] [ip: undefined] [proxy: undefined] Controller: StatsDisplay Task: getInputsSettingsData: {}
[2022-12-07  10:42:37] [type: Select] [user: admin] [ip: undefined] [proxy: undefined] Database: scheduler; SQL: SELECT * FROM statistics WHERE  id = '18'
[2022-12-07  10:42:42] [type: Request] [user: admin] [ip: undefined] [proxy: undefined] Controller: StatsDisplay Task: generateStatsData: {}
[2022-12-07  10:42:42] [type: Select] [user: admin] [ip: undefined] [proxy: undefined] Database: scheduler; SQL: SELECT * FROM statistics WHERE  id = '18'
[2022-12-07  10:52:13] [type: Access] [user: admin] [ip: undefined] [proxy: undefined] http://
[2022-12-07  10:52:15] [type: Request] [user: admin] [ip: undefined] [proxy: undefined] Controller: LanguageSelection Task: getInterfaceNamesData: {}
[2022-12-07  10:52:15] [type: Request] [user: admin] [ip: undefined] [proxy: undefined] Controller: StatsDisplay Task: getStatsData: {}
[2022-12-07  10:52:15] [type: Select] [user: admin] [ip: undefined] [proxy: undefined] Database: scheduler; SQL: SELECT id, name FROM statistics WHERE  active = '1'
[2022-12-07  10:52:17] [type: Request] [user: admin] [ip: undefined] [proxy: undefined] Controller: StatsDisplay Task: getInputsSettingsData: {}
[2022-12-07  10:52:17] [type: Select] [user: admin] [ip: undefined] [proxy: undefined] Database: scheduler; SQL: SELECT * FROM statistics WHERE  id = '18'
[2022-12-07  10:52:23] [type: Request] [user: admin] [ip: undefined] [proxy: undefined] Controller: StatsDisplay Task: generateStatsData: {}
[2022-12-07  10:52:23] [type: Select] [user: admin] [ip: undefined] [proxy: undefined] Database: scheduler; SQL: SELECT * FROM statistics WHERE  id = '18'
[2022-12-07  10:53:05] [type: Access] [user: admin] [ip: undefined] [proxy: undefined] http://
[2022-12-07  10:53:06] [type: Request] [user: admin] [ip: undefined] [proxy: undefined] Controller: LanguageSelection Task: getInterfaceNamesData: {}
[2022-12-07  10:53:07] [type: Request] [user: admin] [ip: undefined] [proxy: undefined] Controller: StatsSettings Task: getStatsWithoutFormData: {}
[2022-12-07  10:53:07] [type: Select] [user: admin] [ip: undefined] [proxy: undefined] Database: scheduler; SQL: SELECT * FROM statistics WHERE  type != 'Ze wzoru'
[2022-12-07  10:53:08] [type: Request] [user: admin] [ip: undefined] [proxy: undefined] Controller: StatsSettings Task: getStatsStageOneData: {}
[2022-12-07  10:53:41] [type: Request] [user: admin] [ip: undefined] [proxy: undefined] Controller: StatsSettings Task: getStatsStageTwoData: {}
[2022-12-07  10:53:53] [type: Request] [user: admin] [ip: undefined] [proxy: undefined] Controller: StatsSettings Task: saveStatsData: {}
[2022-12-07  10:53:53] [type: insert] [user: admin] [ip: undefined] [proxy: undefined] Database: scheduler; SQL: INSERT INTO statistics (name, type, json) VALUES ('Zestawienie Roczne Mandaty Wykres Kołowy', 'Zestawienie roczne', '{"dataset":"Mandaty","resultForm":"Wykres liniowo-kropkowy","x":"Miesiące","method":"Zliczanie","inputs":["Zakres lat"]}')
[2022-12-07  10:53:55] [type: Request] [user: admin] [ip: undefined] [proxy: undefined] Controller: StatsSettings Task: getStatsWithoutFormData: {}
[2022-12-07  10:53:55] [type: Select] [user: admin] [ip: undefined] [proxy: undefined] Database: scheduler; SQL: SELECT * FROM statistics WHERE  type != 'Ze wzoru'
[2022-12-07  10:53:56] [type: Request] [user: admin] [ip: undefined] [proxy: undefined] Controller: StatsSettings Task: getStatsStageOneData: {}
[2022-12-07  10:54:23] [type: Request] [user: admin] [ip: undefined] [proxy: undefined] Controller: StatsSettings Task: getStatsStageTwoData: {}
[2022-12-07  10:54:31] [type: Request] [user: admin] [ip: undefined] [proxy: undefined] Controller: StatsSettings Task: saveStatsData: {}
[2022-12-07  10:54:32] [type: insert] [user: admin] [ip: undefined] [proxy: undefined] Database: scheduler; SQL: INSERT INTO statistics (name, type, json) VALUES ('Zestawienie Roczne Mandaty Wykres Kołowy (true)', 'Zestawienie roczne', '{"dataset":"Mandaty","resultForm":"Wykres okręgowy","x":"Miesiące","method":"Zliczanie","inputs":["Zakres lat"]}')
[2022-12-07  10:54:33] [type: Request] [user: admin] [ip: undefined] [proxy: undefined] Controller: StatsSettings Task: getStatsWithoutFormData: {}
[2022-12-07  10:54:33] [type: Select] [user: admin] [ip: undefined] [proxy: undefined] Database: scheduler; SQL: SELECT * FROM statistics WHERE  type != 'Ze wzoru'
[2022-12-07  10:54:35] [type: Access] [user: admin] [ip: undefined] [proxy: undefined] http://
[2022-12-07  10:54:37] [type: Request] [user: admin] [ip: undefined] [proxy: undefined] Controller: LanguageSelection Task: getInterfaceNamesData: {}
[2022-12-07  10:54:37] [type: Request] [user: admin] [ip: undefined] [proxy: undefined] Controller: StatsDisplay Task: getStatsData: {}
[2022-12-07  10:54:37] [type: Select] [user: admin] [ip: undefined] [proxy: undefined] Database: scheduler; SQL: SELECT id, name FROM statistics WHERE  active = '1'
[2022-12-07  10:54:39] [type: Request] [user: admin] [ip: undefined] [proxy: undefined] Controller: StatsDisplay Task: getInputsSettingsData: {}
[2022-12-07  10:54:39] [type: Select] [user: admin] [ip: undefined] [proxy: undefined] Database: scheduler; SQL: SELECT * FROM statistics WHERE  id = '19'
[2022-12-07  10:54:42] [type: Request] [user: admin] [ip: undefined] [proxy: undefined] Controller: StatsDisplay Task: generateStatsData: {}
[2022-12-07  10:54:42] [type: Select] [user: admin] [ip: undefined] [proxy: undefined] Database: scheduler; SQL: SELECT * FROM statistics WHERE  id = '19'
[2022-12-07  10:55:47] [type: Access] [user: admin] [ip: undefined] [proxy: undefined] http://
[2022-12-07  10:55:49] [type: Request] [user: admin] [ip: undefined] [proxy: undefined] Controller: LanguageSelection Task: getInterfaceNamesData: {}
[2022-12-07  10:55:50] [type: Request] [user: admin] [ip: undefined] [proxy: undefined] Controller: StatsDisplay Task: getStatsData: {}
[2022-12-07  10:55:50] [type: Select] [user: admin] [ip: undefined] [proxy: undefined] Database: scheduler; SQL: SELECT id, name FROM statistics WHERE  active = '1'
[2022-12-07  10:55:51] [type: Request] [user: admin] [ip: undefined] [proxy: undefined] Controller: StatsDisplay Task: getInputsSettingsData: {}
[2022-12-07  10:55:51] [type: Select] [user: admin] [ip: undefined] [proxy: undefined] Database: scheduler; SQL: SELECT * FROM statistics WHERE  id = '19'
[2022-12-07  10:55:57] [type: Request] [user: admin] [ip: undefined] [proxy: undefined] Controller: StatsDisplay Task: generateStatsData: {}
[2022-12-07  10:55:57] [type: Select] [user: admin] [ip: undefined] [proxy: undefined] Database: scheduler; SQL: SELECT * FROM statistics WHERE  id = '19'
[2022-12-07  10:56:17] [type: Request] [user: admin] [ip: undefined] [proxy: undefined] Controller: StatsDisplay Task: generateStatsData: {}
[2022-12-07  10:56:17] [type: Select] [user: admin] [ip: undefined] [proxy: undefined] Database: scheduler; SQL: SELECT * FROM statistics WHERE  id = '19'
[2022-12-07  11:02:45] [type: Access] [user: admin] [ip: undefined] [proxy: undefined] http://
[2022-12-07  11:02:46] [type: Request] [user: admin] [ip: undefined] [proxy: undefined] Controller: LanguageSelection Task: getInterfaceNamesData: {}
[2022-12-07  11:02:47] [type: Request] [user: admin] [ip: undefined] [proxy: undefined] Controller: StatsDisplay Task: getStatsData: {}
[2022-12-07  11:02:47] [type: Select] [user: admin] [ip: undefined] [proxy: undefined] Database: scheduler; SQL: SELECT id, name FROM statistics WHERE  active = '1'
[2022-12-07  11:02:48] [type: Request] [user: admin] [ip: undefined] [proxy: undefined] Controller: StatsDisplay Task: getInputsSettingsData: {}
[2022-12-07  11:02:48] [type: Select] [user: admin] [ip: undefined] [proxy: undefined] Database: scheduler; SQL: SELECT * FROM statistics WHERE  id = '19'
[2022-12-07  11:02:52] [type: Request] [user: admin] [ip: undefined] [proxy: undefined] Controller: StatsDisplay Task: generateStatsData: {}
[2022-12-07  11:02:52] [type: Select] [user: admin] [ip: undefined] [proxy: undefined] Database: scheduler; SQL: SELECT * FROM statistics WHERE  id = '19'
[2022-12-07  11:03:12] [type: Request] [user: admin] [ip: undefined] [proxy: undefined] Controller: StatsDisplay Task: getInputsSettingsData: {}
[2022-12-07  11:03:12] [type: Select] [user: admin] [ip: undefined] [proxy: undefined] Database: scheduler; SQL: SELECT * FROM statistics WHERE  id = '20'
[2022-12-07  11:03:16] [type: Request] [user: admin] [ip: undefined] [proxy: undefined] Controller: StatsDisplay Task: generateStatsData: {}
[2022-12-07  11:03:16] [type: Select] [user: admin] [ip: undefined] [proxy: undefined] Database: scheduler; SQL: SELECT * FROM statistics WHERE  id = '20'
[2022-12-07  11:13:03] [type: Request] [user: admin] [ip: undefined] [proxy: undefined] Controller: StatsDisplay Task: generateStatsData: {}
[2022-12-07  11:13:03] [type: Select] [user: admin] [ip: undefined] [proxy: undefined] Database: scheduler; SQL: SELECT * FROM statistics WHERE  id = '20'
[2022-12-07  11:13:19] [type: Request] [user: admin] [ip: undefined] [proxy: undefined] Controller: StatsDisplay Task: getInputsSettingsData: {}
[2022-12-07  11:13:19] [type: Select] [user: admin] [ip: undefined] [proxy: undefined] Database: scheduler; SQL: SELECT * FROM statistics WHERE  id = '10'
[2022-12-07  11:13:22] [type: Request] [user: admin] [ip: undefined] [proxy: undefined] Controller: StatsDisplay Task: generateStatsData: {}
[2022-12-07  11:13:22] [type: Select] [user: admin] [ip: undefined] [proxy: undefined] Database: scheduler; SQL: SELECT * FROM statistics WHERE  id = '10'
[2022-12-07  11:13:25] [type: Request] [user: admin] [ip: undefined] [proxy: undefined] Controller: StatsDisplay Task: getInputsSettingsData: {}
[2022-12-07  11:13:25] [type: Select] [user: admin] [ip: undefined] [proxy: undefined] Database: scheduler; SQL: SELECT * FROM statistics WHERE  id = '11'
[2022-12-07  11:13:28] [type: Request] [user: admin] [ip: undefined] [proxy: undefined] Controller: StatsDisplay Task: getInputsSettingsData: {}
[2022-12-07  11:13:28] [type: Select] [user: admin] [ip: undefined] [proxy: undefined] Database: scheduler; SQL: SELECT * FROM statistics WHERE  id = '16'
[2022-12-07  11:13:28] [type: Select] [user: admin] [ip: undefined] [proxy: undefined] Database: scheduler; SQL: SELECT * FROM users_employment_periods WHERE  active = '1' and inspector = '1'
[2022-12-07  11:13:32] [type: Request] [user: admin] [ip: undefined] [proxy: undefined] Controller: StatsDisplay Task: getInputsSettingsData: {}
[2022-12-07  11:13:32] [type: Select] [user: admin] [ip: undefined] [proxy: undefined] Database: scheduler; SQL: SELECT * FROM statistics WHERE  id = '13'
[2022-12-07  11:13:34] [type: Request] [user: admin] [ip: undefined] [proxy: undefined] Controller: StatsDisplay Task: generateStatsData: {}
[2022-12-07  11:13:34] [type: Select] [user: admin] [ip: undefined] [proxy: undefined] Database: scheduler; SQL: SELECT * FROM statistics WHERE  id = '13'
[2022-12-07  11:14:23] [type: Request] [user: admin] [ip: undefined] [proxy: undefined] Controller: StatsDisplay Task: getInputsSettingsData: {}
[2022-12-07  11:14:23] [type: Select] [user: admin] [ip: undefined] [proxy: undefined] Database: scheduler; SQL: SELECT * FROM statistics WHERE  id = '19'
[2022-12-07  11:14:26] [type: Request] [user: admin] [ip: undefined] [proxy: undefined] Controller: StatsDisplay Task: getInputsSettingsData: {}
[2022-12-07  11:14:26] [type: Select] [user: admin] [ip: undefined] [proxy: undefined] Database: scheduler; SQL: SELECT * FROM statistics WHERE  id = '20'
[2022-12-07  11:14:29] [type: Request] [user: admin] [ip: undefined] [proxy: undefined] Controller: StatsDisplay Task: generateStatsData: {}
[2022-12-07  11:14:29] [type: Select] [user: admin] [ip: undefined] [proxy: undefined] Database: scheduler; SQL: SELECT * FROM statistics WHERE  id = '20'
[2022-12-07  11:16:56] [type: Access] [user: admin] [ip: undefined] [proxy: undefined] http://
[2022-12-07  11:16:58] [type: Request] [user: admin] [ip: undefined] [proxy: undefined] Controller: LanguageSelection Task: getInterfaceNamesData: {}
[2022-12-07  11:16:59] [type: Request] [user: admin] [ip: undefined] [proxy: undefined] Controller: StatsDisplay Task: getStatsData: {}
[2022-12-07  11:16:59] [type: Select] [user: admin] [ip: undefined] [proxy: undefined] Database: scheduler; SQL: SELECT id, name FROM statistics WHERE  active = '1'
[2022-12-07  11:17:00] [type: Request] [user: admin] [ip: undefined] [proxy: undefined] Controller: StatsDisplay Task: getInputsSettingsData: {}
[2022-12-07  11:17:00] [type: Select] [user: admin] [ip: undefined] [proxy: undefined] Database: scheduler; SQL: SELECT * FROM statistics WHERE  id = '19'
[2022-12-07  11:17:06] [type: Request] [user: admin] [ip: undefined] [proxy: undefined] Controller: StatsDisplay Task: getInputsSettingsData: {}
[2022-12-07  11:17:06] [type: Select] [user: admin] [ip: undefined] [proxy: undefined] Database: scheduler; SQL: SELECT * FROM statistics WHERE  id = '20'
[2022-12-07  11:17:09] [type: Request] [user: admin] [ip: undefined] [proxy: undefined] Controller: StatsDisplay Task: generateStatsData: {}
[2022-12-07  11:17:09] [type: Select] [user: admin] [ip: undefined] [proxy: undefined] Database: scheduler; SQL: SELECT * FROM statistics WHERE  id = '20'
[2022-12-07  11:17:18] [type: Request] [user: admin] [ip: undefined] [proxy: undefined] Controller: StatsDisplay Task: generateStatsData: {}
[2022-12-07  11:17:18] [type: Select] [user: admin] [ip: undefined] [proxy: undefined] Database: scheduler; SQL: SELECT * FROM statistics WHERE  id = '20'
[2022-12-07  11:17:55] [type: Request] [user: admin] [ip: undefined] [proxy: undefined] Controller: StatsDisplay Task: generateStatsData: {}
[2022-12-07  11:17:55] [type: Select] [user: admin] [ip: undefined] [proxy: undefined] Database: scheduler; SQL: SELECT * FROM statistics WHERE  id = '20'
[2022-12-07  11:21:42] [type: Access] [user: admin] [ip: undefined] [proxy: undefined] http://
[2022-12-07  11:21:43] [type: Request] [user: admin] [ip: undefined] [proxy: undefined] Controller: LanguageSelection Task: getInterfaceNamesData: {}
[2022-12-07  11:21:44] [type: Request] [user: admin] [ip: undefined] [proxy: undefined] Controller: StatsDisplay Task: getStatsData: {}
[2022-12-07  11:21:44] [type: Select] [user: admin] [ip: undefined] [proxy: undefined] Database: scheduler; SQL: SELECT id, name FROM statistics WHERE  active = '1'
[2022-12-07  11:21:45] [type: Request] [user: admin] [ip: undefined] [proxy: undefined] Controller: StatsDisplay Task: getInputsSettingsData: {}
[2022-12-07  11:21:45] [type: Select] [user: admin] [ip: undefined] [proxy: undefined] Database: scheduler; SQL: SELECT * FROM statistics WHERE  id = '19'
[2022-12-07  11:21:51] [type: Request] [user: admin] [ip: undefined] [proxy: undefined] Controller: StatsDisplay Task: generateStatsData: {}
[2022-12-07  11:21:51] [type: Select] [user: admin] [ip: undefined] [proxy: undefined] Database: scheduler; SQL: SELECT * FROM statistics WHERE  id = '19'
[2022-12-07  11:21:54] [type: Request] [user: admin] [ip: undefined] [proxy: undefined] Controller: StatsDisplay Task: getInputsSettingsData: {}
[2022-12-07  11:21:54] [type: Select] [user: admin] [ip: undefined] [proxy: undefined] Database: scheduler; SQL: SELECT * FROM statistics WHERE  id = '20'
[2022-12-07  11:22:00] [type: Request] [user: admin] [ip: undefined] [proxy: undefined] Controller: StatsDisplay Task: generateStatsData: {}
[2022-12-07  11:22:00] [type: Select] [user: admin] [ip: undefined] [proxy: undefined] Database: scheduler; SQL: SELECT * FROM statistics WHERE  id = '20'
[2022-12-07  11:23:16] [type: Request] [user: admin] [ip: undefined] [proxy: undefined] Controller: StatsDisplay Task: generateStatsData: {}
[2022-12-07  11:23:16] [type: Select] [user: admin] [ip: undefined] [proxy: undefined] Database: scheduler; SQL: SELECT * FROM statistics WHERE  id = '20'
[2022-12-07  11:23:33] [type: Request] [user: admin] [ip: undefined] [proxy: undefined] Controller: StatsDisplay Task: generateStatsData: {}
[2022-12-07  11:23:33] [type: Select] [user: admin] [ip: undefined] [proxy: undefined] Database: scheduler; SQL: SELECT * FROM statistics WHERE  id = '20'
[2022-12-07  11:24:22] [type: Access] [user: admin] [ip: undefined] [proxy: undefined] http://
[2022-12-07  11:24:23] [type: Request] [user: admin] [ip: undefined] [proxy: undefined] Controller: LanguageSelection Task: getInterfaceNamesData: {}
[2022-12-07  11:24:24] [type: Request] [user: admin] [ip: undefined] [proxy: undefined] Controller: StatsDisplay Task: getStatsData: {}
[2022-12-07  11:24:24] [type: Select] [user: admin] [ip: undefined] [proxy: undefined] Database: scheduler; SQL: SELECT id, name FROM statistics WHERE  active = '1'
[2022-12-07  11:24:25] [type: Request] [user: admin] [ip: undefined] [proxy: undefined] Controller: StatsDisplay Task: getInputsSettingsData: {}
[2022-12-07  11:24:25] [type: Select] [user: admin] [ip: undefined] [proxy: undefined] Database: scheduler; SQL: SELECT * FROM statistics WHERE  id = '20'
[2022-12-07  11:24:31] [type: Request] [user: admin] [ip: undefined] [proxy: undefined] Controller: StatsDisplay Task: generateStatsData: {}
[2022-12-07  11:24:31] [type: Select] [user: admin] [ip: undefined] [proxy: undefined] Database: scheduler; SQL: SELECT * FROM statistics WHERE  id = '20'
[2022-12-07  11:25:17] [type: Access] [user: admin] [ip: undefined] [proxy: undefined] http://
[2022-12-07  11:25:19] [type: Request] [user: admin] [ip: undefined] [proxy: undefined] Controller: LanguageSelection Task: getInterfaceNamesData: {}
[2022-12-07  11:25:19] [type: Request] [user: admin] [ip: undefined] [proxy: undefined] Controller: StatsDisplay Task: getStatsData: {}
[2022-12-07  11:25:19] [type: Select] [user: admin] [ip: undefined] [proxy: undefined] Database: scheduler; SQL: SELECT id, name FROM statistics WHERE  active = '1'
[2022-12-07  11:25:21] [type: Request] [user: admin] [ip: undefined] [proxy: undefined] Controller: StatsDisplay Task: getInputsSettingsData: {}
[2022-12-07  11:25:21] [type: Select] [user: admin] [ip: undefined] [proxy: undefined] Database: scheduler; SQL: SELECT * FROM statistics WHERE  id = '20'
[2022-12-07  11:25:24] [type: Request] [user: admin] [ip: undefined] [proxy: undefined] Controller: StatsDisplay Task: generateStatsData: {}
[2022-12-07  11:25:24] [type: Select] [user: admin] [ip: undefined] [proxy: undefined] Database: scheduler; SQL: SELECT * FROM statistics WHERE  id = '20'
[2022-12-07  11:28:46] [type: Access] [user: admin] [ip: undefined] [proxy: undefined] http://
[2022-12-07  11:28:48] [type: Request] [user: admin] [ip: undefined] [proxy: undefined] Controller: LanguageSelection Task: getInterfaceNamesData: {}
[2022-12-07  11:28:49] [type: Request] [user: admin] [ip: undefined] [proxy: undefined] Controller: StatsDisplay Task: getStatsData: {}
[2022-12-07  11:28:49] [type: Select] [user: admin] [ip: undefined] [proxy: undefined] Database: scheduler; SQL: SELECT id, name FROM statistics WHERE  active = '1'
[2022-12-07  11:28:51] [type: Request] [user: admin] [ip: undefined] [proxy: undefined] Controller: StatsDisplay Task: getInputsSettingsData: {}
[2022-12-07  11:28:51] [type: Select] [user: admin] [ip: undefined] [proxy: undefined] Database: scheduler; SQL: SELECT * FROM statistics WHERE  id = '20'
[2022-12-07  11:28:56] [type: Request] [user: admin] [ip: undefined] [proxy: undefined] Controller: StatsDisplay Task: generateStatsData: {}
[2022-12-07  11:28:56] [type: Select] [user: admin] [ip: undefined] [proxy: undefined] Database: scheduler; SQL: SELECT * FROM statistics WHERE  id = '20'
[2022-12-07  11:30:13] [type: Access] [user: admin] [ip: undefined] [proxy: undefined] http://
[2022-12-07  11:30:15] [type: Request] [user: admin] [ip: undefined] [proxy: undefined] Controller: LanguageSelection Task: getInterfaceNamesData: {}
[2022-12-07  11:30:16] [type: Request] [user: admin] [ip: undefined] [proxy: undefined] Controller: StatsDisplay Task: getStatsData: {}
[2022-12-07  11:30:16] [type: Select] [user: admin] [ip: undefined] [proxy: undefined] Database: scheduler; SQL: SELECT id, name FROM statistics WHERE  active = '1'
[2022-12-07  11:30:17] [type: Request] [user: admin] [ip: undefined] [proxy: undefined] Controller: StatsDisplay Task: getInputsSettingsData: {}
[2022-12-07  11:30:17] [type: Select] [user: admin] [ip: undefined] [proxy: undefined] Database: scheduler; SQL: SELECT * FROM statistics WHERE  id = '20'
[2022-12-07  11:30:21] [type: Request] [user: admin] [ip: undefined] [proxy: undefined] Controller: StatsDisplay Task: generateStatsData: {}
[2022-12-07  11:30:21] [type: Select] [user: admin] [ip: undefined] [proxy: undefined] Database: scheduler; SQL: SELECT * FROM statistics WHERE  id = '20'
[2022-12-07  11:38:51] [type: Access] [user: admin] [ip: undefined] [proxy: undefined] http://
[2022-12-07  11:38:53] [type: Request] [user: admin] [ip: undefined] [proxy: undefined] Controller: LanguageSelection Task: getInterfaceNamesData: {}
[2022-12-07  11:38:53] [type: Request] [user: admin] [ip: undefined] [proxy: undefined] Controller: StatsDisplay Task: getStatsData: {}
[2022-12-07  11:38:53] [type: Select] [user: admin] [ip: undefined] [proxy: undefined] Database: scheduler; SQL: SELECT id, name FROM statistics WHERE  active = '1'
[2022-12-07  11:38:56] [type: Request] [user: admin] [ip: undefined] [proxy: undefined] Controller: StatsDisplay Task: getInputsSettingsData: {}
[2022-12-07  11:38:56] [type: Select] [user: admin] [ip: undefined] [proxy: undefined] Database: scheduler; SQL: SELECT * FROM statistics WHERE  id = '19'
[2022-12-07  11:38:57] [type: Request] [user: admin] [ip: undefined] [proxy: undefined] Controller: StatsDisplay Task: getInputsSettingsData: {}
[2022-12-07  11:38:57] [type: Select] [user: admin] [ip: undefined] [proxy: undefined] Database: scheduler; SQL: SELECT * FROM statistics WHERE  id = '20'
[2022-12-07  11:39:01] [type: Request] [user: admin] [ip: undefined] [proxy: undefined] Controller: StatsDisplay Task: generateStatsData: {}
[2022-12-07  11:39:01] [type: Select] [user: admin] [ip: undefined] [proxy: undefined] Database: scheduler; SQL: SELECT * FROM statistics WHERE  id = '20'
[2022-12-07  11:39:25] [type: Request] [user: admin] [ip: undefined] [proxy: undefined] Controller: StatsDisplay Task: generateStatsData: {}
[2022-12-07  11:39:25] [type: Select] [user: admin] [ip: undefined] [proxy: undefined] Database: scheduler; SQL: SELECT * FROM statistics WHERE  id = '20'
[2022-12-07  11:39:56] [type: Access] [user: admin] [ip: undefined] [proxy: undefined] http://
[2022-12-07  11:39:58] [type: Request] [user: admin] [ip: undefined] [proxy: undefined] Controller: LanguageSelection Task: getInterfaceNamesData: {}
[2022-12-07  11:39:58] [type: Request] [user: admin] [ip: undefined] [proxy: undefined] Controller: StatsDisplay Task: getStatsData: {}
[2022-12-07  11:39:58] [type: Select] [user: admin] [ip: undefined] [proxy: undefined] Database: scheduler; SQL: SELECT id, name FROM statistics WHERE  active = '1'
[2022-12-07  11:40:02] [type: Request] [user: admin] [ip: undefined] [proxy: undefined] Controller: StatsDisplay Task: getInputsSettingsData: {}
[2022-12-07  11:40:02] [type: Select] [user: admin] [ip: undefined] [proxy: undefined] Database: scheduler; SQL: SELECT * FROM statistics WHERE  id = '20'
[2022-12-07  11:40:06] [type: Request] [user: admin] [ip: undefined] [proxy: undefined] Controller: StatsDisplay Task: generateStatsData: {}
[2022-12-07  11:40:06] [type: Select] [user: admin] [ip: undefined] [proxy: undefined] Database: scheduler; SQL: SELECT * FROM statistics WHERE  id = '20'
[2022-12-07  11:40:20] [type: Request] [user: admin] [ip: undefined] [proxy: undefined] Controller: StatsDisplay Task: generateStatsData: {}
[2022-12-07  11:40:20] [type: Select] [user: admin] [ip: undefined] [proxy: undefined] Database: scheduler; SQL: SELECT * FROM statistics WHERE  id = '20'
[2022-12-07  11:42:46] [type: Access] [user: admin] [ip: undefined] [proxy: undefined] http://
[2022-12-07  11:42:48] [type: Request] [user: admin] [ip: undefined] [proxy: undefined] Controller: LanguageSelection Task: getInterfaceNamesData: {}
[2022-12-07  11:42:48] [type: Request] [user: admin] [ip: undefined] [proxy: undefined] Controller: StatsDisplay Task: getStatsData: {}
[2022-12-07  11:42:48] [type: Select] [user: admin] [ip: undefined] [proxy: undefined] Database: scheduler; SQL: SELECT id, name FROM statistics WHERE  active = '1'
[2022-12-07  11:42:50] [type: Request] [user: admin] [ip: undefined] [proxy: undefined] Controller: StatsDisplay Task: getInputsSettingsData: {}
[2022-12-07  11:42:50] [type: Select] [user: admin] [ip: undefined] [proxy: undefined] Database: scheduler; SQL: SELECT * FROM statistics WHERE  id = '20'
[2022-12-07  11:42:56] [type: Request] [user: admin] [ip: undefined] [proxy: undefined] Controller: StatsDisplay Task: generateStatsData: {}
[2022-12-07  11:42:56] [type: Select] [user: admin] [ip: undefined] [proxy: undefined] Database: scheduler; SQL: SELECT * FROM statistics WHERE  id = '20'
[2022-12-07  11:43:01] [type: Request] [user: admin] [ip: undefined] [proxy: undefined] Controller: StatsDisplay Task: generateStatsData: {}
[2022-12-07  11:43:01] [type: Select] [user: admin] [ip: undefined] [proxy: undefined] Database: scheduler; SQL: SELECT * FROM statistics WHERE  id = '20'
[2022-12-07  11:43:05] [type: Request] [user: admin] [ip: undefined] [proxy: undefined] Controller: StatsDisplay Task: generateStatsData: {}
[2022-12-07  11:43:05] [type: Select] [user: admin] [ip: undefined] [proxy: undefined] Database: scheduler; SQL: SELECT * FROM statistics WHERE  id = '20'
[2022-12-07  11:43:23] [type: Request] [user: admin] [ip: undefined] [proxy: undefined] Controller: StatsDisplay Task: generateStatsData: {}
[2022-12-07  11:43:23] [type: Select] [user: admin] [ip: undefined] [proxy: undefined] Database: scheduler; SQL: SELECT * FROM statistics WHERE  id = '20'
[2022-12-07  11:43:40] [type: Request] [user: admin] [ip: undefined] [proxy: undefined] Controller: StatsDisplay Task: generateStatsData: {}
[2022-12-07  11:43:40] [type: Select] [user: admin] [ip: undefined] [proxy: undefined] Database: scheduler; SQL: SELECT * FROM statistics WHERE  id = '20'
[2022-12-07  11:43:46] [type: Request] [user: admin] [ip: undefined] [proxy: undefined] Controller: StatsDisplay Task: generateStatsData: {}
[2022-12-07  11:43:46] [type: Select] [user: admin] [ip: undefined] [proxy: undefined] Database: scheduler; SQL: SELECT * FROM statistics WHERE  id = '20'
[2022-12-07  11:43:57] [type: Request] [user: admin] [ip: undefined] [proxy: undefined] Controller: StatsDisplay Task: generateStatsData: {}
[2022-12-07  11:43:57] [type: Select] [user: admin] [ip: undefined] [proxy: undefined] Database: scheduler; SQL: SELECT * FROM statistics WHERE  id = '20'
[2022-12-07  11:44:02] [type: Request] [user: admin] [ip: undefined] [proxy: undefined] Controller: StatsDisplay Task: generateStatsData: {}
[2022-12-07  11:44:02] [type: Select] [user: admin] [ip: undefined] [proxy: undefined] Database: scheduler; SQL: SELECT * FROM statistics WHERE  id = '20'
[2022-12-07  11:45:04] [type: Access] [user: admin] [ip: undefined] [proxy: undefined] http://
[2022-12-07  11:45:06] [type: Request] [user: admin] [ip: undefined] [proxy: undefined] Controller: LanguageSelection Task: getInterfaceNamesData: {}
[2022-12-07  11:45:07] [type: Request] [user: admin] [ip: undefined] [proxy: undefined] Controller: StatsDisplay Task: getStatsData: {}
[2022-12-07  11:45:07] [type: Select] [user: admin] [ip: undefined] [proxy: undefined] Database: scheduler; SQL: SELECT id, name FROM statistics WHERE  active = '1'
[2022-12-07  11:45:08] [type: Request] [user: admin] [ip: undefined] [proxy: undefined] Controller: StatsDisplay Task: getInputsSettingsData: {}
[2022-12-07  11:45:08] [type: Select] [user: admin] [ip: undefined] [proxy: undefined] Database: scheduler; SQL: SELECT * FROM statistics WHERE  id = '20'
[2022-12-07  11:45:12] [type: Request] [user: admin] [ip: undefined] [proxy: undefined] Controller: StatsDisplay Task: generateStatsData: {}
[2022-12-07  11:45:12] [type: Select] [user: admin] [ip: undefined] [proxy: undefined] Database: scheduler; SQL: SELECT * FROM statistics WHERE  id = '20'
[2022-12-07  11:45:31] [type: Request] [user: admin] [ip: undefined] [proxy: undefined] Controller: StatsDisplay Task: generateStatsData: {}
[2022-12-07  11:45:31] [type: Select] [user: admin] [ip: undefined] [proxy: undefined] Database: scheduler; SQL: SELECT * FROM statistics WHERE  id = '20'
[2022-12-07  11:45:40] [type: Request] [user: admin] [ip: undefined] [proxy: undefined] Controller: StatsDisplay Task: generateStatsData: {}
[2022-12-07  11:45:40] [type: Select] [user: admin] [ip: undefined] [proxy: undefined] Database: scheduler; SQL: SELECT * FROM statistics WHERE  id = '20'
[2022-12-07  11:46:32] [type: Access] [user: admin] [ip: undefined] [proxy: undefined] http://
[2022-12-07  11:46:34] [type: Request] [user: admin] [ip: undefined] [proxy: undefined] Controller: LanguageSelection Task: getInterfaceNamesData: {}
[2022-12-07  11:46:35] [type: Request] [user: admin] [ip: undefined] [proxy: undefined] Controller: StatsDisplay Task: getStatsData: {}
[2022-12-07  11:46:35] [type: Select] [user: admin] [ip: undefined] [proxy: undefined] Database: scheduler; SQL: SELECT id, name FROM statistics WHERE  active = '1'
[2022-12-07  11:46:36] [type: Request] [user: admin] [ip: undefined] [proxy: undefined] Controller: StatsDisplay Task: getInputsSettingsData: {}
[2022-12-07  11:46:36] [type: Select] [user: admin] [ip: undefined] [proxy: undefined] Database: scheduler; SQL: SELECT * FROM statistics WHERE  id = '20'
[2022-12-07  11:46:41] [type: Request] [user: admin] [ip: undefined] [proxy: undefined] Controller: StatsDisplay Task: generateStatsData: {}
[2022-12-07  11:46:41] [type: Select] [user: admin] [ip: undefined] [proxy: undefined] Database: scheduler; SQL: SELECT * FROM statistics WHERE  id = '20'
[2022-12-07  11:47:21] [type: Access] [user: admin] [ip: undefined] [proxy: undefined] http://
[2022-12-07  11:47:22] [type: Request] [user: admin] [ip: undefined] [proxy: undefined] Controller: LanguageSelection Task: getInterfaceNamesData: {}
[2022-12-07  11:47:23] [type: Request] [user: admin] [ip: undefined] [proxy: undefined] Controller: StatsDisplay Task: getStatsData: {}
[2022-12-07  11:47:23] [type: Select] [user: admin] [ip: undefined] [proxy: undefined] Database: scheduler; SQL: SELECT id, name FROM statistics WHERE  active = '1'
[2022-12-07  11:47:25] [type: Request] [user: admin] [ip: undefined] [proxy: undefined] Controller: StatsDisplay Task: getInputsSettingsData: {}
[2022-12-07  11:47:25] [type: Select] [user: admin] [ip: undefined] [proxy: undefined] Database: scheduler; SQL: SELECT * FROM statistics WHERE  id = '20'
[2022-12-07  11:47:29] [type: Request] [user: admin] [ip: undefined] [proxy: undefined] Controller: StatsDisplay Task: generateStatsData: {}
[2022-12-07  11:47:29] [type: Select] [user: admin] [ip: undefined] [proxy: undefined] Database: scheduler; SQL: SELECT * FROM statistics WHERE  id = '20'
[2022-12-07  11:52:09] [type: Access] [user: admin] [ip: undefined] [proxy: undefined] http://
[2022-12-07  11:52:11] [type: Request] [user: admin] [ip: undefined] [proxy: undefined] Controller: LanguageSelection Task: getInterfaceNamesData: {}
[2022-12-07  11:52:11] [type: Request] [user: admin] [ip: undefined] [proxy: undefined] Controller: StatsDisplay Task: getStatsData: {}
[2022-12-07  11:52:11] [type: Select] [user: admin] [ip: undefined] [proxy: undefined] Database: scheduler; SQL: SELECT id, name FROM statistics WHERE  active = '1'
[2022-12-07  11:52:13] [type: Request] [user: admin] [ip: undefined] [proxy: undefined] Controller: StatsDisplay Task: getInputsSettingsData: {}
[2022-12-07  11:52:13] [type: Select] [user: admin] [ip: undefined] [proxy: undefined] Database: scheduler; SQL: SELECT * FROM statistics WHERE  id = '19'
[2022-12-07  11:52:15] [type: Request] [user: admin] [ip: undefined] [proxy: undefined] Controller: StatsDisplay Task: getInputsSettingsData: {}
[2022-12-07  11:52:15] [type: Select] [user: admin] [ip: undefined] [proxy: undefined] Database: scheduler; SQL: SELECT * FROM statistics WHERE  id = '20'
[2022-12-07  11:52:19] [type: Request] [user: admin] [ip: undefined] [proxy: undefined] Controller: StatsDisplay Task: generateStatsData: {}
[2022-12-07  11:52:19] [type: Select] [user: admin] [ip: undefined] [proxy: undefined] Database: scheduler; SQL: SELECT * FROM statistics WHERE  id = '20'
[2022-12-07  11:52:32] [type: Request] [user: admin] [ip: undefined] [proxy: undefined] Controller: StatsDisplay Task: generateStatsData: {}
[2022-12-07  11:52:32] [type: Select] [user: admin] [ip: undefined] [proxy: undefined] Database: scheduler; SQL: SELECT * FROM statistics WHERE  id = '20'
[2022-12-07  11:52:44] [type: Request] [user: admin] [ip: undefined] [proxy: undefined] Controller: StatsDisplay Task: generateStatsData: {}
[2022-12-07  11:52:44] [type: Select] [user: admin] [ip: undefined] [proxy: undefined] Database: scheduler; SQL: SELECT * FROM statistics WHERE  id = '20'
[2022-12-07  11:53:14] [type: Access] [user: admin] [ip: undefined] [proxy: undefined] http://
[2022-12-07  11:53:15] [type: Request] [user: admin] [ip: undefined] [proxy: undefined] Controller: LanguageSelection Task: getInterfaceNamesData: {}
[2022-12-07  11:53:16] [type: Request] [user: admin] [ip: undefined] [proxy: undefined] Controller: StatsDisplay Task: getStatsData: {}
[2022-12-07  11:53:16] [type: Select] [user: admin] [ip: undefined] [proxy: undefined] Database: scheduler; SQL: SELECT id, name FROM statistics WHERE  active = '1'
[2022-12-07  11:53:18] [type: Request] [user: admin] [ip: undefined] [proxy: undefined] Controller: StatsDisplay Task: getInputsSettingsData: {}
[2022-12-07  11:53:18] [type: Select] [user: admin] [ip: undefined] [proxy: undefined] Database: scheduler; SQL: SELECT * FROM statistics WHERE  id = '20'
[2022-12-07  11:53:22] [type: Request] [user: admin] [ip: undefined] [proxy: undefined] Controller: StatsDisplay Task: generateStatsData: {}
[2022-12-07  11:53:22] [type: Select] [user: admin] [ip: undefined] [proxy: undefined] Database: scheduler; SQL: SELECT * FROM statistics WHERE  id = '20'
[2022-12-07  11:53:35] [type: Request] [user: admin] [ip: undefined] [proxy: undefined] Controller: StatsDisplay Task: generateStatsData: {}
[2022-12-07  11:53:35] [type: Select] [user: admin] [ip: undefined] [proxy: undefined] Database: scheduler; SQL: SELECT * FROM statistics WHERE  id = '20'
[2022-12-07  11:54:15] [type: Request] [user: admin] [ip: undefined] [proxy: undefined] Controller: StatsDisplay Task: generateStatsData: {}
[2022-12-07  11:54:15] [type: Select] [user: admin] [ip: undefined] [proxy: undefined] Database: scheduler; SQL: SELECT * FROM statistics WHERE  id = '20'
[2022-12-07  11:54:24] [type: Request] [user: admin] [ip: undefined] [proxy: undefined] Controller: StatsDisplay Task: generateStatsData: {}
[2022-12-07  11:54:24] [type: Select] [user: admin] [ip: undefined] [proxy: undefined] Database: scheduler; SQL: SELECT * FROM statistics WHERE  id = '20'
[2022-12-07  11:55:03] [type: Request] [user: admin] [ip: undefined] [proxy: undefined] Controller: StatsDisplay Task: generateStatsData: {}
[2022-12-07  11:55:03] [type: Select] [user: admin] [ip: undefined] [proxy: undefined] Database: scheduler; SQL: SELECT * FROM statistics WHERE  id = '20'
[2022-12-07  11:55:19] [type: Access] [user: admin] [ip: undefined] [proxy: undefined] http://
[2022-12-07  11:55:21] [type: Request] [user: admin] [ip: undefined] [proxy: undefined] Controller: LanguageSelection Task: getInterfaceNamesData: {}
[2022-12-07  11:55:21] [type: Request] [user: admin] [ip: undefined] [proxy: undefined] Controller: StatsDisplay Task: getStatsData: {}
[2022-12-07  11:55:21] [type: Select] [user: admin] [ip: undefined] [proxy: undefined] Database: scheduler; SQL: SELECT id, name FROM statistics WHERE  active = '1'
[2022-12-07  11:55:23] [type: Request] [user: admin] [ip: undefined] [proxy: undefined] Controller: StatsDisplay Task: getInputsSettingsData: {}
[2022-12-07  11:55:23] [type: Select] [user: admin] [ip: undefined] [proxy: undefined] Database: scheduler; SQL: SELECT * FROM statistics WHERE  id = '20'
[2022-12-07  11:55:28] [type: Request] [user: admin] [ip: undefined] [proxy: undefined] Controller: StatsDisplay Task: generateStatsData: {}
[2022-12-07  11:55:28] [type: Select] [user: admin] [ip: undefined] [proxy: undefined] Database: scheduler; SQL: SELECT * FROM statistics WHERE  id = '20'
[2022-12-07  11:55:37] [type: Request] [user: admin] [ip: undefined] [proxy: undefined] Controller: StatsDisplay Task: getInputsSettingsData: {}
[2022-12-07  11:55:37] [type: Select] [user: admin] [ip: undefined] [proxy: undefined] Database: scheduler; SQL: SELECT * FROM statistics WHERE  id = '19'
[2022-12-07  11:55:44] [type: Request] [user: admin] [ip: undefined] [proxy: undefined] Controller: StatsDisplay Task: generateStatsData: {}
[2022-12-07  11:55:44] [type: Select] [user: admin] [ip: undefined] [proxy: undefined] Database: scheduler; SQL: SELECT * FROM statistics WHERE  id = '19'
[2022-12-07  11:55:58] [type: Access] [user: admin] [ip: undefined] [proxy: undefined] http://
[2022-12-07  11:56:00] [type: Request] [user: admin] [ip: undefined] [proxy: undefined] Controller: LanguageSelection Task: getInterfaceNamesData: {}
[2022-12-07  11:56:00] [type: Request] [user: admin] [ip: undefined] [proxy: undefined] Controller: StatsDisplay Task: getStatsData: {}
[2022-12-07  11:56:00] [type: Select] [user: admin] [ip: undefined] [proxy: undefined] Database: scheduler; SQL: SELECT id, name FROM statistics WHERE  active = '1'
[2022-12-07  11:56:03] [type: Access] [user: admin] [ip: undefined] [proxy: undefined] http://
[2022-12-07  11:56:04] [type: Request] [user: admin] [ip: undefined] [proxy: undefined] Controller: LanguageSelection Task: getInterfaceNamesData: {}
[2022-12-07  11:56:05] [type: Request] [user: admin] [ip: undefined] [proxy: undefined] Controller: StatsSettings Task: getStatsWithoutFormData: {}
[2022-12-07  11:56:05] [type: Select] [user: admin] [ip: undefined] [proxy: undefined] Database: scheduler; SQL: SELECT * FROM statistics WHERE  type != 'Ze wzoru'
[2022-12-07  11:56:05] [type: Request] [user: admin] [ip: undefined] [proxy: undefined] Controller: StatsSettings Task: getStatsStageOneData: {}
[2022-12-07  11:56:27] [type: Request] [user: admin] [ip: undefined] [proxy: undefined] Controller: StatsSettings Task: getStatsStageTwoData: {}
[2022-12-07  11:56:32] [type: Request] [user: admin] [ip: undefined] [proxy: undefined] Controller: StatsSettings Task: saveStatsData: {}
[2022-12-07  11:56:32] [type: insert] [user: admin] [ip: undefined] [proxy: undefined] Database: scheduler; SQL: INSERT INTO statistics (name, type, json) VALUES ('Zestawienie Roczne Mandaty Słupki', 'Zestawienie roczne', '{"dataset":"Mandaty","resultForm":"Wykres słupkowy","x":"Miesiące","method":"Zliczanie","inputs":["Zakres lat"]}')
[2022-12-07  11:56:33] [type: Request] [user: admin] [ip: undefined] [proxy: undefined] Controller: StatsSettings Task: getStatsWithoutFormData: {}
[2022-12-07  11:56:33] [type: Select] [user: admin] [ip: undefined] [proxy: undefined] Database: scheduler; SQL: SELECT * FROM statistics WHERE  type != 'Ze wzoru'
[2022-12-07  11:56:36] [type: Access] [user: admin] [ip: undefined] [proxy: undefined] http://
[2022-12-07  11:56:37] [type: Request] [user: admin] [ip: undefined] [proxy: undefined] Controller: LanguageSelection Task: getInterfaceNamesData: {}
[2022-12-07  11:56:38] [type: Request] [user: admin] [ip: undefined] [proxy: undefined] Controller: StatsDisplay Task: getStatsData: {}
[2022-12-07  11:56:38] [type: Select] [user: admin] [ip: undefined] [proxy: undefined] Database: scheduler; SQL: SELECT id, name FROM statistics WHERE  active = '1'
[2022-12-07  11:56:39] [type: Request] [user: admin] [ip: undefined] [proxy: undefined] Controller: StatsDisplay Task: getInputsSettingsData: {}
[2022-12-07  11:56:39] [type: Select] [user: admin] [ip: undefined] [proxy: undefined] Database: scheduler; SQL: SELECT * FROM statistics WHERE  id = '21'
[2022-12-07  11:56:42] [type: Request] [user: admin] [ip: undefined] [proxy: undefined] Controller: StatsDisplay Task: generateStatsData: {}
[2022-12-07  11:56:42] [type: Select] [user: admin] [ip: undefined] [proxy: undefined] Database: scheduler; SQL: SELECT * FROM statistics WHERE  id = '21'
[2022-12-07  12:03:41] [type: Access] [user: admin] [ip: undefined] [proxy: undefined] http://
[2022-12-07  12:03:43] [type: Request] [user: admin] [ip: undefined] [proxy: undefined] Controller: LanguageSelection Task: getInterfaceNamesData: {}
[2022-12-07  12:03:43] [type: Request] [user: admin] [ip: undefined] [proxy: undefined] Controller: StatsSettings Task: getStatsWithoutFormData: {}
[2022-12-07  12:03:43] [type: Select] [user: admin] [ip: undefined] [proxy: undefined] Database: scheduler; SQL: SELECT * FROM statistics WHERE  type != 'Ze wzoru'
[2022-12-07  12:03:44] [type: Request] [user: admin] [ip: undefined] [proxy: undefined] Controller: StatsSettings Task: getStatsStageOneData: {}
[2022-12-07  12:04:18] [type: Request] [user: admin] [ip: undefined] [proxy: undefined] Controller: StatsSettings Task: getStatsStageTwoData: {}
[2022-12-07  12:04:32] [type: Request] [user: admin] [ip: undefined] [proxy: undefined] Controller: StatsSettings Task: saveStatsData: {}
[2022-12-07  12:04:32] [type: insert] [user: admin] [ip: undefined] [proxy: undefined] Database: scheduler; SQL: INSERT INTO statistics (name, type, json) VALUES ('Zestawienie Miesięczne Mandaty Tabela', 'Zestawienie miesięczne', '{"dataset":"Mandaty","resultForm":"Tabela","inputs":["Rok","Zakres miesięcy"],"x":"Użytkownicy","y":"Miejsca","method":"Zliczanie"}')
[2022-12-07  12:04:33] [type: Request] [user: admin] [ip: undefined] [proxy: undefined] Controller: StatsSettings Task: getStatsWithoutFormData: {}
[2022-12-07  12:04:33] [type: Select] [user: admin] [ip: undefined] [proxy: undefined] Database: scheduler; SQL: SELECT * FROM statistics WHERE  type != 'Ze wzoru'
[2022-12-07  12:04:35] [type: Request] [user: admin] [ip: undefined] [proxy: undefined] Controller: StatsSettings Task: getStatsStageOneData: {}
[2022-12-07  12:04:53] [type: Request] [user: admin] [ip: undefined] [proxy: undefined] Controller: StatsSettings Task: getStatsStageTwoData: {}
[2022-12-07  12:05:03] [type: Request] [user: admin] [ip: undefined] [proxy: undefined] Controller: StatsSettings Task: saveStatsData: {}
[2022-12-07  12:05:03] [type: insert] [user: admin] [ip: undefined] [proxy: undefined] Database: scheduler; SQL: INSERT INTO statistics (name, type, json) VALUES ('Zestawienie Miesięczne Mandaty Wykres', 'Zestawienie miesięczne', '{"dataset":"Mandaty","resultForm":"Wykres liniowo-kropkowy","inputs":["Rok","Zakres miesięcy"],"x":"Użytkownicy","method":"Zliczanie"}')
[2022-12-07  12:05:04] [type: Request] [user: admin] [ip: undefined] [proxy: undefined] Controller: StatsSettings Task: getStatsWithoutFormData: {}
[2022-12-07  12:05:04] [type: Select] [user: admin] [ip: undefined] [proxy: undefined] Database: scheduler; SQL: SELECT * FROM statistics WHERE  type != 'Ze wzoru'
[2022-12-07  12:05:05] [type: Request] [user: admin] [ip: undefined] [proxy: undefined] Controller: StatsSettings Task: getStatsStageOneData: {}
[2022-12-07  12:05:20] [type: Request] [user: admin] [ip: undefined] [proxy: undefined] Controller: StatsSettings Task: getStatsStageTwoData: {}
[2022-12-07  12:05:25] [type: Request] [user: admin] [ip: undefined] [proxy: undefined] Controller: StatsSettings Task: saveStatsData: {}
[2022-12-07  12:05:25] [type: insert] [user: admin] [ip: undefined] [proxy: undefined] Database: scheduler; SQL: INSERT INTO statistics (name, type, json) VALUES ('Zestawienie Miesięczne Mandaty Słupki', 'Zestawienie miesięczne', '{"dataset":"Mandaty","resultForm":"Wykres słupkowy","inputs":["Rok","Zakres miesięcy"],"x":"Użytkownicy","method":"Zliczanie"}')
[2022-12-07  12:05:27] [type: Request] [user: admin] [ip: undefined] [proxy: undefined] Controller: StatsSettings Task: getStatsWithoutFormData: {}
[2022-12-07  12:05:27] [type: Select] [user: admin] [ip: undefined] [proxy: undefined] Database: scheduler; SQL: SELECT * FROM statistics WHERE  type != 'Ze wzoru'
[2022-12-07  12:05:28] [type: Request] [user: admin] [ip: undefined] [proxy: undefined] Controller: StatsSettings Task: getStatsStageOneData: {}
[2022-12-07  12:06:15] [type: Request] [user: admin] [ip: undefined] [proxy: undefined] Controller: StatsSettings Task: getStatsStageTwoData: {}
[2022-12-07  12:06:31] [type: Request] [user: admin] [ip: undefined] [proxy: undefined] Controller: StatsSettings Task: saveStatsData: {}
[2022-12-07  12:06:31] [type: insert] [user: admin] [ip: undefined] [proxy: undefined] Database: scheduler; SQL: INSERT INTO statistics (name, type, json) VALUES ('Zestawienie Miesięczne Mandaty Kólka ', 'Zestawienie miesięczne', '{"dataset":"Mandaty","resultForm":"Wykres okręgowy","inputs":["Rok","Zakres miesięcy"],"x":"Użytkownicy","method":"Zliczanie"}')
[2022-12-07  12:06:32] [type: Request] [user: admin] [ip: undefined] [proxy: undefined] Controller: StatsSettings Task: getStatsWithoutFormData: {}
[2022-12-07  12:06:32] [type: Select] [user: admin] [ip: undefined] [proxy: undefined] Database: scheduler; SQL: SELECT * FROM statistics WHERE  type != 'Ze wzoru'
[2022-12-07  12:06:34] [type: Access] [user: admin] [ip: undefined] [proxy: undefined] http://
[2022-12-07  12:06:36] [type: Request] [user: admin] [ip: undefined] [proxy: undefined] Controller: LanguageSelection Task: getInterfaceNamesData: {}
[2022-12-07  12:06:36] [type: Request] [user: admin] [ip: undefined] [proxy: undefined] Controller: StatsDisplay Task: getStatsData: {}
[2022-12-07  12:06:36] [type: Select] [user: admin] [ip: undefined] [proxy: undefined] Database: scheduler; SQL: SELECT id, name FROM statistics WHERE  active = '1'
[2022-12-07  12:06:39] [type: Request] [user: admin] [ip: undefined] [proxy: undefined] Controller: StatsDisplay Task: getInputsSettingsData: {}
[2022-12-07  12:06:39] [type: Select] [user: admin] [ip: undefined] [proxy: undefined] Database: scheduler; SQL: SELECT * FROM statistics WHERE  id = '22'
[2022-12-07  12:06:51] [type: Request] [user: admin] [ip: undefined] [proxy: undefined] Controller: StatsDisplay Task: generateStatsData: {}
[2022-12-07  12:06:51] [type: Select] [user: admin] [ip: undefined] [proxy: undefined] Database: scheduler; SQL: SELECT * FROM statistics WHERE  id = '22'
[2022-12-07  12:07:54] [type: Request] [user: admin] [ip: undefined] [proxy: undefined] Controller: StatsDisplay Task: getInputsSettingsData: {}
[2022-12-07  12:07:54] [type: Select] [user: admin] [ip: undefined] [proxy: undefined] Database: scheduler; SQL: SELECT * FROM statistics WHERE  id = '23'
[2022-12-07  12:12:47] [type: Request] [user: admin] [ip: undefined] [proxy: undefined] Controller: StatsDisplay Task: generateStatsData: {}
[2022-12-07  12:12:47] [type: Select] [user: admin] [ip: undefined] [proxy: undefined] Database: scheduler; SQL: SELECT * FROM statistics WHERE  id = '23'
