[2022-11-07  06:54:02] [type: Request] [user: ] [ip: ::1] [proxy: undefined] Controller: LanguageSelection Task: getInterfaceNamesData: {}
[2022-11-07  06:54:05] [type: Request] [user: admin] [ip: ::1] [proxy: undefined] Controller: LanguageSelection Task: getInterfaceNamesData: {}
[2022-11-07  06:54:08] [type: Access] [user: admin] [ip: ::1] [proxy: undefined] http://localhost/Scheduler/pages/prints/printsSchedule.php?
[2022-11-07  06:54:08] [type: Select] [user: admin] [ip: ::1] [proxy: undefined] Database: scheduler; SQL: SELECT * FROM users_employment_periods WHERE  active = '1' and ( ( start <= '2022-11-1' and end >= '2022-11-1' ) or ( start <= '2022-11-30' and end >= '2022-11-30' )) ORDER BY sort_priority ASC, surname ASC
[2022-11-07  06:54:08] [type: Request] [user: admin] [ip: ::1] [proxy: undefined] Controller: LanguageSelection Task: getInterfaceNamesData: {}
[2022-11-07  06:54:11] [type: Request] [user: admin] [ip: ::1] [proxy: undefined] Controller: PrintsSchedule Task: generateTimesheetsData: {}
[2022-11-07  06:54:11] [type: Select] [user: admin] [ip: ::1] [proxy: undefined] Database: scheduler; SQL: SELECT * FROM days_off WHERE  active = '1' and for_all = '1' and month(date) = '11' and year(date) = '2022'
[2022-11-07  06:54:11] [type: Select] [user: admin] [ip: ::1] [proxy: undefined] Database: scheduler; SQL: SELECT * FROM days_off_user_details WHERE  username = 'admin' and month(days_off_date) = '11' and year(days_off_date) = '2022'
[2022-11-07  06:54:11] [type: Select] [user: admin] [ip: ::1] [proxy: undefined] Database: scheduler; SQL: SELECT * FROM user WHERE  username = 'admin'
[2022-11-07  06:54:11] [type: Select] [user: admin] [ip: ::1] [proxy: undefined] Database: scheduler; SQL: SELECT * FROM schedule_entries WHERE  start < '2022-11-30 23:59:59' and end > '2022-11-01 00:00:00' and username = 'admin' and active = '1' ORDER BY start ASC
[2022-11-07  06:54:11] [type: Select] [user: admin] [ip: ::1] [proxy: undefined] Database: scheduler; SQL: SELECT * FROM users_employment_periods WHERE  username = 'admin' and start <= '2022-11-30' and end >= '2022-11-1'
[2022-11-07  07:23:12] [type: Access] [user: admin] [ip: ::1] [proxy: undefined] http://localhost/Scheduler/pages/adminPanel/adminPanelUsers.php?
[2022-11-07  07:23:13] [type: Request] [user: admin] [ip: ::1] [proxy: undefined] Controller: LanguageSelection Task: getInterfaceNamesData: {}
[2022-11-07  07:23:13] [type: Request] [user: admin] [ip: ::1] [proxy: undefined] Controller: AdminPanelUsers Task: getAllUsersData: {}
[2022-11-07  07:23:13] [type: Select] [user: admin] [ip: ::1] [proxy: undefined] Database: scheduler; SQL: SELECT * FROM users_without_passwords
[2022-11-07  07:23:13] [type: Request] [user: admin] [ip: ::1] [proxy: undefined] Controller: AdminPanelUsers Task: getUserPrivilagesData: {}
[2022-11-07  07:23:13] [type: Error] [user: admin] [ip: ::1] [proxy: undefined] Call to undefined method Data\Access\Tables\PrivilageDAO::getByUserID() ;
 #0 C:\laragon\www\Scheduler\sys\classes\Controllers\AdminPanelUsers.php(45): Services\UserService->getUserPrivilages(0)
#1 C:\laragon\www\Scheduler\sys\classes\Controllers\Base\Controller.php(112): Controllers\AdminPanelUsers->getUserPrivilages()
#2 C:\laragon\www\Scheduler\sys\classes\Controllers\Base\Controller.php(89): Controllers\Base\Controller->runTask(Object(Tanweb\Request\Request))
#3 C:\laragon\www\Scheduler\sys\scripts\requests\rest.php(28): Controllers\Base\Controller->run(Object(Tanweb\Request\Request))
#4 {main}
[2022-11-07  07:23:14] [type: Request] [user: admin] [ip: ::1] [proxy: undefined] Controller: AdminPanelUsers Task: getUserEmploymentPeriodsData: {}
[2022-11-07  07:23:14] [type: Select] [user: admin] [ip: ::1] [proxy: undefined] Database: scheduler; SQL: SELECT * FROM employment WHERE  id_user = '0'
[2022-11-07  07:23:15] [type: Access] [user: admin] [ip: ::1] [proxy: undefined] http://localhost/Scheduler/pages/adminPanel/adminPanelOvertime.php?
[2022-11-07  07:23:15] [type: Request] [user: admin] [ip: ::1] [proxy: undefined] Controller: LanguageSelection Task: getInterfaceNamesData: {}
[2022-11-07  07:23:44] [type: Access] [user: admin] [ip: ::1] [proxy: undefined] http://localhost/Scheduler/pages/adminPanel/adminPanelOvertime.php?
[2022-11-07  07:23:45] [type: Request] [user: admin] [ip: ::1] [proxy: undefined] Controller: LanguageSelection Task: getInterfaceNamesData: {}
[2022-11-07  08:09:43] [type: Access] [user: admin] [ip: ::1] [proxy: undefined] http://localhost/Scheduler/pages/adminPanel/adminPanelOvertime.php?
[2022-11-07  08:10:06] [type: Access] [user: admin] [ip: ::1] [proxy: undefined] http://localhost/Scheduler/pages/adminPanel/adminPanelOvertime.php?
[2022-11-07  08:11:00] [type: Access] [user: admin] [ip: ::1] [proxy: undefined] http://localhost/Scheduler/pages/adminPanel/adminPanelOvertime.php?
[2022-11-07  08:11:14] [type: Access] [user: admin] [ip: ::1] [proxy: undefined] http://localhost/Scheduler/pages/adminPanel/adminPanelOvertime.php?
[2022-11-07  08:12:18] [type: Access] [user: admin] [ip: ::1] [proxy: undefined] http://localhost/Scheduler/pages/adminPanel/adminPanelOvertime.php?
[2022-11-07  08:19:20] [type: Access] [user: admin] [ip: ::1] [proxy: undefined] http://localhost/Scheduler/pages/adminPanel/adminPanelOvertime.php?
[2022-11-07  08:20:02] [type: Access] [user: admin] [ip: ::1] [proxy: undefined] http://localhost/Scheduler/pages/adminPanel/adminPanelOvertime.php?
[2022-11-07  08:20:08] [type: Request] [user: admin] [ip: ::1] [proxy: undefined] Controller: LanguageSelection Task: getInterfaceNamesData: {}
[2022-11-07  08:20:27] [type: Access] [user: admin] [ip: ::1] [proxy: undefined] http://localhost/Scheduler/pages/adminPanel/adminPanelOvertime.php?
[2022-11-07  08:20:28] [type: Request] [user: admin] [ip: ::1] [proxy: undefined] Controller: LanguageSelection Task: getInterfaceNamesData: {}
[2022-11-07  08:20:30] [type: Access] [user: admin] [ip: ::1] [proxy: undefined] http://localhost/Scheduler/pages/adminPanel/adminPanelOvertime.php?
[2022-11-07  08:20:30] [type: Request] [user: admin] [ip: ::1] [proxy: undefined] Controller: LanguageSelection Task: getInterfaceNamesData: {}
[2022-11-07  08:20:31] [type: Request] [user: admin] [ip: ::1] [proxy: undefined] Controller: AdminPanelOvertime Task: getOvertimeReductionsData: {}
[2022-11-07  08:20:31] [type: Select] [user: admin] [ip: ::1] [proxy: undefined] Database: scheduler; SQL: SELECT * FROM overtime_reduction_details
[2022-11-07  08:23:44] [type: Access] [user: admin] [ip: ::1] [proxy: undefined] http://localhost/Scheduler/pages/adminPanel/adminPanelOvertime.php?
[2022-11-07  08:23:44] [type: Request] [user: admin] [ip: ::1] [proxy: undefined] Controller: LanguageSelection Task: getInterfaceNamesData: {}
[2022-11-07  08:23:45] [type: Request] [user: admin] [ip: ::1] [proxy: undefined] Controller: AdminPanelOvertime Task: getOvertimeReductionsData: {}
[2022-11-07  08:23:45] [type: Select] [user: admin] [ip: ::1] [proxy: undefined] Database: scheduler; SQL: SELECT * FROM overtime_reduction_details
[2022-11-07  08:24:02] [type: Access] [user: admin] [ip: ::1] [proxy: undefined] http://localhost/Scheduler/pages/adminPanel/adminPanelOvertime.php?
[2022-11-07  08:24:02] [type: Request] [user: admin] [ip: ::1] [proxy: undefined] Controller: LanguageSelection Task: getInterfaceNamesData: {}
[2022-11-07  08:24:03] [type: Request] [user: admin] [ip: ::1] [proxy: undefined] Controller: AdminPanelOvertime Task: getOvertimeReductionsData: {}
[2022-11-07  08:24:03] [type: Select] [user: admin] [ip: ::1] [proxy: undefined] Database: scheduler; SQL: SELECT * FROM overtime_reduction_details
[2022-11-07  08:24:04] [type: Request] [user: admin] [ip: ::1] [proxy: undefined] Controller: AdminPanelOvertime Task: getOptionsData: {}
[2022-11-07  08:24:04] [type: Error] [user: admin] [ip: ::1] [proxy: undefined] Typed property Services\OvertimeService::$users must not be accessed before initialization ;
 #0 C:\laragon\www\Scheduler\sys\classes\Controllers\AdminPanelOvertime.php(36): Services\OvertimeService->getOptions()
#1 C:\laragon\www\Scheduler\sys\classes\Controllers\Base\Controller.php(112): Controllers\AdminPanelOvertime->getOptions()
#2 C:\laragon\www\Scheduler\sys\classes\Controllers\Base\Controller.php(89): Controllers\Base\Controller->runTask(Object(Tanweb\Request\Request))
#3 C:\laragon\www\Scheduler\sys\scripts\requests\rest.php(28): Controllers\Base\Controller->run(Object(Tanweb\Request\Request))
#4 {main}
[2022-11-07  08:24:33] [type: Request] [user: admin] [ip: ::1] [proxy: undefined] Controller: AdminPanelOvertime Task: getOptionsData: {}
[2022-11-07  08:24:33] [type: Select] [user: admin] [ip: ::1] [proxy: undefined] Database: scheduler; SQL: SELECT * FROM users_without_passwords WHERE  active = '1'
[2022-11-07  08:27:21] [type: Access] [user: admin] [ip: ::1] [proxy: undefined] http://localhost/Scheduler/pages/adminPanel/adminPanelOvertime.php?
[2022-11-07  08:27:21] [type: Request] [user: admin] [ip: ::1] [proxy: undefined] Controller: LanguageSelection Task: getInterfaceNamesData: {}
[2022-11-07  08:27:21] [type: Request] [user: admin] [ip: ::1] [proxy: undefined] Controller: AdminPanelOvertime Task: getOvertimeReductionsData: {}
[2022-11-07  08:27:21] [type: Select] [user: admin] [ip: ::1] [proxy: undefined] Database: scheduler; SQL: SELECT * FROM overtime_reduction_details
[2022-11-07  08:27:22] [type: Request] [user: admin] [ip: ::1] [proxy: undefined] Controller: AdminPanelOvertime Task: getOptionsData: {}
[2022-11-07  08:27:22] [type: Select] [user: admin] [ip: ::1] [proxy: undefined] Database: scheduler; SQL: SELECT * FROM users_without_passwords WHERE  active = '1'
[2022-11-07  08:27:44] [type: Access] [user: admin] [ip: ::1] [proxy: undefined] http://localhost/Scheduler/pages/adminPanel/adminPanelOvertime.php?
[2022-11-07  08:27:45] [type: Request] [user: admin] [ip: ::1] [proxy: undefined] Controller: LanguageSelection Task: getInterfaceNamesData: {}
[2022-11-07  08:27:45] [type: Request] [user: admin] [ip: ::1] [proxy: undefined] Controller: AdminPanelOvertime Task: getOvertimeReductionsData: {}
[2022-11-07  08:27:45] [type: Select] [user: admin] [ip: ::1] [proxy: undefined] Database: scheduler; SQL: SELECT * FROM overtime_reduction_details
[2022-11-07  08:27:47] [type: Access] [user: admin] [ip: ::1] [proxy: undefined] http://localhost/Scheduler/pages/adminPanel/adminPanelOvertime.php?
[2022-11-07  08:27:47] [type: Request] [user: admin] [ip: ::1] [proxy: undefined] Controller: LanguageSelection Task: getInterfaceNamesData: {}
[2022-11-07  08:27:47] [type: Request] [user: admin] [ip: ::1] [proxy: undefined] Controller: AdminPanelOvertime Task: getOvertimeReductionsData: {}
[2022-11-07  08:27:47] [type: Select] [user: admin] [ip: ::1] [proxy: undefined] Database: scheduler; SQL: SELECT * FROM overtime_reduction_details
[2022-11-07  08:27:48] [type: Access] [user: admin] [ip: ::1] [proxy: undefined] http://localhost/Scheduler/pages/adminPanel/adminPanelOvertime.php?
[2022-11-07  08:27:48] [type: Request] [user: admin] [ip: ::1] [proxy: undefined] Controller: LanguageSelection Task: getInterfaceNamesData: {}
[2022-11-07  08:27:48] [type: Request] [user: admin] [ip: ::1] [proxy: undefined] Controller: AdminPanelOvertime Task: getOvertimeReductionsData: {}
[2022-11-07  08:27:48] [type: Select] [user: admin] [ip: ::1] [proxy: undefined] Database: scheduler; SQL: SELECT * FROM overtime_reduction_details
[2022-11-07  08:27:49] [type: Request] [user: admin] [ip: ::1] [proxy: undefined] Controller: AdminPanelOvertime Task: getOptionsData: {}
[2022-11-07  08:27:49] [type: Select] [user: admin] [ip: ::1] [proxy: undefined] Database: scheduler; SQL: SELECT * FROM users_without_passwords WHERE  active = '1'
[2022-11-07  08:27:58] [type: Request] [user: admin] [ip: ::1] [proxy: undefined] Controller: AdminPanelOvertime Task: saveOvertimeReductionData: {}
[2022-11-07  08:27:58] [type: insert] [user: admin] [ip: ::1] [proxy: undefined] Database: scheduler; SQL: INSERT INTO overtime_reduction (time, month, year, id_user) VALUES ('3600000', '10', '2019', '1')
[2022-11-07  08:28:00] [type: Request] [user: admin] [ip: ::1] [proxy: undefined] Controller: AdminPanelOvertime Task: getOvertimeReductionsData: {}
[2022-11-07  08:28:00] [type: Select] [user: admin] [ip: ::1] [proxy: undefined] Database: scheduler; SQL: SELECT * FROM overtime_reduction_details
[2022-11-07  08:28:14] [type: Access] [user: admin] [ip: ::1] [proxy: undefined] http://localhost/Scheduler/pages/prints/printsSchedule.php?
[2022-11-07  08:28:14] [type: Select] [user: admin] [ip: ::1] [proxy: undefined] Database: scheduler; SQL: SELECT * FROM users_employment_periods WHERE  active = '1' and ( ( start <= '2022-11-1' and end >= '2022-11-1' ) or ( start <= '2022-11-30' and end >= '2022-11-30' )) ORDER BY sort_priority ASC, surname ASC
[2022-11-07  08:28:15] [type: Request] [user: admin] [ip: ::1] [proxy: undefined] Controller: LanguageSelection Task: getInterfaceNamesData: {}
[2022-11-07  08:28:29] [type: Access] [user: admin] [ip: ::1] [proxy: undefined] http://localhost/Scheduler/pages/schedule/scheduleAll.php?
[2022-11-07  08:28:29] [type: Request] [user: admin] [ip: ::1] [proxy: undefined] Controller: LanguageSelection Task: getInterfaceNamesData: {}
[2022-11-07  08:28:29] [type: Request] [user: admin] [ip: ::1] [proxy: undefined] Controller: ScheduleUser Task: getAllEntriesData: {}
[2022-11-07  08:28:29] [type: Select] [user: admin] [ip: ::1] [proxy: undefined] Database: scheduler; SQL: SELECT * FROM schedule_entries WHERE  start < '2022-11-10 00:00:00' and end > '2022-11-04 00:00:00' and active = '1' ORDER BY start ASC
[2022-11-07  08:28:30] [type: Request] [user: admin] [ip: ::1] [proxy: undefined] Controller: LanguageSelection Task: getPackageData: {}
[2022-11-07  08:28:32] [type: Access] [user: admin] [ip: ::1] [proxy: undefined] http://localhost/Scheduler/pages/schedule/scheduleMy.php?
[2022-11-07  08:28:32] [type: Select] [user: admin] [ip: ::1] [proxy: undefined] Database: scheduler; SQL: SELECT * FROM users_employment_periods WHERE  username = 'admin' and start < '2022-11-07' and end > '2022-11-07'
[2022-11-07  08:28:32] [type: Request] [user: admin] [ip: ::1] [proxy: undefined] Controller: LanguageSelection Task: getInterfaceNamesData: {}
[2022-11-07  08:28:32] [type: Request] [user: admin] [ip: ::1] [proxy: undefined] Controller: ScheduleUser Task: getMyEntriesData: {}
[2022-11-07  08:28:32] [type: Select] [user: admin] [ip: ::1] [proxy: undefined] Database: scheduler; SQL: SELECT * FROM user WHERE  username = 'admin'
[2022-11-07  08:28:32] [type: Select] [user: admin] [ip: ::1] [proxy: undefined] Database: scheduler; SQL: SELECT * FROM schedule_entries WHERE  start < '2022-11-10 00:00:00' and end > '2022-11-04 00:00:00' and id_user = '1' and active = '1' ORDER BY start ASC
[2022-11-07  08:28:41] [type: Request] [user: admin] [ip: ::1] [proxy: undefined] Controller: ScheduleUser Task: getMyEntriesData: {}
[2022-11-07  08:28:41] [type: Select] [user: admin] [ip: ::1] [proxy: undefined] Database: scheduler; SQL: SELECT * FROM user WHERE  username = 'admin'
[2022-11-07  08:28:41] [type: Select] [user: admin] [ip: ::1] [proxy: undefined] Database: scheduler; SQL: SELECT * FROM schedule_entries WHERE  start < '2022-09-10 00:00:00' and end > '2022-09-04 00:00:00' and id_user = '1' and active = '1' ORDER BY start ASC
[2022-11-07  08:28:44] [type: Request] [user: admin] [ip: ::1] [proxy: undefined] Controller: ScheduleUser Task: getActivitiesForGroupData: {}
[2022-11-07  08:28:44] [type: Select] [user: admin] [ip: ::1] [proxy: undefined] Database: scheduler; SQL: SELECT * FROM activity WHERE  activity_group = 'Praca biurowa'
[2022-11-07  08:28:46] [type: Request] [user: admin] [ip: ::1] [proxy: undefined] Controller: ScheduleUser Task: getLocationTypesForActivityData: {}
[2022-11-07  08:28:46] [type: Select] [user: admin] [ip: ::1] [proxy: undefined] Database: scheduler; SQL: SELECT * FROM activity_location_type_details WHERE  active = '1' and id_activity = '9'
[2022-11-07  08:28:47] [type: Request] [user: admin] [ip: ::1] [proxy: undefined] Controller: ScheduleUser Task: getLocationsForTypeData: {}
[2022-11-07  08:28:47] [type: Select] [user: admin] [ip: ::1] [proxy: undefined] Database: scheduler; SQL: SELECT * FROM location WHERE  active = '1' and id_location_type = '12'
[2022-11-07  08:29:00] [type: Request] [user: admin] [ip: ::1] [proxy: undefined] Controller: ScheduleUser Task: saveEntryData: {}
[2022-11-07  08:29:00] [type: Select] [user: admin] [ip: ::1] [proxy: undefined] Database: scheduler; SQL: SELECT * FROM user WHERE  username = 'admin'
[2022-11-07  08:29:00] [type: insert] [user: admin] [ip: ::1] [proxy: undefined] Database: scheduler; SQL: INSERT INTO schedule (start, end, id_user, id_activity, id_location) VALUES ('2022-09-07 07:30', '2022-09-07 22:30', '1', '9', '12')
[2022-11-07  08:29:02] [type: Request] [user: admin] [ip: ::1] [proxy: undefined] Controller: ScheduleUser Task: getMyEntriesData: {}
[2022-11-07  08:29:02] [type: Select] [user: admin] [ip: ::1] [proxy: undefined] Database: scheduler; SQL: SELECT * FROM user WHERE  username = 'admin'
[2022-11-07  08:29:02] [type: Select] [user: admin] [ip: ::1] [proxy: undefined] Database: scheduler; SQL: SELECT * FROM schedule_entries WHERE  start < '2022-09-10 00:00:00' and end > '2022-09-04 00:00:00' and id_user = '1' and active = '1' ORDER BY start ASC
[2022-11-07  08:29:05] [type: Request] [user: admin] [ip: ::1] [proxy: undefined] Controller: PrintsSchedule Task: generateTimesheetsData: {}
[2022-11-07  08:29:05] [type: Select] [user: admin] [ip: ::1] [proxy: undefined] Database: scheduler; SQL: SELECT * FROM days_off WHERE  active = '1' and for_all = '1' and month(date) = '11' and year(date) = '2022'
[2022-11-07  08:29:05] [type: Select] [user: admin] [ip: ::1] [proxy: undefined] Database: scheduler; SQL: SELECT * FROM days_off_user_details WHERE  username = 'admin' and month(days_off_date) = '11' and year(days_off_date) = '2022'
[2022-11-07  08:29:05] [type: Select] [user: admin] [ip: ::1] [proxy: undefined] Database: scheduler; SQL: SELECT * FROM user WHERE  username = 'admin'
[2022-11-07  08:29:05] [type: Select] [user: admin] [ip: ::1] [proxy: undefined] Database: scheduler; SQL: SELECT * FROM schedule_entries WHERE  start < '2022-11-30 23:59:59' and end > '2022-11-01 00:00:00' and username = 'admin' and active = '1' ORDER BY start ASC
[2022-11-07  08:29:05] [type: Select] [user: admin] [ip: ::1] [proxy: undefined] Database: scheduler; SQL: SELECT * FROM users_employment_periods WHERE  username = 'admin' and start <= '2022-11-30' and end >= '2022-11-1'
[2022-11-07  08:29:30] [type: Access] [user: admin] [ip: ::1] [proxy: undefined] http://localhost/Scheduler/pages/prints/printsSchedule.php?
[2022-11-07  08:29:30] [type: Select] [user: admin] [ip: ::1] [proxy: undefined] Database: scheduler; SQL: SELECT * FROM users_employment_periods WHERE  active = '1' and ( ( start <= '2022-11-1' and end >= '2022-11-1' ) or ( start <= '2022-11-30' and end >= '2022-11-30' )) ORDER BY sort_priority ASC, surname ASC
[2022-11-07  08:29:31] [type: Request] [user: admin] [ip: ::1] [proxy: undefined] Controller: LanguageSelection Task: getInterfaceNamesData: {}
[2022-11-07  08:29:33] [type: Request] [user: admin] [ip: ::1] [proxy: undefined] Controller: PrintsSchedule Task: getUsersData: {}
[2022-11-07  08:29:33] [type: Select] [user: admin] [ip: ::1] [proxy: undefined] Database: scheduler; SQL: SELECT * FROM users_employment_periods WHERE  active = '1' and ( ( start <= '2022-10-1' and end >= '2022-10-1' ) or ( start <= '2022-10-31' and end >= '2022-10-31' )) ORDER BY sort_priority ASC, surname ASC
[2022-11-07  08:29:35] [type: Request] [user: admin] [ip: ::1] [proxy: undefined] Controller: PrintsSchedule Task: getUsersData: {}
[2022-11-07  08:29:35] [type: Select] [user: admin] [ip: ::1] [proxy: undefined] Database: scheduler; SQL: SELECT * FROM users_employment_periods WHERE  active = '1' and ( ( start <= '2022-9-1' and end >= '2022-9-1' ) or ( start <= '2022-09-30' and end >= '2022-09-30' )) ORDER BY sort_priority ASC, surname ASC
[2022-11-07  08:29:36] [type: Request] [user: admin] [ip: ::1] [proxy: undefined] Controller: PrintsSchedule Task: generateTimesheetsData: {}
[2022-11-07  08:29:36] [type: Select] [user: admin] [ip: ::1] [proxy: undefined] Database: scheduler; SQL: SELECT * FROM days_off WHERE  active = '1' and for_all = '1' and month(date) = '9' and year(date) = '2022'
[2022-11-07  08:29:36] [type: Select] [user: admin] [ip: ::1] [proxy: undefined] Database: scheduler; SQL: SELECT * FROM days_off_user_details WHERE  username = 'admin' and month(days_off_date) = '9' and year(days_off_date) = '2022'
[2022-11-07  08:29:36] [type: Select] [user: admin] [ip: ::1] [proxy: undefined] Database: scheduler; SQL: SELECT * FROM user WHERE  username = 'admin'
[2022-11-07  08:29:36] [type: Select] [user: admin] [ip: ::1] [proxy: undefined] Database: scheduler; SQL: SELECT * FROM schedule_entries WHERE  start < '2022-09-30 23:59:59' and end > '2022-09-01 00:00:00' and username = 'admin' and active = '1' ORDER BY start ASC
[2022-11-07  08:29:36] [type: Select] [user: admin] [ip: ::1] [proxy: undefined] Database: scheduler; SQL: SELECT * FROM users_employment_periods WHERE  username = 'admin' and start <= '2022-09-30' and end >= '2022-9-1'
[2022-11-07  08:30:55] [type: Request] [user: admin] [ip: ::1] [proxy: undefined] Controller: PrintsSchedule Task: generateTimesheetsData: {}
[2022-11-07  08:30:55] [type: Select] [user: admin] [ip: ::1] [proxy: undefined] Database: scheduler; SQL: SELECT * FROM days_off WHERE  active = '1' and for_all = '1' and month(date) = '9' and year(date) = '2022'
[2022-11-07  08:30:55] [type: Select] [user: admin] [ip: ::1] [proxy: undefined] Database: scheduler; SQL: SELECT * FROM days_off_user_details WHERE  username = 'admin' and month(days_off_date) = '9' and year(days_off_date) = '2022'
[2022-11-07  08:30:55] [type: Select] [user: admin] [ip: ::1] [proxy: undefined] Database: scheduler; SQL: SELECT * FROM user WHERE  username = 'admin'
[2022-11-07  08:30:55] [type: Select] [user: admin] [ip: ::1] [proxy: undefined] Database: scheduler; SQL: SELECT * FROM schedule_entries WHERE  start < '2022-09-30 23:59:59' and end > '2022-09-01 00:00:00' and username = 'admin' and active = '1' ORDER BY start ASC
[2022-11-07  08:30:55] [type: Select] [user: admin] [ip: ::1] [proxy: undefined] Database: scheduler; SQL: SELECT * FROM users_employment_periods WHERE  username = 'admin' and start <= '2022-09-30' and end >= '2022-9-1'
[2022-11-07  08:31:11] [type: Request] [user: admin] [ip: ::1] [proxy: undefined] Controller: PrintsSchedule Task: generateTimesheetsData: {}
[2022-11-07  08:31:11] [type: Select] [user: admin] [ip: ::1] [proxy: undefined] Database: scheduler; SQL: SELECT * FROM days_off WHERE  active = '1' and for_all = '1' and month(date) = '9' and year(date) = '2022'
[2022-11-07  08:31:11] [type: Select] [user: admin] [ip: ::1] [proxy: undefined] Database: scheduler; SQL: SELECT * FROM days_off_user_details WHERE  username = 'admin' and month(days_off_date) = '9' and year(days_off_date) = '2022'
[2022-11-07  08:31:11] [type: Select] [user: admin] [ip: ::1] [proxy: undefined] Database: scheduler; SQL: SELECT * FROM user WHERE  username = 'admin'
[2022-11-07  08:31:11] [type: Select] [user: admin] [ip: ::1] [proxy: undefined] Database: scheduler; SQL: SELECT * FROM schedule_entries WHERE  start < '2022-09-30 23:59:59' and end > '2022-09-01 00:00:00' and username = 'admin' and active = '1' ORDER BY start ASC
[2022-11-07  08:31:11] [type: Select] [user: admin] [ip: ::1] [proxy: undefined] Database: scheduler; SQL: SELECT * FROM users_employment_periods WHERE  username = 'admin' and start <= '2022-09-30' and end >= '2022-9-1'
[2022-11-07  08:31:20] [type: Request] [user: admin] [ip: ::1] [proxy: undefined] Controller: PrintsSchedule Task: generateTimesheetsData: {}
[2022-11-07  08:31:20] [type: Select] [user: admin] [ip: ::1] [proxy: undefined] Database: scheduler; SQL: SELECT * FROM days_off WHERE  active = '1' and for_all = '1' and month(date) = '9' and year(date) = '2022'
[2022-11-07  08:31:20] [type: Select] [user: admin] [ip: ::1] [proxy: undefined] Database: scheduler; SQL: SELECT * FROM days_off_user_details WHERE  username = 'admin' and month(days_off_date) = '9' and year(days_off_date) = '2022'
[2022-11-07  08:31:20] [type: Select] [user: admin] [ip: ::1] [proxy: undefined] Database: scheduler; SQL: SELECT * FROM user WHERE  username = 'admin'
[2022-11-07  08:31:20] [type: Select] [user: admin] [ip: ::1] [proxy: undefined] Database: scheduler; SQL: SELECT * FROM schedule_entries WHERE  start < '2022-09-30 23:59:59' and end > '2022-09-01 00:00:00' and username = 'admin' and active = '1' ORDER BY start ASC
[2022-11-07  08:31:20] [type: Select] [user: admin] [ip: ::1] [proxy: undefined] Database: scheduler; SQL: SELECT * FROM users_employment_periods WHERE  username = 'admin' and start <= '2022-09-30' and end >= '2022-9-1'
[2022-11-07  08:31:36] [type: Request] [user: admin] [ip: ::1] [proxy: undefined] Controller: PrintsSchedule Task: generateTimesheetsData: {}
[2022-11-07  08:31:36] [type: Select] [user: admin] [ip: ::1] [proxy: undefined] Database: scheduler; SQL: SELECT * FROM days_off WHERE  active = '1' and for_all = '1' and month(date) = '9' and year(date) = '2022'
[2022-11-07  08:31:36] [type: Select] [user: admin] [ip: ::1] [proxy: undefined] Database: scheduler; SQL: SELECT * FROM days_off_user_details WHERE  username = 'admin' and month(days_off_date) = '9' and year(days_off_date) = '2022'
[2022-11-07  08:31:36] [type: Select] [user: admin] [ip: ::1] [proxy: undefined] Database: scheduler; SQL: SELECT * FROM user WHERE  username = 'admin'
[2022-11-07  08:31:36] [type: Select] [user: admin] [ip: ::1] [proxy: undefined] Database: scheduler; SQL: SELECT * FROM schedule_entries WHERE  start < '2022-09-30 23:59:59' and end > '2022-09-01 00:00:00' and username = 'admin' and active = '1' ORDER BY start ASC
[2022-11-07  08:31:36] [type: Select] [user: admin] [ip: ::1] [proxy: undefined] Database: scheduler; SQL: SELECT * FROM users_employment_periods WHERE  username = 'admin' and start <= '2022-09-30' and end >= '2022-9-1'
[2022-11-07  08:31:47] [type: Error] [user: admin] [ip: ::1] [proxy: undefined] Object of class Custom\File\Tools\Timesheets\TimesheetData could not be converted to string ;
 #0 C:\laragon\www\Scheduler\sys\classes\Custom\File\Tools\Timesheets\TimesheetData.php(65): Custom\File\Tools\Timesheets\TimesheetData->calculatePreviousOvertime()
#1 C:\laragon\www\Scheduler\sys\classes\Custom\File\Timesheets.php(37): Custom\File\Tools\Timesheets\TimesheetData->__construct(9, 2022, 'admin')
#2 C:\laragon\www\Scheduler\sys\classes\Custom\File\Timesheets.php(42): Custom\File\Timesheets->__construct(9, 2022, 'admin')
#3 C:\laragon\www\Scheduler\sys\classes\Services\PrintsService.php(30): Custom\File\Timesheets::generate(9, 2022, 'admin')
#4 C:\laragon\www\Scheduler\sys\classes\Controllers\PrintsSchedule.php(61): Services\PrintsService->generateTimesheetsForUser('admin', 9, 2022)
#5 C:\laragon\www\Scheduler\sys\classes\Controllers\Base\Controller.php(112): Controllers\PrintsSchedule->generateTimesheets()
#6 C:\laragon\www\Scheduler\sys\classes\Controllers\Base\Controller.php(89): Controllers\Base\Controller->runTask(Object(Tanweb\Request\Request))
#7 C:\laragon\www\Scheduler\sys\scripts\requests\file.php(29): Controllers\Base\Controller->run(Object(Tanweb\Request\Request))
#8 {main}
[2022-11-07  08:32:01] [type: Request] [user: admin] [ip: ::1] [proxy: undefined] Controller: PrintsSchedule Task: generateTimesheetsData: {}
[2022-11-07  08:32:01] [type: Select] [user: admin] [ip: ::1] [proxy: undefined] Database: scheduler; SQL: SELECT * FROM days_off WHERE  active = '1' and for_all = '1' and month(date) = '9' and year(date) = '2022'
[2022-11-07  08:32:01] [type: Select] [user: admin] [ip: ::1] [proxy: undefined] Database: scheduler; SQL: SELECT * FROM days_off_user_details WHERE  username = 'admin' and month(days_off_date) = '9' and year(days_off_date) = '2022'
[2022-11-07  08:32:01] [type: Select] [user: admin] [ip: ::1] [proxy: undefined] Database: scheduler; SQL: SELECT * FROM user WHERE  username = 'admin'
[2022-11-07  08:32:01] [type: Select] [user: admin] [ip: ::1] [proxy: undefined] Database: scheduler; SQL: SELECT * FROM schedule_entries WHERE  start < '2022-09-30 23:59:59' and end > '2022-09-01 00:00:00' and username = 'admin' and active = '1' ORDER BY start ASC
[2022-11-07  08:32:01] [type: Select] [user: admin] [ip: ::1] [proxy: undefined] Database: scheduler; SQL: SELECT * FROM users_employment_periods WHERE  username = 'admin' and start <= '2022-09-30' and end >= '2022-9-1'
[2022-11-07  08:32:44] [type: Error] [user: admin] [ip: ::1] [proxy: undefined] Object of class Custom\File\Tools\Timesheets\TimesheetData could not be converted to string ;
 #0 C:\laragon\www\Scheduler\sys\classes\Custom\File\Tools\Timesheets\TimesheetData.php(65): Custom\File\Tools\Timesheets\TimesheetData->calculatePreviousOvertime()
#1 C:\laragon\www\Scheduler\sys\classes\Custom\File\Timesheets.php(37): Custom\File\Tools\Timesheets\TimesheetData->__construct(9, 2022, 'admin')
#2 C:\laragon\www\Scheduler\sys\classes\Custom\File\Timesheets.php(42): Custom\File\Timesheets->__construct(9, 2022, 'admin')
#3 C:\laragon\www\Scheduler\sys\classes\Services\PrintsService.php(30): Custom\File\Timesheets::generate(9, 2022, 'admin')
#4 C:\laragon\www\Scheduler\sys\classes\Controllers\PrintsSchedule.php(61): Services\PrintsService->generateTimesheetsForUser('admin', 9, 2022)
#5 C:\laragon\www\Scheduler\sys\classes\Controllers\Base\Controller.php(112): Controllers\PrintsSchedule->generateTimesheets()
#6 C:\laragon\www\Scheduler\sys\classes\Controllers\Base\Controller.php(89): Controllers\Base\Controller->runTask(Object(Tanweb\Request\Request))
#7 C:\laragon\www\Scheduler\sys\scripts\requests\file.php(29): Controllers\Base\Controller->run(Object(Tanweb\Request\Request))
#8 {main}
[2022-11-07  08:33:03] [type: Request] [user: admin] [ip: ::1] [proxy: undefined] Controller: PrintsSchedule Task: generateTimesheetsData: {}
[2022-11-07  08:33:03] [type: Select] [user: admin] [ip: ::1] [proxy: undefined] Database: scheduler; SQL: SELECT * FROM days_off WHERE  active = '1' and for_all = '1' and month(date) = '9' and year(date) = '2022'
[2022-11-07  08:33:03] [type: Select] [user: admin] [ip: ::1] [proxy: undefined] Database: scheduler; SQL: SELECT * FROM days_off_user_details WHERE  username = 'admin' and month(days_off_date) = '9' and year(days_off_date) = '2022'
[2022-11-07  08:33:03] [type: Select] [user: admin] [ip: ::1] [proxy: undefined] Database: scheduler; SQL: SELECT * FROM user WHERE  username = 'admin'
[2022-11-07  08:33:03] [type: Select] [user: admin] [ip: ::1] [proxy: undefined] Database: scheduler; SQL: SELECT * FROM schedule_entries WHERE  start < '2022-09-30 23:59:59' and end > '2022-09-01 00:00:00' and username = 'admin' and active = '1' ORDER BY start ASC
[2022-11-07  08:33:03] [type: Select] [user: admin] [ip: ::1] [proxy: undefined] Database: scheduler; SQL: SELECT * FROM users_employment_periods WHERE  username = 'admin' and start <= '2022-09-30' and end >= '2022-9-1'
[2022-11-07  08:33:03] [type: Select] [user: admin] [ip: ::1] [proxy: undefined] Database: scheduler; SQL: SELECT * FROM schedule_entries WHERE  start < '2022-08-30 23:59:59' and end > '2022-01-01 00:00:00' and username = 'admin' and active = '1' ORDER BY start ASC
[2022-11-07  08:33:03] [type: Select] [user: admin] [ip: ::1] [proxy: undefined] Database: scheduler; SQL: SELECT * FROM users_employment_periods WHERE  active = '1' and start <= '2022-08-30' and end >= '2022-01-01' and username = 'admin' ORDER BY start ASC
[2022-11-07  08:33:27] [type: Request] [user: admin] [ip: ::1] [proxy: undefined] Controller: PrintsSchedule Task: generateTimesheetsData: {}
[2022-11-07  08:33:27] [type: Select] [user: admin] [ip: ::1] [proxy: undefined] Database: scheduler; SQL: SELECT * FROM days_off WHERE  active = '1' and for_all = '1' and month(date) = '9' and year(date) = '2022'
[2022-11-07  08:33:27] [type: Select] [user: admin] [ip: ::1] [proxy: undefined] Database: scheduler; SQL: SELECT * FROM days_off_user_details WHERE  username = 'admin' and month(days_off_date) = '9' and year(days_off_date) = '2022'
[2022-11-07  08:33:27] [type: Select] [user: admin] [ip: ::1] [proxy: undefined] Database: scheduler; SQL: SELECT * FROM user WHERE  username = 'admin'
[2022-11-07  08:33:27] [type: Select] [user: admin] [ip: ::1] [proxy: undefined] Database: scheduler; SQL: SELECT * FROM schedule_entries WHERE  start < '2022-09-30 23:59:59' and end > '2022-09-01 00:00:00' and username = 'admin' and active = '1' ORDER BY start ASC
[2022-11-07  08:33:27] [type: Select] [user: admin] [ip: ::1] [proxy: undefined] Database: scheduler; SQL: SELECT * FROM users_employment_periods WHERE  username = 'admin' and start <= '2022-09-30' and end >= '2022-9-1'
[2022-11-07  08:33:38] [type: Select] [user: admin] [ip: ::1] [proxy: undefined] Database: scheduler; SQL: SELECT * FROM schedule_entries WHERE  start < '2022-08-30 23:59:59' and end > '2022-01-01 00:00:00' and username = 'admin' and active = '1' ORDER BY start ASC
[2022-11-07  08:33:54] [type: Select] [user: admin] [ip: ::1] [proxy: undefined] Database: scheduler; SQL: SELECT * FROM users_employment_periods WHERE  active = '1' and start <= '2022-08-30' and end >= '2022-01-01' and username = 'admin' ORDER BY start ASC
[2022-11-07  08:34:05] [type: Request] [user: admin] [ip: ::1] [proxy: undefined] Controller: PrintsSchedule Task: generateTimesheetsData: {}
[2022-11-07  08:34:05] [type: Select] [user: admin] [ip: ::1] [proxy: undefined] Database: scheduler; SQL: SELECT * FROM days_off WHERE  active = '1' and for_all = '1' and month(date) = '9' and year(date) = '2022'
[2022-11-07  08:34:05] [type: Select] [user: admin] [ip: ::1] [proxy: undefined] Database: scheduler; SQL: SELECT * FROM days_off_user_details WHERE  username = 'admin' and month(days_off_date) = '9' and year(days_off_date) = '2022'
[2022-11-07  08:34:05] [type: Select] [user: admin] [ip: ::1] [proxy: undefined] Database: scheduler; SQL: SELECT * FROM user WHERE  username = 'admin'
[2022-11-07  08:34:05] [type: Select] [user: admin] [ip: ::1] [proxy: undefined] Database: scheduler; SQL: SELECT * FROM schedule_entries WHERE  start < '2022-09-30 23:59:59' and end > '2022-09-01 00:00:00' and username = 'admin' and active = '1' ORDER BY start ASC
[2022-11-07  08:34:05] [type: Select] [user: admin] [ip: ::1] [proxy: undefined] Database: scheduler; SQL: SELECT * FROM users_employment_periods WHERE  username = 'admin' and start <= '2022-09-30' and end >= '2022-9-1'
[2022-11-07  08:34:09] [type: Select] [user: admin] [ip: ::1] [proxy: undefined] Database: scheduler; SQL: SELECT * FROM schedule_entries WHERE  start < '2022-08-30 23:59:59' and end > '2022-01-01 00:00:00' and username = 'admin' and active = '1' ORDER BY start ASC
[2022-11-07  08:34:09] [type: Select] [user: admin] [ip: ::1] [proxy: undefined] Database: scheduler; SQL: SELECT * FROM users_employment_periods WHERE  active = '1' and start <= '2022-08-30' and end >= '2022-01-01' and username = 'admin' ORDER BY start ASC
[2022-11-07  08:46:22] [type: Request] [user: admin] [ip: ::1] [proxy: undefined] Controller: PrintsSchedule Task: generateTimesheetsData: {}
[2022-11-07  08:46:22] [type: Select] [user: admin] [ip: ::1] [proxy: undefined] Database: scheduler; SQL: SELECT * FROM days_off WHERE  active = '1' and for_all = '1' and month(date) = '9' and year(date) = '2022'
[2022-11-07  08:46:22] [type: Select] [user: admin] [ip: ::1] [proxy: undefined] Database: scheduler; SQL: SELECT * FROM days_off_user_details WHERE  username = 'admin' and month(days_off_date) = '9' and year(days_off_date) = '2022'
[2022-11-07  08:46:22] [type: Select] [user: admin] [ip: ::1] [proxy: undefined] Database: scheduler; SQL: SELECT * FROM user WHERE  username = 'admin'
[2022-11-07  08:46:22] [type: Select] [user: admin] [ip: ::1] [proxy: undefined] Database: scheduler; SQL: SELECT * FROM schedule_entries WHERE  start < '2022-09-30 23:59:59' and end > '2022-09-01 00:00:00' and username = 'admin' and active = '1' ORDER BY start ASC
[2022-11-07  08:46:22] [type: Select] [user: admin] [ip: ::1] [proxy: undefined] Database: scheduler; SQL: SELECT * FROM users_employment_periods WHERE  username = 'admin' and start <= '2022-09-30' and end >= '2022-9-1'
[2022-11-07  08:46:26] [type: Select] [user: admin] [ip: ::1] [proxy: undefined] Database: scheduler; SQL: SELECT * FROM schedule_entries WHERE  start < '2022-08-30 23:59:59' and end > '2022-01-01 00:00:00' and username = 'admin' and active = '1' ORDER BY start ASC
[2022-11-07  08:46:26] [type: Select] [user: admin] [ip: ::1] [proxy: undefined] Database: scheduler; SQL: SELECT * FROM users_employment_periods WHERE  active = '1' and start <= '2022-08-30' and end >= '2022-01-01' and username = 'admin' ORDER BY start ASC
[2022-11-07  08:47:06] [type: Request] [user: admin] [ip: ::1] [proxy: undefined] Controller: PrintsSchedule Task: generateTimesheetsData: {}
[2022-11-07  08:47:06] [type: Select] [user: admin] [ip: ::1] [proxy: undefined] Database: scheduler; SQL: SELECT * FROM days_off WHERE  active = '1' and for_all = '1' and month(date) = '9' and year(date) = '2022'
[2022-11-07  08:47:06] [type: Select] [user: admin] [ip: ::1] [proxy: undefined] Database: scheduler; SQL: SELECT * FROM days_off_user_details WHERE  username = 'admin' and month(days_off_date) = '9' and year(days_off_date) = '2022'
[2022-11-07  08:47:06] [type: Select] [user: admin] [ip: ::1] [proxy: undefined] Database: scheduler; SQL: SELECT * FROM user WHERE  username = 'admin'
[2022-11-07  08:47:06] [type: Select] [user: admin] [ip: ::1] [proxy: undefined] Database: scheduler; SQL: SELECT * FROM schedule_entries WHERE  start < '2022-09-30 23:59:59' and end > '2022-09-01 00:00:00' and username = 'admin' and active = '1' ORDER BY start ASC
[2022-11-07  08:47:06] [type: Select] [user: admin] [ip: ::1] [proxy: undefined] Database: scheduler; SQL: SELECT * FROM users_employment_periods WHERE  username = 'admin' and start <= '2022-09-30' and end >= '2022-9-1'
[2022-11-07  08:47:09] [type: Select] [user: admin] [ip: ::1] [proxy: undefined] Database: scheduler; SQL: SELECT * FROM schedule_entries WHERE  start < '2022-08-30 23:59:59' and end > '2022-01-01 00:00:00' and username = 'admin' and active = '1' ORDER BY start ASC
[2022-11-07  08:47:09] [type: Select] [user: admin] [ip: ::1] [proxy: undefined] Database: scheduler; SQL: SELECT * FROM users_employment_periods WHERE  active = '1' and start <= '2022-08-30' and end >= '2022-01-01' and username = 'admin' ORDER BY start ASC
[2022-11-07  08:48:24] [type: Access] [user: admin] [ip: ::1] [proxy: undefined] http://localhost/Scheduler/pages/adminPanel/adminPanelUsers.php?
[2022-11-07  08:48:25] [type: Request] [user: admin] [ip: ::1] [proxy: undefined] Controller: LanguageSelection Task: getInterfaceNamesData: {}
[2022-11-07  08:48:25] [type: Request] [user: admin] [ip: ::1] [proxy: undefined] Controller: AdminPanelUsers Task: getAllUsersData: {}
[2022-11-07  08:48:25] [type: Select] [user: admin] [ip: ::1] [proxy: undefined] Database: scheduler; SQL: SELECT * FROM users_without_passwords
[2022-11-07  08:48:25] [type: Request] [user: admin] [ip: ::1] [proxy: undefined] Controller: AdminPanelUsers Task: getUserPrivilagesData: {}
[2022-11-07  08:48:25] [type: Error] [user: admin] [ip: ::1] [proxy: undefined] Call to undefined method Data\Access\Tables\PrivilageDAO::getByUserID() ;
 #0 C:\laragon\www\Scheduler\sys\classes\Controllers\AdminPanelUsers.php(45): Services\UserService->getUserPrivilages(0)
#1 C:\laragon\www\Scheduler\sys\classes\Controllers\Base\Controller.php(112): Controllers\AdminPanelUsers->getUserPrivilages()
#2 C:\laragon\www\Scheduler\sys\classes\Controllers\Base\Controller.php(89): Controllers\Base\Controller->runTask(Object(Tanweb\Request\Request))
#3 C:\laragon\www\Scheduler\sys\scripts\requests\rest.php(28): Controllers\Base\Controller->run(Object(Tanweb\Request\Request))
#4 {main}
[2022-11-07  08:48:26] [type: Request] [user: admin] [ip: ::1] [proxy: undefined] Controller: AdminPanelUsers Task: getUserEmploymentPeriodsData: {}
[2022-11-07  08:48:26] [type: Select] [user: admin] [ip: ::1] [proxy: undefined] Database: scheduler; SQL: SELECT * FROM employment WHERE  id_user = '0'
[2022-11-07  08:48:26] [type: Access] [user: admin] [ip: ::1] [proxy: undefined] http://localhost/Scheduler/pages/adminPanel/adminPanelActivity.php?
[2022-11-07  08:48:27] [type: Request] [user: admin] [ip: ::1] [proxy: undefined] Controller: LanguageSelection Task: getInterfaceNamesData: {}
[2022-11-07  08:48:27] [type: Request] [user: admin] [ip: ::1] [proxy: undefined] Controller: AdminPanelActivity Task: getActivitiesData: {}
[2022-11-07  08:48:27] [type: Select] [user: admin] [ip: ::1] [proxy: undefined] Database: scheduler; SQL: SELECT * FROM activity
[2022-11-07  08:48:28] [type: Request] [user: admin] [ip: ::1] [proxy: undefined] Controller: AdminPanelActivity Task: getLocationTypesData: {}
[2022-11-07  08:48:28] [type: Select] [user: admin] [ip: ::1] [proxy: undefined] Database: scheduler; SQL: SELECT * FROM location_type
[2022-11-07  08:48:31] [type: Request] [user: admin] [ip: ::1] [proxy: undefined] Controller: AdminPanelActivity Task: getLocationTypesForActivityData: {}
[2022-11-07  08:48:31] [type: Select] [user: admin] [ip: ::1] [proxy: undefined] Database: scheduler; SQL: SELECT * FROM activity_location_type_details WHERE  active = '1' and id_activity = '9'
[2022-11-07  08:48:32] [type: Request] [user: admin] [ip: ::1] [proxy: undefined] Controller: AdminPanelActivity Task: getActivityDetailsData: {}
[2022-11-07  08:48:36] [type: Request] [user: admin] [ip: ::1] [proxy: undefined] Controller: AdminPanelActivity Task: saveActivityData: {}
[2022-11-07  08:48:36] [type: Select] [user: admin] [ip: ::1] [proxy: undefined] Database: scheduler; SQL: SELECT * FROM activity WHERE  id = '9'
[2022-11-07  08:48:36] [type: update] [user: admin] [ip: ::1] [proxy: undefined] Database: scheduler; SQL: UPDATE activity SET active='1', worktime_record_row='0', workcard_display='1', allow_location_input='0', require_document='0', overtime_action='generates' WHERE id = '9'
[2022-11-07  08:48:38] [type: Request] [user: admin] [ip: ::1] [proxy: undefined] Controller: AdminPanelActivity Task: getActivitiesData: {}
[2022-11-07  08:48:38] [type: Select] [user: admin] [ip: ::1] [proxy: undefined] Database: scheduler; SQL: SELECT * FROM activity
[2022-11-07  08:48:40] [type: Request] [user: admin] [ip: ::1] [proxy: undefined] Controller: AdminPanelActivity Task: getLocationTypesForActivityData: {}
[2022-11-07  08:48:40] [type: Select] [user: admin] [ip: ::1] [proxy: undefined] Database: scheduler; SQL: SELECT * FROM activity_location_type_details WHERE  active = '1' and id_activity = '2'
[2022-11-07  08:48:42] [type: Request] [user: admin] [ip: ::1] [proxy: undefined] Controller: AdminPanelActivity Task: getActivityDetailsData: {}
[2022-11-07  08:48:45] [type: Request] [user: admin] [ip: ::1] [proxy: undefined] Controller: AdminPanelActivity Task: saveActivityData: {}
[2022-11-07  08:48:45] [type: Select] [user: admin] [ip: ::1] [proxy: undefined] Database: scheduler; SQL: SELECT * FROM activity WHERE  id = '2'
[2022-11-07  08:48:45] [type: update] [user: admin] [ip: ::1] [proxy: undefined] Database: scheduler; SQL: UPDATE activity SET active='1', worktime_record_row='1', workcard_display='1', allow_location_input='0', require_document='1', overtime_action='generates' WHERE id = '2'
[2022-11-07  08:48:46] [type: Request] [user: admin] [ip: ::1] [proxy: undefined] Controller: AdminPanelActivity Task: getActivitiesData: {}
[2022-11-07  08:48:46] [type: Select] [user: admin] [ip: ::1] [proxy: undefined] Database: scheduler; SQL: SELECT * FROM activity
[2022-11-07  08:48:47] [type: Request] [user: admin] [ip: ::1] [proxy: undefined] Controller: AdminPanelActivity Task: getLocationTypesForActivityData: {}
[2022-11-07  08:48:47] [type: Select] [user: admin] [ip: ::1] [proxy: undefined] Database: scheduler; SQL: SELECT * FROM activity_location_type_details WHERE  active = '1' and id_activity = '3'
[2022-11-07  08:48:48] [type: Request] [user: admin] [ip: ::1] [proxy: undefined] Controller: AdminPanelActivity Task: getActivityDetailsData: {}
[2022-11-07  08:48:51] [type: Request] [user: admin] [ip: ::1] [proxy: undefined] Controller: AdminPanelActivity Task: saveActivityData: {}
[2022-11-07  08:48:51] [type: Select] [user: admin] [ip: ::1] [proxy: undefined] Database: scheduler; SQL: SELECT * FROM activity WHERE  id = '3'
[2022-11-07  08:48:51] [type: update] [user: admin] [ip: ::1] [proxy: undefined] Database: scheduler; SQL: UPDATE activity SET active='1', worktime_record_row='-1', workcard_display='1', allow_location_input='0', require_document='1', overtime_action='generates' WHERE id = '3'
[2022-11-07  08:48:53] [type: Request] [user: admin] [ip: ::1] [proxy: undefined] Controller: AdminPanelActivity Task: getActivitiesData: {}
[2022-11-07  08:48:53] [type: Select] [user: admin] [ip: ::1] [proxy: undefined] Database: scheduler; SQL: SELECT * FROM activity
[2022-11-07  08:48:54] [type: Request] [user: admin] [ip: ::1] [proxy: undefined] Controller: AdminPanelActivity Task: getLocationTypesForActivityData: {}
[2022-11-07  08:48:54] [type: Select] [user: admin] [ip: ::1] [proxy: undefined] Database: scheduler; SQL: SELECT * FROM activity_location_type_details WHERE  active = '1' and id_activity = '4'
[2022-11-07  08:48:55] [type: Request] [user: admin] [ip: ::1] [proxy: undefined] Controller: AdminPanelActivity Task: getActivityDetailsData: {}
[2022-11-07  08:48:58] [type: Request] [user: admin] [ip: ::1] [proxy: undefined] Controller: AdminPanelActivity Task: saveActivityData: {}
[2022-11-07  08:48:58] [type: Select] [user: admin] [ip: ::1] [proxy: undefined] Database: scheduler; SQL: SELECT * FROM activity WHERE  id = '4'
[2022-11-07  08:48:58] [type: update] [user: admin] [ip: ::1] [proxy: undefined] Database: scheduler; SQL: UPDATE activity SET active='1', worktime_record_row='-1', workcard_display='1', allow_location_input='0', require_document='1', overtime_action='generates' WHERE id = '4'
[2022-11-07  08:48:59] [type: Request] [user: admin] [ip: ::1] [proxy: undefined] Controller: AdminPanelActivity Task: getActivitiesData: {}
[2022-11-07  08:48:59] [type: Select] [user: admin] [ip: ::1] [proxy: undefined] Database: scheduler; SQL: SELECT * FROM activity
[2022-11-07  08:49:02] [type: Request] [user: admin] [ip: ::1] [proxy: undefined] Controller: AdminPanelActivity Task: getLocationTypesForActivityData: {}
[2022-11-07  08:49:02] [type: Select] [user: admin] [ip: ::1] [proxy: undefined] Database: scheduler; SQL: SELECT * FROM activity_location_type_details WHERE  active = '1' and id_activity = '5'
[2022-11-07  08:49:03] [type: Request] [user: admin] [ip: ::1] [proxy: undefined] Controller: AdminPanelActivity Task: getActivityDetailsData: {}
[2022-11-07  08:49:05] [type: Request] [user: admin] [ip: ::1] [proxy: undefined] Controller: AdminPanelActivity Task: saveActivityData: {}
[2022-11-07  08:49:05] [type: Select] [user: admin] [ip: ::1] [proxy: undefined] Database: scheduler; SQL: SELECT * FROM activity WHERE  id = '5'
[2022-11-07  08:49:05] [type: update] [user: admin] [ip: ::1] [proxy: undefined] Database: scheduler; SQL: UPDATE activity SET active='1', worktime_record_row='-1', workcard_display='1', allow_location_input='0', require_document='1', overtime_action='generates' WHERE id = '5'
[2022-11-07  08:49:07] [type: Request] [user: admin] [ip: ::1] [proxy: undefined] Controller: AdminPanelActivity Task: getActivitiesData: {}
[2022-11-07  08:49:07] [type: Select] [user: admin] [ip: ::1] [proxy: undefined] Database: scheduler; SQL: SELECT * FROM activity
[2022-11-07  08:49:17] [type: Access] [user: admin] [ip: ::1] [proxy: undefined] http://localhost/Scheduler/pages/prints/printsSchedule.php?
[2022-11-07  08:49:17] [type: Select] [user: admin] [ip: ::1] [proxy: undefined] Database: scheduler; SQL: SELECT * FROM users_employment_periods WHERE  active = '1' and ( ( start <= '2022-11-1' and end >= '2022-11-1' ) or ( start <= '2022-11-30' and end >= '2022-11-30' )) ORDER BY sort_priority ASC, surname ASC
[2022-11-07  08:49:17] [type: Request] [user: admin] [ip: ::1] [proxy: undefined] Controller: LanguageSelection Task: getInterfaceNamesData: {}
[2022-11-07  08:49:23] [type: Request] [user: admin] [ip: ::1] [proxy: undefined] Controller: PrintsSchedule Task: generateTimesheetsData: {}
[2022-11-07  08:49:23] [type: Select] [user: admin] [ip: ::1] [proxy: undefined] Database: scheduler; SQL: SELECT * FROM days_off WHERE  active = '1' and for_all = '1' and month(date) = '9' and year(date) = '2022'
[2022-11-07  08:49:23] [type: Select] [user: admin] [ip: ::1] [proxy: undefined] Database: scheduler; SQL: SELECT * FROM days_off_user_details WHERE  username = 'admin' and month(days_off_date) = '9' and year(days_off_date) = '2022'
[2022-11-07  08:49:23] [type: Select] [user: admin] [ip: ::1] [proxy: undefined] Database: scheduler; SQL: SELECT * FROM user WHERE  username = 'admin'
[2022-11-07  08:49:23] [type: Select] [user: admin] [ip: ::1] [proxy: undefined] Database: scheduler; SQL: SELECT * FROM schedule_entries WHERE  start < '2022-09-30 23:59:59' and end > '2022-09-01 00:00:00' and username = 'admin' and active = '1' ORDER BY start ASC
[2022-11-07  08:49:23] [type: Select] [user: admin] [ip: ::1] [proxy: undefined] Database: scheduler; SQL: SELECT * FROM users_employment_periods WHERE  username = 'admin' and start <= '2022-09-30' and end >= '2022-9-1'
[2022-11-07  08:49:28] [type: Select] [user: admin] [ip: ::1] [proxy: undefined] Database: scheduler; SQL: SELECT * FROM schedule_entries WHERE  start < '2022-08-30 23:59:59' and end > '2022-01-01 00:00:00' and username = 'admin' and active = '1' ORDER BY start ASC
[2022-11-07  08:49:28] [type: Select] [user: admin] [ip: ::1] [proxy: undefined] Database: scheduler; SQL: SELECT * FROM users_employment_periods WHERE  active = '1' and start <= '2022-08-30' and end >= '2022-01-01' and username = 'admin' ORDER BY start ASC
[2022-11-07  08:49:40] [type: Request] [user: admin] [ip: ::1] [proxy: undefined] Controller: PrintsSchedule Task: generateTimesheetsData: {}
[2022-11-07  08:49:40] [type: Select] [user: admin] [ip: ::1] [proxy: undefined] Database: scheduler; SQL: SELECT * FROM days_off WHERE  active = '1' and for_all = '1' and month(date) = '11' and year(date) = '2022'
[2022-11-07  08:49:40] [type: Select] [user: admin] [ip: ::1] [proxy: undefined] Database: scheduler; SQL: SELECT * FROM days_off_user_details WHERE  username = 'admin' and month(days_off_date) = '11' and year(days_off_date) = '2022'
[2022-11-07  08:49:40] [type: Select] [user: admin] [ip: ::1] [proxy: undefined] Database: scheduler; SQL: SELECT * FROM user WHERE  username = 'admin'
[2022-11-07  08:49:40] [type: Select] [user: admin] [ip: ::1] [proxy: undefined] Database: scheduler; SQL: SELECT * FROM schedule_entries WHERE  start < '2022-11-30 23:59:59' and end > '2022-11-01 00:00:00' and username = 'admin' and active = '1' ORDER BY start ASC
[2022-11-07  08:49:40] [type: Select] [user: admin] [ip: ::1] [proxy: undefined] Database: scheduler; SQL: SELECT * FROM users_employment_periods WHERE  username = 'admin' and start <= '2022-11-30' and end >= '2022-11-1'
[2022-11-07  08:49:40] [type: Select] [user: admin] [ip: ::1] [proxy: undefined] Database: scheduler; SQL: SELECT * FROM schedule_entries WHERE  start < '2022-10-30 23:59:59' and end > '2022-01-01 00:00:00' and username = 'admin' and active = '1' ORDER BY start ASC
[2022-11-07  08:49:40] [type: Select] [user: admin] [ip: ::1] [proxy: undefined] Database: scheduler; SQL: SELECT * FROM users_employment_periods WHERE  active = '1' and start <= '2022-10-30' and end >= '2022-01-01' and username = 'admin' ORDER BY start ASC
[2022-11-07  08:51:06] [type: Access] [user: admin] [ip: ::1] [proxy: undefined] http://localhost/Scheduler/pages/schedule/scheduleAll.php?
[2022-11-07  08:51:06] [type: Request] [user: admin] [ip: ::1] [proxy: undefined] Controller: LanguageSelection Task: getInterfaceNamesData: {}
[2022-11-07  08:51:07] [type: Request] [user: admin] [ip: ::1] [proxy: undefined] Controller: ScheduleUser Task: getAllEntriesData: {}
[2022-11-07  08:51:07] [type: Select] [user: admin] [ip: ::1] [proxy: undefined] Database: scheduler; SQL: SELECT * FROM schedule_entries WHERE  start < '2022-11-10 00:00:00' and end > '2022-11-04 00:00:00' and active = '1' ORDER BY start ASC
[2022-11-07  08:51:07] [type: Request] [user: admin] [ip: ::1] [proxy: undefined] Controller: LanguageSelection Task: getPackageData: {}
[2022-11-07  08:51:10] [type: Access] [user: admin] [ip: ::1] [proxy: undefined] http://localhost/Scheduler/pages/schedule/scheduleMy.php?
[2022-11-07  08:51:10] [type: Select] [user: admin] [ip: ::1] [proxy: undefined] Database: scheduler; SQL: SELECT * FROM users_employment_periods WHERE  username = 'admin' and start < '2022-11-07' and end > '2022-11-07'
[2022-11-07  08:51:10] [type: Request] [user: admin] [ip: ::1] [proxy: undefined] Controller: LanguageSelection Task: getInterfaceNamesData: {}
[2022-11-07  08:51:10] [type: Request] [user: admin] [ip: ::1] [proxy: undefined] Controller: ScheduleUser Task: getMyEntriesData: {}
[2022-11-07  08:51:10] [type: Select] [user: admin] [ip: ::1] [proxy: undefined] Database: scheduler; SQL: SELECT * FROM user WHERE  username = 'admin'
[2022-11-07  08:51:10] [type: Select] [user: admin] [ip: ::1] [proxy: undefined] Database: scheduler; SQL: SELECT * FROM schedule_entries WHERE  start < '2022-11-10 00:00:00' and end > '2022-11-04 00:00:00' and id_user = '1' and active = '1' ORDER BY start ASC
[2022-11-07  08:51:53] [type: Request] [user: admin] [ip: ::1] [proxy: undefined] Controller: PrintsSchedule Task: generateTimesheetsData: {}
[2022-11-07  08:51:53] [type: Select] [user: admin] [ip: ::1] [proxy: undefined] Database: scheduler; SQL: SELECT * FROM days_off WHERE  active = '1' and for_all = '1' and month(date) = '9' and year(date) = '2022'
[2022-11-07  08:51:53] [type: Select] [user: admin] [ip: ::1] [proxy: undefined] Database: scheduler; SQL: SELECT * FROM days_off_user_details WHERE  username = 'admin' and month(days_off_date) = '9' and year(days_off_date) = '2022'
[2022-11-07  08:51:53] [type: Select] [user: admin] [ip: ::1] [proxy: undefined] Database: scheduler; SQL: SELECT * FROM user WHERE  username = 'admin'
[2022-11-07  08:51:53] [type: Select] [user: admin] [ip: ::1] [proxy: undefined] Database: scheduler; SQL: SELECT * FROM schedule_entries WHERE  start < '2022-09-30 23:59:59' and end > '2022-09-01 00:00:00' and username = 'admin' and active = '1' ORDER BY start ASC
[2022-11-07  08:51:53] [type: Select] [user: admin] [ip: ::1] [proxy: undefined] Database: scheduler; SQL: SELECT * FROM users_employment_periods WHERE  username = 'admin' and start <= '2022-09-30' and end >= '2022-9-1'
[2022-11-07  08:51:53] [type: Select] [user: admin] [ip: ::1] [proxy: undefined] Database: scheduler; SQL: SELECT * FROM schedule_entries WHERE  start < '2022-08-30 23:59:59' and end > '2022-01-01 00:00:00' and username = 'admin' and active = '1' ORDER BY start ASC
[2022-11-07  08:51:53] [type: Select] [user: admin] [ip: ::1] [proxy: undefined] Database: scheduler; SQL: SELECT * FROM users_employment_periods WHERE  active = '1' and start <= '2022-08-30' and end >= '2022-01-01' and username = 'admin' ORDER BY start ASC
[2022-11-07  08:52:08] [type: Request] [user: admin] [ip: ::1] [proxy: undefined] Controller: ScheduleUser Task: getMyEntriesData: {}
[2022-11-07  08:52:08] [type: Select] [user: admin] [ip: ::1] [proxy: undefined] Database: scheduler; SQL: SELECT * FROM user WHERE  username = 'admin'
[2022-11-07  08:52:08] [type: Select] [user: admin] [ip: ::1] [proxy: undefined] Database: scheduler; SQL: SELECT * FROM schedule_entries WHERE  start < '2022-10-27 00:00:00' and end > '2022-10-21 00:00:00' and id_user = '1' and active = '1' ORDER BY start ASC
[2022-11-07  08:52:12] [type: Request] [user: admin] [ip: ::1] [proxy: undefined] Controller: ScheduleUser Task: getActivitiesForGroupData: {}
[2022-11-07  08:52:12] [type: Select] [user: admin] [ip: ::1] [proxy: undefined] Database: scheduler; SQL: SELECT * FROM activity WHERE  activity_group = 'Praca biurowa'
[2022-11-07  08:52:13] [type: Request] [user: admin] [ip: ::1] [proxy: undefined] Controller: ScheduleUser Task: getLocationTypesForActivityData: {}
[2022-11-07  08:52:13] [type: Select] [user: admin] [ip: ::1] [proxy: undefined] Database: scheduler; SQL: SELECT * FROM activity_location_type_details WHERE  active = '1' and id_activity = '9'
[2022-11-07  08:52:14] [type: Request] [user: admin] [ip: ::1] [proxy: undefined] Controller: ScheduleUser Task: getLocationsForTypeData: {}
[2022-11-07  08:52:14] [type: Select] [user: admin] [ip: ::1] [proxy: undefined] Database: scheduler; SQL: SELECT * FROM location WHERE  active = '1' and id_location_type = '12'
[2022-11-07  08:52:30] [type: Request] [user: admin] [ip: ::1] [proxy: undefined] Controller: ScheduleUser Task: saveEntryData: {}
[2022-11-07  08:52:30] [type: Select] [user: admin] [ip: ::1] [proxy: undefined] Database: scheduler; SQL: SELECT * FROM user WHERE  username = 'admin'
[2022-11-07  08:52:30] [type: insert] [user: admin] [ip: ::1] [proxy: undefined] Database: scheduler; SQL: INSERT INTO schedule (start, end, id_user, id_activity, id_location) VALUES ('2022-10-24 07:30', '2022-10-24 15:30', '1', '9', '12')
[2022-11-07  08:52:31] [type: Request] [user: admin] [ip: ::1] [proxy: undefined] Controller: ScheduleUser Task: getMyEntriesData: {}
[2022-11-07  08:52:31] [type: Select] [user: admin] [ip: ::1] [proxy: undefined] Database: scheduler; SQL: SELECT * FROM user WHERE  username = 'admin'
[2022-11-07  08:52:31] [type: Select] [user: admin] [ip: ::1] [proxy: undefined] Database: scheduler; SQL: SELECT * FROM schedule_entries WHERE  start < '2022-10-27 00:00:00' and end > '2022-10-21 00:00:00' and id_user = '1' and active = '1' ORDER BY start ASC
[2022-11-07  08:52:37] [type: Request] [user: admin] [ip: ::1] [proxy: undefined] Controller: ScheduleUser Task: saveEntryData: {}
[2022-11-07  08:52:37] [type: Select] [user: admin] [ip: ::1] [proxy: undefined] Database: scheduler; SQL: SELECT * FROM user WHERE  username = 'admin'
[2022-11-07  08:52:37] [type: insert] [user: admin] [ip: ::1] [proxy: undefined] Database: scheduler; SQL: INSERT INTO schedule (start, end, id_user, id_activity, id_location) VALUES ('2022-10-25 07:30', '2022-10-25 15:30', '1', '9', '12')
[2022-11-07  08:52:38] [type: Request] [user: admin] [ip: ::1] [proxy: undefined] Controller: ScheduleUser Task: getMyEntriesData: {}
[2022-11-07  08:52:38] [type: Select] [user: admin] [ip: ::1] [proxy: undefined] Database: scheduler; SQL: SELECT * FROM user WHERE  username = 'admin'
[2022-11-07  08:52:38] [type: Select] [user: admin] [ip: ::1] [proxy: undefined] Database: scheduler; SQL: SELECT * FROM schedule_entries WHERE  start < '2022-10-27 00:00:00' and end > '2022-10-21 00:00:00' and id_user = '1' and active = '1' ORDER BY start ASC
[2022-11-07  08:52:56] [type: Request] [user: admin] [ip: ::1] [proxy: undefined] Controller: ScheduleUser Task: saveEntryData: {}
[2022-11-07  08:52:56] [type: Select] [user: admin] [ip: ::1] [proxy: undefined] Database: scheduler; SQL: SELECT * FROM user WHERE  username = 'admin'
[2022-11-07  08:52:56] [type: insert] [user: admin] [ip: ::1] [proxy: undefined] Database: scheduler; SQL: INSERT INTO schedule (start, end, id_user, id_activity, id_location) VALUES ('2022-10-26 07:30', '2022-10-26 23:30', '1', '9', '12')
[2022-11-07  08:52:58] [type: Request] [user: admin] [ip: ::1] [proxy: undefined] Controller: ScheduleUser Task: getMyEntriesData: {}
[2022-11-07  08:52:58] [type: Select] [user: admin] [ip: ::1] [proxy: undefined] Database: scheduler; SQL: SELECT * FROM user WHERE  username = 'admin'
[2022-11-07  08:52:58] [type: Select] [user: admin] [ip: ::1] [proxy: undefined] Database: scheduler; SQL: SELECT * FROM schedule_entries WHERE  start < '2022-10-27 00:00:00' and end > '2022-10-21 00:00:00' and id_user = '1' and active = '1' ORDER BY start ASC
[2022-11-07  08:53:07] [type: Request] [user: admin] [ip: ::1] [proxy: undefined] Controller: PrintsSchedule Task: generateTimesheetsData: {}
[2022-11-07  08:53:07] [type: Select] [user: admin] [ip: ::1] [proxy: undefined] Database: scheduler; SQL: SELECT * FROM days_off WHERE  active = '1' and for_all = '1' and month(date) = '11' and year(date) = '2022'
[2022-11-07  08:53:07] [type: Select] [user: admin] [ip: ::1] [proxy: undefined] Database: scheduler; SQL: SELECT * FROM days_off_user_details WHERE  username = 'admin' and month(days_off_date) = '11' and year(days_off_date) = '2022'
[2022-11-07  08:53:07] [type: Select] [user: admin] [ip: ::1] [proxy: undefined] Database: scheduler; SQL: SELECT * FROM user WHERE  username = 'admin'
[2022-11-07  08:53:07] [type: Select] [user: admin] [ip: ::1] [proxy: undefined] Database: scheduler; SQL: SELECT * FROM schedule_entries WHERE  start < '2022-11-30 23:59:59' and end > '2022-11-01 00:00:00' and username = 'admin' and active = '1' ORDER BY start ASC
[2022-11-07  08:53:07] [type: Select] [user: admin] [ip: ::1] [proxy: undefined] Database: scheduler; SQL: SELECT * FROM users_employment_periods WHERE  username = 'admin' and start <= '2022-11-30' and end >= '2022-11-1'
[2022-11-07  08:53:07] [type: Select] [user: admin] [ip: ::1] [proxy: undefined] Database: scheduler; SQL: SELECT * FROM schedule_entries WHERE  start < '2022-10-30 23:59:59' and end > '2022-01-01 00:00:00' and username = 'admin' and active = '1' ORDER BY start ASC
[2022-11-07  08:53:07] [type: Select] [user: admin] [ip: ::1] [proxy: undefined] Database: scheduler; SQL: SELECT * FROM users_employment_periods WHERE  active = '1' and start <= '2022-10-30' and end >= '2022-01-01' and username = 'admin' ORDER BY start ASC
[2022-11-07  08:53:17] [type: Access] [user: admin] [ip: ::1] [proxy: undefined] http://localhost/Scheduler/pages/prints/printsSchedule.php?
[2022-11-07  08:53:17] [type: Select] [user: admin] [ip: ::1] [proxy: undefined] Database: scheduler; SQL: SELECT * FROM users_employment_periods WHERE  active = '1' and ( ( start <= '2022-11-1' and end >= '2022-11-1' ) or ( start <= '2022-11-30' and end >= '2022-11-30' )) ORDER BY sort_priority ASC, surname ASC
[2022-11-07  08:53:17] [type: Request] [user: admin] [ip: ::1] [proxy: undefined] Controller: LanguageSelection Task: getInterfaceNamesData: {}
[2022-11-07  08:53:20] [type: Request] [user: admin] [ip: ::1] [proxy: undefined] Controller: PrintsSchedule Task: getUsersData: {}
[2022-11-07  08:53:20] [type: Select] [user: admin] [ip: ::1] [proxy: undefined] Database: scheduler; SQL: SELECT * FROM users_employment_periods WHERE  active = '1' and ( ( start <= '2022-10-1' and end >= '2022-10-1' ) or ( start <= '2022-10-31' and end >= '2022-10-31' )) ORDER BY sort_priority ASC, surname ASC
[2022-11-07  08:53:21] [type: Request] [user: admin] [ip: ::1] [proxy: undefined] Controller: PrintsSchedule Task: generateTimesheetsData: {}
[2022-11-07  08:53:21] [type: Select] [user: admin] [ip: ::1] [proxy: undefined] Database: scheduler; SQL: SELECT * FROM days_off WHERE  active = '1' and for_all = '1' and month(date) = '10' and year(date) = '2022'
[2022-11-07  08:53:21] [type: Select] [user: admin] [ip: ::1] [proxy: undefined] Database: scheduler; SQL: SELECT * FROM days_off_user_details WHERE  username = 'admin' and month(days_off_date) = '10' and year(days_off_date) = '2022'
[2022-11-07  08:53:21] [type: Select] [user: admin] [ip: ::1] [proxy: undefined] Database: scheduler; SQL: SELECT * FROM user WHERE  username = 'admin'
[2022-11-07  08:53:21] [type: Select] [user: admin] [ip: ::1] [proxy: undefined] Database: scheduler; SQL: SELECT * FROM schedule_entries WHERE  start < '2022-10-31 23:59:59' and end > '2022-10-01 00:00:00' and username = 'admin' and active = '1' ORDER BY start ASC
[2022-11-07  08:53:21] [type: Select] [user: admin] [ip: ::1] [proxy: undefined] Database: scheduler; SQL: SELECT * FROM users_employment_periods WHERE  username = 'admin' and start <= '2022-10-31' and end >= '2022-10-1'
[2022-11-07  08:53:21] [type: Select] [user: admin] [ip: ::1] [proxy: undefined] Database: scheduler; SQL: SELECT * FROM schedule_entries WHERE  start < '2022-10-01 23:59:59' and end > '2022-01-01 00:00:00' and username = 'admin' and active = '1' ORDER BY start ASC
[2022-11-07  08:53:21] [type: Select] [user: admin] [ip: ::1] [proxy: undefined] Database: scheduler; SQL: SELECT * FROM users_employment_periods WHERE  active = '1' and start <= '2022-10-01' and end >= '2022-01-01' and username = 'admin' ORDER BY start ASC
