[2022-10-11  08:02:31] [type: Request] [user: ] [ip: ::1] [proxy: undefined] Controller: LanguageSelection Task: getInterfaceNamesData: {}
[2022-10-11  08:02:36] [type: Request] [user: admin] [ip: ::1] [proxy: undefined] Controller: LanguageSelection Task: getInterfaceNamesData: {}
[2022-10-11  08:02:41] [type: Access] [user: admin] [ip: ::1] [proxy: undefined] http://localhost/Scheduler/pages/inspector/inspectorReports.php?
[2022-10-11  08:02:42] [type: Request] [user: admin] [ip: ::1] [proxy: undefined] Controller: LanguageSelection Task: getInterfaceNamesData: {}
[2022-10-11  08:02:42] [type: Request] [user: admin] [ip: ::1] [proxy: undefined] Controller: InspectorReport Task: getMyDocumentsData: {}
[2022-10-11  08:02:42] [type: Select] [user: admin] [ip: ::1] [proxy: undefined] Database: scheduler; SQL: SELECT * FROM document_user_details WHERE  active = '1' and username = 'admin' and ( year(start) = '2022' or year(end) = '2022')
[2022-10-11  08:02:46] [type: Access] [user: admin] [ip: ::1] [proxy: undefined] http://localhost/Scheduler/pages/adminPanel/adminPanelUsers.php?
[2022-10-11  08:02:46] [type: Request] [user: admin] [ip: ::1] [proxy: undefined] Controller: LanguageSelection Task: getInterfaceNamesData: {}
[2022-10-11  08:02:46] [type: Request] [user: admin] [ip: ::1] [proxy: undefined] Controller: AdminPanelUsers Task: getAllUsersData: {}
[2022-10-11  08:02:46] [type: Select] [user: admin] [ip: ::1] [proxy: undefined] Database: scheduler; SQL: SELECT * FROM users_without_passwords
[2022-10-11  08:02:47] [type: Request] [user: admin] [ip: ::1] [proxy: undefined] Controller: AdminPanelUsers Task: getUserPrivilagesData: {}
[2022-10-11  08:02:47] [type: Select] [user: admin] [ip: ::1] [proxy: undefined] Database: scheduler; SQL: SELECT * FROM privilages WHERE  id_user = '0'
[2022-10-11  08:02:47] [type: Request] [user: admin] [ip: ::1] [proxy: undefined] Controller: AdminPanelUsers Task: getUserEmploymentPeriodsData: {}
[2022-10-11  08:02:47] [type: Select] [user: admin] [ip: ::1] [proxy: undefined] Database: scheduler; SQL: SELECT * FROM employment WHERE  id_user = '0'
[2022-10-11  08:02:47] [type: Access] [user: admin] [ip: ::1] [proxy: undefined] http://localhost/Scheduler/pages/adminPanel/adminPanelDocuments.php?
[2022-10-11  08:02:48] [type: Request] [user: admin] [ip: ::1] [proxy: undefined] Controller: LanguageSelection Task: getInterfaceNamesData: {}
[2022-10-11  08:02:48] [type: Request] [user: admin] [ip: ::1] [proxy: undefined] Controller: AdminPanelDocuments Task: getDocumentsData: {}
[2022-10-11  08:02:48] [type: Select] [user: admin] [ip: ::1] [proxy: undefined] Database: scheduler; SQL: SELECT * FROM document WHERE  ( ( month(start) = '10' and year(start) = '2022' ) or ( month(end) = '10' and year(end) = '2022' )) ORDER BY start ASC
[2022-10-11  08:02:48] [type: Request] [user: admin] [ip: ::1] [proxy: undefined] Controller: AdminPanelDocuments Task: getDocumentUsersData: {}
[2022-10-11  08:02:48] [type: Select] [user: admin] [ip: ::1] [proxy: undefined] Database: scheduler; SQL: SELECT * FROM document_user_details WHERE  active = '1' and id = '0'
[2022-10-11  08:02:50] [type: Request] [user: admin] [ip: ::1] [proxy: undefined] Controller: AdminPanelDocuments Task: getDocumentUsersData: {}
[2022-10-11  08:02:50] [type: Select] [user: admin] [ip: ::1] [proxy: undefined] Database: scheduler; SQL: SELECT * FROM document_user_details WHERE  active = '1' and id = '5'
[2022-10-11  08:03:01] [type: Access] [user: admin] [ip: ::1] [proxy: undefined] http://localhost/Scheduler/pages/adminPanel/adminPanelTicketSettings.php?
[2022-10-11  08:03:02] [type: Request] [user: admin] [ip: ::1] [proxy: undefined] Controller: LanguageSelection Task: getInterfaceNamesData: {}
[2022-10-11  08:03:02] [type: Request] [user: admin] [ip: ::1] [proxy: undefined] Controller: AdminPanelTicket Task: getAllTicketLawsData: {}
[2022-10-11  08:03:02] [type: Select] [user: admin] [ip: ::1] [proxy: undefined] Database: scheduler; SQL: SELECT * FROM ticket_law
[2022-10-11  08:03:02] [type: Request] [user: admin] [ip: ::1] [proxy: undefined] Controller: AdminPanelTicket Task: getAllPositionGroupsData: {}
[2022-10-11  08:03:02] [type: Select] [user: admin] [ip: ::1] [proxy: undefined] Database: scheduler; SQL: SELECT * FROM position_groups
[2022-10-11  08:03:05] [type: Access] [user: admin] [ip: ::1] [proxy: undefined] http://localhost/Scheduler/pages/adminPanel/adminPanelTicket.php?
[2022-10-11  08:03:05] [type: Select] [user: admin] [ip: ::1] [proxy: undefined] Database: scheduler; SQL: SELECT * FROM users_without_passwords
[2022-10-11  08:03:06] [type: Request] [user: admin] [ip: ::1] [proxy: undefined] Controller: LanguageSelection Task: getInterfaceNamesData: {}
[2022-10-11  08:03:06] [type: Request] [user: admin] [ip: ::1] [proxy: undefined] Controller: AdminPanelTicket Task: getUserTicketsData: {}
[2022-10-11  08:03:06] [type: Select] [user: admin] [ip: ::1] [proxy: undefined] Database: scheduler; SQL: SELECT * FROM ticket_details WHERE  year(date) = '0' and username = '' ORDER BY date DESC
[2022-10-11  08:03:11] [type: Request] [user: admin] [ip: ::1] [proxy: undefined] Controller: AdminPanelTicket Task: getUserTicketsData: {}
[2022-10-11  08:03:11] [type: Select] [user: admin] [ip: ::1] [proxy: undefined] Database: scheduler; SQL: SELECT * FROM ticket_details WHERE  year(date) = '2022' and username = 'inspector' ORDER BY date DESC
[2022-10-11  08:04:15] [type: Access] [user: admin] [ip: ::1] [proxy: undefined] http://localhost/Scheduler/pages/adminPanel/adminPanelSuspensions.php?
[2022-10-11  08:04:15] [type: Select] [user: admin] [ip: ::1] [proxy: undefined] Database: scheduler; SQL: SELECT * FROM users_without_passwords
[2022-10-11  08:04:15] [type: Request] [user: admin] [ip: ::1] [proxy: undefined] Controller: LanguageSelection Task: getInterfaceNamesData: {}
[2022-10-11  08:04:15] [type: Request] [user: admin] [ip: ::1] [proxy: undefined] Controller: AdminPanelSuspension Task: getUserSuspensionsData: {}
[2022-10-11  08:04:15] [type: Select] [user: admin] [ip: ::1] [proxy: undefined] Database: scheduler; SQL: SELECT * FROM suspension_details WHERE  username = '' and year(date) = '0'
[2022-10-11  08:04:18] [type: Request] [user: admin] [ip: ::1] [proxy: undefined] Controller: AdminPanelSuspension Task: getUserSuspensionsData: {}
[2022-10-11  08:04:18] [type: Select] [user: admin] [ip: ::1] [proxy: undefined] Database: scheduler; SQL: SELECT * FROM suspension_details WHERE  username = 'inspector' and year(date) = '2022'
[2022-10-11  08:04:22] [type: Request] [user: admin] [ip: ::1] [proxy: undefined] Controller: AdminPanelSuspension Task: getUserSuspensionsData: {}
[2022-10-11  08:04:22] [type: Select] [user: admin] [ip: ::1] [proxy: undefined] Database: scheduler; SQL: SELECT * FROM suspension_details WHERE  username = 'admin' and year(date) = '2022'
[2022-10-11  08:04:40] [type: Access] [user: admin] [ip: ::1] [proxy: undefined] http://localhost/Scheduler/pages/adminPanel/adminPanelTicket.php?
[2022-10-11  08:04:40] [type: Select] [user: admin] [ip: ::1] [proxy: undefined] Database: scheduler; SQL: SELECT * FROM users_without_passwords
[2022-10-11  08:04:41] [type: Request] [user: admin] [ip: ::1] [proxy: undefined] Controller: LanguageSelection Task: getInterfaceNamesData: {}
[2022-10-11  08:04:41] [type: Request] [user: admin] [ip: ::1] [proxy: undefined] Controller: AdminPanelTicket Task: getUserTicketsData: {}
[2022-10-11  08:04:41] [type: Select] [user: admin] [ip: ::1] [proxy: undefined] Database: scheduler; SQL: SELECT * FROM ticket_details WHERE  year(date) = '0' and username = '' ORDER BY date DESC
[2022-10-11  08:04:54] [type: Access] [user: admin] [ip: ::1] [proxy: undefined] http://localhost/Scheduler/pages/inspector/inspectorReports.php?
[2022-10-11  08:04:55] [type: Request] [user: admin] [ip: ::1] [proxy: undefined] Controller: LanguageSelection Task: getInterfaceNamesData: {}
[2022-10-11  08:04:55] [type: Request] [user: admin] [ip: ::1] [proxy: undefined] Controller: InspectorReport Task: getMyDocumentsData: {}
[2022-10-11  08:04:55] [type: Select] [user: admin] [ip: ::1] [proxy: undefined] Database: scheduler; SQL: SELECT * FROM document_user_details WHERE  active = '1' and username = 'admin' and ( year(start) = '2022' or year(end) = '2022')
[2022-10-11  08:04:57] [type: Access] [user: admin] [ip: ::1] [proxy: undefined] http://localhost/Scheduler/pages/inspector/inspectorTickets.php?
[2022-10-11  08:04:57] [type: Select] [user: admin] [ip: ::1] [proxy: undefined] Database: scheduler; SQL: SELECT * FROM document_user_details WHERE  active = '1' and username = 'admin' and ( ( month(start) = '10' and year(start) = '2022' ) or ( month(end) = '10' and year(end) = '2022' ))
[2022-10-11  08:04:57] [type: Request] [user: admin] [ip: ::1] [proxy: undefined] Controller: LanguageSelection Task: getInterfaceNamesData: {}
[2022-10-11  08:04:57] [type: Request] [user: admin] [ip: ::1] [proxy: undefined] Controller: InspectorTickets Task: getTicketsData: {}
[2022-10-11  08:04:57] [type: Select] [user: admin] [ip: ::1] [proxy: undefined] Database: scheduler; SQL: SELECT * FROM ticket_details WHERE  active = '1' and document_user_active = '1' and id_document = '0' and username = 'admin'
[2022-10-11  08:05:05] [type: Request] [user: admin] [ip: ::1] [proxy: undefined] Controller: InspectorTickets Task: getDocumentsData: {}
[2022-10-11  08:05:05] [type: Select] [user: admin] [ip: ::1] [proxy: undefined] Database: scheduler; SQL: SELECT * FROM document_user_details WHERE  active = '1' and username = 'admin' and ( ( month(start) = '9' and year(start) = '2022' ) or ( month(end) = '9' and year(end) = '2022' ))
[2022-10-11  08:05:47] [type: Request] [user: admin] [ip: ::1] [proxy: undefined] Controller: InspectorTickets Task: getDocumentsData: {}
[2022-10-11  08:05:47] [type: Select] [user: admin] [ip: ::1] [proxy: undefined] Database: scheduler; SQL: SELECT * FROM document_user_details WHERE  active = '1' and username = 'admin' and ( ( month(start) = '9' and year(start) = '2022' ) or ( month(end) = '9' and year(end) = '2022' ))
[2022-10-11  08:07:41] [type: Access] [user: admin] [ip: ::1] [proxy: undefined] http://localhost/Scheduler/pages/inspector/inspectorTickets.php?
[2022-10-11  08:07:42] [type: Select] [user: admin] [ip: ::1] [proxy: undefined] Database: scheduler; SQL: SELECT * FROM document_user_details WHERE  active = '1' and username = 'admin' and ( ( month(start) = '10' and year(start) = '2022' ) or ( month(end) = '10' and year(end) = '2022' ))
[2022-10-11  08:07:42] [type: Request] [user: admin] [ip: ::1] [proxy: undefined] Controller: LanguageSelection Task: getInterfaceNamesData: {}
[2022-10-11  08:07:42] [type: Request] [user: admin] [ip: ::1] [proxy: undefined] Controller: InspectorTickets Task: getTicketsData: {}
[2022-10-11  08:07:42] [type: Select] [user: admin] [ip: ::1] [proxy: undefined] Database: scheduler; SQL: SELECT * FROM ticket_details WHERE  active = '1' and document_user_active = '1' and id_document = '0' and username = 'admin'
[2022-10-11  08:07:45] [type: Request] [user: admin] [ip: ::1] [proxy: undefined] Controller: InspectorTickets Task: getDocumentsData: {}
[2022-10-11  08:07:45] [type: Select] [user: admin] [ip: ::1] [proxy: undefined] Database: scheduler; SQL: SELECT * FROM document_user_details WHERE  active = '1' and username = 'admin' and ( ( month(start) = '9' and year(start) = '2022' ) or ( month(end) = '9' and year(end) = '2022' ))
[2022-10-11  08:07:52] [type: Request] [user: admin] [ip: ::1] [proxy: undefined] Controller: InspectorTickets Task: getTicketsData: {}
[2022-10-11  08:07:52] [type: Select] [user: admin] [ip: ::1] [proxy: undefined] Database: scheduler; SQL: SELECT * FROM ticket_details WHERE  active = '1' and document_user_active = '1' and id_document = '4' and username = 'admin'
[2022-10-11  08:08:03] [type: Access] [user: admin] [ip: ::1] [proxy: undefined] http://localhost/Scheduler/pages/inspector/inspectorDecisions.php?
[2022-10-11  08:08:03] [type: Select] [user: admin] [ip: ::1] [proxy: undefined] Database: scheduler; SQL: SELECT * FROM document_user_details WHERE  active = '1' and username = 'admin' and ( ( month(start) = '10' and year(start) = '2022' ) or ( month(end) = '10' and year(end) = '2022' ))
[2022-10-11  08:08:04] [type: Request] [user: admin] [ip: ::1] [proxy: undefined] Controller: LanguageSelection Task: getInterfaceNamesData: {}
[2022-10-11  08:08:04] [type: Request] [user: admin] [ip: ::1] [proxy: undefined] Controller: InspectorDecisions Task: getDecisionsData: {}
[2022-10-11  08:08:04] [type: Select] [user: admin] [ip: ::1] [proxy: undefined] Database: scheduler; SQL: SELECT * FROM decision_details WHERE  active = '1' and username = 'admin' and id_document = '0'
[2022-10-11  08:08:09] [type: Request] [user: admin] [ip: ::1] [proxy: undefined] Controller: InspectorDecisions Task: getDocumentsData: {}
[2022-10-11  08:08:09] [type: Select] [user: admin] [ip: ::1] [proxy: undefined] Database: scheduler; SQL: SELECT * FROM document_user_details WHERE  active = '1' and username = 'admin' and ( ( month(start) = '9' and year(start) = '2022' ) or ( month(end) = '9' and year(end) = '2022' ))
[2022-10-11  08:08:25] [type: Access] [user: admin] [ip: ::1] [proxy: undefined] http://localhost/Scheduler/pages/inspector/inspectorDecisions.php?
[2022-10-11  08:08:25] [type: Select] [user: admin] [ip: ::1] [proxy: undefined] Database: scheduler; SQL: SELECT * FROM document_user_details WHERE  active = '1' and username = 'admin' and ( ( month(start) = '10' and year(start) = '2022' ) or ( month(end) = '10' and year(end) = '2022' ))
[2022-10-11  08:08:25] [type: Request] [user: admin] [ip: ::1] [proxy: undefined] Controller: LanguageSelection Task: getInterfaceNamesData: {}
[2022-10-11  08:08:25] [type: Request] [user: admin] [ip: ::1] [proxy: undefined] Controller: InspectorDecisions Task: getDecisionsData: {}
[2022-10-11  08:08:25] [type: Select] [user: admin] [ip: ::1] [proxy: undefined] Database: scheduler; SQL: SELECT * FROM decision_details WHERE  active = '1' and username = 'admin' and id_document = '0'
[2022-10-11  08:08:30] [type: Request] [user: admin] [ip: ::1] [proxy: undefined] Controller: InspectorDecisions Task: getDocumentsData: {}
[2022-10-11  08:08:30] [type: Select] [user: admin] [ip: ::1] [proxy: undefined] Database: scheduler; SQL: SELECT * FROM document_user_details WHERE  active = '1' and username = 'admin' and ( ( month(start) = '9' and year(start) = '2022' ) or ( month(end) = '9' and year(end) = '2022' ))
[2022-10-11  08:08:36] [type: Access] [user: admin] [ip: ::1] [proxy: undefined] http://localhost/Scheduler/pages/inspector/inspectorDecisions.php?
[2022-10-11  08:08:36] [type: Select] [user: admin] [ip: ::1] [proxy: undefined] Database: scheduler; SQL: SELECT * FROM document_user_details WHERE  active = '1' and username = 'admin' and ( ( month(start) = '10' and year(start) = '2022' ) or ( month(end) = '10' and year(end) = '2022' ))
[2022-10-11  08:08:36] [type: Request] [user: admin] [ip: ::1] [proxy: undefined] Controller: LanguageSelection Task: getInterfaceNamesData: {}
[2022-10-11  08:08:36] [type: Request] [user: admin] [ip: ::1] [proxy: undefined] Controller: InspectorDecisions Task: getDecisionsData: {}
[2022-10-11  08:08:36] [type: Select] [user: admin] [ip: ::1] [proxy: undefined] Database: scheduler; SQL: SELECT * FROM decision_details WHERE  active = '1' and username = 'admin' and id_document = '0'
[2022-10-11  08:09:24] [type: Request] [user: admin] [ip: ::1] [proxy: undefined] Controller: InspectorDecisions Task: getDocumentsData: {}
[2022-10-11  08:09:24] [type: Select] [user: admin] [ip: ::1] [proxy: undefined] Database: scheduler; SQL: SELECT * FROM document_user_details WHERE  active = '1' and username = 'admin' and ( ( month(start) = '9' and year(start) = '2022' ) or ( month(end) = '9' and year(end) = '2022' ))
[2022-10-11  08:09:30] [type: Access] [user: admin] [ip: ::1] [proxy: undefined] http://localhost/Scheduler/pages/inspector/inspectorArticle41.php?
[2022-10-11  08:09:30] [type: Select] [user: admin] [ip: ::1] [proxy: undefined] Database: scheduler; SQL: SELECT * FROM document_user_details WHERE  active = '1' and username = 'admin' and ( ( month(start) = '10' and year(start) = '2022' ) or ( month(end) = '10' and year(end) = '2022' ))
[2022-10-11  08:09:30] [type: Request] [user: admin] [ip: ::1] [proxy: undefined] Controller: LanguageSelection Task: getInterfaceNamesData: {}
[2022-10-11  08:09:30] [type: Request] [user: admin] [ip: ::1] [proxy: undefined] Controller: InspectorArticle Task: getArticlesData: {}
[2022-10-11  08:09:30] [type: Select] [user: admin] [ip: ::1] [proxy: undefined] Database: scheduler; SQL: SELECT * FROM article_details WHERE  active = '1' and document_user_active = '1' and id_document = '0' and username = 'admin'
[2022-10-11  08:09:34] [type: Request] [user: admin] [ip: ::1] [proxy: undefined] Controller: InspectorArticle Task: getDocumentsData: {}
[2022-10-11  08:09:34] [type: Select] [user: admin] [ip: ::1] [proxy: undefined] Database: scheduler; SQL: SELECT * FROM document_user_details WHERE  active = '1' and username = 'admin' and ( ( month(start) = '9' and year(start) = '2022' ) or ( month(end) = '9' and year(end) = '2022' ))
[2022-10-11  08:09:52] [type: Access] [user: admin] [ip: ::1] [proxy: undefined] http://localhost/Scheduler/pages/inspector/inspectorArticle41.php?
[2022-10-11  08:09:52] [type: Select] [user: admin] [ip: ::1] [proxy: undefined] Database: scheduler; SQL: SELECT * FROM document_user_details WHERE  active = '1' and username = 'admin' and ( ( month(start) = '10' and year(start) = '2022' ) or ( month(end) = '10' and year(end) = '2022' ))
[2022-10-11  08:09:52] [type: Request] [user: admin] [ip: ::1] [proxy: undefined] Controller: LanguageSelection Task: getInterfaceNamesData: {}
[2022-10-11  08:09:52] [type: Request] [user: admin] [ip: ::1] [proxy: undefined] Controller: InspectorArticle Task: getArticlesData: {}
[2022-10-11  08:09:52] [type: Select] [user: admin] [ip: ::1] [proxy: undefined] Database: scheduler; SQL: SELECT * FROM article_details WHERE  active = '1' and document_user_active = '1' and id_document = '0' and username = 'admin'
[2022-10-11  08:09:58] [type: Request] [user: admin] [ip: ::1] [proxy: undefined] Controller: InspectorArticle Task: getDocumentsData: {}
[2022-10-11  08:09:58] [type: Select] [user: admin] [ip: ::1] [proxy: undefined] Database: scheduler; SQL: SELECT * FROM document_user_details WHERE  active = '1' and username = 'admin' and ( ( month(start) = '9' and year(start) = '2022' ) or ( month(end) = '9' and year(end) = '2022' ))
[2022-10-11  08:10:00] [type: Request] [user: admin] [ip: ::1] [proxy: undefined] Controller: InspectorArticle Task: getArticlesData: {}
[2022-10-11  08:10:00] [type: Select] [user: admin] [ip: ::1] [proxy: undefined] Database: scheduler; SQL: SELECT * FROM article_details WHERE  active = '1' and document_user_active = '1' and id_document = '4' and username = 'admin'
[2022-10-11  08:10:07] [type: Access] [user: admin] [ip: ::1] [proxy: undefined] http://localhost/Scheduler/pages/inspector/inspectorSuspensions.php?
[2022-10-11  08:10:07] [type: Select] [user: admin] [ip: ::1] [proxy: undefined] Database: scheduler; SQL: SELECT * FROM document_user_details WHERE  active = '1' and username = 'admin' and ( ( month(start) = '10' and year(start) = '2022' ) or ( month(end) = '10' and year(end) = '2022' ))
[2022-10-11  08:10:07] [type: Request] [user: admin] [ip: ::1] [proxy: undefined] Controller: LanguageSelection Task: getInterfaceNamesData: {}
[2022-10-11  08:10:08] [type: Request] [user: admin] [ip: ::1] [proxy: undefined] Controller: InspectorSuspensions Task: getSuspensionsData: {}
[2022-10-11  08:10:08] [type: Select] [user: admin] [ip: ::1] [proxy: undefined] Database: scheduler; SQL: SELECT * FROM suspension_details WHERE  active = '1' and username = 'admin' and id_document = '0'
[2022-10-11  08:10:10] [type: Request] [user: admin] [ip: ::1] [proxy: undefined] Controller: InspectorSuspensions Task: getDocumentsData: {}
[2022-10-11  08:10:10] [type: Select] [user: admin] [ip: ::1] [proxy: undefined] Database: scheduler; SQL: SELECT * FROM document_user_details WHERE  active = '1' and username = 'admin' and ( ( month(start) = '9' and year(start) = '2022' ) or ( month(end) = '9' and year(end) = '2022' ))
[2022-10-11  08:10:24] [type: Access] [user: admin] [ip: ::1] [proxy: undefined] http://localhost/Scheduler/pages/inspector/inspectorSuspensions.php?
[2022-10-11  08:10:24] [type: Select] [user: admin] [ip: ::1] [proxy: undefined] Database: scheduler; SQL: SELECT * FROM document_user_details WHERE  active = '1' and username = 'admin' and ( ( month(start) = '10' and year(start) = '2022' ) or ( month(end) = '10' and year(end) = '2022' ))
[2022-10-11  08:10:24] [type: Request] [user: admin] [ip: ::1] [proxy: undefined] Controller: LanguageSelection Task: getInterfaceNamesData: {}
[2022-10-11  08:10:25] [type: Request] [user: admin] [ip: ::1] [proxy: undefined] Controller: InspectorSuspensions Task: getSuspensionsData: {}
[2022-10-11  08:10:25] [type: Select] [user: admin] [ip: ::1] [proxy: undefined] Database: scheduler; SQL: SELECT * FROM suspension_details WHERE  active = '1' and username = 'admin' and id_document = '0'
[2022-10-11  08:10:28] [type: Request] [user: admin] [ip: ::1] [proxy: undefined] Controller: InspectorSuspensions Task: getDocumentsData: {}
[2022-10-11  08:10:28] [type: Select] [user: admin] [ip: ::1] [proxy: undefined] Database: scheduler; SQL: SELECT * FROM document_user_details WHERE  active = '1' and username = 'admin' and ( ( month(start) = '9' and year(start) = '2022' ) or ( month(end) = '9' and year(end) = '2022' ))
[2022-10-11  08:10:34] [type: Access] [user: admin] [ip: ::1] [proxy: undefined] http://localhost/Scheduler/pages/inspector/inspectorInstruments.php?
[2022-10-11  08:10:34] [type: Request] [user: admin] [ip: ::1] [proxy: undefined] Controller: LanguageSelection Task: getInterfaceNamesData: {}
[2022-10-11  08:10:35] [type: Access] [user: admin] [ip: ::1] [proxy: undefined] http://localhost/Scheduler/pages/inspector/inspectorSuspensions.php?
[2022-10-11  08:10:35] [type: Select] [user: admin] [ip: ::1] [proxy: undefined] Database: scheduler; SQL: SELECT * FROM document_user_details WHERE  active = '1' and username = 'admin' and ( ( month(start) = '10' and year(start) = '2022' ) or ( month(end) = '10' and year(end) = '2022' ))
[2022-10-11  08:10:36] [type: Request] [user: admin] [ip: ::1] [proxy: undefined] Controller: LanguageSelection Task: getInterfaceNamesData: {}
[2022-10-11  08:10:36] [type: Request] [user: admin] [ip: ::1] [proxy: undefined] Controller: InspectorSuspensions Task: getSuspensionsData: {}
[2022-10-11  08:10:36] [type: Select] [user: admin] [ip: ::1] [proxy: undefined] Database: scheduler; SQL: SELECT * FROM suspension_details WHERE  active = '1' and username = 'admin' and id_document = '0'
[2022-10-11  08:10:37] [type: Access] [user: admin] [ip: ::1] [proxy: undefined] http://localhost/Scheduler/pages/adminPanel/adminPanelUsers.php?
[2022-10-11  08:10:37] [type: Request] [user: admin] [ip: ::1] [proxy: undefined] Controller: LanguageSelection Task: getInterfaceNamesData: {}
[2022-10-11  08:10:38] [type: Request] [user: admin] [ip: ::1] [proxy: undefined] Controller: AdminPanelUsers Task: getAllUsersData: {}
[2022-10-11  08:10:38] [type: Select] [user: admin] [ip: ::1] [proxy: undefined] Database: scheduler; SQL: SELECT * FROM users_without_passwords
[2022-10-11  08:10:38] [type: Request] [user: admin] [ip: ::1] [proxy: undefined] Controller: AdminPanelUsers Task: getUserPrivilagesData: {}
[2022-10-11  08:10:38] [type: Select] [user: admin] [ip: ::1] [proxy: undefined] Database: scheduler; SQL: SELECT * FROM privilages WHERE  id_user = '0'
[2022-10-11  08:10:38] [type: Request] [user: admin] [ip: ::1] [proxy: undefined] Controller: AdminPanelUsers Task: getUserEmploymentPeriodsData: {}
[2022-10-11  08:10:38] [type: Select] [user: admin] [ip: ::1] [proxy: undefined] Database: scheduler; SQL: SELECT * FROM employment WHERE  id_user = '0'
[2022-10-11  08:10:42] [type: Access] [user: admin] [ip: ::1] [proxy: undefined] http://localhost/Scheduler/pages/adminPanel/adminPanelTicket.php?
[2022-10-11  08:10:42] [type: Select] [user: admin] [ip: ::1] [proxy: undefined] Database: scheduler; SQL: SELECT * FROM users_without_passwords
[2022-10-11  08:10:42] [type: Request] [user: admin] [ip: ::1] [proxy: undefined] Controller: LanguageSelection Task: getInterfaceNamesData: {}
[2022-10-11  08:10:42] [type: Request] [user: admin] [ip: ::1] [proxy: undefined] Controller: AdminPanelTicket Task: getUserTicketsData: {}
[2022-10-11  08:10:42] [type: Select] [user: admin] [ip: ::1] [proxy: undefined] Database: scheduler; SQL: SELECT * FROM ticket_details WHERE  year(date) = '0' and username = '' ORDER BY date DESC
[2022-10-11  08:10:45] [type: Access] [user: admin] [ip: ::1] [proxy: undefined] http://localhost/Scheduler/pages/inspector/inspectorReports.php?
[2022-10-11  08:10:45] [type: Request] [user: admin] [ip: ::1] [proxy: undefined] Controller: LanguageSelection Task: getInterfaceNamesData: {}
[2022-10-11  08:10:46] [type: Request] [user: admin] [ip: ::1] [proxy: undefined] Controller: InspectorReport Task: getMyDocumentsData: {}
[2022-10-11  08:10:46] [type: Select] [user: admin] [ip: ::1] [proxy: undefined] Database: scheduler; SQL: SELECT * FROM document_user_details WHERE  active = '1' and username = 'admin' and ( year(start) = '2022' or year(end) = '2022')
[2022-10-11  08:10:46] [type: Access] [user: admin] [ip: ::1] [proxy: undefined] http://localhost/Scheduler/pages/inspector/inspectorTickets.php?
[2022-10-11  08:10:47] [type: Select] [user: admin] [ip: ::1] [proxy: undefined] Database: scheduler; SQL: SELECT * FROM document_user_details WHERE  active = '1' and username = 'admin' and ( ( month(start) = '10' and year(start) = '2022' ) or ( month(end) = '10' and year(end) = '2022' ))
[2022-10-11  08:10:47] [type: Request] [user: admin] [ip: ::1] [proxy: undefined] Controller: LanguageSelection Task: getInterfaceNamesData: {}
[2022-10-11  08:10:47] [type: Request] [user: admin] [ip: ::1] [proxy: undefined] Controller: InspectorTickets Task: getTicketsData: {}
[2022-10-11  08:10:47] [type: Select] [user: admin] [ip: ::1] [proxy: undefined] Database: scheduler; SQL: SELECT * FROM ticket_details WHERE  active = '1' and document_user_active = '1' and id_document = '0' and username = 'admin'
[2022-10-11  08:10:51] [type: Request] [user: admin] [ip: ::1] [proxy: undefined] Controller: InspectorTickets Task: getDocumentsData: {}
[2022-10-11  08:10:51] [type: Select] [user: admin] [ip: ::1] [proxy: undefined] Database: scheduler; SQL: SELECT * FROM document_user_details WHERE  active = '1' and username = 'admin' and ( ( month(start) = '9' and year(start) = '2022' ) or ( month(end) = '9' and year(end) = '2022' ))
[2022-10-11  08:10:52] [type: Request] [user: admin] [ip: ::1] [proxy: undefined] Controller: InspectorTickets Task: getTicketsData: {}
[2022-10-11  08:10:52] [type: Select] [user: admin] [ip: ::1] [proxy: undefined] Database: scheduler; SQL: SELECT * FROM ticket_details WHERE  active = '1' and document_user_active = '1' and id_document = '4' and username = 'admin'
[2022-10-11  08:10:55] [type: Request] [user: admin] [ip: ::1] [proxy: undefined] Controller: InspectorTickets Task: getNewTicketDetailsData: {}
[2022-10-11  08:10:55] [type: Select] [user: admin] [ip: ::1] [proxy: undefined] Database: scheduler; SQL: SELECT * FROM document WHERE  id = '4'
[2022-10-11  08:10:55] [type: Select] [user: admin] [ip: ::1] [proxy: undefined] Database: scheduler; SQL: SELECT * FROM ticket_law WHERE  active = '1'
[2022-10-11  08:10:55] [type: Select] [user: admin] [ip: ::1] [proxy: undefined] Database: scheduler; SQL: SELECT * FROM position_groups WHERE  active = '1'
[2022-10-11  08:11:27] [type: Access] [user: admin] [ip: ::1] [proxy: undefined] http://localhost/Scheduler/pages/adminPanel/adminPanelUsers.php?
[2022-10-11  08:11:27] [type: Request] [user: admin] [ip: ::1] [proxy: undefined] Controller: LanguageSelection Task: getInterfaceNamesData: {}
[2022-10-11  08:11:27] [type: Request] [user: admin] [ip: ::1] [proxy: undefined] Controller: AdminPanelUsers Task: getAllUsersData: {}
[2022-10-11  08:11:27] [type: Select] [user: admin] [ip: ::1] [proxy: undefined] Database: scheduler; SQL: SELECT * FROM users_without_passwords
[2022-10-11  08:11:28] [type: Request] [user: admin] [ip: ::1] [proxy: undefined] Controller: AdminPanelUsers Task: getUserPrivilagesData: {}
[2022-10-11  08:11:28] [type: Select] [user: admin] [ip: ::1] [proxy: undefined] Database: scheduler; SQL: SELECT * FROM privilages WHERE  id_user = '0'
[2022-10-11  08:11:28] [type: Request] [user: admin] [ip: ::1] [proxy: undefined] Controller: AdminPanelUsers Task: getUserEmploymentPeriodsData: {}
[2022-10-11  08:11:28] [type: Select] [user: admin] [ip: ::1] [proxy: undefined] Database: scheduler; SQL: SELECT * FROM employment WHERE  id_user = '0'
[2022-10-11  08:12:20] [type: Access] [user: admin] [ip: ::1] [proxy: undefined] http://localhost/Scheduler/pages/adminPanel/adminPanelTicket.php?
[2022-10-11  08:12:21] [type: Select] [user: admin] [ip: ::1] [proxy: undefined] Database: scheduler; SQL: SELECT * FROM users_without_passwords
[2022-10-11  08:12:21] [type: Request] [user: admin] [ip: ::1] [proxy: undefined] Controller: LanguageSelection Task: getInterfaceNamesData: {}
[2022-10-11  08:12:21] [type: Request] [user: admin] [ip: ::1] [proxy: undefined] Controller: AdminPanelTicket Task: getUserTicketsData: {}
[2022-10-11  08:12:21] [type: Select] [user: admin] [ip: ::1] [proxy: undefined] Database: scheduler; SQL: SELECT * FROM ticket_details WHERE  year(date) = '0' and username = '' ORDER BY date DESC
[2022-10-11  08:18:46] [type: Access] [user: admin] [ip: ::1] [proxy: undefined] http://localhost/Scheduler/pages/adminPanel/adminPanelDocuments.php?
[2022-10-11  08:18:47] [type: Request] [user: admin] [ip: ::1] [proxy: undefined] Controller: LanguageSelection Task: getInterfaceNamesData: {}
[2022-10-11  08:18:47] [type: Request] [user: admin] [ip: ::1] [proxy: undefined] Controller: AdminPanelDocuments Task: getDocumentsData: {}
[2022-10-11  08:18:47] [type: Select] [user: admin] [ip: ::1] [proxy: undefined] Database: scheduler; SQL: SELECT * FROM document WHERE  ( ( month(start) = '10' and year(start) = '2022' ) or ( month(end) = '10' and year(end) = '2022' )) ORDER BY start ASC
[2022-10-11  08:18:47] [type: Request] [user: admin] [ip: ::1] [proxy: undefined] Controller: AdminPanelDocuments Task: getDocumentUsersData: {}
[2022-10-11  08:18:47] [type: Select] [user: admin] [ip: ::1] [proxy: undefined] Database: scheduler; SQL: SELECT * FROM document_user_details WHERE  active = '1' and id = '0'
[2022-10-11  08:18:52] [type: Request] [user: admin] [ip: ::1] [proxy: undefined] Controller: AdminPanelDocuments Task: getDocumentUsersData: {}
[2022-10-11  08:18:52] [type: Select] [user: admin] [ip: ::1] [proxy: undefined] Database: scheduler; SQL: SELECT * FROM document_user_details WHERE  active = '1' and id = '5'
[2022-10-11  08:19:42] [type: Access] [user: admin] [ip: ::1] [proxy: undefined] http://localhost/Scheduler/pages/adminPanel/adminPanelTicket.php?
[2022-10-11  08:19:42] [type: Select] [user: admin] [ip: ::1] [proxy: undefined] Database: scheduler; SQL: SELECT * FROM users_without_passwords
[2022-10-11  08:19:42] [type: Request] [user: admin] [ip: ::1] [proxy: undefined] Controller: LanguageSelection Task: getInterfaceNamesData: {}
[2022-10-11  08:19:42] [type: Request] [user: admin] [ip: ::1] [proxy: undefined] Controller: AdminPanelTicket Task: getUserTicketsData: {}
[2022-10-11  08:19:42] [type: Select] [user: admin] [ip: ::1] [proxy: undefined] Database: scheduler; SQL: SELECT * FROM ticket_details WHERE  year(date) = '0' and username = '' ORDER BY date DESC
[2022-10-11  08:20:40] [type: Request] [user: admin] [ip: ::1] [proxy: undefined] Controller: AdminPanelTicket Task: getUserTicketsData: {}
[2022-10-11  08:20:40] [type: Select] [user: admin] [ip: ::1] [proxy: undefined] Database: scheduler; SQL: SELECT * FROM ticket_details WHERE  year(date) = '2022' and username = 'inspector' ORDER BY date DESC
[2022-10-11  08:30:24] [type: Access] [user: admin] [ip: ::1] [proxy: undefined] http://localhost/Scheduler/pages/adminPanel/adminPanelTicket.php?
[2022-10-11  08:30:24] [type: Select] [user: admin] [ip: ::1] [proxy: undefined] Database: scheduler; SQL: SELECT * FROM users_without_passwords
[2022-10-11  08:30:25] [type: Request] [user: admin] [ip: ::1] [proxy: undefined] Controller: LanguageSelection Task: getInterfaceNamesData: {}
[2022-10-11  08:30:25] [type: Request] [user: admin] [ip: ::1] [proxy: undefined] Controller: AdminPanelTicket Task: getUserTicketsData: {}
[2022-10-11  08:30:25] [type: Select] [user: admin] [ip: ::1] [proxy: undefined] Database: scheduler; SQL: SELECT * FROM ticket_details WHERE  year(date) = '0' and username = '' ORDER BY date DESC
[2022-10-11  08:30:28] [type: Request] [user: admin] [ip: ::1] [proxy: undefined] Controller: AdminPanelTicket Task: getUserTicketsData: {}
[2022-10-11  08:30:28] [type: Select] [user: admin] [ip: ::1] [proxy: undefined] Database: scheduler; SQL: SELECT * FROM ticket_details WHERE  year(date) = '2022' and username = 'admin' ORDER BY date DESC
[2022-10-11  08:30:32] [type: Request] [user: admin] [ip: ::1] [proxy: undefined] Controller: AdminPanelTicket Task: getUserTicketsData: {}
[2022-10-11  08:30:32] [type: Select] [user: admin] [ip: ::1] [proxy: undefined] Database: scheduler; SQL: SELECT * FROM ticket_details WHERE  year(date) = '2022' and username = 'inspector' ORDER BY date DESC
[2022-10-11  08:30:36] [type: Error] [user: admin] [ip: ::1] [proxy: undefined] method getEditTicketDetails() not defined.
[2022-10-11  08:31:15] [type: Access] [user: admin] [ip: ::1] [proxy: undefined] http://localhost/Scheduler/pages/adminPanel/adminPanelTicket.php?
[2022-10-11  08:31:15] [type: Select] [user: admin] [ip: ::1] [proxy: undefined] Database: scheduler; SQL: SELECT * FROM users_without_passwords
[2022-10-11  08:31:15] [type: Request] [user: admin] [ip: ::1] [proxy: undefined] Controller: LanguageSelection Task: getInterfaceNamesData: {}
[2022-10-11  08:31:16] [type: Request] [user: admin] [ip: ::1] [proxy: undefined] Controller: AdminPanelTicket Task: getUserTicketsData: {}
[2022-10-11  08:31:16] [type: Select] [user: admin] [ip: ::1] [proxy: undefined] Database: scheduler; SQL: SELECT * FROM ticket_details WHERE  year(date) = '0' and username = '' ORDER BY date DESC
[2022-10-11  08:31:20] [type: Request] [user: admin] [ip: ::1] [proxy: undefined] Controller: AdminPanelTicket Task: getUserTicketsData: {}
[2022-10-11  08:31:20] [type: Select] [user: admin] [ip: ::1] [proxy: undefined] Database: scheduler; SQL: SELECT * FROM ticket_details WHERE  year(date) = '2022' and username = 'inspector' ORDER BY date DESC
[2022-10-11  08:31:48] [type: Access] [user: admin] [ip: ::1] [proxy: undefined] http://localhost/Scheduler/pages/adminPanel/adminPanelTicket.php?
[2022-10-11  08:31:48] [type: Select] [user: admin] [ip: ::1] [proxy: undefined] Database: scheduler; SQL: SELECT * FROM users_without_passwords
[2022-10-11  08:31:48] [type: Request] [user: admin] [ip: ::1] [proxy: undefined] Controller: LanguageSelection Task: getInterfaceNamesData: {}
[2022-10-11  08:31:49] [type: Request] [user: admin] [ip: ::1] [proxy: undefined] Controller: AdminPanelTicket Task: getUserTicketsData: {}
[2022-10-11  08:31:49] [type: Select] [user: admin] [ip: ::1] [proxy: undefined] Database: scheduler; SQL: SELECT * FROM ticket_details WHERE  year(date) = '0' and username = '' ORDER BY date DESC
[2022-10-11  08:31:52] [type: Request] [user: admin] [ip: ::1] [proxy: undefined] Controller: AdminPanelTicket Task: getUserTicketsData: {}
[2022-10-11  08:31:52] [type: Select] [user: admin] [ip: ::1] [proxy: undefined] Database: scheduler; SQL: SELECT * FROM ticket_details WHERE  year(date) = '2022' and username = 'inspector' ORDER BY date DESC
[2022-10-11  08:31:54] [type: Request] [user: admin] [ip: ::1] [proxy: undefined] Controller: AdminPanelTicket Task: getEditTicketDetailsData: {}
[2022-10-11  08:31:54] [type: Error] [user: admin] [ip: ::1] [proxy: undefined] Container error: value not defined for key: id_document ;
 #0 C:\laragon\www\Scheduler\sys\classes\Tanweb\Container.php(42): Tanweb\Container->throwException('value not defin...')
#1 C:\laragon\www\Scheduler\sys\classes\Controllers\AdminPanelTicket.php(52): Tanweb\Container->get('id_document')
#2 C:\laragon\www\Scheduler\sys\classes\Controllers\Base\Controller.php(112): Controllers\AdminPanelTicket->getEditTicketDetails()
#3 C:\laragon\www\Scheduler\sys\classes\Controllers\Base\Controller.php(89): Controllers\Base\Controller->runTask(Object(Tanweb\Request\Request))
#4 C:\laragon\www\Scheduler\sys\scripts\requests\rest.php(28): Controllers\Base\Controller->run(Object(Tanweb\Request\Request))
#5 {main}
[2022-10-11  08:32:13] [type: Access] [user: admin] [ip: ::1] [proxy: undefined] http://localhost/Scheduler/pages/adminPanel/adminPanelTicket.php?
[2022-10-11  08:32:13] [type: Select] [user: admin] [ip: ::1] [proxy: undefined] Database: scheduler; SQL: SELECT * FROM users_without_passwords
[2022-10-11  08:32:13] [type: Request] [user: admin] [ip: ::1] [proxy: undefined] Controller: LanguageSelection Task: getInterfaceNamesData: {}
[2022-10-11  08:32:13] [type: Request] [user: admin] [ip: ::1] [proxy: undefined] Controller: AdminPanelTicket Task: getUserTicketsData: {}
[2022-10-11  08:32:13] [type: Select] [user: admin] [ip: ::1] [proxy: undefined] Database: scheduler; SQL: SELECT * FROM ticket_details WHERE  year(date) = '0' and username = '' ORDER BY date DESC
[2022-10-11  08:32:16] [type: Request] [user: admin] [ip: ::1] [proxy: undefined] Controller: AdminPanelTicket Task: getUserTicketsData: {}
[2022-10-11  08:32:16] [type: Select] [user: admin] [ip: ::1] [proxy: undefined] Database: scheduler; SQL: SELECT * FROM ticket_details WHERE  year(date) = '2022' and username = 'inspector' ORDER BY date DESC
[2022-10-11  08:32:18] [type: Request] [user: admin] [ip: ::1] [proxy: undefined] Controller: AdminPanelTicket Task: getEditTicketDetailsData: {}
[2022-10-11  08:32:18] [type: Select] [user: admin] [ip: ::1] [proxy: undefined] Database: scheduler; SQL: SELECT * FROM document WHERE  id = '5'
[2022-10-11  08:32:18] [type: Select] [user: admin] [ip: ::1] [proxy: undefined] Database: scheduler; SQL: SELECT * FROM ticket_law WHERE  active = '1'
[2022-10-11  08:32:18] [type: Select] [user: admin] [ip: ::1] [proxy: undefined] Database: scheduler; SQL: SELECT * FROM position_groups WHERE  active = '1'
[2022-10-11  08:32:36] [type: Access] [user: admin] [ip: ::1] [proxy: undefined] http://localhost/Scheduler/pages/adminPanel/adminPanelTicket.php?
[2022-10-11  08:32:36] [type: Select] [user: admin] [ip: ::1] [proxy: undefined] Database: scheduler; SQL: SELECT * FROM users_without_passwords
[2022-10-11  08:32:37] [type: Request] [user: admin] [ip: ::1] [proxy: undefined] Controller: LanguageSelection Task: getInterfaceNamesData: {}
[2022-10-11  08:32:37] [type: Request] [user: admin] [ip: ::1] [proxy: undefined] Controller: AdminPanelTicket Task: getUserTicketsData: {}
[2022-10-11  08:32:37] [type: Select] [user: admin] [ip: ::1] [proxy: undefined] Database: scheduler; SQL: SELECT * FROM ticket_details WHERE  year(date) = '0' and username = '' ORDER BY date DESC
[2022-10-11  08:32:39] [type: Request] [user: admin] [ip: ::1] [proxy: undefined] Controller: AdminPanelTicket Task: getUserTicketsData: {}
[2022-10-11  08:32:39] [type: Select] [user: admin] [ip: ::1] [proxy: undefined] Database: scheduler; SQL: SELECT * FROM ticket_details WHERE  year(date) = '2022' and username = 'inspector' ORDER BY date DESC
[2022-10-11  08:32:41] [type: Request] [user: admin] [ip: ::1] [proxy: undefined] Controller: AdminPanelTicket Task: getEditTicketDetailsData: {}
[2022-10-11  08:32:41] [type: Select] [user: admin] [ip: ::1] [proxy: undefined] Database: scheduler; SQL: SELECT * FROM document WHERE  id = '5'
[2022-10-11  08:32:41] [type: Select] [user: admin] [ip: ::1] [proxy: undefined] Database: scheduler; SQL: SELECT * FROM ticket_law WHERE  active = '1'
[2022-10-11  08:32:41] [type: Select] [user: admin] [ip: ::1] [proxy: undefined] Database: scheduler; SQL: SELECT * FROM position_groups WHERE  active = '1'
[2022-10-11  08:32:54] [type: Request] [user: admin] [ip: ::1] [proxy: undefined] Controller: AdminPanelTicket Task: saveTicketData: {}
[2022-10-11  08:32:54] [type: Select] [user: admin] [ip: ::1] [proxy: undefined] Database: scheduler; SQL: SELECT * FROM ticket WHERE  id = '3'
[2022-10-11  08:32:54] [type: update] [user: admin] [ip: ::1] [proxy: undefined] Database: scheduler; SQL: UPDATE ticket SET value='17', date='2022-09-30', external_company='0', id_position_groups='1', id_ticket_law='1', id_document_user='7' WHERE id = '3'
[2022-10-11  08:32:56] [type: Request] [user: admin] [ip: ::1] [proxy: undefined] Controller: AdminPanelTicket Task: getUserTicketsData: {}
[2022-10-11  08:32:56] [type: Select] [user: admin] [ip: ::1] [proxy: undefined] Database: scheduler; SQL: SELECT * FROM ticket_details WHERE  year(date) = '2022' and username = 'inspector' ORDER BY date DESC
[2022-10-11  09:09:20] [type: Access] [user: admin] [ip: ::1] [proxy: undefined] http://localhost/Scheduler/pages/adminPanel/adminPanelArticle.php?
[2022-10-11  09:09:20] [type: Select] [user: admin] [ip: ::1] [proxy: undefined] Database: scheduler; SQL: SELECT * FROM users_without_passwords
[2022-10-11  09:09:20] [type: Request] [user: admin] [ip: ::1] [proxy: undefined] Controller: LanguageSelection Task: getInterfaceNamesData: {}
[2022-10-11  09:09:21] [type: Request] [user: admin] [ip: ::1] [proxy: undefined] Controller: AdminPanelArticle Task: getAllUserArticlesData: {}
[2022-10-11  09:09:21] [type: Select] [user: admin] [ip: ::1] [proxy: undefined] Database: scheduler; SQL: SELECT * FROM article_details WHERE  year(date) = '0' and username = '' ORDER BY date DESC
[2022-10-11  09:09:21] [type: Request] [user: admin] [ip: ::1] [proxy: undefined] Controller: AdminPanelArticle Task: getAllArticleFormsData: {}
[2022-10-11  09:09:21] [type: Select] [user: admin] [ip: ::1] [proxy: undefined] Database: scheduler; SQL: SELECT * FROM art_41_form
[2022-10-11  09:09:26] [type: Request] [user: admin] [ip: ::1] [proxy: undefined] Controller: AdminPanelArticle Task: getAllUserArticlesData: {}
[2022-10-11  09:09:26] [type: Select] [user: admin] [ip: ::1] [proxy: undefined] Database: scheduler; SQL: SELECT * FROM article_details WHERE  year(date) = '2022' and username = 'admin' ORDER BY date DESC
[2022-10-11  09:10:24] [type: Access] [user: admin] [ip: ::1] [proxy: undefined] http://localhost/Scheduler/pages/adminPanel/adminPanelArticle.php?
[2022-10-11  09:10:24] [type: Select] [user: admin] [ip: ::1] [proxy: undefined] Database: scheduler; SQL: SELECT * FROM users_without_passwords
[2022-10-11  09:10:25] [type: Request] [user: admin] [ip: ::1] [proxy: undefined] Controller: LanguageSelection Task: getInterfaceNamesData: {}
[2022-10-11  09:10:25] [type: Request] [user: admin] [ip: ::1] [proxy: undefined] Controller: AdminPanelArticle Task: getAllUserArticlesData: {}
[2022-10-11  09:10:25] [type: Select] [user: admin] [ip: ::1] [proxy: undefined] Database: scheduler; SQL: SELECT * FROM article_details WHERE  year(date) = '0' and username = '' ORDER BY date DESC
[2022-10-11  09:10:25] [type: Request] [user: admin] [ip: ::1] [proxy: undefined] Controller: AdminPanelArticle Task: getAllArticleFormsData: {}
[2022-10-11  09:10:25] [type: Select] [user: admin] [ip: ::1] [proxy: undefined] Database: scheduler; SQL: SELECT * FROM art_41_form
[2022-10-11  09:10:28] [type: Request] [user: admin] [ip: ::1] [proxy: undefined] Controller: AdminPanelArticle Task: getAllUserArticlesData: {}
[2022-10-11  09:10:28] [type: Select] [user: admin] [ip: ::1] [proxy: undefined] Database: scheduler; SQL: SELECT * FROM article_details WHERE  year(date) = '2022' and username = 'inspector' ORDER BY date DESC
[2022-10-11  09:12:55] [type: Access] [user: admin] [ip: ::1] [proxy: undefined] http://localhost/Scheduler/pages/adminPanel/adminPanelTicket.php?
[2022-10-11  09:12:55] [type: Select] [user: admin] [ip: ::1] [proxy: undefined] Database: scheduler; SQL: SELECT * FROM users_without_passwords
[2022-10-11  09:12:56] [type: Request] [user: admin] [ip: ::1] [proxy: undefined] Controller: LanguageSelection Task: getInterfaceNamesData: {}
[2022-10-11  09:12:56] [type: Request] [user: admin] [ip: ::1] [proxy: undefined] Controller: AdminPanelTicket Task: getUserTicketsData: {}
[2022-10-11  09:12:56] [type: Select] [user: admin] [ip: ::1] [proxy: undefined] Database: scheduler; SQL: SELECT * FROM ticket_details WHERE  year(date) = '0' and username = '' ORDER BY date DESC
[2022-10-11  09:13:53] [type: Request] [user: admin] [ip: ::1] [proxy: undefined] Controller: AdminPanelTicket Task: getUserTicketsData: {}
[2022-10-11  09:13:53] [type: Select] [user: admin] [ip: ::1] [proxy: undefined] Database: scheduler; SQL: SELECT * FROM ticket_details WHERE  year(date) = '2022' and username = 'inspector' ORDER BY date DESC
[2022-10-11  09:16:13] [type: Access] [user: admin] [ip: ::1] [proxy: undefined] http://localhost/Scheduler/pages/adminPanel/adminPanelTicket.php?
[2022-10-11  09:16:13] [type: Select] [user: admin] [ip: ::1] [proxy: undefined] Database: scheduler; SQL: SELECT * FROM users_without_passwords
[2022-10-11  09:16:13] [type: Request] [user: admin] [ip: ::1] [proxy: undefined] Controller: LanguageSelection Task: getInterfaceNamesData: {}
[2022-10-11  09:16:14] [type: Request] [user: admin] [ip: ::1] [proxy: undefined] Controller: AdminPanelTicket Task: getUserTicketsData: {}
[2022-10-11  09:16:14] [type: Select] [user: admin] [ip: ::1] [proxy: undefined] Database: scheduler; SQL: SELECT * FROM ticket_details WHERE  year(date) = '0' and username = '' ORDER BY date DESC
[2022-10-11  09:16:21] [type: Request] [user: admin] [ip: ::1] [proxy: undefined] Controller: AdminPanelTicket Task: getUserTicketsData: {}
[2022-10-11  09:16:21] [type: Select] [user: admin] [ip: ::1] [proxy: undefined] Database: scheduler; SQL: SELECT * FROM ticket_details WHERE  year(date) = '2022' and username = 'admin' ORDER BY date DESC
[2022-10-11  09:16:30] [type: Access] [user: admin] [ip: ::1] [proxy: undefined] http://localhost/Scheduler/pages/adminPanel/adminPanelArticle.php?
[2022-10-11  09:16:30] [type: Select] [user: admin] [ip: ::1] [proxy: undefined] Database: scheduler; SQL: SELECT * FROM users_without_passwords
[2022-10-11  09:16:31] [type: Request] [user: admin] [ip: ::1] [proxy: undefined] Controller: LanguageSelection Task: getInterfaceNamesData: {}
[2022-10-11  09:16:31] [type: Request] [user: admin] [ip: ::1] [proxy: undefined] Controller: AdminPanelArticle Task: getAllUserArticlesData: {}
[2022-10-11  09:16:31] [type: Select] [user: admin] [ip: ::1] [proxy: undefined] Database: scheduler; SQL: SELECT * FROM article_details WHERE  year(date) = '0' and username = '' ORDER BY date DESC
[2022-10-11  09:16:31] [type: Request] [user: admin] [ip: ::1] [proxy: undefined] Controller: AdminPanelArticle Task: getAllArticleFormsData: {}
[2022-10-11  09:16:31] [type: Select] [user: admin] [ip: ::1] [proxy: undefined] Database: scheduler; SQL: SELECT * FROM art_41_form
[2022-10-11  09:16:33] [type: Request] [user: admin] [ip: ::1] [proxy: undefined] Controller: AdminPanelArticle Task: getAllUserArticlesData: {}
[2022-10-11  09:16:33] [type: Select] [user: admin] [ip: ::1] [proxy: undefined] Database: scheduler; SQL: SELECT * FROM article_details WHERE  year(date) = '2022' and username = 'admin' ORDER BY date DESC
[2022-10-11  09:16:37] [type: Request] [user: admin] [ip: ::1] [proxy: undefined] Controller: AdminPanelArticle Task: getAllUserArticlesData: {}
[2022-10-11  09:16:37] [type: Select] [user: admin] [ip: ::1] [proxy: undefined] Database: scheduler; SQL: SELECT * FROM article_details WHERE  year(date) = '2022' and username = 'inspector' ORDER BY date DESC
[2022-10-11  09:16:40] [type: Access] [user: admin] [ip: ::1] [proxy: undefined] http://localhost/Scheduler/pages/adminPanel/adminPanelDecisions.php?
[2022-10-11  09:16:40] [type: Select] [user: admin] [ip: ::1] [proxy: undefined] Database: scheduler; SQL: SELECT * FROM users_without_passwords
[2022-10-11  09:16:40] [type: Request] [user: admin] [ip: ::1] [proxy: undefined] Controller: LanguageSelection Task: getInterfaceNamesData: {}
[2022-10-11  09:16:40] [type: Request] [user: admin] [ip: ::1] [proxy: undefined] Controller: AdminPanelDecisions Task: getAllDecisionLawsData: {}
[2022-10-11  09:16:40] [type: Select] [user: admin] [ip: ::1] [proxy: undefined] Database: scheduler; SQL: SELECT * FROM decision_law
[2022-10-11  09:16:41] [type: Request] [user: admin] [ip: ::1] [proxy: undefined] Controller: AdminPanelDecisions Task: getAllUserDecisionsByYearData: {}
[2022-10-11  09:16:41] [type: Select] [user: admin] [ip: ::1] [proxy: undefined] Database: scheduler; SQL: SELECT * FROM decision_details WHERE  username = 'Wybierz użytkownika.' and year(date) = '2022'
[2022-10-11  09:17:45] [type: Access] [user: admin] [ip: ::1] [proxy: undefined] http://localhost/Scheduler/pages/adminPanel/adminPanelDecisions.php?
[2022-10-11  09:17:45] [type: Select] [user: admin] [ip: ::1] [proxy: undefined] Database: scheduler; SQL: SELECT * FROM users_without_passwords
[2022-10-11  09:17:45] [type: Request] [user: admin] [ip: ::1] [proxy: undefined] Controller: LanguageSelection Task: getInterfaceNamesData: {}
[2022-10-11  09:17:45] [type: Request] [user: admin] [ip: ::1] [proxy: undefined] Controller: AdminPanelDecisions Task: getAllDecisionLawsData: {}
[2022-10-11  09:17:45] [type: Select] [user: admin] [ip: ::1] [proxy: undefined] Database: scheduler; SQL: SELECT * FROM decision_law
[2022-10-11  09:17:46] [type: Request] [user: admin] [ip: ::1] [proxy: undefined] Controller: AdminPanelDecisions Task: getAllUserDecisionsByYearData: {}
[2022-10-11  09:17:46] [type: Select] [user: admin] [ip: ::1] [proxy: undefined] Database: scheduler; SQL: SELECT * FROM decision_details WHERE  username = 'Wybierz użytkownika.' and year(date) = '2022'
[2022-10-11  09:17:49] [type: Request] [user: admin] [ip: ::1] [proxy: undefined] Controller: AdminPanelDecisions Task: getAllUserDecisionsByYearData: {}
[2022-10-11  09:17:49] [type: Select] [user: admin] [ip: ::1] [proxy: undefined] Database: scheduler; SQL: SELECT * FROM decision_details WHERE  username = 'admin' and year(date) = '2022'
[2022-10-11  09:18:38] [type: Access] [user: admin] [ip: ::1] [proxy: undefined] http://localhost/Scheduler/pages/adminPanel/adminPanelTicket.php?
[2022-10-11  09:18:38] [type: Select] [user: admin] [ip: ::1] [proxy: undefined] Database: scheduler; SQL: SELECT * FROM users_without_passwords
[2022-10-11  09:18:38] [type: Request] [user: admin] [ip: ::1] [proxy: undefined] Controller: LanguageSelection Task: getInterfaceNamesData: {}
[2022-10-11  09:18:39] [type: Request] [user: admin] [ip: ::1] [proxy: undefined] Controller: AdminPanelTicket Task: getUserTicketsData: {}
[2022-10-11  09:18:39] [type: Select] [user: admin] [ip: ::1] [proxy: undefined] Database: scheduler; SQL: SELECT * FROM ticket_details WHERE  year(date) = '0' and username = '' ORDER BY date DESC
[2022-10-11  09:18:43] [type: Request] [user: admin] [ip: ::1] [proxy: undefined] Controller: AdminPanelTicket Task: getUserTicketsData: {}
[2022-10-11  09:18:43] [type: Select] [user: admin] [ip: ::1] [proxy: undefined] Database: scheduler; SQL: SELECT * FROM ticket_details WHERE  year(date) = '2022' and username = 'admin' ORDER BY date DESC
[2022-10-11  09:18:46] [type: Request] [user: admin] [ip: ::1] [proxy: undefined] Controller: AdminPanelTicket Task: getEditTicketDetailsData: {}
[2022-10-11  09:18:46] [type: Select] [user: admin] [ip: ::1] [proxy: undefined] Database: scheduler; SQL: SELECT * FROM document WHERE  id = '1'
[2022-10-11  09:18:46] [type: Select] [user: admin] [ip: ::1] [proxy: undefined] Database: scheduler; SQL: SELECT * FROM ticket_law WHERE  active = '1'
[2022-10-11  09:18:46] [type: Select] [user: admin] [ip: ::1] [proxy: undefined] Database: scheduler; SQL: SELECT * FROM position_groups WHERE  active = '1'
[2022-10-11  09:18:58] [type: Request] [user: admin] [ip: ::1] [proxy: undefined] Controller: AdminPanelTicket Task: getEditTicketDetailsData: {}
[2022-10-11  09:18:58] [type: Select] [user: admin] [ip: ::1] [proxy: undefined] Database: scheduler; SQL: SELECT * FROM document WHERE  id = '4'
[2022-10-11  09:18:58] [type: Select] [user: admin] [ip: ::1] [proxy: undefined] Database: scheduler; SQL: SELECT * FROM ticket_law WHERE  active = '1'
[2022-10-11  09:18:58] [type: Select] [user: admin] [ip: ::1] [proxy: undefined] Database: scheduler; SQL: SELECT * FROM position_groups WHERE  active = '1'
[2022-10-11  09:19:14] [type: Access] [user: admin] [ip: ::1] [proxy: undefined] http://localhost/Scheduler/pages/adminPanel/adminPanelArticle.php?
[2022-10-11  09:19:14] [type: Select] [user: admin] [ip: ::1] [proxy: undefined] Database: scheduler; SQL: SELECT * FROM users_without_passwords
[2022-10-11  09:19:14] [type: Request] [user: admin] [ip: ::1] [proxy: undefined] Controller: LanguageSelection Task: getInterfaceNamesData: {}
[2022-10-11  09:19:15] [type: Request] [user: admin] [ip: ::1] [proxy: undefined] Controller: AdminPanelArticle Task: getAllUserArticlesData: {}
[2022-10-11  09:19:15] [type: Select] [user: admin] [ip: ::1] [proxy: undefined] Database: scheduler; SQL: SELECT * FROM article_details WHERE  year(date) = '0' and username = '' ORDER BY date DESC
[2022-10-11  09:19:15] [type: Request] [user: admin] [ip: ::1] [proxy: undefined] Controller: AdminPanelArticle Task: getAllArticleFormsData: {}
[2022-10-11  09:19:15] [type: Select] [user: admin] [ip: ::1] [proxy: undefined] Database: scheduler; SQL: SELECT * FROM art_41_form
[2022-10-11  09:19:21] [type: Request] [user: admin] [ip: ::1] [proxy: undefined] Controller: AdminPanelArticle Task: getAllUserArticlesData: {}
[2022-10-11  09:19:21] [type: Select] [user: admin] [ip: ::1] [proxy: undefined] Database: scheduler; SQL: SELECT * FROM article_details WHERE  year(date) = '2022' and username = 'admin' ORDER BY date DESC
[2022-10-11  09:46:50] [type: Access] [user: admin] [ip: ::1] [proxy: undefined] http://localhost/Scheduler/pages/adminPanel/adminPanelArticle.php?
[2022-10-11  09:46:50] [type: Select] [user: admin] [ip: ::1] [proxy: undefined] Database: scheduler; SQL: SELECT * FROM users_without_passwords
[2022-10-11  09:46:50] [type: Request] [user: admin] [ip: ::1] [proxy: undefined] Controller: LanguageSelection Task: getInterfaceNamesData: {}
[2022-10-11  09:46:50] [type: Request] [user: admin] [ip: ::1] [proxy: undefined] Controller: AdminPanelArticle Task: getAllUserArticlesData: {}
[2022-10-11  09:46:50] [type: Select] [user: admin] [ip: ::1] [proxy: undefined] Database: scheduler; SQL: SELECT * FROM article_details WHERE  year(date) = '0' and username = '' ORDER BY date DESC
[2022-10-11  09:46:51] [type: Request] [user: admin] [ip: ::1] [proxy: undefined] Controller: AdminPanelArticle Task: getAllArticleFormsData: {}
[2022-10-11  09:46:51] [type: Select] [user: admin] [ip: ::1] [proxy: undefined] Database: scheduler; SQL: SELECT * FROM art_41_form
[2022-10-11  09:46:53] [type: Request] [user: admin] [ip: ::1] [proxy: undefined] Controller: AdminPanelArticle Task: getAllUserArticlesData: {}
[2022-10-11  09:46:53] [type: Select] [user: admin] [ip: ::1] [proxy: undefined] Database: scheduler; SQL: SELECT * FROM article_details WHERE  year(date) = '2022' and username = 'admin' ORDER BY date DESC
[2022-10-11  09:46:56] [type: Request] [user: admin] [ip: ::1] [proxy: undefined] Controller: AdminPanelArticle Task: getEditArticleDetailsData: {}
[2022-10-11  09:46:56] [type: Select] [user: admin] [ip: ::1] [proxy: undefined] Database: scheduler; SQL: SELECT * FROM document WHERE  id = '4'
[2022-10-11  09:46:56] [type: Select] [user: admin] [ip: ::1] [proxy: undefined] Database: scheduler; SQL: SELECT * FROM art_41_form WHERE  active = '1'
[2022-10-11  09:46:56] [type: Select] [user: admin] [ip: ::1] [proxy: undefined] Database: scheduler; SQL: SELECT * FROM position_groups WHERE  active = '1'
[2022-10-11  09:47:12] [type: Error] [user: admin] [ip: ::1] [proxy: undefined] method updateArticle() not defined.
[2022-10-11  09:47:31] [type: Access] [user: admin] [ip: ::1] [proxy: undefined] http://localhost/Scheduler/pages/adminPanel/adminPanelArticle.php?
[2022-10-11  09:47:31] [type: Select] [user: admin] [ip: ::1] [proxy: undefined] Database: scheduler; SQL: SELECT * FROM users_without_passwords
[2022-10-11  09:47:31] [type: Request] [user: admin] [ip: ::1] [proxy: undefined] Controller: LanguageSelection Task: getInterfaceNamesData: {}
[2022-10-11  09:47:32] [type: Request] [user: admin] [ip: ::1] [proxy: undefined] Controller: AdminPanelArticle Task: getAllUserArticlesData: {}
[2022-10-11  09:47:32] [type: Select] [user: admin] [ip: ::1] [proxy: undefined] Database: scheduler; SQL: SELECT * FROM article_details WHERE  year(date) = '0' and username = '' ORDER BY date DESC
[2022-10-11  09:47:32] [type: Request] [user: admin] [ip: ::1] [proxy: undefined] Controller: AdminPanelArticle Task: getAllArticleFormsData: {}
[2022-10-11  09:47:32] [type: Select] [user: admin] [ip: ::1] [proxy: undefined] Database: scheduler; SQL: SELECT * FROM art_41_form
[2022-10-11  09:47:34] [type: Request] [user: admin] [ip: ::1] [proxy: undefined] Controller: AdminPanelArticle Task: getAllUserArticlesData: {}
[2022-10-11  09:47:34] [type: Select] [user: admin] [ip: ::1] [proxy: undefined] Database: scheduler; SQL: SELECT * FROM article_details WHERE  year(date) = '2022' and username = 'admin' ORDER BY date DESC
[2022-10-11  09:47:36] [type: Request] [user: admin] [ip: ::1] [proxy: undefined] Controller: AdminPanelArticle Task: getEditArticleDetailsData: {}
[2022-10-11  09:47:36] [type: Select] [user: admin] [ip: ::1] [proxy: undefined] Database: scheduler; SQL: SELECT * FROM document WHERE  id = '4'
[2022-10-11  09:47:36] [type: Select] [user: admin] [ip: ::1] [proxy: undefined] Database: scheduler; SQL: SELECT * FROM art_41_form WHERE  active = '1'
[2022-10-11  09:47:36] [type: Select] [user: admin] [ip: ::1] [proxy: undefined] Database: scheduler; SQL: SELECT * FROM position_groups WHERE  active = '1'
[2022-10-11  09:47:40] [type: Request] [user: admin] [ip: ::1] [proxy: undefined] Controller: AdminPanelArticle Task: saveArticleData: {}
[2022-10-11  09:47:40] [type: Select] [user: admin] [ip: ::1] [proxy: undefined] Database: scheduler; SQL: SELECT * FROM art_41 WHERE  id = '2'
[2022-10-11  09:47:40] [type: update] [user: admin] [ip: ::1] [proxy: undefined] Database: scheduler; SQL: UPDATE art_41 SET date='2022-09-07', external_company='0', id_document_user='6', id_position_groups='2', id_art_41_form='3' WHERE id = '2'
[2022-10-11  09:47:42] [type: Request] [user: admin] [ip: ::1] [proxy: undefined] Controller: AdminPanelArticle Task: getAllUserArticlesData: {}
[2022-10-11  09:47:42] [type: Select] [user: admin] [ip: ::1] [proxy: undefined] Database: scheduler; SQL: SELECT * FROM article_details WHERE  year(date) = '2022' and username = 'admin' ORDER BY date DESC
[2022-10-11  09:48:11] [type: Access] [user: admin] [ip: ::1] [proxy: undefined] http://localhost/Scheduler/pages/adminPanel/adminPanelDecisions.php?
[2022-10-11  09:48:11] [type: Select] [user: admin] [ip: ::1] [proxy: undefined] Database: scheduler; SQL: SELECT * FROM users_without_passwords
[2022-10-11  09:48:11] [type: Request] [user: admin] [ip: ::1] [proxy: undefined] Controller: LanguageSelection Task: getInterfaceNamesData: {}
[2022-10-11  09:48:11] [type: Request] [user: admin] [ip: ::1] [proxy: undefined] Controller: AdminPanelDecisions Task: getAllUserDecisionsByYearData: {}
[2022-10-11  09:48:11] [type: Select] [user: admin] [ip: ::1] [proxy: undefined] Database: scheduler; SQL: SELECT * FROM decision_details WHERE  username = 'Wybierz użytkownika.' and year(date) = '2022'
[2022-10-11  09:48:12] [type: Request] [user: admin] [ip: ::1] [proxy: undefined] Controller: AdminPanelDecisions Task: getAllDecisionLawsData: {}
[2022-10-11  09:48:12] [type: Select] [user: admin] [ip: ::1] [proxy: undefined] Database: scheduler; SQL: SELECT * FROM decision_law
[2022-10-11  09:48:17] [type: Request] [user: admin] [ip: ::1] [proxy: undefined] Controller: AdminPanelDecisions Task: getAllUserDecisionsByYearData: {}
[2022-10-11  09:48:17] [type: Select] [user: admin] [ip: ::1] [proxy: undefined] Database: scheduler; SQL: SELECT * FROM decision_details WHERE  username = 'admin' and year(date) = '2022'
[2022-10-11  09:54:55] [type: Access] [user: admin] [ip: ::1] [proxy: undefined] http://localhost/Scheduler/pages/adminPanel/adminPanelDecisions.php?
[2022-10-11  09:54:55] [type: Select] [user: admin] [ip: ::1] [proxy: undefined] Database: scheduler; SQL: SELECT * FROM users_without_passwords
[2022-10-11  09:54:55] [type: Request] [user: admin] [ip: ::1] [proxy: undefined] Controller: LanguageSelection Task: getInterfaceNamesData: {}
[2022-10-11  09:54:55] [type: Request] [user: admin] [ip: ::1] [proxy: undefined] Controller: AdminPanelDecisions Task: getAllUserDecisionsByYearData: {}
[2022-10-11  09:54:55] [type: Select] [user: admin] [ip: ::1] [proxy: undefined] Database: scheduler; SQL: SELECT * FROM decision_details WHERE  username = 'Wybierz użytkownika.' and year(date) = '2022'
[2022-10-11  09:54:56] [type: Request] [user: admin] [ip: ::1] [proxy: undefined] Controller: AdminPanelDecisions Task: getAllDecisionLawsData: {}
[2022-10-11  09:54:56] [type: Select] [user: admin] [ip: ::1] [proxy: undefined] Database: scheduler; SQL: SELECT * FROM decision_law
[2022-10-11  09:54:58] [type: Request] [user: admin] [ip: ::1] [proxy: undefined] Controller: AdminPanelDecisions Task: getAllUserDecisionsByYearData: {}
[2022-10-11  09:54:58] [type: Select] [user: admin] [ip: ::1] [proxy: undefined] Database: scheduler; SQL: SELECT * FROM decision_details WHERE  username = 'inspector' and year(date) = '2022'
[2022-10-11  09:55:00] [type: Request] [user: admin] [ip: ::1] [proxy: undefined] Controller: AdminPanelDecisions Task: getEditDecisionDetailsData: {}
[2022-10-11  09:55:00] [type: Select] [user: admin] [ip: ::1] [proxy: undefined] Database: scheduler; SQL: SELECT * FROM document_user_details WHERE  id = '5'
[2022-10-11  09:55:00] [type: Select] [user: admin] [ip: ::1] [proxy: undefined] Database: scheduler; SQL: SELECT * FROM decision_law WHERE  active = '1'
[2022-10-11  09:55:06] [type: Request] [user: admin] [ip: ::1] [proxy: undefined] Controller: AdminPanelDecisions Task: getEditDecisionDetailsData: {}
[2022-10-11  09:55:06] [type: Select] [user: admin] [ip: ::1] [proxy: undefined] Database: scheduler; SQL: SELECT * FROM document_user_details WHERE  id = '5'
[2022-10-11  09:55:06] [type: Select] [user: admin] [ip: ::1] [proxy: undefined] Database: scheduler; SQL: SELECT * FROM decision_law WHERE  active = '1'
[2022-10-11  09:55:10] [type: Request] [user: admin] [ip: ::1] [proxy: undefined] Controller: AdminPanelDecisions Task: saveDecisionData: {}
[2022-10-11  09:55:10] [type: Select] [user: admin] [ip: ::1] [proxy: undefined] Database: scheduler; SQL: SELECT * FROM document_user_details WHERE  username = 'admin' and id = '5'
[2022-10-11  09:55:10] [type: Error] [user: admin] [ip: ::1] [proxy: undefined] Container error: value not defined for key: id_document_user ;
 #0 C:\laragon\www\Scheduler\sys\classes\Tanweb\Container.php(42): Tanweb\Container->throwException('value not defin...')
#1 C:\laragon\www\Scheduler\sys\classes\Services\DecisionService.php(100): Tanweb\Container->get('id_document_use...')
#2 C:\laragon\www\Scheduler\sys\classes\Services\DecisionService.php(84): Services\DecisionService->getDocumentUserId('admin', 5)
#3 C:\laragon\www\Scheduler\sys\classes\Controllers\AdminPanelDecisions.php(53): Services\DecisionService->saveDecisionForCurrentUser(Object(Tanweb\Container))
#4 C:\laragon\www\Scheduler\sys\classes\Controllers\Base\Controller.php(112): Controllers\AdminPanelDecisions->saveDecision()
#5 C:\laragon\www\Scheduler\sys\classes\Controllers\Base\Controller.php(89): Controllers\Base\Controller->runTask(Object(Tanweb\Request\Request))
#6 C:\laragon\www\Scheduler\sys\scripts\requests\rest.php(28): Controllers\Base\Controller->run(Object(Tanweb\Request\Request))
#7 {main}
[2022-10-11  09:56:53] [type: Request] [user: admin] [ip: ::1] [proxy: undefined] Controller: AdminPanelDecisions Task: getEditDecisionDetailsData: {}
[2022-10-11  09:56:53] [type: Select] [user: admin] [ip: ::1] [proxy: undefined] Database: scheduler; SQL: SELECT * FROM document_user_details WHERE  id = '5'
[2022-10-11  09:56:53] [type: Select] [user: admin] [ip: ::1] [proxy: undefined] Database: scheduler; SQL: SELECT * FROM decision_law WHERE  active = '1'
[2022-10-11  09:56:56] [type: Request] [user: admin] [ip: ::1] [proxy: undefined] Controller: AdminPanelDecisions Task: saveDecisionData: {}
[2022-10-11  09:57:39] [type: Select] [user: admin] [ip: ::1] [proxy: undefined] Database: scheduler; SQL: SELECT * FROM document_user_details WHERE  username = 'admin' and id = '5'
[2022-10-11  09:57:40] [type: Error] [user: admin] [ip: ::1] [proxy: undefined] Container error: value not defined for key: id_document_user ;
 #0 C:\laragon\www\Scheduler\sys\classes\Tanweb\Container.php(42): Tanweb\Container->throwException('value not defin...')
#1 C:\laragon\www\Scheduler\sys\classes\Services\DecisionService.php(113): Tanweb\Container->get('id_document_use...')
#2 C:\laragon\www\Scheduler\sys\classes\Services\DecisionService.php(97): Services\DecisionService->getDocumentUserId('admin', 5)
#3 C:\laragon\www\Scheduler\sys\classes\Controllers\AdminPanelDecisions.php(53): Services\DecisionService->saveDecisionForCurrentUser(Object(Tanweb\Container))
#4 C:\laragon\www\Scheduler\sys\classes\Controllers\Base\Controller.php(112): Controllers\AdminPanelDecisions->saveDecision()
#5 C:\laragon\www\Scheduler\sys\classes\Controllers\Base\Controller.php(89): Controllers\Base\Controller->runTask(Object(Tanweb\Request\Request))
#6 C:\laragon\www\Scheduler\sys\scripts\requests\rest.php(28): Controllers\Base\Controller->run(Object(Tanweb\Request\Request))
#7 {main}
[2022-10-11  09:57:46] [type: Request] [user: admin] [ip: ::1] [proxy: undefined] Controller: AdminPanelDecisions Task: getEditDecisionDetailsData: {}
[2022-10-11  09:57:46] [type: Select] [user: admin] [ip: ::1] [proxy: undefined] Database: scheduler; SQL: SELECT * FROM document_user_details WHERE  id = '5'
[2022-10-11  09:57:46] [type: Select] [user: admin] [ip: ::1] [proxy: undefined] Database: scheduler; SQL: SELECT * FROM decision_law WHERE  active = '1'
[2022-10-11  09:57:48] [type: Request] [user: admin] [ip: ::1] [proxy: undefined] Controller: AdminPanelDecisions Task: saveDecisionData: {}
[2022-10-11  09:58:29] [type: Select] [user: admin] [ip: ::1] [proxy: undefined] Database: scheduler; SQL: SELECT * FROM document_user_details WHERE  username = 'admin' and id = '5'
[2022-10-11  09:59:00] [type: Error] [user: admin] [ip: ::1] [proxy: undefined] Container error: value not defined for key: id_document_user ;
 #0 C:\laragon\www\Scheduler\sys\classes\Tanweb\Container.php(42): Tanweb\Container->throwException('value not defin...')
#1 C:\laragon\www\Scheduler\sys\classes\Services\DecisionService.php(113): Tanweb\Container->get('id_document_use...')
#2 C:\laragon\www\Scheduler\sys\classes\Services\DecisionService.php(97): Services\DecisionService->getDocumentUserId('admin', 5)
#3 C:\laragon\www\Scheduler\sys\classes\Controllers\AdminPanelDecisions.php(53): Services\DecisionService->saveDecisionForCurrentUser(Object(Tanweb\Container))
#4 C:\laragon\www\Scheduler\sys\classes\Controllers\Base\Controller.php(112): Controllers\AdminPanelDecisions->saveDecision()
#5 C:\laragon\www\Scheduler\sys\classes\Controllers\Base\Controller.php(89): Controllers\Base\Controller->runTask(Object(Tanweb\Request\Request))
#6 C:\laragon\www\Scheduler\sys\scripts\requests\rest.php(28): Controllers\Base\Controller->run(Object(Tanweb\Request\Request))
#7 {main}
[2022-10-11  09:59:52] [type: Request] [user: admin] [ip: ::1] [proxy: undefined] Controller: AdminPanelDecisions Task: getEditDecisionDetailsData: {}
[2022-10-11  09:59:52] [type: Select] [user: admin] [ip: ::1] [proxy: undefined] Database: scheduler; SQL: SELECT * FROM document_user_details WHERE  id = '5'
[2022-10-11  09:59:52] [type: Select] [user: admin] [ip: ::1] [proxy: undefined] Database: scheduler; SQL: SELECT * FROM decision_law WHERE  active = '1'
[2022-10-11  09:59:54] [type: Request] [user: admin] [ip: ::1] [proxy: undefined] Controller: AdminPanelDecisions Task: saveDecisionData: {}
[2022-10-11  09:59:58] [type: Error] [user: admin] [ip: ::1] [proxy: undefined] Container error: value not defined for key: id_document_user ;
 #0 C:\laragon\www\Scheduler\sys\classes\Tanweb\Container.php(42): Tanweb\Container->throwException('value not defin...')
#1 C:\laragon\www\Scheduler\sys\classes\Services\DecisionService.php(154): Tanweb\Container->get('id_document_use...')
#2 C:\laragon\www\Scheduler\sys\classes\Services\DecisionService.php(81): Services\DecisionService->formDecision(Object(Tanweb\Container))
#3 C:\laragon\www\Scheduler\sys\classes\Controllers\AdminPanelDecisions.php(53): Services\DecisionService->saveDecision(Object(Tanweb\Container))
#4 C:\laragon\www\Scheduler\sys\classes\Controllers\Base\Controller.php(112): Controllers\AdminPanelDecisions->saveDecision()
#5 C:\laragon\www\Scheduler\sys\classes\Controllers\Base\Controller.php(89): Controllers\Base\Controller->runTask(Object(Tanweb\Request\Request))
#6 C:\laragon\www\Scheduler\sys\scripts\requests\rest.php(28): Controllers\Base\Controller->run(Object(Tanweb\Request\Request))
#7 {main}
[2022-10-11  10:00:43] [type: Request] [user: admin] [ip: ::1] [proxy: undefined] Controller: AdminPanelDecisions Task: getAllUserDecisionsByYearData: {}
[2022-10-11  10:00:43] [type: Select] [user: admin] [ip: ::1] [proxy: undefined] Database: scheduler; SQL: SELECT * FROM decision_details WHERE  username = 'admin' and year(date) = '2022'
[2022-10-11  10:00:50] [type: Request] [user: admin] [ip: ::1] [proxy: undefined] Controller: AdminPanelDecisions Task: getAllUserDecisionsByYearData: {}
[2022-10-11  10:00:50] [type: Select] [user: admin] [ip: ::1] [proxy: undefined] Database: scheduler; SQL: SELECT * FROM decision_details WHERE  username = 'inspector' and year(date) = '2022'
[2022-10-11  10:10:14] [type: Access] [user: admin] [ip: ::1] [proxy: undefined] http://localhost/Scheduler/pages/adminPanel/adminPanelDecisions.php?
[2022-10-11  10:10:14] [type: Select] [user: admin] [ip: ::1] [proxy: undefined] Database: scheduler; SQL: SELECT * FROM users_without_passwords
[2022-10-11  10:10:14] [type: Request] [user: admin] [ip: ::1] [proxy: undefined] Controller: LanguageSelection Task: getInterfaceNamesData: {}
[2022-10-11  10:10:14] [type: Request] [user: admin] [ip: ::1] [proxy: undefined] Controller: AdminPanelDecisions Task: getAllDecisionLawsData: {}
[2022-10-11  10:10:14] [type: Select] [user: admin] [ip: ::1] [proxy: undefined] Database: scheduler; SQL: SELECT * FROM decision_law
[2022-10-11  10:10:15] [type: Request] [user: admin] [ip: ::1] [proxy: undefined] Controller: AdminPanelDecisions Task: getAllUserDecisionsByYearData: {}
[2022-10-11  10:10:15] [type: Select] [user: admin] [ip: ::1] [proxy: undefined] Database: scheduler; SQL: SELECT * FROM decision_details WHERE  username = 'Wybierz użytkownika.' and year(date) = '2022'
[2022-10-11  10:10:17] [type: Request] [user: admin] [ip: ::1] [proxy: undefined] Controller: AdminPanelDecisions Task: getAllUserDecisionsByYearData: {}
[2022-10-11  10:10:17] [type: Select] [user: admin] [ip: ::1] [proxy: undefined] Database: scheduler; SQL: SELECT * FROM decision_details WHERE  username = 'admin' and year(date) = '2022'
[2022-10-11  10:10:20] [type: Request] [user: admin] [ip: ::1] [proxy: undefined] Controller: AdminPanelDecisions Task: getAllUserDecisionsByYearData: {}
[2022-10-11  10:10:20] [type: Select] [user: admin] [ip: ::1] [proxy: undefined] Database: scheduler; SQL: SELECT * FROM decision_details WHERE  username = 'inspector' and year(date) = '2022'
[2022-10-11  10:10:23] [type: Request] [user: admin] [ip: ::1] [proxy: undefined] Controller: AdminPanelDecisions Task: getEditDecisionDetailsData: {}
[2022-10-11  10:10:23] [type: Select] [user: admin] [ip: ::1] [proxy: undefined] Database: scheduler; SQL: SELECT * FROM document_user_details WHERE  id = '5'
[2022-10-11  10:10:23] [type: Select] [user: admin] [ip: ::1] [proxy: undefined] Database: scheduler; SQL: SELECT * FROM decision_law WHERE  active = '1'
[2022-10-11  10:10:27] [type: Request] [user: admin] [ip: ::1] [proxy: undefined] Controller: AdminPanelDecisions Task: saveDecisionData: {}
[2022-10-11  10:10:27] [type: Select] [user: admin] [ip: ::1] [proxy: undefined] Database: scheduler; SQL: SELECT * FROM decision WHERE  id = '7'
[2022-10-11  10:10:27] [type: update] [user: admin] [ip: ::1] [proxy: undefined] Database: scheduler; SQL: UPDATE decision SET date='2022-09-29', id_decision_law='2', id_document_user='7' WHERE id = '7'
[2022-10-11  10:10:30] [type: Request] [user: admin] [ip: ::1] [proxy: undefined] Controller: AdminPanelDecisions Task: getAllUserDecisionsByYearData: {}
[2022-10-11  10:10:30] [type: Select] [user: admin] [ip: ::1] [proxy: undefined] Database: scheduler; SQL: SELECT * FROM decision_details WHERE  username = 'inspector' and year(date) = '2022'
[2022-10-11  10:10:38] [type: Access] [user: admin] [ip: ::1] [proxy: undefined] http://localhost/Scheduler/pages/adminPanel/adminPanelSuspensions.php?
[2022-10-11  10:10:38] [type: Select] [user: admin] [ip: ::1] [proxy: undefined] Database: scheduler; SQL: SELECT * FROM users_without_passwords
[2022-10-11  10:10:38] [type: Request] [user: admin] [ip: ::1] [proxy: undefined] Controller: LanguageSelection Task: getInterfaceNamesData: {}
[2022-10-11  10:10:39] [type: Request] [user: admin] [ip: ::1] [proxy: undefined] Controller: AdminPanelSuspension Task: getUserSuspensionsData: {}
[2022-10-11  10:10:39] [type: Select] [user: admin] [ip: ::1] [proxy: undefined] Database: scheduler; SQL: SELECT * FROM suspension_details WHERE  username = '' and year(date) = '0'
[2022-10-11  10:10:42] [type: Request] [user: admin] [ip: ::1] [proxy: undefined] Controller: AdminPanelSuspension Task: getUserSuspensionsData: {}
[2022-10-11  10:10:42] [type: Select] [user: admin] [ip: ::1] [proxy: undefined] Database: scheduler; SQL: SELECT * FROM suspension_details WHERE  username = 'admin' and year(date) = '2022'
[2022-10-11  10:16:20] [type: Access] [user: admin] [ip: ::1] [proxy: undefined] http://localhost/Scheduler/pages/adminPanel/adminPanelSuspensions.php?
[2022-10-11  10:16:20] [type: Select] [user: admin] [ip: ::1] [proxy: undefined] Database: scheduler; SQL: SELECT * FROM users_without_passwords
[2022-10-11  10:16:20] [type: Request] [user: admin] [ip: ::1] [proxy: undefined] Controller: LanguageSelection Task: getInterfaceNamesData: {}
[2022-10-11  10:16:21] [type: Request] [user: admin] [ip: ::1] [proxy: undefined] Controller: AdminPanelSuspension Task: getUserSuspensionsData: {}
[2022-10-11  10:16:21] [type: Select] [user: admin] [ip: ::1] [proxy: undefined] Database: scheduler; SQL: SELECT * FROM suspension_details WHERE  username = '' and year(date) = '0'
[2022-10-11  10:16:28] [type: Access] [user: admin] [ip: ::1] [proxy: undefined] http://localhost/Scheduler/pages/adminPanel/adminPanelSuspensions.php?
[2022-10-11  10:16:28] [type: Select] [user: admin] [ip: ::1] [proxy: undefined] Database: scheduler; SQL: SELECT * FROM users_without_passwords
[2022-10-11  10:16:28] [type: Request] [user: admin] [ip: ::1] [proxy: undefined] Controller: LanguageSelection Task: getInterfaceNamesData: {}
[2022-10-11  10:16:29] [type: Request] [user: admin] [ip: ::1] [proxy: undefined] Controller: AdminPanelSuspension Task: getUserSuspensionsData: {}
[2022-10-11  10:16:29] [type: Select] [user: admin] [ip: ::1] [proxy: undefined] Database: scheduler; SQL: SELECT * FROM suspension_details WHERE  username = '' and year(date) = '0'
[2022-10-11  10:16:32] [type: Request] [user: admin] [ip: ::1] [proxy: undefined] Controller: AdminPanelSuspension Task: getUserSuspensionsData: {}
[2022-10-11  10:16:32] [type: Select] [user: admin] [ip: ::1] [proxy: undefined] Database: scheduler; SQL: SELECT * FROM suspension_details WHERE  username = 'admin' and year(date) = '2022'
[2022-10-11  10:17:03] [type: Access] [user: admin] [ip: ::1] [proxy: undefined] http://localhost/Scheduler/pages/adminPanel/adminPanelSuspensions.php?
[2022-10-11  10:17:04] [type: Select] [user: admin] [ip: ::1] [proxy: undefined] Database: scheduler; SQL: SELECT * FROM users_without_passwords
[2022-10-11  10:17:04] [type: Request] [user: admin] [ip: ::1] [proxy: undefined] Controller: LanguageSelection Task: getInterfaceNamesData: {}
[2022-10-11  10:17:04] [type: Request] [user: admin] [ip: ::1] [proxy: undefined] Controller: AdminPanelSuspension Task: getUserSuspensionsData: {}
[2022-10-11  10:17:04] [type: Select] [user: admin] [ip: ::1] [proxy: undefined] Database: scheduler; SQL: SELECT * FROM suspension_details WHERE  username = '' and year(date) = '0'
[2022-10-11  10:17:07] [type: Request] [user: admin] [ip: ::1] [proxy: undefined] Controller: AdminPanelSuspension Task: getUserSuspensionsData: {}
[2022-10-11  10:17:07] [type: Select] [user: admin] [ip: ::1] [proxy: undefined] Database: scheduler; SQL: SELECT * FROM suspension_details WHERE  username = 'admin' and year(date) = '2022'
[2022-10-11  10:17:10] [type: Request] [user: admin] [ip: ::1] [proxy: undefined] Controller: AdminPanelSuspension Task: getEditSuspensionDetailsData: {}
[2022-10-11  10:17:10] [type: Error] [user: admin] [ip: ::1] [proxy: undefined] Call to a member function getSuspensionDetails() on null ;
 #0 C:\laragon\www\Scheduler\sys\classes\Controllers\Base\Controller.php(112): Controllers\AdminPanelSuspension->getEditSuspensionDetails()
#1 C:\laragon\www\Scheduler\sys\classes\Controllers\Base\Controller.php(89): Controllers\Base\Controller->runTask(Object(Tanweb\Request\Request))
#2 C:\laragon\www\Scheduler\sys\scripts\requests\rest.php(28): Controllers\Base\Controller->run(Object(Tanweb\Request\Request))
#3 {main}
[2022-10-11  10:17:48] [type: Request] [user: admin] [ip: ::1] [proxy: undefined] Controller: AdminPanelSuspension Task: getEditSuspensionDetailsData: {}
[2022-10-11  10:18:08] [type: Error] [user: admin] [ip: ::1] [proxy: undefined] Call to a member function getSuspensionDetails() on null ;
 #0 C:\laragon\www\Scheduler\sys\classes\Controllers\Base\Controller.php(112): Controllers\AdminPanelSuspension->getEditSuspensionDetails()
#1 C:\laragon\www\Scheduler\sys\classes\Controllers\Base\Controller.php(89): Controllers\Base\Controller->runTask(Object(Tanweb\Request\Request))
#2 C:\laragon\www\Scheduler\sys\scripts\requests\rest.php(28): Controllers\Base\Controller->run(Object(Tanweb\Request\Request))
#3 {main}
[2022-10-11  10:18:19] [type: Request] [user: admin] [ip: ::1] [proxy: undefined] Controller: AdminPanelSuspension Task: getEditSuspensionDetailsData: {}
[2022-10-11  10:18:19] [type: Select] [user: admin] [ip: ::1] [proxy: undefined] Database: scheduler; SQL: SELECT * FROM suspension_group WHERE  active = '1'
[2022-10-11  10:18:19] [type: Select] [user: admin] [ip: ::1] [proxy: undefined] Database: scheduler; SQL: SELECT * FROM suspension_type WHERE  active = '1'
[2022-10-11  10:18:19] [type: Select] [user: admin] [ip: ::1] [proxy: undefined] Database: scheduler; SQL: SELECT * FROM suspension_object WHERE  active = '1'
[2022-10-11  10:18:19] [type: Select] [user: admin] [ip: ::1] [proxy: undefined] Database: scheduler; SQL: SELECT * FROM suspension_reason WHERE  active = '1'
[2022-10-11  10:18:19] [type: Select] [user: admin] [ip: ::1] [proxy: undefined] Database: scheduler; SQL: SELECT * FROM suspension_type_object_details WHERE  suspension_object_active = '1' and suspension_type_active = '1' and suspension_group_active = '1'
[2022-10-11  10:18:19] [type: Select] [user: admin] [ip: ::1] [proxy: undefined] Database: scheduler; SQL: SELECT * FROM document WHERE  id = '4'
[2022-10-11  10:18:28] [type: Request] [user: admin] [ip: ::1] [proxy: undefined] Controller: AdminPanelSuspension Task: saveSuspensionData: {}
[2022-10-11  10:18:28] [type: Select] [user: admin] [ip: ::1] [proxy: undefined] Database: scheduler; SQL: SELECT * FROM suspension WHERE  id = '2'
[2022-10-11  10:18:28] [type: update] [user: admin] [ip: ::1] [proxy: undefined] Database: scheduler; SQL: UPDATE suspension SET active='0', date='2022-09-08', external_company='0', id_suspension_object='1', id_suspension_reason='1', id_document_user='6', id_suspension_type='3' WHERE id = '2'
[2022-10-11  10:18:31] [type: Request] [user: admin] [ip: ::1] [proxy: undefined] Controller: AdminPanelSuspension Task: getUserSuspensionsData: {}
[2022-10-11  10:18:31] [type: Select] [user: admin] [ip: ::1] [proxy: undefined] Database: scheduler; SQL: SELECT * FROM suspension_details WHERE  username = 'admin' and year(date) = '2022'
