[2022-12-12  07:13:50] [type: Request] [user: ] [ip: undefined] [proxy: undefined] Controller: LanguageSelection Task: getInterfaceNamesData: {}
[2022-12-12  07:13:53] [type: Request] [user: admin] [ip: undefined] [proxy: undefined] Controller: LanguageSelection Task: getInterfaceNamesData: {}
[2022-12-12  07:13:56] [type: Access] [user: admin] [ip: undefined] [proxy: undefined] http://
[2022-12-12  07:13:57] [type: Request] [user: admin] [ip: undefined] [proxy: undefined] Controller: LanguageSelection Task: getInterfaceNamesData: {}
[2022-12-12  07:13:58] [type: Request] [user: admin] [ip: undefined] [proxy: undefined] Controller: StatsDisplay Task: getStatsData: {}
[2022-12-12  07:13:58] [type: Select] [user: admin] [ip: undefined] [proxy: undefined] Database: scheduler; SQL: SELECT * FROM statistics WHERE  active = '1'
[2022-12-12  07:14:00] [type: Request] [user: admin] [ip: undefined] [proxy: undefined] Controller: StatsDisplay Task: getInputsSettingsData: {}
[2022-12-12  07:14:00] [type: Select] [user: admin] [ip: undefined] [proxy: undefined] Database: scheduler; SQL: SELECT * FROM statistics WHERE  id = '7'
[2022-12-12  07:14:02] [type: Request] [user: admin] [ip: undefined] [proxy: undefined] Controller: StatsDisplay Task: generateStatsData: {}
[2022-12-12  07:14:02] [type: Select] [user: admin] [ip: undefined] [proxy: undefined] Database: scheduler; SQL: SELECT * FROM statistics WHERE  id = '7'
[2022-12-12  07:14:19] [type: Request] [user: admin] [ip: undefined] [proxy: undefined] Controller: StatsDisplay Task: getInputsSettingsData: {}
[2022-12-12  07:14:19] [type: Select] [user: admin] [ip: undefined] [proxy: undefined] Database: scheduler; SQL: SELECT * FROM statistics WHERE  id = '17'
[2022-12-12  07:14:21] [type: Request] [user: admin] [ip: undefined] [proxy: undefined] Controller: StatsDisplay Task: generateStatsData: {}
[2022-12-12  07:14:21] [type: Select] [user: admin] [ip: undefined] [proxy: undefined] Database: scheduler; SQL: SELECT * FROM statistics WHERE  id = '17'
[2022-12-12  07:52:53] [type: Access] [user: admin] [ip: undefined] [proxy: undefined] http://
[2022-12-12  07:52:55] [type: Request] [user: admin] [ip: undefined] [proxy: undefined] Controller: LanguageSelection Task: getInterfaceNamesData: {}
[2022-12-12  07:52:55] [type: Request] [user: admin] [ip: undefined] [proxy: undefined] Controller: StatsDisplay Task: getStatsData: {}
[2022-12-12  07:52:55] [type: Select] [user: admin] [ip: undefined] [proxy: undefined] Database: scheduler; SQL: SELECT * FROM statistics WHERE  active = '1'
[2022-12-12  09:07:52] [type: Access] [user: admin] [ip: undefined] [proxy: undefined] http://
[2022-12-12  09:07:53] [type: Request] [user: admin] [ip: undefined] [proxy: undefined] Controller: LanguageSelection Task: getInterfaceNamesData: {}
[2022-12-12  09:07:54] [type: Request] [user: admin] [ip: undefined] [proxy: undefined] Controller: StatsSettings Task: getStatsWithoutFormData: {}
[2022-12-12  09:07:54] [type: Select] [user: admin] [ip: undefined] [proxy: undefined] Database: scheduler; SQL: SELECT * FROM statistics WHERE  type != 'Ze wzoru'
[2022-12-12  09:07:56] [type: Request] [user: admin] [ip: undefined] [proxy: undefined] Controller: StatsSettings Task: getStatsStageOneData: {}
[2022-12-12  09:08:15] [type: Request] [user: admin] [ip: undefined] [proxy: undefined] Controller: StatsSettings Task: getStatsStageTwoData: {}
[2022-12-12  09:08:24] [type: Request] [user: admin] [ip: undefined] [proxy: undefined] Controller: StatsSettings Task: saveStatsData: {}
[2022-12-12  09:08:24] [type: insert] [user: admin] [ip: undefined] [proxy: undefined] Database: scheduler; SQL: INSERT INTO statistics (name, type, json) VALUES ('Zmiany nocne', 'Pojedyncze', '{"dataset":"Wpisy na kontrolach","resultForm":"Tabela","inputs":["Rok"],"x":"Miesiące","y":"Użytkownicy","method":"Zliczanie nocnej zmian"}')
[2022-12-12  09:08:26] [type: Request] [user: admin] [ip: undefined] [proxy: undefined] Controller: StatsSettings Task: getStatsWithoutFormData: {}
[2022-12-12  09:08:26] [type: Select] [user: admin] [ip: undefined] [proxy: undefined] Database: scheduler; SQL: SELECT * FROM statistics WHERE  type != 'Ze wzoru'
[2022-12-12  09:08:27] [type: Request] [user: admin] [ip: undefined] [proxy: undefined] Controller: StatsSettings Task: getStatsStageOneData: {}
[2022-12-12  09:08:42] [type: Request] [user: admin] [ip: undefined] [proxy: undefined] Controller: StatsSettings Task: getStatsStageTwoData: {}
[2022-12-12  09:08:52] [type: Request] [user: admin] [ip: undefined] [proxy: undefined] Controller: StatsSettings Task: saveStatsData: {}
[2022-12-12  09:08:52] [type: insert] [user: admin] [ip: undefined] [proxy: undefined] Database: scheduler; SQL: INSERT INTO statistics (name, type, json) VALUES ('Zmiany A', 'Pojedyncze', '{"dataset":"Wpisy na kontrolach","resultForm":"Tabela","inputs":["Rok"],"x":"Miesiące","y":"Użytkownicy","method":"Zliczanie zmiany A"}')
[2022-12-12  09:08:53] [type: Request] [user: admin] [ip: undefined] [proxy: undefined] Controller: StatsSettings Task: getStatsWithoutFormData: {}
[2022-12-12  09:08:53] [type: Select] [user: admin] [ip: undefined] [proxy: undefined] Database: scheduler; SQL: SELECT * FROM statistics WHERE  type != 'Ze wzoru'
[2022-12-12  09:08:57] [type: Request] [user: admin] [ip: undefined] [proxy: undefined] Controller: StatsSettings Task: getStatsStageOneData: {}
[2022-12-12  09:09:13] [type: Request] [user: admin] [ip: undefined] [proxy: undefined] Controller: StatsSettings Task: getStatsStageTwoData: {}
[2022-12-12  09:09:21] [type: Request] [user: admin] [ip: undefined] [proxy: undefined] Controller: StatsSettings Task: saveStatsData: {}
[2022-12-12  09:09:21] [type: insert] [user: admin] [ip: undefined] [proxy: undefined] Database: scheduler; SQL: INSERT INTO statistics (name, type, json) VALUES ('Zmiany D', 'Pojedyncze', '{"dataset":"Wpisy na kontrolach","resultForm":"Tabela","inputs":["Rok"],"x":"Miesiące","y":"Użytkownicy","method":"Zliczanie zmiany D"}')
[2022-12-12  09:09:23] [type: Request] [user: admin] [ip: undefined] [proxy: undefined] Controller: StatsSettings Task: getStatsWithoutFormData: {}
[2022-12-12  09:09:23] [type: Select] [user: admin] [ip: undefined] [proxy: undefined] Database: scheduler; SQL: SELECT * FROM statistics WHERE  type != 'Ze wzoru'
[2022-12-12  09:09:25] [type: Access] [user: admin] [ip: undefined] [proxy: undefined] http://
[2022-12-12  09:09:26] [type: Request] [user: admin] [ip: undefined] [proxy: undefined] Controller: LanguageSelection Task: getInterfaceNamesData: {}
[2022-12-12  09:09:27] [type: Request] [user: admin] [ip: undefined] [proxy: undefined] Controller: StatsDisplay Task: getStatsData: {}
[2022-12-12  09:09:27] [type: Select] [user: admin] [ip: undefined] [proxy: undefined] Database: scheduler; SQL: SELECT * FROM statistics WHERE  active = '1'
[2022-12-12  09:09:30] [type: Request] [user: admin] [ip: undefined] [proxy: undefined] Controller: StatsDisplay Task: getInputsSettingsData: {}
[2022-12-12  09:09:30] [type: Select] [user: admin] [ip: undefined] [proxy: undefined] Database: scheduler; SQL: SELECT * FROM statistics WHERE  id = '18'
[2022-12-12  09:09:35] [type: Request] [user: admin] [ip: undefined] [proxy: undefined] Controller: StatsDisplay Task: generateStatsData: {}
[2022-12-12  09:09:35] [type: Select] [user: admin] [ip: undefined] [proxy: undefined] Database: scheduler; SQL: SELECT * FROM statistics WHERE  id = '18'
[2022-12-12  09:09:35] [type: Error] [user: admin] [ip: undefined] [proxy: undefined] Custom\Statistics\Calculation\Calculator::getNightShiftCount(): Argument #1 ($date) must be of type string, Tanweb\Container given, called in /var/www/html/sys/classes/Custom/Statistics/Calculation/Calculator.php on line 114 ;
 #0 /var/www/html/sys/classes/Custom/Statistics/Calculation/Calculator.php(114): Custom\Statistics\Calculation\Calculator::getNightShiftCount(Object(Tanweb\Container))
#1 /var/www/html/sys/classes/Custom/Statistics/Calculation/Calculator.php(107): Custom\Statistics\Calculation\Calculator::countEntryAsNightShift(Object(Tanweb\Container), Object(Tanweb\Container), Object(Custom\Statistics\Calculation\ResultSet), Object(Tanweb\Container))
#2 /var/www/html/sys/classes/Custom/Statistics/SingleStats.php(61): Custom\Statistics\Calculation\Calculator::countNightShifts(Object(Tanweb\Container), Object(Tanweb\Container))
#3 /var/www/html/sys/classes/Custom/Statistics/SingleStats.php(34): Custom\Statistics\SingleStats->calculate(Object(Custom\Statistics\Options\Method), Object(Tanweb\Container), Object(Tanweb\Container))
#4 /var/www/html/sys/classes/Services/StatsService.php(220): Custom\Statistics\SingleStats->generate()
#5 /var/www/html/sys/classes/Controllers/StatsDisplay.php(45): Services\StatsService->generateStats(Object(Tanweb\Container))
#6 /var/www/html/sys/classes/Controllers/Base/Controller.php(112): Controllers\StatsDisplay->generateStats()
#7 /var/www/html/sys/classes/Controllers/Base/Controller.php(89): Controllers\Base\Controller->runTask(Object(Tanweb\Request\Request))
#8 /var/www/html/sys/scripts/requests/rest.php(26): Controllers\Base\Controller->run(Object(Tanweb\Request\Request))
#9 {main}
[2022-12-12  09:11:05] [type: Request] [user: admin] [ip: undefined] [proxy: undefined] Controller: StatsDisplay Task: generateStatsData: {}
[2022-12-12  09:11:05] [type: Select] [user: admin] [ip: undefined] [proxy: undefined] Database: scheduler; SQL: SELECT * FROM statistics WHERE  id = '18'
[2022-12-12  09:12:12] [type: Request] [user: admin] [ip: undefined] [proxy: undefined] Controller: StatsDisplay Task: generateStatsData: {}
[2022-12-12  09:12:12] [type: Select] [user: admin] [ip: undefined] [proxy: undefined] Database: scheduler; SQL: SELECT * FROM statistics WHERE  id = '18'
[2022-12-12  09:12:24] [type: Request] [user: admin] [ip: undefined] [proxy: undefined] Controller: StatsDisplay Task: getInputsSettingsData: {}
[2022-12-12  09:12:24] [type: Select] [user: admin] [ip: undefined] [proxy: undefined] Database: scheduler; SQL: SELECT * FROM statistics WHERE  id = '19'
[2022-12-12  09:12:28] [type: Request] [user: admin] [ip: undefined] [proxy: undefined] Controller: StatsDisplay Task: generateStatsData: {}
[2022-12-12  09:12:28] [type: Select] [user: admin] [ip: undefined] [proxy: undefined] Database: scheduler; SQL: SELECT * FROM statistics WHERE  id = '19'
[2022-12-12  09:12:47] [type: Request] [user: admin] [ip: undefined] [proxy: undefined] Controller: StatsDisplay Task: generateStatsData: {}
[2022-12-12  09:12:47] [type: Select] [user: admin] [ip: undefined] [proxy: undefined] Database: scheduler; SQL: SELECT * FROM statistics WHERE  id = '19'
[2022-12-12  09:15:06] [type: Request] [user: admin] [ip: undefined] [proxy: undefined] Controller: StatsDisplay Task: generateStatsData: {}
[2022-12-12  09:15:06] [type: Select] [user: admin] [ip: undefined] [proxy: undefined] Database: scheduler; SQL: SELECT * FROM statistics WHERE  id = '19'
[2022-12-12  09:15:34] [type: Request] [user: admin] [ip: undefined] [proxy: undefined] Controller: StatsDisplay Task: generateStatsData: {}
[2022-12-12  09:15:34] [type: Select] [user: admin] [ip: undefined] [proxy: undefined] Database: scheduler; SQL: SELECT * FROM statistics WHERE  id = '19'
[2022-12-12  09:15:34] [type: Error] [user: admin] [ip: undefined] [proxy: undefined] Tanweb\Container::get(): Argument #1 ($key) must be of type string, Custom\Statistics\Options\Shift given, called in /var/www/html/sys/classes/Custom/Statistics/Calculation/Calculator.php on line 170 ;
 #0 /var/www/html/sys/classes/Custom/Statistics/Calculation/Calculator.php(170): Tanweb\Container->get(Object(Custom\Statistics\Options\Shift))
#1 /var/www/html/sys/classes/Custom/Statistics/Calculation/Calculator.php(154): Custom\Statistics\Calculation\Calculator::getShiftCount('2022-07-14', Object(Tanweb\Container), Object(Custom\Statistics\Options\Shift))
#2 /var/www/html/sys/classes/Custom/Statistics/Calculation/Calculator.php(147): Custom\Statistics\Calculation\Calculator::countEntryAsShift(Object(Tanweb\Container), Object(Tanweb\Container), Object(Custom\Statistics\Calculation\ResultSet), Object(Tanweb\Container), Object(Custom\Statistics\Options\Shift))
#3 /var/www/html/sys/classes/Custom/Statistics/SingleStats.php(64): Custom\Statistics\Calculation\Calculator::countShift(Object(Tanweb\Container), Object(Tanweb\Container), Object(Custom\Statistics\Options\Shift))
#4 /var/www/html/sys/classes/Custom/Statistics/SingleStats.php(35): Custom\Statistics\SingleStats->calculate(Object(Custom\Statistics\Options\Method), Object(Tanweb\Container), Object(Tanweb\Container))
#5 /var/www/html/sys/classes/Services/StatsService.php(220): Custom\Statistics\SingleStats->generate()
#6 /var/www/html/sys/classes/Controllers/StatsDisplay.php(45): Services\StatsService->generateStats(Object(Tanweb\Container))
#7 /var/www/html/sys/classes/Controllers/Base/Controller.php(112): Controllers\StatsDisplay->generateStats()
#8 /var/www/html/sys/classes/Controllers/Base/Controller.php(89): Controllers\Base\Controller->runTask(Object(Tanweb\Request\Request))
#9 /var/www/html/sys/scripts/requests/rest.php(26): Controllers\Base\Controller->run(Object(Tanweb\Request\Request))
#10 {main}
[2022-12-12  09:16:09] [type: Request] [user: admin] [ip: undefined] [proxy: undefined] Controller: StatsDisplay Task: generateStatsData: {}
[2022-12-12  09:16:09] [type: Select] [user: admin] [ip: undefined] [proxy: undefined] Database: scheduler; SQL: SELECT * FROM statistics WHERE  id = '19'
[2022-12-12  09:16:16] [type: Request] [user: admin] [ip: undefined] [proxy: undefined] Controller: StatsDisplay Task: getInputsSettingsData: {}
[2022-12-12  09:16:16] [type: Select] [user: admin] [ip: undefined] [proxy: undefined] Database: scheduler; SQL: SELECT * FROM statistics WHERE  id = '20'
[2022-12-12  09:16:19] [type: Request] [user: admin] [ip: undefined] [proxy: undefined] Controller: StatsDisplay Task: generateStatsData: {}
[2022-12-12  09:16:19] [type: Select] [user: admin] [ip: undefined] [proxy: undefined] Database: scheduler; SQL: SELECT * FROM statistics WHERE  id = '20'
[2022-12-12  09:37:44] [type: Request] [user: admin] [ip: undefined] [proxy: undefined] Controller: StatsDisplay Task: getInputsSettingsData: {}
[2022-12-12  09:37:44] [type: Select] [user: admin] [ip: undefined] [proxy: undefined] Database: scheduler; SQL: SELECT * FROM statistics WHERE  id = '11'
[2022-12-12  09:37:47] [type: Request] [user: admin] [ip: undefined] [proxy: undefined] Controller: StatsDisplay Task: generateStatsData: {}
[2022-12-12  09:37:47] [type: Select] [user: admin] [ip: undefined] [proxy: undefined] Database: scheduler; SQL: SELECT * FROM statistics WHERE  id = '11'
[2022-12-12  09:37:50] [type: Request] [user: admin] [ip: undefined] [proxy: undefined] Controller: StatsDisplay Task: generateXlsxData: {}
[2022-12-12  09:37:50] [type: Select] [user: admin] [ip: undefined] [proxy: undefined] Database: scheduler; SQL: SELECT * FROM statistics WHERE  id = '11'
[2022-12-12  09:38:17] [type: Request] [user: admin] [ip: undefined] [proxy: undefined] Controller: StatsDisplay Task: generateXlsxData: {}
[2022-12-12  09:38:17] [type: Select] [user: admin] [ip: undefined] [proxy: undefined] Database: scheduler; SQL: SELECT * FROM statistics WHERE  id = '11'
[2022-12-12  09:46:34] [type: Access] [user: admin] [ip: undefined] [proxy: undefined] http://
[2022-12-12  09:46:36] [type: Request] [user: admin] [ip: undefined] [proxy: undefined] Controller: LanguageSelection Task: getInterfaceNamesData: {}
[2022-12-12  09:46:36] [type: Request] [user: admin] [ip: undefined] [proxy: undefined] Controller: StatsDisplay Task: getStatsData: {}
[2022-12-12  09:46:36] [type: Select] [user: admin] [ip: undefined] [proxy: undefined] Database: scheduler; SQL: SELECT * FROM statistics WHERE  active = '1'
[2022-12-12  09:46:49] [type: Request] [user: admin] [ip: undefined] [proxy: undefined] Controller: StatsDisplay Task: getInputsSettingsData: {}
[2022-12-12  09:46:49] [type: Select] [user: admin] [ip: undefined] [proxy: undefined] Database: scheduler; SQL: SELECT * FROM statistics WHERE  id = '1'
[2022-12-12  09:46:51] [type: Request] [user: admin] [ip: undefined] [proxy: undefined] Controller: StatsDisplay Task: generateStatsData: {}
[2022-12-12  09:46:51] [type: Select] [user: admin] [ip: undefined] [proxy: undefined] Database: scheduler; SQL: SELECT * FROM statistics WHERE  id = '1'
[2022-12-12  09:46:54] [type: Request] [user: admin] [ip: undefined] [proxy: undefined] Controller: StatsDisplay Task: generateXlsxData: {}
[2022-12-12  09:46:54] [type: Select] [user: admin] [ip: undefined] [proxy: undefined] Database: scheduler; SQL: SELECT * FROM statistics WHERE  id = '1'
[2022-12-12  09:48:29] [type: Access] [user: admin] [ip: undefined] [proxy: undefined] http://
[2022-12-12  09:48:31] [type: Request] [user: admin] [ip: undefined] [proxy: undefined] Controller: LanguageSelection Task: getInterfaceNamesData: {}
[2022-12-12  09:48:31] [type: Request] [user: admin] [ip: undefined] [proxy: undefined] Controller: StatsDisplay Task: getStatsData: {}
[2022-12-12  09:48:31] [type: Select] [user: admin] [ip: undefined] [proxy: undefined] Database: scheduler; SQL: SELECT * FROM statistics WHERE  active = '1'
[2022-12-12  09:48:34] [type: Request] [user: admin] [ip: undefined] [proxy: undefined] Controller: StatsDisplay Task: getInputsSettingsData: {}
[2022-12-12  09:48:34] [type: Select] [user: admin] [ip: undefined] [proxy: undefined] Database: scheduler; SQL: SELECT * FROM statistics WHERE  id = '13'
[2022-12-12  09:48:38] [type: Request] [user: admin] [ip: undefined] [proxy: undefined] Controller: StatsDisplay Task: generateStatsData: {}
[2022-12-12  09:48:38] [type: Select] [user: admin] [ip: undefined] [proxy: undefined] Database: scheduler; SQL: SELECT * FROM statistics WHERE  id = '13'
[2022-12-12  09:48:41] [type: Request] [user: admin] [ip: undefined] [proxy: undefined] Controller: StatsDisplay Task: generateXlsxData: {}
[2022-12-12  09:48:41] [type: Select] [user: admin] [ip: undefined] [proxy: undefined] Database: scheduler; SQL: SELECT * FROM statistics WHERE  id = '13'
[2022-12-12  09:48:56] [type: Request] [user: admin] [ip: undefined] [proxy: undefined] Controller: StatsDisplay Task: generateXlsxData: {}
[2022-12-12  09:48:56] [type: Select] [user: admin] [ip: undefined] [proxy: undefined] Database: scheduler; SQL: SELECT * FROM statistics WHERE  id = '13'
[2022-12-12  09:50:09] [type: Access] [user: admin] [ip: undefined] [proxy: undefined] http://
[2022-12-12  09:50:11] [type: Request] [user: admin] [ip: undefined] [proxy: undefined] Controller: LanguageSelection Task: getInterfaceNamesData: {}
[2022-12-12  09:50:11] [type: Request] [user: admin] [ip: undefined] [proxy: undefined] Controller: StatsDisplay Task: getStatsData: {}
[2022-12-12  09:50:11] [type: Select] [user: admin] [ip: undefined] [proxy: undefined] Database: scheduler; SQL: SELECT * FROM statistics WHERE  active = '1'
[2022-12-12  09:50:14] [type: Request] [user: admin] [ip: undefined] [proxy: undefined] Controller: StatsDisplay Task: getInputsSettingsData: {}
[2022-12-12  09:50:14] [type: Select] [user: admin] [ip: undefined] [proxy: undefined] Database: scheduler; SQL: SELECT * FROM statistics WHERE  id = '1'
[2022-12-12  09:50:16] [type: Request] [user: admin] [ip: undefined] [proxy: undefined] Controller: StatsDisplay Task: generateStatsData: {}
[2022-12-12  09:50:16] [type: Select] [user: admin] [ip: undefined] [proxy: undefined] Database: scheduler; SQL: SELECT * FROM statistics WHERE  id = '1'
[2022-12-12  09:51:38] [type: Access] [user: admin] [ip: undefined] [proxy: undefined] http://
[2022-12-12  09:51:39] [type: Request] [user: admin] [ip: undefined] [proxy: undefined] Controller: LanguageSelection Task: getInterfaceNamesData: {}
[2022-12-12  09:51:40] [type: Request] [user: admin] [ip: undefined] [proxy: undefined] Controller: StatsDisplay Task: getStatsData: {}
[2022-12-12  09:51:40] [type: Select] [user: admin] [ip: undefined] [proxy: undefined] Database: scheduler; SQL: SELECT * FROM statistics WHERE  active = '1'
[2022-12-12  09:51:41] [type: Request] [user: admin] [ip: undefined] [proxy: undefined] Controller: StatsDisplay Task: getInputsSettingsData: {}
[2022-12-12  09:51:41] [type: Select] [user: admin] [ip: undefined] [proxy: undefined] Database: scheduler; SQL: SELECT * FROM statistics WHERE  id = '1'
[2022-12-12  09:51:44] [type: Request] [user: admin] [ip: undefined] [proxy: undefined] Controller: StatsDisplay Task: generateStatsData: {}
[2022-12-12  09:51:44] [type: Select] [user: admin] [ip: undefined] [proxy: undefined] Database: scheduler; SQL: SELECT * FROM statistics WHERE  id = '1'
[2022-12-12  09:51:45] [type: Request] [user: admin] [ip: undefined] [proxy: undefined] Controller: StatsDisplay Task: generateXlsxData: {}
[2022-12-12  09:51:45] [type: Select] [user: admin] [ip: undefined] [proxy: undefined] Database: scheduler; SQL: SELECT * FROM statistics WHERE  id = '1'
