[2022-12-16  07:24:28] [type: Request] [user: ] [ip: undefined] [proxy: undefined] Controller: LanguageSelection Task: getInterfaceNamesData: {}
[2022-12-16  07:24:33] [type: Request] [user: admin] [ip: undefined] [proxy: undefined] Controller: LanguageSelection Task: getInterfaceNamesData: {}
[2022-12-16  07:25:45] [type: Access] [user: admin] [ip: undefined] [proxy: undefined] http://
[2022-12-16  07:25:46] [type: Request] [user: admin] [ip: undefined] [proxy: undefined] Controller: LanguageSelection Task: getInterfaceNamesData: {}
[2022-12-16  07:25:47] [type: Request] [user: admin] [ip: undefined] [proxy: undefined] Controller: StatsDisplay Task: getStatsData: {}
[2022-12-16  07:25:47] [type: Select] [user: admin] [ip: undefined] [proxy: undefined] Database: scheduler; SQL: SELECT * FROM statistics WHERE  active = '1'
[2022-12-16  07:25:49] [type: Access] [user: admin] [ip: undefined] [proxy: undefined] http://
[2022-12-16  07:25:50] [type: Request] [user: admin] [ip: undefined] [proxy: undefined] Controller: LanguageSelection Task: getInterfaceNamesData: {}
[2022-12-16  07:25:51] [type: Request] [user: admin] [ip: undefined] [proxy: undefined] Controller: StatsSettings Task: getStatsUsingFormData: {}
[2022-12-16  07:25:51] [type: Select] [user: admin] [ip: undefined] [proxy: undefined] Database: scheduler; SQL: SELECT * FROM statistics WHERE  type = 'Ze wzoru'
[2022-12-16  07:26:55] [type: Request] [user: admin] [ip: undefined] [proxy: undefined] Controller: StatsSettings Task: getStatsStageOneData: {}
[2022-12-16  07:27:00] [type: Request] [user: admin] [ip: undefined] [proxy: undefined] Controller: StatsSettings Task: getStatsStageTwoData: {}
[2022-12-16  07:27:09] [type: Request] [user: admin] [ip: undefined] [proxy: undefined] Controller: StatsSettings Task: getGroupOptionsData: {}
[2022-12-16  07:27:21] [type: Request] [user: admin] [ip: undefined] [proxy: undefined] Controller: StatsSettings Task: getGroupOptionsData: {}
[2022-12-16  07:28:01] [type: Request] [user: admin] [ip: undefined] [proxy: undefined] Controller: StatsSettings Task: removeStatsData: {}
[2022-12-16  07:28:01] [type: insert] [user: admin] [ip: undefined] [proxy: undefined] Database: scheduler; SQL: DELETE FROM statistics WHERE id = '28'
[2022-12-16  07:28:02] [type: Request] [user: admin] [ip: undefined] [proxy: undefined] Controller: StatsSettings Task: getStatsUsingFormData: {}
[2022-12-16  07:28:02] [type: Select] [user: admin] [ip: undefined] [proxy: undefined] Database: scheduler; SQL: SELECT * FROM statistics WHERE  type = 'Ze wzoru'
[2022-12-16  07:28:04] [type: Request] [user: admin] [ip: undefined] [proxy: undefined] Controller: StatsSettings Task: removeStatsData: {}
[2022-12-16  07:28:04] [type: insert] [user: admin] [ip: undefined] [proxy: undefined] Database: scheduler; SQL: DELETE FROM statistics WHERE id = '29'
[2022-12-16  07:28:05] [type: Request] [user: admin] [ip: undefined] [proxy: undefined] Controller: StatsSettings Task: getStatsUsingFormData: {}
[2022-12-16  07:28:05] [type: Select] [user: admin] [ip: undefined] [proxy: undefined] Database: scheduler; SQL: SELECT * FROM statistics WHERE  type = 'Ze wzoru'
[2022-12-16  07:28:07] [type: Access] [user: admin] [ip: undefined] [proxy: undefined] http://
[2022-12-16  07:28:09] [type: Request] [user: admin] [ip: undefined] [proxy: undefined] Controller: LanguageSelection Task: getInterfaceNamesData: {}
[2022-12-16  07:28:09] [type: Request] [user: admin] [ip: undefined] [proxy: undefined] Controller: StatsDisplay Task: getStatsData: {}
[2022-12-16  07:28:09] [type: Select] [user: admin] [ip: undefined] [proxy: undefined] Database: scheduler; SQL: SELECT * FROM statistics WHERE  active = '1'
[2022-12-16  07:28:24] [type: Access] [user: admin] [ip: undefined] [proxy: undefined] http://
[2022-12-16  07:28:25] [type: Request] [user: admin] [ip: undefined] [proxy: undefined] Controller: LanguageSelection Task: getInterfaceNamesData: {}
[2022-12-16  07:28:25] [type: Request] [user: admin] [ip: undefined] [proxy: undefined] Controller: StatsSettings Task: getStatsUsingFormData: {}
[2022-12-16  07:28:25] [type: Select] [user: admin] [ip: undefined] [proxy: undefined] Database: scheduler; SQL: SELECT * FROM statistics WHERE  type = 'Ze wzoru'
[2022-12-16  07:32:57] [type: Access] [user: admin] [ip: undefined] [proxy: undefined] http://
[2022-12-16  07:32:59] [type: Request] [user: admin] [ip: undefined] [proxy: undefined] Controller: LanguageSelection Task: getInterfaceNamesData: {}
[2022-12-16  07:32:59] [type: Request] [user: admin] [ip: undefined] [proxy: undefined] Controller: StatsSettings Task: getStatsUsingFormData: {}
[2022-12-16  07:32:59] [type: Select] [user: admin] [ip: undefined] [proxy: undefined] Database: scheduler; SQL: SELECT * FROM statistics WHERE  type = 'Ze wzoru'
[2022-12-16  07:33:02] [type: Access] [user: admin] [ip: undefined] [proxy: undefined] http://
[2022-12-16  07:33:04] [type: Request] [user: admin] [ip: undefined] [proxy: undefined] Controller: LanguageSelection Task: getInterfaceNamesData: {}
[2022-12-16  07:33:04] [type: Request] [user: admin] [ip: undefined] [proxy: undefined] Controller: StatsSettings Task: getStatsUsingFormData: {}
[2022-12-16  07:33:04] [type: Select] [user: admin] [ip: undefined] [proxy: undefined] Database: scheduler; SQL: SELECT * FROM statistics WHERE  type = 'Ze wzoru'
[2022-12-16  07:35:09] [type: Request] [user: admin] [ip: undefined] [proxy: undefined] Controller: StatsSettings Task: getAllGroupsData: {}
[2022-12-16  07:35:13] [type: Request] [user: admin] [ip: undefined] [proxy: undefined] Controller: StatsSettings Task: getGroupOptionsData: {}
[2022-12-16  07:36:50] [type: Access] [user: admin] [ip: undefined] [proxy: undefined] http://
[2022-12-16  07:36:52] [type: Request] [user: admin] [ip: undefined] [proxy: undefined] Controller: LanguageSelection Task: getInterfaceNamesData: {}
[2022-12-16  07:36:52] [type: Request] [user: admin] [ip: undefined] [proxy: undefined] Controller: StatsSettings Task: getStatsUsingFormData: {}
[2022-12-16  07:36:52] [type: Select] [user: admin] [ip: undefined] [proxy: undefined] Database: scheduler; SQL: SELECT * FROM statistics WHERE  type = 'Ze wzoru'
[2022-12-16  07:36:57] [type: Request] [user: admin] [ip: undefined] [proxy: undefined] Controller: StatsSettings Task: getAllGroupsData: {}
[2022-12-16  07:37:01] [type: Request] [user: admin] [ip: undefined] [proxy: undefined] Controller: StatsSettings Task: getGroupOptionsData: {}
[2022-12-16  07:37:09] [type: Request] [user: admin] [ip: undefined] [proxy: undefined] Controller: StatsSettings Task: getStatsStageOneData: {}
[2022-12-16  07:37:16] [type: Request] [user: admin] [ip: undefined] [proxy: undefined] Controller: StatsSettings Task: getStatsStageTwoData: {}
[2022-12-16  07:37:23] [type: Request] [user: admin] [ip: undefined] [proxy: undefined] Controller: StatsSettings Task: getGroupOptionsData: {}
[2022-12-16  07:37:32] [type: Request] [user: admin] [ip: undefined] [proxy: undefined] Controller: StatsSettings Task: getStatsStageOneData: {}
[2022-12-16  07:37:34] [type: Request] [user: admin] [ip: undefined] [proxy: undefined] Controller: StatsSettings Task: getStatsStageTwoData: {}
[2022-12-16  07:37:39] [type: Request] [user: admin] [ip: undefined] [proxy: undefined] Controller: StatsSettings Task: getGroupOptionsData: {}
[2022-12-16  07:37:47] [type: Request] [user: admin] [ip: undefined] [proxy: undefined] Controller: StatsSettings Task: getStatsStageOneData: {}
[2022-12-16  07:37:51] [type: Request] [user: admin] [ip: undefined] [proxy: undefined] Controller: StatsSettings Task: getStatsStageTwoData: {}
[2022-12-16  07:37:57] [type: Request] [user: admin] [ip: undefined] [proxy: undefined] Controller: StatsSettings Task: getGroupOptionsData: {}
[2022-12-16  07:38:14] [type: Request] [user: admin] [ip: undefined] [proxy: undefined] Controller: StatsSettings Task: getStatsStageOneData: {}
[2022-12-16  07:38:16] [type: Request] [user: admin] [ip: undefined] [proxy: undefined] Controller: StatsSettings Task: getStatsStageTwoData: {}
[2022-12-16  07:38:22] [type: Request] [user: admin] [ip: undefined] [proxy: undefined] Controller: StatsSettings Task: getGroupOptionsData: {}
[2022-12-16  07:38:33] [type: Request] [user: admin] [ip: undefined] [proxy: undefined] Controller: StatsSettings Task: getStatsStageOneData: {}
[2022-12-16  07:38:36] [type: Request] [user: admin] [ip: undefined] [proxy: undefined] Controller: StatsSettings Task: getStatsStageTwoData: {}
[2022-12-16  07:38:41] [type: Request] [user: admin] [ip: undefined] [proxy: undefined] Controller: StatsSettings Task: getGroupOptionsData: {}
[2022-12-16  07:38:52] [type: Request] [user: admin] [ip: undefined] [proxy: undefined] Controller: StatsSettings Task: getStatsStageOneData: {}
[2022-12-16  07:38:55] [type: Request] [user: admin] [ip: undefined] [proxy: undefined] Controller: StatsSettings Task: getStatsStageTwoData: {}
[2022-12-16  07:39:02] [type: Request] [user: admin] [ip: undefined] [proxy: undefined] Controller: StatsSettings Task: getGroupOptionsData: {}
[2022-12-16  07:39:17] [type: Request] [user: admin] [ip: undefined] [proxy: undefined] Controller: StatsSettings Task: getStatsStageOneData: {}
[2022-12-16  07:39:21] [type: Request] [user: admin] [ip: undefined] [proxy: undefined] Controller: StatsSettings Task: getStatsStageTwoData: {}
[2022-12-16  07:39:29] [type: Request] [user: admin] [ip: undefined] [proxy: undefined] Controller: StatsSettings Task: getGroupOptionsData: {}
[2022-12-16  07:39:38] [type: Request] [user: admin] [ip: undefined] [proxy: undefined] Controller: StatsSettings Task: getStatsStageOneData: {}
[2022-12-16  07:39:40] [type: Request] [user: admin] [ip: undefined] [proxy: undefined] Controller: StatsSettings Task: getStatsStageTwoData: {}
[2022-12-16  07:39:49] [type: Request] [user: admin] [ip: undefined] [proxy: undefined] Controller: StatsSettings Task: getGroupOptionsData: {}
[2022-12-16  07:39:59] [type: Request] [user: admin] [ip: undefined] [proxy: undefined] Controller: StatsSettings Task: getStatsStageOneData: {}
[2022-12-16  07:40:04] [type: Request] [user: admin] [ip: undefined] [proxy: undefined] Controller: StatsSettings Task: getStatsStageTwoData: {}
[2022-12-16  07:40:14] [type: Request] [user: admin] [ip: undefined] [proxy: undefined] Controller: StatsSettings Task: getGroupOptionsData: {}
[2022-12-16  07:40:26] [type: Request] [user: admin] [ip: undefined] [proxy: undefined] Controller: StatsSettings Task: getStatsStageOneData: {}
[2022-12-16  07:40:29] [type: Request] [user: admin] [ip: undefined] [proxy: undefined] Controller: StatsSettings Task: getStatsStageTwoData: {}
[2022-12-16  07:40:36] [type: Request] [user: admin] [ip: undefined] [proxy: undefined] Controller: StatsSettings Task: getGroupOptionsData: {}
[2022-12-16  07:40:46] [type: Request] [user: admin] [ip: undefined] [proxy: undefined] Controller: StatsSettings Task: getStatsStageOneData: {}
[2022-12-16  07:40:49] [type: Request] [user: admin] [ip: undefined] [proxy: undefined] Controller: StatsSettings Task: getStatsStageTwoData: {}
[2022-12-16  07:40:56] [type: Request] [user: admin] [ip: undefined] [proxy: undefined] Controller: StatsSettings Task: getGroupOptionsData: {}
[2022-12-16  07:41:09] [type: Request] [user: admin] [ip: undefined] [proxy: undefined] Controller: StatsSettings Task: getStatsStageOneData: {}
[2022-12-16  07:41:13] [type: Request] [user: admin] [ip: undefined] [proxy: undefined] Controller: StatsSettings Task: getStatsStageTwoData: {}
[2022-12-16  07:41:18] [type: Request] [user: admin] [ip: undefined] [proxy: undefined] Controller: StatsSettings Task: getGroupOptionsData: {}
[2022-12-16  07:41:23] [type: Request] [user: admin] [ip: undefined] [proxy: undefined] Controller: StatsSettings Task: getAllGroupsData: {}
[2022-12-16  07:41:45] [type: Request] [user: admin] [ip: undefined] [proxy: undefined] Controller: StatsSettings Task: getStatsStageOneData: {}
[2022-12-16  07:41:59] [type: Request] [user: admin] [ip: undefined] [proxy: undefined] Controller: StatsSettings Task: getInputsOptionsData: {}
[2022-12-16  07:42:00] [type: Request] [user: admin] [ip: undefined] [proxy: undefined] Controller: StatsSettings Task: saveFormStatsData: {}
[2022-12-16  07:42:00] [type: insert] [user: admin] [ip: undefined] [proxy: undefined] Database: scheduler; SQL: INSERT INTO statistics (name, json, type) VALUES ('Represje Inspektorów', '{"inputs":["Zakres miesięcy","Zakres lat"],"file":"represjeInspektorow.xlsx","cols":[{"number":"1","groupset":"Użytkownicy","groupsetKey":"title"},{"number":"2","dataset":"Mandaty","method":"Zliczanie","groups":["Kwartały"],"values":["1"]},{"number":"3","dataset":"Art 41","method":"Zliczanie","groups":["Kwartały"],"values":["1"]},{"number":"4","dataset":"Wnioski do sądu","method":"Zliczanie","groups":["Kwartały"],"values":["1"]},{"number":"6","dataset":"Mandaty","method":"Zliczanie","groups":["Kwartały"],"values":["2"]},{"number":"7","dataset":"Art 41","method":"Zliczanie","groups":["Kwartały"],"values":["2"]},{"number":"8","dataset":"Wnioski do sądu","method":"Zliczanie","groups":["Kwartały"],"values":["2"]},{"number":"10","dataset":"Mandaty","method":"Zliczanie","groups":["Kwartały"],"values":["3"]},{"number":"11","dataset":"Art 41","method":"Zliczanie","groups":["Kwartały"],"values":["3"]},{"number":"12","dataset":"Wnioski do sądu","method":"Zliczanie","groups":["Kwartały"],"values":["3"]},{"number":"14","dataset":"Mandaty","method":"Zliczanie","groups":["Kwartały"],"values":["4"]},{"number":"15","dataset":"Art 41","method":"Zliczanie","groups":["Kwartały"],"values":["4"]},{"number":"16","dataset":"Wnioski do sądu","method":"Zliczanie","groups":["Kwartały"],"values":["4"]}],"rows":[{"start":"5","end":"38","group":"Użytkownicy"}]}', 'Ze wzoru')
[2022-12-16  07:42:02] [type: Request] [user: admin] [ip: undefined] [proxy: undefined] Controller: StatsSettings Task: getStatsUsingFormData: {}
[2022-12-16  07:42:02] [type: Select] [user: admin] [ip: undefined] [proxy: undefined] Database: scheduler; SQL: SELECT * FROM statistics WHERE  type = 'Ze wzoru'
[2022-12-16  07:42:06] [type: Access] [user: admin] [ip: undefined] [proxy: undefined] http://
[2022-12-16  07:42:08] [type: Request] [user: admin] [ip: undefined] [proxy: undefined] Controller: LanguageSelection Task: getInterfaceNamesData: {}
[2022-12-16  07:42:09] [type: Request] [user: admin] [ip: undefined] [proxy: undefined] Controller: StatsDisplay Task: getStatsData: {}
[2022-12-16  07:42:09] [type: Select] [user: admin] [ip: undefined] [proxy: undefined] Database: scheduler; SQL: SELECT * FROM statistics WHERE  active = '1'
[2022-12-16  07:42:11] [type: Request] [user: admin] [ip: undefined] [proxy: undefined] Controller: StatsDisplay Task: getInputsSettingsData: {}
[2022-12-16  07:42:11] [type: Select] [user: admin] [ip: undefined] [proxy: undefined] Database: scheduler; SQL: SELECT * FROM statistics WHERE  id = '30'
[2022-12-16  07:42:21] [type: Request] [user: admin] [ip: undefined] [proxy: undefined] Controller: StatsDisplay Task: generateStatsData: {}
[2022-12-16  07:42:21] [type: Select] [user: admin] [ip: undefined] [proxy: undefined] Database: scheduler; SQL: SELECT * FROM statistics WHERE  id = '30'
[2022-12-16  07:46:44] [type: Request] [user: admin] [ip: undefined] [proxy: undefined] Controller: StatsDisplay Task: generateStatsData: {}
[2022-12-16  07:46:44] [type: Select] [user: admin] [ip: undefined] [proxy: undefined] Database: scheduler; SQL: SELECT * FROM statistics WHERE  id = '30'
[2022-12-16  07:50:45] [type: Request] [user: admin] [ip: undefined] [proxy: undefined] Controller: StatsDisplay Task: generateStatsData: {}
[2022-12-16  07:50:45] [type: Select] [user: admin] [ip: undefined] [proxy: undefined] Database: scheduler; SQL: SELECT * FROM statistics WHERE  id = '30'
[2022-12-16  07:51:49] [type: Request] [user: admin] [ip: undefined] [proxy: undefined] Controller: StatsDisplay Task: generateStatsData: {}
[2022-12-16  07:51:49] [type: Select] [user: admin] [ip: undefined] [proxy: undefined] Database: scheduler; SQL: SELECT * FROM statistics WHERE  id = '30'
[2022-12-16  07:52:40] [type: Request] [user: admin] [ip: undefined] [proxy: undefined] Controller: StatsDisplay Task: generateStatsData: {}
[2022-12-16  07:52:40] [type: Select] [user: admin] [ip: undefined] [proxy: undefined] Database: scheduler; SQL: SELECT * FROM statistics WHERE  id = '30'
[2022-12-16  07:52:53] [type: Request] [user: admin] [ip: undefined] [proxy: undefined] Controller: StatsDisplay Task: generateStatsData: {}
[2022-12-16  07:52:53] [type: Select] [user: admin] [ip: undefined] [proxy: undefined] Database: scheduler; SQL: SELECT * FROM statistics WHERE  id = '30'
[2022-12-16  07:53:42] [type: Access] [user: admin] [ip: undefined] [proxy: undefined] http://
[2022-12-16  07:53:44] [type: Request] [user: admin] [ip: undefined] [proxy: undefined] Controller: LanguageSelection Task: getInterfaceNamesData: {}
[2022-12-16  07:53:44] [type: Request] [user: admin] [ip: undefined] [proxy: undefined] Controller: StatsDisplay Task: getStatsData: {}
[2022-12-16  07:53:44] [type: Select] [user: admin] [ip: undefined] [proxy: undefined] Database: scheduler; SQL: SELECT * FROM statistics WHERE  active = '1'
[2022-12-16  07:53:45] [type: Request] [user: admin] [ip: undefined] [proxy: undefined] Controller: StatsDisplay Task: getInputsSettingsData: {}
[2022-12-16  07:53:45] [type: Select] [user: admin] [ip: undefined] [proxy: undefined] Database: scheduler; SQL: SELECT * FROM statistics WHERE  id = '1'
[2022-12-16  07:53:48] [type: Request] [user: admin] [ip: undefined] [proxy: undefined] Controller: StatsDisplay Task: generateStatsData: {}
[2022-12-16  07:53:48] [type: Select] [user: admin] [ip: undefined] [proxy: undefined] Database: scheduler; SQL: SELECT * FROM statistics WHERE  id = '1'
[2022-12-16  07:53:50] [type: Request] [user: admin] [ip: undefined] [proxy: undefined] Controller: StatsDisplay Task: generateXlsxData: {}
[2022-12-16  07:53:50] [type: Select] [user: admin] [ip: undefined] [proxy: undefined] Database: scheduler; SQL: SELECT * FROM statistics WHERE  id = '1'
[2022-12-16  07:54:18] [type: Request] [user: admin] [ip: undefined] [proxy: undefined] Controller: StatsDisplay Task: generateXlsxData: {}
[2022-12-16  07:54:18] [type: Select] [user: admin] [ip: undefined] [proxy: undefined] Database: scheduler; SQL: SELECT * FROM statistics WHERE  id = '1'
[2022-12-16  07:54:25] [type: Request] [user: admin] [ip: undefined] [proxy: undefined] Controller: StatsDisplay Task: getInputsSettingsData: {}
[2022-12-16  07:54:25] [type: Select] [user: admin] [ip: undefined] [proxy: undefined] Database: scheduler; SQL: SELECT * FROM statistics WHERE  id = '30'
[2022-12-16  07:54:31] [type: Request] [user: admin] [ip: undefined] [proxy: undefined] Controller: StatsDisplay Task: generateStatsData: {}
[2022-12-16  07:54:31] [type: Select] [user: admin] [ip: undefined] [proxy: undefined] Database: scheduler; SQL: SELECT * FROM statistics WHERE  id = '30'
[2022-12-16  07:57:32] [type: Request] [user: admin] [ip: undefined] [proxy: undefined] Controller: StatsDisplay Task: generateStatsData: {}
[2022-12-16  07:57:32] [type: Select] [user: admin] [ip: undefined] [proxy: undefined] Database: scheduler; SQL: SELECT * FROM statistics WHERE  id = '30'
[2022-12-16  07:59:24] [type: Request] [user: admin] [ip: undefined] [proxy: undefined] Controller: StatsDisplay Task: generateStatsData: {}
[2022-12-16  07:59:24] [type: Select] [user: admin] [ip: undefined] [proxy: undefined] Database: scheduler; SQL: SELECT * FROM statistics WHERE  id = '30'
[2022-12-16  08:07:59] [type: Request] [user: admin] [ip: undefined] [proxy: undefined] Controller: StatsDisplay Task: generateStatsData: {}
[2022-12-16  08:07:59] [type: Select] [user: admin] [ip: undefined] [proxy: undefined] Database: scheduler; SQL: SELECT * FROM statistics WHERE  id = '30'
[2022-12-16  09:09:41] [type: Request] [user: admin] [ip: undefined] [proxy: undefined] Controller: StatsDisplay Task: generateStatsData: {}
[2022-12-16  09:09:41] [type: Select] [user: admin] [ip: undefined] [proxy: undefined] Database: scheduler; SQL: SELECT * FROM statistics WHERE  id = '30'
[2022-12-16  09:12:01] [type: Request] [user: admin] [ip: undefined] [proxy: undefined] Controller: StatsDisplay Task: generateStatsData: {}
[2022-12-16  09:12:01] [type: Select] [user: admin] [ip: undefined] [proxy: undefined] Database: scheduler; SQL: SELECT * FROM statistics WHERE  id = '30'
[2022-12-16  09:15:44] [type: Request] [user: admin] [ip: undefined] [proxy: undefined] Controller: StatsDisplay Task: generateStatsData: {}
[2022-12-16  09:15:44] [type: Select] [user: admin] [ip: undefined] [proxy: undefined] Database: scheduler; SQL: SELECT * FROM statistics WHERE  id = '30'
[2022-12-16  09:22:57] [type: Access] [user: admin] [ip: undefined] [proxy: undefined] http://
[2022-12-16  09:22:59] [type: Request] [user: admin] [ip: undefined] [proxy: undefined] Controller: LanguageSelection Task: getInterfaceNamesData: {}
[2022-12-16  09:22:59] [type: Request] [user: admin] [ip: undefined] [proxy: undefined] Controller: StatsSettings Task: getStatsUsingFormData: {}
[2022-12-16  09:22:59] [type: Select] [user: admin] [ip: undefined] [proxy: undefined] Database: scheduler; SQL: SELECT * FROM statistics WHERE  type = 'Ze wzoru'
[2022-12-16  09:23:14] [type: Request] [user: admin] [ip: undefined] [proxy: undefined] Controller: StatsSettings Task: getAllGroupsData: {}
[2022-12-16  09:23:17] [type: Request] [user: admin] [ip: undefined] [proxy: undefined] Controller: StatsSettings Task: getGroupOptionsData: {}
[2022-12-16  09:23:30] [type: Request] [user: admin] [ip: undefined] [proxy: undefined] Controller: StatsSettings Task: getStatsStageOneData: {}
[2022-12-16  09:23:37] [type: Request] [user: admin] [ip: undefined] [proxy: undefined] Controller: StatsSettings Task: getAllGroupsData: {}
[2022-12-16  09:23:40] [type: Request] [user: admin] [ip: undefined] [proxy: undefined] Controller: StatsSettings Task: getGroupOptionsData: {}
[2022-12-16  09:23:47] [type: Request] [user: admin] [ip: undefined] [proxy: undefined] Controller: StatsSettings Task: getAllGroupsData: {}
[2022-12-16  09:23:49] [type: Request] [user: admin] [ip: undefined] [proxy: undefined] Controller: StatsSettings Task: getGroupOptionsData: {}
[2022-12-16  09:24:04] [type: Request] [user: admin] [ip: undefined] [proxy: undefined] Controller: StatsSettings Task: getStatsStageOneData: {}
[2022-12-16  09:24:09] [type: Request] [user: admin] [ip: undefined] [proxy: undefined] Controller: StatsSettings Task: getStatsStageTwoData: {}
[2022-12-16  09:24:16] [type: Request] [user: admin] [ip: undefined] [proxy: undefined] Controller: StatsSettings Task: getGroupOptionsData: {}
[2022-12-16  09:24:32] [type: Request] [user: admin] [ip: undefined] [proxy: undefined] Controller: StatsSettings Task: getStatsStageOneData: {}
[2022-12-16  09:24:36] [type: Request] [user: admin] [ip: undefined] [proxy: undefined] Controller: StatsSettings Task: getStatsStageTwoData: {}
[2022-12-16  09:24:42] [type: Request] [user: admin] [ip: undefined] [proxy: undefined] Controller: StatsSettings Task: getGroupOptionsData: {}
[2022-12-16  09:25:24] [type: Request] [user: admin] [ip: undefined] [proxy: undefined] Controller: StatsSettings Task: getStatsStageOneData: {}
[2022-12-16  09:25:30] [type: Request] [user: admin] [ip: undefined] [proxy: undefined] Controller: StatsSettings Task: getStatsStageTwoData: {}
[2022-12-16  09:25:37] [type: Request] [user: admin] [ip: undefined] [proxy: undefined] Controller: StatsSettings Task: getGroupOptionsData: {}
[2022-12-16  09:25:58] [type: Request] [user: admin] [ip: undefined] [proxy: undefined] Controller: StatsSettings Task: getStatsStageOneData: {}
[2022-12-16  09:26:00] [type: Request] [user: admin] [ip: undefined] [proxy: undefined] Controller: StatsSettings Task: getStatsStageTwoData: {}
[2022-12-16  09:26:06] [type: Request] [user: admin] [ip: undefined] [proxy: undefined] Controller: StatsSettings Task: getGroupOptionsData: {}
[2022-12-16  09:26:20] [type: Request] [user: admin] [ip: undefined] [proxy: undefined] Controller: StatsSettings Task: getStatsStageOneData: {}
[2022-12-16  09:26:25] [type: Request] [user: admin] [ip: undefined] [proxy: undefined] Controller: StatsSettings Task: getStatsStageTwoData: {}
[2022-12-16  09:26:31] [type: Request] [user: admin] [ip: undefined] [proxy: undefined] Controller: StatsSettings Task: getGroupOptionsData: {}
[2022-12-16  09:26:42] [type: Request] [user: admin] [ip: undefined] [proxy: undefined] Controller: StatsSettings Task: getStatsStageOneData: {}
[2022-12-16  09:26:45] [type: Request] [user: admin] [ip: undefined] [proxy: undefined] Controller: StatsSettings Task: getStatsStageTwoData: {}
[2022-12-16  09:26:49] [type: Request] [user: admin] [ip: undefined] [proxy: undefined] Controller: StatsSettings Task: getGroupOptionsData: {}
[2022-12-16  09:26:54] [type: Request] [user: admin] [ip: undefined] [proxy: undefined] Controller: StatsSettings Task: getAllGroupsData: {}
[2022-12-16  09:27:12] [type: Request] [user: admin] [ip: undefined] [proxy: undefined] Controller: StatsSettings Task: getStatsStageOneData: {}
[2022-12-16  09:27:18] [type: Request] [user: admin] [ip: undefined] [proxy: undefined] Controller: StatsSettings Task: getInputsOptionsData: {}
[2022-12-16  09:27:19] [type: Request] [user: admin] [ip: undefined] [proxy: undefined] Controller: StatsSettings Task: saveFormStatsData: {}
[2022-12-16  09:27:19] [type: insert] [user: admin] [ip: undefined] [proxy: undefined] Database: scheduler; SQL: INSERT INTO statistics (name, json, type) VALUES ('Zestawienie Ilości Roboczodniówek', '{"inputs":["Zakres miesięcy","Rok"],"file":"zestawienieIlosciRoboczodniowekPracownikowTypKontroli.xlsx","cols":[{"number":"1","groupset":"Użytkownicy","groupsetKey":"SUZUG"},{"number":"2","groupset":"Użytkownicy","groupsetKey":"title"},{"number":"3","groupset":"Użytkownicy","groupsetKey":"user_type"},{"number":"4","dataset":"Wpisy na kontrolach","method":"Zliczanie roboczodniówek","groups":["Czynności kontrolne"],"values":["1"]},{"number":"5","dataset":"Wpisy na kontrolach","method":"Zliczanie roboczodniówek","groups":["Czynności kontrolne"],"values":["2"]},{"number":"9","dataset":"Wpisy na kontrolach","method":"Zliczanie roboczodniówek","groups":["Czynności kontrolne"],"values":["4"]},{"number":"10","dataset":"Wpisy na kontrolach","method":"Zliczanie roboczodniówek","groups":["Czynności kontrolne"],"values":["5"]},{"number":"11","dataset":"Wpisy na kontrolach","method":"Zliczanie roboczodniówek","groups":["Czynności kontrolne"],"values":["3"]},{"number":"12","dataset":"Wpisy na kontrolach","method":"Zliczanie roboczodniówek","groups":["Czynności kontrolne"],"values":["6"]}],"rows":[{"start":"6","end":"39","group":"Użytkownicy"}]}', 'Ze wzoru')
[2022-12-16  09:27:21] [type: Request] [user: admin] [ip: undefined] [proxy: undefined] Controller: StatsSettings Task: getStatsUsingFormData: {}
[2022-12-16  09:27:21] [type: Select] [user: admin] [ip: undefined] [proxy: undefined] Database: scheduler; SQL: SELECT * FROM statistics WHERE  type = 'Ze wzoru'
[2022-12-16  09:27:22] [type: Access] [user: admin] [ip: undefined] [proxy: undefined] http://
[2022-12-16  09:27:24] [type: Request] [user: admin] [ip: undefined] [proxy: undefined] Controller: LanguageSelection Task: getInterfaceNamesData: {}
[2022-12-16  09:27:24] [type: Request] [user: admin] [ip: undefined] [proxy: undefined] Controller: StatsDisplay Task: getStatsData: {}
[2022-12-16  09:27:24] [type: Select] [user: admin] [ip: undefined] [proxy: undefined] Database: scheduler; SQL: SELECT * FROM statistics WHERE  active = '1'
[2022-12-16  09:27:26] [type: Request] [user: admin] [ip: undefined] [proxy: undefined] Controller: StatsDisplay Task: getInputsSettingsData: {}
[2022-12-16  09:27:26] [type: Select] [user: admin] [ip: undefined] [proxy: undefined] Database: scheduler; SQL: SELECT * FROM statistics WHERE  id = '31'
[2022-12-16  09:27:34] [type: Request] [user: admin] [ip: undefined] [proxy: undefined] Controller: StatsDisplay Task: generateStatsData: {}
[2022-12-16  09:27:34] [type: Select] [user: admin] [ip: undefined] [proxy: undefined] Database: scheduler; SQL: SELECT * FROM statistics WHERE  id = '31'
[2022-12-16  09:31:12] [type: Access] [user: admin] [ip: undefined] [proxy: undefined] http://
[2022-12-16  09:31:13] [type: Request] [user: admin] [ip: undefined] [proxy: undefined] Controller: LanguageSelection Task: getInterfaceNamesData: {}
[2022-12-16  09:31:14] [type: Request] [user: admin] [ip: undefined] [proxy: undefined] Controller: StatsSettings Task: getStatsUsingFormData: {}
[2022-12-16  09:31:14] [type: Select] [user: admin] [ip: undefined] [proxy: undefined] Database: scheduler; SQL: SELECT * FROM statistics WHERE  type = 'Ze wzoru'
[2022-12-16  09:35:44] [type: Access] [user: admin] [ip: undefined] [proxy: undefined] http://
[2022-12-16  09:35:46] [type: Request] [user: admin] [ip: undefined] [proxy: undefined] Controller: LanguageSelection Task: getInterfaceNamesData: {}
[2022-12-16  09:35:46] [type: Request] [user: admin] [ip: undefined] [proxy: undefined] Controller: StatsSettings Task: getStatsUsingFormData: {}
[2022-12-16  09:35:46] [type: Select] [user: admin] [ip: undefined] [proxy: undefined] Database: scheduler; SQL: SELECT * FROM statistics WHERE  type = 'Ze wzoru'
[2022-12-16  09:36:25] [type: Access] [user: admin] [ip: undefined] [proxy: undefined] http://
[2022-12-16  09:36:26] [type: Request] [user: admin] [ip: undefined] [proxy: undefined] Controller: LanguageSelection Task: getInterfaceNamesData: {}
[2022-12-16  09:36:27] [type: Request] [user: admin] [ip: undefined] [proxy: undefined] Controller: StatsSettings Task: getStatsUsingFormData: {}
[2022-12-16  09:36:27] [type: Select] [user: admin] [ip: undefined] [proxy: undefined] Database: scheduler; SQL: SELECT * FROM statistics WHERE  type = 'Ze wzoru'
[2022-12-16  09:37:01] [type: Access] [user: admin] [ip: undefined] [proxy: undefined] http://
[2022-12-16  09:37:02] [type: Request] [user: admin] [ip: undefined] [proxy: undefined] Controller: LanguageSelection Task: getInterfaceNamesData: {}
[2022-12-16  09:37:02] [type: Request] [user: admin] [ip: undefined] [proxy: undefined] Controller: StatsSettings Task: getStatsUsingFormData: {}
[2022-12-16  09:37:02] [type: Select] [user: admin] [ip: undefined] [proxy: undefined] Database: scheduler; SQL: SELECT * FROM statistics WHERE  type = 'Ze wzoru'
[2022-12-16  09:37:31] [type: Access] [user: admin] [ip: undefined] [proxy: undefined] http://
[2022-12-16  09:37:32] [type: Request] [user: admin] [ip: undefined] [proxy: undefined] Controller: LanguageSelection Task: getInterfaceNamesData: {}
[2022-12-16  09:37:32] [type: Request] [user: admin] [ip: undefined] [proxy: undefined] Controller: StatsSettings Task: getStatsUsingFormData: {}
[2022-12-16  09:37:32] [type: Select] [user: admin] [ip: undefined] [proxy: undefined] Database: scheduler; SQL: SELECT * FROM statistics WHERE  type = 'Ze wzoru'
[2022-12-16  09:48:11] [type: Access] [user: admin] [ip: undefined] [proxy: undefined] http://
[2022-12-16  09:48:12] [type: Request] [user: admin] [ip: undefined] [proxy: undefined] Controller: LanguageSelection Task: getInterfaceNamesData: {}
[2022-12-16  09:48:13] [type: Request] [user: admin] [ip: undefined] [proxy: undefined] Controller: StatsSettings Task: getStatsUsingFormData: {}
[2022-12-16  09:48:13] [type: Select] [user: admin] [ip: undefined] [proxy: undefined] Database: scheduler; SQL: SELECT * FROM statistics WHERE  type = 'Ze wzoru'
[2022-12-16  09:49:06] [type: Access] [user: admin] [ip: undefined] [proxy: undefined] http://
[2022-12-16  09:49:07] [type: Request] [user: admin] [ip: undefined] [proxy: undefined] Controller: LanguageSelection Task: getInterfaceNamesData: {}
[2022-12-16  09:49:08] [type: Request] [user: admin] [ip: undefined] [proxy: undefined] Controller: StatsSettings Task: getStatsUsingFormData: {}
[2022-12-16  09:49:08] [type: Select] [user: admin] [ip: undefined] [proxy: undefined] Database: scheduler; SQL: SELECT * FROM statistics WHERE  type = 'Ze wzoru'
[2022-12-16  09:49:09] [type: Request] [user: admin] [ip: undefined] [proxy: undefined] Controller: StatsSettings Task: getStatsStageOneData: {}
[2022-12-16  09:49:14] [type: Request] [user: admin] [ip: undefined] [proxy: undefined] Controller: StatsSettings Task: getInputsOptionsData: {}
[2022-12-16  09:49:14] [type: Select] [user: admin] [ip: undefined] [proxy: undefined] Database: scheduler; SQL: SELECT * FROM users_employment_periods WHERE  active = '1'
[2022-12-16  09:49:18] [type: Request] [user: admin] [ip: undefined] [proxy: undefined] Controller: StatsSettings Task: getStatsStageOneData: {}
[2022-12-16  09:49:22] [type: Request] [user: admin] [ip: undefined] [proxy: undefined] Controller: StatsSettings Task: getInputsOptionsData: {}
[2022-12-16  09:54:46] [type: Request] [user: admin] [ip: undefined] [proxy: undefined] Controller: StatsSettings Task: uploadTemplateData: {}
[2022-12-16  09:54:47] [type: Request] [user: admin] [ip: undefined] [proxy: undefined] Controller: StatsSettings Task: getTemplatesListData: {}
[2022-12-16  09:54:54] [type: Request] [user: admin] [ip: undefined] [proxy: undefined] Controller: StatsSettings Task: getStatsStageOneData: {}
[2022-12-16  09:55:07] [type: Request] [user: admin] [ip: undefined] [proxy: undefined] Controller: StatsSettings Task: getInputsOptionsData: {}
[2022-12-16  09:55:26] [type: Request] [user: admin] [ip: undefined] [proxy: undefined] Controller: StatsSettings Task: getAllGroupsData: {}
[2022-12-16  09:55:33] [type: Request] [user: admin] [ip: undefined] [proxy: undefined] Controller: StatsSettings Task: getGroupOptionsData: {}
[2022-12-16  09:55:38] [type: Request] [user: admin] [ip: undefined] [proxy: undefined] Controller: StatsSettings Task: getAllGroupsData: {}
[2022-12-16  09:56:38] [type: Request] [user: admin] [ip: undefined] [proxy: undefined] Controller: StatsSettings Task: getStatsStageOneData: {}
[2022-12-16  09:56:44] [type: Request] [user: admin] [ip: undefined] [proxy: undefined] Controller: StatsSettings Task: getStatsStageTwoData: {}
[2022-12-16  09:57:16] [type: Request] [user: admin] [ip: undefined] [proxy: undefined] Controller: StatsSettings Task: getGroupOptionsData: {}
[2022-12-16  09:57:25] [type: Request] [user: admin] [ip: undefined] [proxy: undefined] Controller: StatsSettings Task: getStatsStageOneData: {}
[2022-12-16  09:57:27] [type: Request] [user: admin] [ip: undefined] [proxy: undefined] Controller: StatsSettings Task: getStatsStageTwoData: {}
[2022-12-16  09:57:32] [type: Request] [user: admin] [ip: undefined] [proxy: undefined] Controller: StatsSettings Task: getGroupOptionsData: {}
[2022-12-16  09:57:38] [type: Request] [user: admin] [ip: undefined] [proxy: undefined] Controller: StatsSettings Task: getStatsStageOneData: {}
[2022-12-16  09:57:40] [type: Request] [user: admin] [ip: undefined] [proxy: undefined] Controller: StatsSettings Task: getStatsStageTwoData: {}
[2022-12-16  09:57:47] [type: Request] [user: admin] [ip: undefined] [proxy: undefined] Controller: StatsSettings Task: getGroupOptionsData: {}
[2022-12-16  09:57:55] [type: Request] [user: admin] [ip: undefined] [proxy: undefined] Controller: StatsSettings Task: getStatsStageOneData: {}
[2022-12-16  09:57:58] [type: Request] [user: admin] [ip: undefined] [proxy: undefined] Controller: StatsSettings Task: getStatsStageTwoData: {}
[2022-12-16  09:58:04] [type: Request] [user: admin] [ip: undefined] [proxy: undefined] Controller: StatsSettings Task: getGroupOptionsData: {}
[2022-12-16  09:58:10] [type: Request] [user: admin] [ip: undefined] [proxy: undefined] Controller: StatsSettings Task: getAllGroupsData: {}
[2022-12-16  09:58:30] [type: Request] [user: admin] [ip: undefined] [proxy: undefined] Controller: StatsSettings Task: getStatsStageOneData: {}
[2022-12-16  09:58:40] [type: Access] [user: admin] [ip: undefined] [proxy: undefined] http://
[2022-12-16  09:58:42] [type: Request] [user: admin] [ip: undefined] [proxy: undefined] Controller: LanguageSelection Task: getInterfaceNamesData: {}
[2022-12-16  09:58:42] [type: Request] [user: admin] [ip: undefined] [proxy: undefined] Controller: StatsSettings Task: getStatsUsingFormData: {}
[2022-12-16  09:58:42] [type: Select] [user: admin] [ip: undefined] [proxy: undefined] Database: scheduler; SQL: SELECT * FROM statistics WHERE  type = 'Ze wzoru'
[2022-12-16  09:58:47] [type: Request] [user: admin] [ip: undefined] [proxy: undefined] Controller: StatsSettings Task: getStatsStageOneData: {}
[2022-12-16  09:58:49] [type: Request] [user: admin] [ip: undefined] [proxy: undefined] Controller: StatsSettings Task: getInputsOptionsData: {}
[2022-12-16  09:58:59] [type: Request] [user: admin] [ip: undefined] [proxy: undefined] Controller: StatsSettings Task: getAllGroupsData: {}
[2022-12-16  09:59:02] [type: Request] [user: admin] [ip: undefined] [proxy: undefined] Controller: StatsSettings Task: getGroupOptionsData: {}
[2022-12-16  09:59:07] [type: Request] [user: admin] [ip: undefined] [proxy: undefined] Controller: StatsSettings Task: getAllGroupsData: {}
[2022-12-16  09:59:16] [type: Request] [user: admin] [ip: undefined] [proxy: undefined] Controller: StatsSettings Task: getStatsStageOneData: {}
[2022-12-16  09:59:22] [type: Request] [user: admin] [ip: undefined] [proxy: undefined] Controller: StatsSettings Task: getStatsStageTwoData: {}
[2022-12-16  09:59:27] [type: Request] [user: admin] [ip: undefined] [proxy: undefined] Controller: StatsSettings Task: getGroupOptionsData: {}
[2022-12-16  09:59:32] [type: Request] [user: admin] [ip: undefined] [proxy: undefined] Controller: StatsSettings Task: getAllGroupsData: {}
[2022-12-16  10:00:05] [type: Request] [user: admin] [ip: undefined] [proxy: undefined] Controller: StatsSettings Task: saveFormStatsData: {}
[2022-12-16  10:00:05] [type: insert] [user: admin] [ip: undefined] [proxy: undefined] Database: scheduler; SQL: INSERT INTO statistics (name, json, type) VALUES ('Test rok 2022', '{"file":"pusty.xlsx","cols":[{"number":"1","groupset":"Typy Użytkowników","groupsetKey":"title"},{"number":"2","dataset":"Mandaty","method":"Zliczanie","groups":["Lata"],"values":["2022"]}],"rows":[{"start":"3","end":"58","group":"Użytkownicy"}]}', 'Ze wzoru')
[2022-12-16  10:00:07] [type: Request] [user: admin] [ip: undefined] [proxy: undefined] Controller: StatsSettings Task: getStatsUsingFormData: {}
[2022-12-16  10:00:07] [type: Select] [user: admin] [ip: undefined] [proxy: undefined] Database: scheduler; SQL: SELECT * FROM statistics WHERE  type = 'Ze wzoru'
[2022-12-16  10:00:09] [type: Access] [user: admin] [ip: undefined] [proxy: undefined] http://
[2022-12-16  10:00:11] [type: Request] [user: admin] [ip: undefined] [proxy: undefined] Controller: LanguageSelection Task: getInterfaceNamesData: {}
[2022-12-16  10:00:11] [type: Request] [user: admin] [ip: undefined] [proxy: undefined] Controller: StatsDisplay Task: getStatsData: {}
[2022-12-16  10:00:11] [type: Select] [user: admin] [ip: undefined] [proxy: undefined] Database: scheduler; SQL: SELECT * FROM statistics WHERE  active = '1'
[2022-12-16  10:00:14] [type: Request] [user: admin] [ip: undefined] [proxy: undefined] Controller: StatsDisplay Task: getInputsSettingsData: {}
[2022-12-16  10:00:14] [type: Select] [user: admin] [ip: undefined] [proxy: undefined] Database: scheduler; SQL: SELECT * FROM statistics WHERE  id = '32'
[2022-12-16  10:00:14] [type: Error] [user: admin] [ip: undefined] [proxy: undefined] Container error: value not defined for key: inputs ;
 #0 /var/www/html/sys/classes/Tanweb/Container.php(43): Tanweb\Container->throwException('value not defin...')
#1 /var/www/html/sys/classes/Services/StatsService.php(187): Tanweb\Container->get('inputs')
#2 /var/www/html/sys/classes/Controllers/StatsDisplay.php(39): Services\StatsService->getInputSettings(32)
#3 /var/www/html/sys/classes/Controllers/Base/Controller.php(112): Controllers\StatsDisplay->getInputsSettings()
#4 /var/www/html/sys/classes/Controllers/Base/Controller.php(89): Controllers\Base\Controller->runTask(Object(Tanweb\Request\Request))
#5 /var/www/html/sys/scripts/requests/rest.php(26): Controllers\Base\Controller->run(Object(Tanweb\Request\Request))
#6 {main}
[2022-12-16  10:01:39] [type: Access] [user: admin] [ip: undefined] [proxy: undefined] http://
[2022-12-16  10:01:41] [type: Request] [user: admin] [ip: undefined] [proxy: undefined] Controller: LanguageSelection Task: getInterfaceNamesData: {}
[2022-12-16  10:01:41] [type: Request] [user: admin] [ip: undefined] [proxy: undefined] Controller: StatsSettings Task: getStatsUsingFormData: {}
[2022-12-16  10:01:41] [type: Select] [user: admin] [ip: undefined] [proxy: undefined] Database: scheduler; SQL: SELECT * FROM statistics WHERE  type = 'Ze wzoru'
[2022-12-16  10:01:59] [type: Request] [user: admin] [ip: undefined] [proxy: undefined] Controller: StatsSettings Task: getStatsStageOneData: {}
[2022-12-16  10:02:02] [type: Request] [user: admin] [ip: undefined] [proxy: undefined] Controller: StatsSettings Task: getInputsOptionsData: {}
[2022-12-16  10:02:25] [type: Request] [user: admin] [ip: undefined] [proxy: undefined] Controller: StatsSettings Task: saveFormStatsData: {}
[2022-12-16  10:02:25] [type: Select] [user: admin] [ip: undefined] [proxy: undefined] Database: scheduler; SQL: SELECT * FROM statistics WHERE  id = '32'
[2022-12-16  10:02:25] [type: update] [user: admin] [ip: undefined] [proxy: undefined] Database: scheduler; SQL: UPDATE statistics SET json='{"file":"pusty.xlsx","cols":[{"number":"1","groupset":"Typy Użytkowników","groupsetKey":"title"},{"groups":["Lata"],"method":"Zliczanie","number":"2","values":["2022"],"dataset":"Mandaty"}],"rows":[{"end":"58","group":"Użytkownicy","start":"3"}]}' WHERE id = '32'
[2022-12-16  10:02:27] [type: Request] [user: admin] [ip: undefined] [proxy: undefined] Controller: StatsSettings Task: getStatsUsingFormData: {}
[2022-12-16  10:02:27] [type: Select] [user: admin] [ip: undefined] [proxy: undefined] Database: scheduler; SQL: SELECT * FROM statistics WHERE  type = 'Ze wzoru'
[2022-12-16  10:03:05] [type: Request] [user: admin] [ip: undefined] [proxy: undefined] Controller: StatsSettings Task: saveFormStatsData: {}
[2022-12-16  10:03:05] [type: insert] [user: admin] [ip: undefined] [proxy: undefined] Database: scheduler; SQL: INSERT INTO statistics (name, json, type) VALUES ('Test rok 2022', '{"file":"pusty.xlsx","cols":[{"number":"1","groupset":"Typy Użytkowników","groupsetKey":"title"},{"groups":["Lata"],"method":"Zliczanie","number":"2","values":["2022"],"dataset":"Mandaty"}],"rows":[{"end":"58","group":"Użytkownicy","start":"3"}]}', 'Ze wzoru')
[2022-12-16  10:03:07] [type: Request] [user: admin] [ip: undefined] [proxy: undefined] Controller: StatsSettings Task: getStatsUsingFormData: {}
[2022-12-16  10:03:07] [type: Select] [user: admin] [ip: undefined] [proxy: undefined] Database: scheduler; SQL: SELECT * FROM statistics WHERE  type = 'Ze wzoru'
[2022-12-16  10:04:04] [type: Access] [user: admin] [ip: undefined] [proxy: undefined] http://
[2022-12-16  10:04:06] [type: Request] [user: admin] [ip: undefined] [proxy: undefined] Controller: LanguageSelection Task: getInterfaceNamesData: {}
[2022-12-16  10:04:06] [type: Request] [user: admin] [ip: undefined] [proxy: undefined] Controller: StatsSettings Task: getStatsUsingFormData: {}
[2022-12-16  10:04:06] [type: Select] [user: admin] [ip: undefined] [proxy: undefined] Database: scheduler; SQL: SELECT * FROM statistics WHERE  type = 'Ze wzoru'
[2022-12-16  10:04:10] [type: Request] [user: admin] [ip: undefined] [proxy: undefined] Controller: StatsSettings Task: getStatsStageOneData: {}
[2022-12-16  10:04:14] [type: Request] [user: admin] [ip: undefined] [proxy: undefined] Controller: StatsSettings Task: getInputsOptionsData: {}
[2022-12-16  10:05:11] [type: Request] [user: admin] [ip: undefined] [proxy: undefined] Controller: StatsSettings Task: saveFormStatsData: {}
[2022-12-16  10:05:11] [type: Select] [user: admin] [ip: undefined] [proxy: undefined] Database: scheduler; SQL: SELECT * FROM statistics WHERE  id = '32'
[2022-12-16  10:05:11] [type: update] [user: admin] [ip: undefined] [proxy: undefined] Database: scheduler; SQL: UPDATE statistics SET json='{"inputs":["Miesiąc"],"file":"pusty.xlsx","cols":[{"number":"1","groupset":"Typy Użytkowników","groupsetKey":"title"},{"groups":["Lata"],"method":"Zliczanie","number":"2","values":["2022"],"dataset":"Mandaty"}],"rows":[{"end":"58","group":"Użytkownicy","start":"3"}]}' WHERE id = '32'
[2022-12-16  10:05:12] [type: Request] [user: admin] [ip: undefined] [proxy: undefined] Controller: StatsSettings Task: getStatsUsingFormData: {}
[2022-12-16  10:05:12] [type: Select] [user: admin] [ip: undefined] [proxy: undefined] Database: scheduler; SQL: SELECT * FROM statistics WHERE  type = 'Ze wzoru'
[2022-12-16  10:05:14] [type: Access] [user: admin] [ip: undefined] [proxy: undefined] http://
[2022-12-16  10:05:16] [type: Request] [user: admin] [ip: undefined] [proxy: undefined] Controller: LanguageSelection Task: getInterfaceNamesData: {}
[2022-12-16  10:05:17] [type: Request] [user: admin] [ip: undefined] [proxy: undefined] Controller: StatsDisplay Task: getStatsData: {}
[2022-12-16  10:05:17] [type: Select] [user: admin] [ip: undefined] [proxy: undefined] Database: scheduler; SQL: SELECT * FROM statistics WHERE  active = '1'
[2022-12-16  10:05:18] [type: Request] [user: admin] [ip: undefined] [proxy: undefined] Controller: StatsDisplay Task: getInputsSettingsData: {}
[2022-12-16  10:05:18] [type: Select] [user: admin] [ip: undefined] [proxy: undefined] Database: scheduler; SQL: SELECT * FROM statistics WHERE  id = '32'
[2022-12-16  10:06:05] [type: Access] [user: admin] [ip: undefined] [proxy: undefined] http://
[2022-12-16  10:06:06] [type: Request] [user: admin] [ip: undefined] [proxy: undefined] Controller: LanguageSelection Task: getInterfaceNamesData: {}
[2022-12-16  10:06:07] [type: Request] [user: admin] [ip: undefined] [proxy: undefined] Controller: StatsSettings Task: getStatsUsingFormData: {}
[2022-12-16  10:06:07] [type: Select] [user: admin] [ip: undefined] [proxy: undefined] Database: scheduler; SQL: SELECT * FROM statistics WHERE  type = 'Ze wzoru'
[2022-12-16  10:06:09] [type: Request] [user: admin] [ip: undefined] [proxy: undefined] Controller: StatsSettings Task: removeStatsData: {}
[2022-12-16  10:06:09] [type: insert] [user: admin] [ip: undefined] [proxy: undefined] Database: scheduler; SQL: DELETE FROM statistics WHERE id = '33'
[2022-12-16  10:06:10] [type: Request] [user: admin] [ip: undefined] [proxy: undefined] Controller: StatsSettings Task: getStatsUsingFormData: {}
[2022-12-16  10:06:10] [type: Select] [user: admin] [ip: undefined] [proxy: undefined] Database: scheduler; SQL: SELECT * FROM statistics WHERE  type = 'Ze wzoru'
[2022-12-16  10:10:29] [type: Access] [user: admin] [ip: undefined] [proxy: undefined] http://
[2022-12-16  10:10:30] [type: Request] [user: admin] [ip: undefined] [proxy: undefined] Controller: LanguageSelection Task: getInterfaceNamesData: {}
[2022-12-16  10:10:31] [type: Request] [user: admin] [ip: undefined] [proxy: undefined] Controller: StatsSettings Task: getStatsUsingFormData: {}
[2022-12-16  10:10:31] [type: Select] [user: admin] [ip: undefined] [proxy: undefined] Database: scheduler; SQL: SELECT * FROM statistics WHERE  type = 'Ze wzoru'
[2022-12-16  10:30:33] [type: Access] [user: admin] [ip: undefined] [proxy: undefined] http://
[2022-12-16  10:30:35] [type: Request] [user: admin] [ip: undefined] [proxy: undefined] Controller: LanguageSelection Task: getInterfaceNamesData: {}
[2022-12-16  10:30:36] [type: Request] [user: admin] [ip: undefined] [proxy: undefined] Controller: StatsSettings Task: getStatsUsingFormData: {}
[2022-12-16  10:30:36] [type: Select] [user: admin] [ip: undefined] [proxy: undefined] Database: scheduler; SQL: SELECT * FROM statistics WHERE  type = 'Ze wzoru'
[2022-12-16  10:31:17] [type: Access] [user: admin] [ip: undefined] [proxy: undefined] http://
[2022-12-16  10:32:01] [type: Access] [user: admin] [ip: undefined] [proxy: undefined] http://
[2022-12-16  10:32:03] [type: Request] [user: admin] [ip: undefined] [proxy: undefined] Controller: LanguageSelection Task: getInterfaceNamesData: {}
[2022-12-16  10:32:03] [type: Request] [user: admin] [ip: undefined] [proxy: undefined] Controller: StatsSettings Task: getStatsUsingFormData: {}
[2022-12-16  10:32:03] [type: Select] [user: admin] [ip: undefined] [proxy: undefined] Database: scheduler; SQL: SELECT * FROM statistics WHERE  type = 'Ze wzoru'
[2022-12-16  10:32:56] [type: Access] [user: admin] [ip: undefined] [proxy: undefined] http://
[2022-12-16  10:32:58] [type: Request] [user: admin] [ip: undefined] [proxy: undefined] Controller: LanguageSelection Task: getInterfaceNamesData: {}
[2022-12-16  10:32:58] [type: Request] [user: admin] [ip: undefined] [proxy: undefined] Controller: StatsSettings Task: getStatsUsingFormData: {}
[2022-12-16  10:32:58] [type: Select] [user: admin] [ip: undefined] [proxy: undefined] Database: scheduler; SQL: SELECT * FROM statistics WHERE  type = 'Ze wzoru'
[2022-12-16  10:33:01] [type: Request] [user: admin] [ip: undefined] [proxy: undefined] Controller: StatsSettings Task: getStatsStageOneData: {}
[2022-12-16  10:34:07] [type: Access] [user: admin] [ip: undefined] [proxy: undefined] http://
[2022-12-16  10:34:08] [type: Request] [user: admin] [ip: undefined] [proxy: undefined] Controller: LanguageSelection Task: getInterfaceNamesData: {}
[2022-12-16  10:34:09] [type: Request] [user: admin] [ip: undefined] [proxy: undefined] Controller: StatsSettings Task: getStatsUsingFormData: {}
[2022-12-16  10:34:09] [type: Select] [user: admin] [ip: undefined] [proxy: undefined] Database: scheduler; SQL: SELECT * FROM statistics WHERE  type = 'Ze wzoru'
[2022-12-16  10:36:49] [type: Access] [user: admin] [ip: undefined] [proxy: undefined] http://
[2022-12-16  10:36:51] [type: Request] [user: admin] [ip: undefined] [proxy: undefined] Controller: LanguageSelection Task: getInterfaceNamesData: {}
[2022-12-16  10:36:51] [type: Request] [user: admin] [ip: undefined] [proxy: undefined] Controller: StatsSettings Task: getStatsUsingFormData: {}
[2022-12-16  10:36:51] [type: Select] [user: admin] [ip: undefined] [proxy: undefined] Database: scheduler; SQL: SELECT * FROM statistics WHERE  type = 'Ze wzoru'
[2022-12-16  10:37:04] [type: Request] [user: admin] [ip: undefined] [proxy: undefined] Controller: StatsSettings Task: getStatsStageOneData: {}
[2022-12-16  10:37:08] [type: Request] [user: admin] [ip: undefined] [proxy: undefined] Controller: StatsSettings Task: getInputsOptionsData: {}
[2022-12-16  10:38:14] [type: Access] [user: admin] [ip: undefined] [proxy: undefined] http://
[2022-12-16  10:38:15] [type: Request] [user: admin] [ip: undefined] [proxy: undefined] Controller: LanguageSelection Task: getInterfaceNamesData: {}
[2022-12-16  10:38:16] [type: Request] [user: admin] [ip: undefined] [proxy: undefined] Controller: StatsSettings Task: getStatsUsingFormData: {}
[2022-12-16  10:38:16] [type: Select] [user: admin] [ip: undefined] [proxy: undefined] Database: scheduler; SQL: SELECT * FROM statistics WHERE  type = 'Ze wzoru'
[2022-12-16  10:38:22] [type: Request] [user: admin] [ip: undefined] [proxy: undefined] Controller: StatsSettings Task: getStatsStageOneData: {}
[2022-12-16  10:38:24] [type: Request] [user: admin] [ip: undefined] [proxy: undefined] Controller: StatsSettings Task: getInputsOptionsData: {}
[2022-12-16  10:38:42] [type: Request] [user: admin] [ip: undefined] [proxy: undefined] Controller: StatsSettings Task: saveFormStatsData: {}
[2022-12-16  10:38:42] [type: Select] [user: admin] [ip: undefined] [proxy: undefined] Database: scheduler; SQL: SELECT * FROM statistics WHERE  id = '32'
[2022-12-16  10:38:42] [type: update] [user: admin] [ip: undefined] [proxy: undefined] Database: scheduler; SQL: UPDATE statistics SET json='{"inputs":["Zakres miesięcy"],"file":"pusty.xlsx","cols":[{"number":"1","groupset":"Typy Użytkowników","groupsetKey":"title"},{"groups":["Lata"],"method":"Zliczanie","number":"2","values":["2022"],"dataset":"Mandaty"}],"rows":[{"end":"58","group":"Użytkownicy","start":"3"}],"cells":[{"column":"5","row":"1","input":"Zakres miesięcy","operation":"count"}]}' WHERE id = '32'
[2022-12-16  10:38:43] [type: Request] [user: admin] [ip: undefined] [proxy: undefined] Controller: StatsSettings Task: getStatsUsingFormData: {}
[2022-12-16  10:38:43] [type: Select] [user: admin] [ip: undefined] [proxy: undefined] Database: scheduler; SQL: SELECT * FROM statistics WHERE  type = 'Ze wzoru'
[2022-12-16  10:39:10] [type: Access] [user: admin] [ip: undefined] [proxy: undefined] http://
[2022-12-16  10:39:11] [type: Request] [user: admin] [ip: undefined] [proxy: undefined] Controller: LanguageSelection Task: getInterfaceNamesData: {}
[2022-12-16  10:39:12] [type: Request] [user: admin] [ip: undefined] [proxy: undefined] Controller: StatsDisplay Task: getStatsData: {}
[2022-12-16  10:39:12] [type: Select] [user: admin] [ip: undefined] [proxy: undefined] Database: scheduler; SQL: SELECT * FROM statistics WHERE  active = '1'
[2022-12-16  10:39:14] [type: Request] [user: admin] [ip: undefined] [proxy: undefined] Controller: StatsDisplay Task: getInputsSettingsData: {}
[2022-12-16  10:39:14] [type: Select] [user: admin] [ip: undefined] [proxy: undefined] Database: scheduler; SQL: SELECT * FROM statistics WHERE  id = '32'
[2022-12-16  10:39:18] [type: Request] [user: admin] [ip: undefined] [proxy: undefined] Controller: StatsDisplay Task: generateStatsData: {}
[2022-12-16  10:39:18] [type: Select] [user: admin] [ip: undefined] [proxy: undefined] Database: scheduler; SQL: SELECT * FROM statistics WHERE  id = '32'
[2022-12-16  10:39:18] [type: Error] [user: admin] [ip: undefined] [proxy: undefined] Could not find zip member zip:///var/www/html/sys/templates/stats/pusty.xlsx#_rels/.rels ;
 #0 /var/www/html/vendor/phpoffice/phpspreadsheet/src/PhpSpreadsheet/Reader/Xlsx.php(392): PhpOffice\PhpSpreadsheet\Shared\File::assertFile('/var/www/html/s...', '_rels/.rels')
#1 /var/www/html/sys/classes/Tanweb/File/ExcelEditor.php(31): PhpOffice\PhpSpreadsheet\Reader\Xlsx->load('/var/www/html/s...')
#2 /var/www/html/sys/classes/Custom/Statistics/PatternStats.php(59): Tanweb\File\ExcelEditor->openFile('/var/www/html/s...')
#3 /var/www/html/sys/classes/Services/StatsService.php(249): Custom\Statistics\PatternStats->generate()
#4 /var/www/html/sys/classes/Controllers/StatsDisplay.php(45): Services\StatsService->generateStats(Object(Tanweb\Container))
#5 /var/www/html/sys/classes/Controllers/Base/Controller.php(112): Controllers\StatsDisplay->generateStats()
#6 /var/www/html/sys/classes/Controllers/Base/Controller.php(89): Controllers\Base\Controller->runTask(Object(Tanweb\Request\Request))
#7 /var/www/html/sys/scripts/requests/file.php(28): Controllers\Base\Controller->run(Object(Tanweb\Request\Request))
#8 {main}
[2022-12-16  10:39:40] [type: Request] [user: admin] [ip: undefined] [proxy: undefined] Controller: StatsDisplay Task: generateStatsData: {}
[2022-12-16  10:39:40] [type: Select] [user: admin] [ip: undefined] [proxy: undefined] Database: scheduler; SQL: SELECT * FROM statistics WHERE  id = '32'
[2022-12-16  10:40:04] [type: Error] [user: admin] [ip: undefined] [proxy: undefined] Could not find zip member zip:///var/www/html/sys/templates/stats/pusty.xlsx#_rels/.rels ;
 #0 /var/www/html/vendor/phpoffice/phpspreadsheet/src/PhpSpreadsheet/Reader/Xlsx.php(392): PhpOffice\PhpSpreadsheet\Shared\File::assertFile('/var/www/html/s...', '_rels/.rels')
#1 /var/www/html/sys/classes/Tanweb/File/ExcelEditor.php(31): PhpOffice\PhpSpreadsheet\Reader\Xlsx->load('/var/www/html/s...')
#2 /var/www/html/sys/classes/Custom/Statistics/PatternStats.php(59): Tanweb\File\ExcelEditor->openFile('/var/www/html/s...')
#3 /var/www/html/sys/classes/Services/StatsService.php(249): Custom\Statistics\PatternStats->generate()
#4 /var/www/html/sys/classes/Controllers/StatsDisplay.php(45): Services\StatsService->generateStats(Object(Tanweb\Container))
#5 /var/www/html/sys/classes/Controllers/Base/Controller.php(112): Controllers\StatsDisplay->generateStats()
#6 /var/www/html/sys/classes/Controllers/Base/Controller.php(89): Controllers\Base\Controller->runTask(Object(Tanweb\Request\Request))
#7 /var/www/html/sys/scripts/requests/file.php(28): Controllers\Base\Controller->run(Object(Tanweb\Request\Request))
#8 {main}
[2022-12-16  10:40:20] [type: Request] [user: admin] [ip: undefined] [proxy: undefined] Controller: StatsDisplay Task: generateStatsData: {}
[2022-12-16  10:40:20] [type: Select] [user: admin] [ip: undefined] [proxy: undefined] Database: scheduler; SQL: SELECT * FROM statistics WHERE  id = '32'
[2022-12-16  11:15:41] [type: Request] [user: admin] [ip: undefined] [proxy: undefined] Controller: StatsDisplay Task: generateStatsData: {}
[2022-12-16  11:15:41] [type: Select] [user: admin] [ip: undefined] [proxy: undefined] Database: scheduler; SQL: SELECT * FROM statistics WHERE  id = '32'
[2022-12-16  11:15:42] [type: Error] [user: admin] [ip: undefined] [proxy: undefined] Container error: value not defined for key: monthsRange ;
 #0 /var/www/html/sys/classes/Tanweb/Container.php(43): Tanweb\Container->throwException('value not defin...')
#1 /var/www/html/sys/classes/Custom/Statistics/PatternStats.php(236): Tanweb\Container->get('monthsRange')
#2 /var/www/html/sys/classes/Custom/Statistics/PatternStats.php(265): Custom\Statistics\PatternStats->getInputValue(Object(Custom\Statistics\Options\Input))
#3 /var/www/html/sys/classes/Custom/Statistics/PatternStats.php(199): Custom\Statistics\PatternStats->getInputCount(Object(Custom\Statistics\Options\Input))
#4 /var/www/html/sys/classes/Custom/Statistics/PatternStats.php(182): Custom\Statistics\PatternStats->getInputCellValue(Object(Tanweb\Container))
#5 /var/www/html/sys/classes/Custom/Statistics/PatternStats.php(77): Custom\Statistics\PatternStats->writeCellByConfig(Object(Tanweb\Container))
#6 /var/www/html/sys/classes/Custom/Statistics/PatternStats.php(62): Custom\Statistics\PatternStats->fillFile()
#7 /var/www/html/sys/classes/Services/StatsService.php(249): Custom\Statistics\PatternStats->generate()
#8 /var/www/html/sys/classes/Controllers/StatsDisplay.php(45): Services\StatsService->generateStats(Object(Tanweb\Container))
#9 /var/www/html/sys/classes/Controllers/Base/Controller.php(112): Controllers\StatsDisplay->generateStats()
#10 /var/www/html/sys/classes/Controllers/Base/Controller.php(89): Controllers\Base\Controller->runTask(Object(Tanweb\Request\Request))
#11 /var/www/html/sys/scripts/requests/file.php(28): Controllers\Base\Controller->run(Object(Tanweb\Request\Request))
#12 {main}
[2022-12-16  11:17:47] [type: Request] [user: admin] [ip: undefined] [proxy: undefined] Controller: StatsDisplay Task: generateStatsData: {}
[2022-12-16  11:17:47] [type: Select] [user: admin] [ip: undefined] [proxy: undefined] Database: scheduler; SQL: SELECT * FROM statistics WHERE  id = '32'
[2022-12-16  11:18:33] [type: Error] [user: admin] [ip: undefined] [proxy: undefined] Container error: value not defined for key: monthsRange ;
 #0 /var/www/html/sys/classes/Tanweb/Container.php(43): Tanweb\Container->throwException('value not defin...')
#1 /var/www/html/sys/classes/Custom/Statistics/PatternStats.php(236): Tanweb\Container->get('monthsRange')
#2 /var/www/html/sys/classes/Custom/Statistics/PatternStats.php(265): Custom\Statistics\PatternStats->getInputValue(Object(Custom\Statistics\Options\Input))
#3 /var/www/html/sys/classes/Custom/Statistics/PatternStats.php(199): Custom\Statistics\PatternStats->getInputCount(Object(Custom\Statistics\Options\Input))
#4 /var/www/html/sys/classes/Custom/Statistics/PatternStats.php(182): Custom\Statistics\PatternStats->getInputCellValue(Object(Tanweb\Container))
#5 /var/www/html/sys/classes/Custom/Statistics/PatternStats.php(77): Custom\Statistics\PatternStats->writeCellByConfig(Object(Tanweb\Container))
#6 /var/www/html/sys/classes/Custom/Statistics/PatternStats.php(62): Custom\Statistics\PatternStats->fillFile()
#7 /var/www/html/sys/classes/Services/StatsService.php(249): Custom\Statistics\PatternStats->generate()
#8 /var/www/html/sys/classes/Controllers/StatsDisplay.php(45): Services\StatsService->generateStats(Object(Tanweb\Container))
#9 /var/www/html/sys/classes/Controllers/Base/Controller.php(112): Controllers\StatsDisplay->generateStats()
#10 /var/www/html/sys/classes/Controllers/Base/Controller.php(89): Controllers\Base\Controller->runTask(Object(Tanweb\Request\Request))
#11 /var/www/html/sys/scripts/requests/file.php(28): Controllers\Base\Controller->run(Object(Tanweb\Request\Request))
#12 {main}
[2022-12-16  11:18:37] [type: Request] [user: admin] [ip: undefined] [proxy: undefined] Controller: StatsDisplay Task: generateStatsData: {}
[2022-12-16  11:18:37] [type: Select] [user: admin] [ip: undefined] [proxy: undefined] Database: scheduler; SQL: SELECT * FROM statistics WHERE  id = '32'
[2022-12-16  11:18:58] [type: Access] [user: admin] [ip: undefined] [proxy: undefined] http://
[2022-12-16  11:19:00] [type: Request] [user: admin] [ip: undefined] [proxy: undefined] Controller: LanguageSelection Task: getInterfaceNamesData: {}
[2022-12-16  11:19:00] [type: Request] [user: admin] [ip: undefined] [proxy: undefined] Controller: StatsDisplay Task: getStatsData: {}
[2022-12-16  11:19:00] [type: Select] [user: admin] [ip: undefined] [proxy: undefined] Database: scheduler; SQL: SELECT * FROM statistics WHERE  active = '1'
[2022-12-16  11:19:02] [type: Request] [user: admin] [ip: undefined] [proxy: undefined] Controller: StatsDisplay Task: getInputsSettingsData: {}
[2022-12-16  11:19:02] [type: Select] [user: admin] [ip: undefined] [proxy: undefined] Database: scheduler; SQL: SELECT * FROM statistics WHERE  id = '32'
[2022-12-16  11:19:07] [type: Request] [user: admin] [ip: undefined] [proxy: undefined] Controller: StatsDisplay Task: generateStatsData: {}
[2022-12-16  11:19:07] [type: Select] [user: admin] [ip: undefined] [proxy: undefined] Database: scheduler; SQL: SELECT * FROM statistics WHERE  id = '32'
[2022-12-16  11:19:31] [type: Access] [user: admin] [ip: undefined] [proxy: undefined] http://
[2022-12-16  11:19:32] [type: Request] [user: admin] [ip: undefined] [proxy: undefined] Controller: LanguageSelection Task: getInterfaceNamesData: {}
[2022-12-16  11:19:32] [type: Request] [user: admin] [ip: undefined] [proxy: undefined] Controller: StatsSettings Task: getStatsUsingFormData: {}
[2022-12-16  11:19:32] [type: Select] [user: admin] [ip: undefined] [proxy: undefined] Database: scheduler; SQL: SELECT * FROM statistics WHERE  type = 'Ze wzoru'
[2022-12-16  11:20:10] [type: Request] [user: admin] [ip: undefined] [proxy: undefined] Controller: StatsSettings Task: saveFormStatsData: {}
[2022-12-16  11:20:10] [type: Select] [user: admin] [ip: undefined] [proxy: undefined] Database: scheduler; SQL: SELECT * FROM statistics WHERE  id = '31'
[2022-12-16  11:20:10] [type: update] [user: admin] [ip: undefined] [proxy: undefined] Database: scheduler; SQL: UPDATE statistics SET json='{"inputs":["Zakres miesięcy","Rok"],"file":"zestawienieIlosciRoboczodniowekPracownikowTypKontroli.xlsx","cols":[{"number":"1","groupset":"Użytkownicy","groupsetKey":"SUZUG"},{"number":"2","groupset":"Użytkownicy","groupsetKey":"title"},{"number":"3","groupset":"Użytkownicy","groupsetKey":"user_type"},{"groups":["Czynności kontrolne"],"method":"Zliczanie roboczodniówek","number":"4","values":["1"],"dataset":"Wpisy na kontrolach"},{"groups":["Czynności kontrolne"],"method":"Zliczanie roboczodniówek","number":"5","values":["2"],"dataset":"Wpisy na kontrolach"},{"groups":["Czynności kontrolne"],"method":"Zliczanie roboczodniówek","number":"9","values":["4"],"dataset":"Wpisy na kontrolach"},{"groups":["Czynności kontrolne"],"method":"Zliczanie roboczodniówek","number":"10","values":["5"],"dataset":"Wpisy na kontrolach"},{"groups":["Czynności kontrolne"],"method":"Zliczanie roboczodniówek","number":"11","values":["3"],"dataset":"Wpisy na kontrolach"},{"groups":["Czynności kontrolne"],"method":"Zliczanie roboczodniówek","number":"12","values":["6"],"dataset":"Wpisy na kontrolach"}],"rows":[{"end":"39","group":"Użytkownicy","start":"6"}],"cells":[{"column":"14","row":"3","input":"Zakres miesięcy","operation":"count"}]}' WHERE id = '31'
[2022-12-16  11:20:12] [type: Request] [user: admin] [ip: undefined] [proxy: undefined] Controller: StatsSettings Task: getStatsUsingFormData: {}
[2022-12-16  11:20:12] [type: Select] [user: admin] [ip: undefined] [proxy: undefined] Database: scheduler; SQL: SELECT * FROM statistics WHERE  type = 'Ze wzoru'
[2022-12-16  11:20:16] [type: Request] [user: admin] [ip: undefined] [proxy: undefined] Controller: StatsSettings Task: saveFormStatsData: {}
[2022-12-16  11:20:16] [type: Select] [user: admin] [ip: undefined] [proxy: undefined] Database: scheduler; SQL: SELECT * FROM statistics WHERE  id = '30'
[2022-12-16  11:20:16] [type: update] [user: admin] [ip: undefined] [proxy: undefined] Database: scheduler; SQL: UPDATE statistics SET json='{"inputs":["Zakres miesięcy","Zakres lat"],"file":"represjeInspektorow.xlsx","cols":[{"number":"1","groupset":"Użytkownicy","groupsetKey":"title"},{"groups":["Kwartały"],"method":"Zliczanie","number":"2","values":["1"],"dataset":"Mandaty"},{"groups":["Kwartały"],"method":"Zliczanie","number":"3","values":["1"],"dataset":"Art 41"},{"groups":["Kwartały"],"method":"Zliczanie","number":"4","values":["1"],"dataset":"Wnioski do sądu"},{"groups":["Kwartały"],"method":"Zliczanie","number":"6","values":["2"],"dataset":"Mandaty"},{"groups":["Kwartały"],"method":"Zliczanie","number":"7","values":["2"],"dataset":"Art 41"},{"groups":["Kwartały"],"method":"Zliczanie","number":"8","values":["2"],"dataset":"Wnioski do sądu"},{"groups":["Kwartały"],"method":"Zliczanie","number":"10","values":["3"],"dataset":"Mandaty"},{"groups":["Kwartały"],"method":"Zliczanie","number":"11","values":["3"],"dataset":"Art 41"},{"groups":["Kwartały"],"method":"Zliczanie","number":"12","values":["3"],"dataset":"Wnioski do sądu"},{"groups":["Kwartały"],"method":"Zliczanie","number":"14","values":["4"],"dataset":"Mandaty"},{"groups":["Kwartały"],"method":"Zliczanie","number":"15","values":["4"],"dataset":"Art 41"},{"groups":["Kwartały"],"method":"Zliczanie","number":"16","values":["4"],"dataset":"Wnioski do sądu"}],"rows":[{"end":"38","group":"Użytkownicy","start":"5"}]}' WHERE id = '30'
[2022-12-16  11:20:18] [type: Request] [user: admin] [ip: undefined] [proxy: undefined] Controller: StatsSettings Task: getStatsUsingFormData: {}
[2022-12-16  11:20:18] [type: Select] [user: admin] [ip: undefined] [proxy: undefined] Database: scheduler; SQL: SELECT * FROM statistics WHERE  type = 'Ze wzoru'
[2022-12-16  11:21:39] [type: Access] [user: admin] [ip: undefined] [proxy: undefined] http://
[2022-12-16  11:21:41] [type: Request] [user: admin] [ip: undefined] [proxy: undefined] Controller: LanguageSelection Task: getInterfaceNamesData: {}
[2022-12-16  11:21:41] [type: Request] [user: admin] [ip: undefined] [proxy: undefined] Controller: StatsSettings Task: getStatsUsingFormData: {}
[2022-12-16  11:21:41] [type: Select] [user: admin] [ip: undefined] [proxy: undefined] Database: scheduler; SQL: SELECT * FROM statistics WHERE  type = 'Ze wzoru'
[2022-12-16  11:21:50] [type: Access] [user: admin] [ip: undefined] [proxy: undefined] http://
[2022-12-16  11:21:52] [type: Request] [user: admin] [ip: undefined] [proxy: undefined] Controller: LanguageSelection Task: getInterfaceNamesData: {}
[2022-12-16  11:21:53] [type: Request] [user: admin] [ip: undefined] [proxy: undefined] Controller: StatsDisplay Task: getStatsData: {}
[2022-12-16  11:21:53] [type: Select] [user: admin] [ip: undefined] [proxy: undefined] Database: scheduler; SQL: SELECT * FROM statistics WHERE  active = '1'
[2022-12-16  11:21:56] [type: Request] [user: admin] [ip: undefined] [proxy: undefined] Controller: StatsDisplay Task: getInputsSettingsData: {}
[2022-12-16  11:21:56] [type: Select] [user: admin] [ip: undefined] [proxy: undefined] Database: scheduler; SQL: SELECT * FROM statistics WHERE  id = '31'
[2022-12-16  11:22:03] [type: Request] [user: admin] [ip: undefined] [proxy: undefined] Controller: StatsDisplay Task: generateStatsData: {}
[2022-12-16  11:22:03] [type: Select] [user: admin] [ip: undefined] [proxy: undefined] Database: scheduler; SQL: SELECT * FROM statistics WHERE  id = '31'
[2022-12-16  11:22:56] [type: Access] [user: admin] [ip: undefined] [proxy: undefined] http://
[2022-12-16  11:22:57] [type: Request] [user: admin] [ip: undefined] [proxy: undefined] Controller: LanguageSelection Task: getInterfaceNamesData: {}
[2022-12-16  11:22:58] [type: Request] [user: admin] [ip: undefined] [proxy: undefined] Controller: StatsSettings Task: getStatsWithoutFormData: {}
[2022-12-16  11:22:58] [type: Select] [user: admin] [ip: undefined] [proxy: undefined] Database: scheduler; SQL: SELECT * FROM statistics WHERE  type != 'Ze wzoru'
[2022-12-16  11:22:58] [type: Access] [user: admin] [ip: undefined] [proxy: undefined] http://
[2022-12-16  11:22:59] [type: Request] [user: admin] [ip: undefined] [proxy: undefined] Controller: LanguageSelection Task: getInterfaceNamesData: {}
[2022-12-16  11:23:00] [type: Request] [user: admin] [ip: undefined] [proxy: undefined] Controller: StatsSettings Task: getStatsUsingFormData: {}
[2022-12-16  11:23:00] [type: Select] [user: admin] [ip: undefined] [proxy: undefined] Database: scheduler; SQL: SELECT * FROM statistics WHERE  type = 'Ze wzoru'
[2022-12-16  11:23:24] [type: Request] [user: admin] [ip: undefined] [proxy: undefined] Controller: StatsSettings Task: saveFormStatsData: {}
[2022-12-16  11:23:24] [type: Select] [user: admin] [ip: undefined] [proxy: undefined] Database: scheduler; SQL: SELECT * FROM statistics WHERE  id = '31'
[2022-12-16  11:23:24] [type: update] [user: admin] [ip: undefined] [proxy: undefined] Database: scheduler; SQL: UPDATE statistics SET json='{"inputs":["Zakres miesięcy","Rok"],"file":"zestawienieIlosciRoboczodniowekPracownikowTypKontroli.xlsx","cols":[{"number":"1","groupset":"Użytkownicy","groupsetKey":"SUZUG"},{"number":"2","groupset":"Użytkownicy","groupsetKey":"title"},{"number":"3","groupset":"Użytkownicy","groupsetKey":"user_type"},{"groups":["Czynności kontrolne"],"method":"Zliczanie roboczodniówek","number":"4","values":["1"],"dataset":"Wpisy na kontrolach"},{"groups":["Czynności kontrolne"],"method":"Zliczanie roboczodniówek","number":"5","values":["2"],"dataset":"Wpisy na kontrolach"},{"groups":["Czynności kontrolne"],"method":"Zliczanie roboczodniówek","number":"9","values":["4"],"dataset":"Wpisy na kontrolach"},{"groups":["Czynności kontrolne"],"method":"Zliczanie roboczodniówek","number":"10","values":["5"],"dataset":"Wpisy na kontrolach"},{"groups":["Czynności kontrolne"],"method":"Zliczanie roboczodniówek","number":"11","values":["3"],"dataset":"Wpisy na kontrolach"},{"groups":["Czynności kontrolne"],"method":"Zliczanie roboczodniówek","number":"12","values":["6"],"dataset":"Wpisy na kontrolach"}],"rows":[{"end":"39","group":"Użytkownicy","start":"6"}],"cells":[{"row":"3","input":"Zakres miesięcy","column":"14","operation":"count"},{"column":"12","row":"2","input":"Rok","operation":"value"}]}' WHERE id = '31'
[2022-12-16  11:23:26] [type: Request] [user: admin] [ip: undefined] [proxy: undefined] Controller: StatsSettings Task: getStatsUsingFormData: {}
[2022-12-16  11:23:26] [type: Select] [user: admin] [ip: undefined] [proxy: undefined] Database: scheduler; SQL: SELECT * FROM statistics WHERE  type = 'Ze wzoru'
[2022-12-16  11:23:28] [type: Access] [user: admin] [ip: undefined] [proxy: undefined] http://
[2022-12-16  11:23:30] [type: Request] [user: admin] [ip: undefined] [proxy: undefined] Controller: LanguageSelection Task: getInterfaceNamesData: {}
[2022-12-16  11:23:31] [type: Request] [user: admin] [ip: undefined] [proxy: undefined] Controller: StatsDisplay Task: getStatsData: {}
[2022-12-16  11:23:31] [type: Select] [user: admin] [ip: undefined] [proxy: undefined] Database: scheduler; SQL: SELECT * FROM statistics WHERE  active = '1'
[2022-12-16  11:23:33] [type: Request] [user: admin] [ip: undefined] [proxy: undefined] Controller: StatsDisplay Task: getInputsSettingsData: {}
[2022-12-16  11:23:33] [type: Select] [user: admin] [ip: undefined] [proxy: undefined] Database: scheduler; SQL: SELECT * FROM statistics WHERE  id = '31'
[2022-12-16  11:23:40] [type: Request] [user: admin] [ip: undefined] [proxy: undefined] Controller: StatsDisplay Task: generateStatsData: {}
[2022-12-16  11:23:40] [type: Select] [user: admin] [ip: undefined] [proxy: undefined] Database: scheduler; SQL: SELECT * FROM statistics WHERE  id = '31'
[2022-12-16  11:24:28] [type: Access] [user: admin] [ip: undefined] [proxy: undefined] http://
[2022-12-16  11:24:29] [type: Request] [user: admin] [ip: undefined] [proxy: undefined] Controller: LanguageSelection Task: getInterfaceNamesData: {}
[2022-12-16  11:24:30] [type: Request] [user: admin] [ip: undefined] [proxy: undefined] Controller: StatsSettings Task: getStatsUsingFormData: {}
[2022-12-16  11:24:30] [type: Select] [user: admin] [ip: undefined] [proxy: undefined] Database: scheduler; SQL: SELECT * FROM statistics WHERE  type = 'Ze wzoru'
[2022-12-16  11:24:53] [type: Request] [user: admin] [ip: undefined] [proxy: undefined] Controller: StatsSettings Task: saveFormStatsData: {}
[2022-12-16  11:24:53] [type: Select] [user: admin] [ip: undefined] [proxy: undefined] Database: scheduler; SQL: SELECT * FROM statistics WHERE  id = '30'
[2022-12-16  11:24:53] [type: update] [user: admin] [ip: undefined] [proxy: undefined] Database: scheduler; SQL: UPDATE statistics SET json='{"inputs":["Zakres miesięcy","Zakres lat"],"file":"represjeInspektorow.xlsx","cols":[{"number":"1","groupset":"Użytkownicy","groupsetKey":"title"},{"groups":["Kwartały"],"method":"Zliczanie","number":"2","values":["1"],"dataset":"Mandaty"},{"groups":["Kwartały"],"method":"Zliczanie","number":"3","values":["1"],"dataset":"Art 41"},{"groups":["Kwartały"],"method":"Zliczanie","number":"4","values":["1"],"dataset":"Wnioski do sądu"},{"groups":["Kwartały"],"method":"Zliczanie","number":"6","values":["2"],"dataset":"Mandaty"},{"groups":["Kwartały"],"method":"Zliczanie","number":"7","values":["2"],"dataset":"Art 41"},{"groups":["Kwartały"],"method":"Zliczanie","number":"8","values":["2"],"dataset":"Wnioski do sądu"},{"groups":["Kwartały"],"method":"Zliczanie","number":"10","values":["3"],"dataset":"Mandaty"},{"groups":["Kwartały"],"method":"Zliczanie","number":"11","values":["3"],"dataset":"Art 41"},{"groups":["Kwartały"],"method":"Zliczanie","number":"12","values":["3"],"dataset":"Wnioski do sądu"},{"groups":["Kwartały"],"method":"Zliczanie","number":"14","values":["4"],"dataset":"Mandaty"},{"groups":["Kwartały"],"method":"Zliczanie","number":"15","values":["4"],"dataset":"Art 41"},{"groups":["Kwartały"],"method":"Zliczanie","number":"16","values":["4"],"dataset":"Wnioski do sądu"}],"rows":[{"end":"38","group":"Użytkownicy","start":"5"}],"cells":[{"column":"10","row":"1","input":"Zakres lat","operation":"text"}]}' WHERE id = '30'
[2022-12-16  11:24:55] [type: Request] [user: admin] [ip: undefined] [proxy: undefined] Controller: StatsSettings Task: getStatsUsingFormData: {}
[2022-12-16  11:24:55] [type: Select] [user: admin] [ip: undefined] [proxy: undefined] Database: scheduler; SQL: SELECT * FROM statistics WHERE  type = 'Ze wzoru'
[2022-12-16  11:24:57] [type: Access] [user: admin] [ip: undefined] [proxy: undefined] http://
[2022-12-16  11:24:58] [type: Request] [user: admin] [ip: undefined] [proxy: undefined] Controller: LanguageSelection Task: getInterfaceNamesData: {}
[2022-12-16  11:24:59] [type: Request] [user: admin] [ip: undefined] [proxy: undefined] Controller: StatsDisplay Task: getStatsData: {}
[2022-12-16  11:24:59] [type: Select] [user: admin] [ip: undefined] [proxy: undefined] Database: scheduler; SQL: SELECT * FROM statistics WHERE  active = '1'
[2022-12-16  11:25:24] [type: Request] [user: admin] [ip: undefined] [proxy: undefined] Controller: StatsDisplay Task: getInputsSettingsData: {}
[2022-12-16  11:25:24] [type: Select] [user: admin] [ip: undefined] [proxy: undefined] Database: scheduler; SQL: SELECT * FROM statistics WHERE  id = '30'
[2022-12-16  11:25:31] [type: Request] [user: admin] [ip: undefined] [proxy: undefined] Controller: StatsDisplay Task: generateStatsData: {}
[2022-12-16  11:25:31] [type: Select] [user: admin] [ip: undefined] [proxy: undefined] Database: scheduler; SQL: SELECT * FROM statistics WHERE  id = '30'
[2022-12-16  11:25:32] [type: Error] [user: admin] [ip: undefined] [proxy: undefined] Container error: value not defined for key: yearsRange ;
 #0 /var/www/html/sys/classes/Tanweb/Container.php(43): Tanweb\Container->throwException('value not defin...')
#1 /var/www/html/sys/classes/Custom/Statistics/PatternStats.php(212): Tanweb\Container->get('yearsRange')
#2 /var/www/html/sys/classes/Custom/Statistics/PatternStats.php(195): Custom\Statistics\PatternStats->getInputText(Object(Custom\Statistics\Options\Input))
#3 /var/www/html/sys/classes/Custom/Statistics/PatternStats.php(182): Custom\Statistics\PatternStats->getInputCellValue(Object(Tanweb\Container))
#4 /var/www/html/sys/classes/Custom/Statistics/PatternStats.php(77): Custom\Statistics\PatternStats->writeCellByConfig(Object(Tanweb\Container))
#5 /var/www/html/sys/classes/Custom/Statistics/PatternStats.php(62): Custom\Statistics\PatternStats->fillFile()
#6 /var/www/html/sys/classes/Services/StatsService.php(249): Custom\Statistics\PatternStats->generate()
#7 /var/www/html/sys/classes/Controllers/StatsDisplay.php(45): Services\StatsService->generateStats(Object(Tanweb\Container))
#8 /var/www/html/sys/classes/Controllers/Base/Controller.php(112): Controllers\StatsDisplay->generateStats()
#9 /var/www/html/sys/classes/Controllers/Base/Controller.php(89): Controllers\Base\Controller->runTask(Object(Tanweb\Request\Request))
#10 /var/www/html/sys/scripts/requests/file.php(28): Controllers\Base\Controller->run(Object(Tanweb\Request\Request))
#11 {main}
[2022-12-16  11:25:57] [type: Request] [user: admin] [ip: undefined] [proxy: undefined] Controller: StatsDisplay Task: generateStatsData: {}
[2022-12-16  11:25:57] [type: Select] [user: admin] [ip: undefined] [proxy: undefined] Database: scheduler; SQL: SELECT * FROM statistics WHERE  id = '30'
[2022-12-16  11:26:21] [type: Error] [user: admin] [ip: undefined] [proxy: undefined] Container error: value not defined for key: yearsRange ;
 #0 /var/www/html/sys/classes/Tanweb/Container.php(43): Tanweb\Container->throwException('value not defin...')
#1 /var/www/html/sys/classes/Custom/Statistics/PatternStats.php(212): Tanweb\Container->get('yearsRange')
#2 /var/www/html/sys/classes/Custom/Statistics/PatternStats.php(195): Custom\Statistics\PatternStats->getInputText(Object(Custom\Statistics\Options\Input))
#3 /var/www/html/sys/classes/Custom/Statistics/PatternStats.php(182): Custom\Statistics\PatternStats->getInputCellValue(Object(Tanweb\Container))
#4 /var/www/html/sys/classes/Custom/Statistics/PatternStats.php(77): Custom\Statistics\PatternStats->writeCellByConfig(Object(Tanweb\Container))
#5 /var/www/html/sys/classes/Custom/Statistics/PatternStats.php(62): Custom\Statistics\PatternStats->fillFile()
#6 /var/www/html/sys/classes/Services/StatsService.php(249): Custom\Statistics\PatternStats->generate()
#7 /var/www/html/sys/classes/Controllers/StatsDisplay.php(45): Services\StatsService->generateStats(Object(Tanweb\Container))
#8 /var/www/html/sys/classes/Controllers/Base/Controller.php(112): Controllers\StatsDisplay->generateStats()
#9 /var/www/html/sys/classes/Controllers/Base/Controller.php(89): Controllers\Base\Controller->runTask(Object(Tanweb\Request\Request))
#10 /var/www/html/sys/scripts/requests/file.php(28): Controllers\Base\Controller->run(Object(Tanweb\Request\Request))
#11 {main}
[2022-12-16  11:26:41] [type: Request] [user: admin] [ip: undefined] [proxy: undefined] Controller: StatsDisplay Task: generateStatsData: {}
[2022-12-16  11:26:41] [type: Select] [user: admin] [ip: undefined] [proxy: undefined] Database: scheduler; SQL: SELECT * FROM statistics WHERE  id = '30'
[2022-12-16  11:27:54] [type: Error] [user: admin] [ip: undefined] [proxy: undefined] Container error: value not defined for key: yearsRange ;
 #0 /var/www/html/sys/classes/Tanweb/Container.php(43): Tanweb\Container->throwException('value not defin...')
#1 /var/www/html/sys/classes/Custom/Statistics/PatternStats.php(212): Tanweb\Container->get('yearsRange')
#2 /var/www/html/sys/classes/Custom/Statistics/PatternStats.php(195): Custom\Statistics\PatternStats->getInputText(Object(Custom\Statistics\Options\Input))
#3 /var/www/html/sys/classes/Custom/Statistics/PatternStats.php(182): Custom\Statistics\PatternStats->getInputCellValue(Object(Tanweb\Container))
#4 /var/www/html/sys/classes/Custom/Statistics/PatternStats.php(77): Custom\Statistics\PatternStats->writeCellByConfig(Object(Tanweb\Container))
#5 /var/www/html/sys/classes/Custom/Statistics/PatternStats.php(62): Custom\Statistics\PatternStats->fillFile()
#6 /var/www/html/sys/classes/Services/StatsService.php(249): Custom\Statistics\PatternStats->generate()
#7 /var/www/html/sys/classes/Controllers/StatsDisplay.php(45): Services\StatsService->generateStats(Object(Tanweb\Container))
#8 /var/www/html/sys/classes/Controllers/Base/Controller.php(112): Controllers\StatsDisplay->generateStats()
#9 /var/www/html/sys/classes/Controllers/Base/Controller.php(89): Controllers\Base\Controller->runTask(Object(Tanweb\Request\Request))
#10 /var/www/html/sys/scripts/requests/file.php(28): Controllers\Base\Controller->run(Object(Tanweb\Request\Request))
#11 {main}
[2022-12-16  11:27:58] [type: Access] [user: admin] [ip: undefined] [proxy: undefined] http://
[2022-12-16  11:28:00] [type: Request] [user: admin] [ip: undefined] [proxy: undefined] Controller: LanguageSelection Task: getInterfaceNamesData: {}
[2022-12-16  11:28:01] [type: Request] [user: admin] [ip: undefined] [proxy: undefined] Controller: StatsDisplay Task: getStatsData: {}
[2022-12-16  11:28:01] [type: Select] [user: admin] [ip: undefined] [proxy: undefined] Database: scheduler; SQL: SELECT * FROM statistics WHERE  active = '1'
[2022-12-16  11:28:04] [type: Request] [user: admin] [ip: undefined] [proxy: undefined] Controller: StatsDisplay Task: getInputsSettingsData: {}
[2022-12-16  11:28:04] [type: Select] [user: admin] [ip: undefined] [proxy: undefined] Database: scheduler; SQL: SELECT * FROM statistics WHERE  id = '30'
[2022-12-16  11:28:11] [type: Request] [user: admin] [ip: undefined] [proxy: undefined] Controller: StatsDisplay Task: generateStatsData: {}
[2022-12-16  11:28:11] [type: Select] [user: admin] [ip: undefined] [proxy: undefined] Database: scheduler; SQL: SELECT * FROM statistics WHERE  id = '30'
[2022-12-16  11:38:45] [type: Access] [user: admin] [ip: undefined] [proxy: undefined] http://
[2022-12-16  11:38:46] [type: Request] [user: admin] [ip: undefined] [proxy: undefined] Controller: LanguageSelection Task: getInterfaceNamesData: {}
[2022-12-16  11:38:47] [type: Request] [user: admin] [ip: undefined] [proxy: undefined] Controller: StatsSettings Task: getStatsUsingFormData: {}
[2022-12-16  11:38:47] [type: Select] [user: admin] [ip: undefined] [proxy: undefined] Database: scheduler; SQL: SELECT * FROM statistics WHERE  type = 'Ze wzoru'
[2022-12-16  11:38:50] [type: Request] [user: admin] [ip: undefined] [proxy: undefined] Controller: StatsSettings Task: removeStatsData: {}
[2022-12-16  11:38:50] [type: insert] [user: admin] [ip: undefined] [proxy: undefined] Database: scheduler; SQL: DELETE FROM statistics WHERE id = '30'
[2022-12-16  11:38:51] [type: Request] [user: admin] [ip: undefined] [proxy: undefined] Controller: StatsSettings Task: getStatsUsingFormData: {}
[2022-12-16  11:38:51] [type: Select] [user: admin] [ip: undefined] [proxy: undefined] Database: scheduler; SQL: SELECT * FROM statistics WHERE  type = 'Ze wzoru'
[2022-12-16  11:38:53] [type: Request] [user: admin] [ip: undefined] [proxy: undefined] Controller: StatsSettings Task: removeStatsData: {}
[2022-12-16  11:38:53] [type: insert] [user: admin] [ip: undefined] [proxy: undefined] Database: scheduler; SQL: DELETE FROM statistics WHERE id = '31'
[2022-12-16  11:38:54] [type: Request] [user: admin] [ip: undefined] [proxy: undefined] Controller: StatsSettings Task: getStatsUsingFormData: {}
[2022-12-16  11:38:54] [type: Select] [user: admin] [ip: undefined] [proxy: undefined] Database: scheduler; SQL: SELECT * FROM statistics WHERE  type = 'Ze wzoru'
[2022-12-16  11:38:56] [type: Request] [user: admin] [ip: undefined] [proxy: undefined] Controller: StatsSettings Task: removeStatsData: {}
[2022-12-16  11:38:56] [type: insert] [user: admin] [ip: undefined] [proxy: undefined] Database: scheduler; SQL: DELETE FROM statistics WHERE id = '32'
[2022-12-16  11:38:58] [type: Request] [user: admin] [ip: undefined] [proxy: undefined] Controller: StatsSettings Task: getStatsUsingFormData: {}
[2022-12-16  11:38:58] [type: Select] [user: admin] [ip: undefined] [proxy: undefined] Database: scheduler; SQL: SELECT * FROM statistics WHERE  type = 'Ze wzoru'
