[2022-10-17  09:33:27] [type: Request] [user: ] [ip: ::1] [proxy: undefined] Controller: LanguageSelection Task: getInterfaceNamesData: {}
[2022-10-17  09:33:30] [type: Request] [user: admin] [ip: ::1] [proxy: undefined] Controller: LanguageSelection Task: getInterfaceNamesData: {}
[2022-10-17  09:33:31] [type: Access] [user: admin] [ip: ::1] [proxy: undefined] http://localhost/Scheduler/pages/adminPanel/adminPanelUsers.php?
[2022-10-17  09:33:31] [type: Request] [user: admin] [ip: ::1] [proxy: undefined] Controller: LanguageSelection Task: getInterfaceNamesData: {}
[2022-10-17  09:33:31] [type: Request] [user: admin] [ip: ::1] [proxy: undefined] Controller: AdminPanelUsers Task: getAllUsersData: {}
[2022-10-17  09:33:31] [type: Select] [user: admin] [ip: ::1] [proxy: undefined] Database: scheduler; SQL: SELECT * FROM users_without_passwords
[2022-10-17  09:33:32] [type: Request] [user: admin] [ip: ::1] [proxy: undefined] Controller: AdminPanelUsers Task: getUserPrivilagesData: {}
[2022-10-17  09:33:32] [type: Select] [user: admin] [ip: ::1] [proxy: undefined] Database: scheduler; SQL: SELECT * FROM privilages WHERE  id_user = '0'
[2022-10-17  09:33:32] [type: Request] [user: admin] [ip: ::1] [proxy: undefined] Controller: AdminPanelUsers Task: getUserEmploymentPeriodsData: {}
[2022-10-17  09:33:32] [type: Select] [user: admin] [ip: ::1] [proxy: undefined] Database: scheduler; SQL: SELECT * FROM employment WHERE  id_user = '0'
[2022-10-17  09:33:33] [type: Access] [user: admin] [ip: ::1] [proxy: undefined] http://localhost/Scheduler/pages/adminPanel/adminPanelInventory.php?
[2022-10-17  09:33:33] [type: Request] [user: admin] [ip: ::1] [proxy: undefined] Controller: LanguageSelection Task: getInterfaceNamesData: {}
[2022-10-17  09:34:26] [type: Access] [user: admin] [ip: ::1] [proxy: undefined] http://localhost/Scheduler/pages/adminPanel/adminPanelInventory.php?
[2022-10-17  09:34:27] [type: Request] [user: admin] [ip: ::1] [proxy: undefined] Controller: LanguageSelection Task: getInterfaceNamesData: {}
[2022-10-17  09:35:12] [type: Access] [user: admin] [ip: ::1] [proxy: undefined] http://localhost/Scheduler/pages/adminPanel/adminPanelInventory.php?
[2022-10-17  09:35:13] [type: Request] [user: admin] [ip: ::1] [proxy: undefined] Controller: LanguageSelection Task: getInterfaceNamesData: {}
[2022-10-17  09:35:13] [type: Request] [user: admin] [ip: ::1] [proxy: undefined] Controller: AdminPanelInventory Task: getEquipmentStatesData: {}
[2022-10-17  09:35:13] [type: Select] [user: admin] [ip: ::1] [proxy: undefined] Database: equipment_state; SQL: SELECT * FROM equipment_state
[2022-10-17  09:35:13] [type: Error] [user: admin] [ip: ::1] [proxy: undefined] Container error: value not defined for key: equipment_state ;
 #0 C:\laragon\www\Scheduler\sys\classes\Tanweb\Container.php(42): Tanweb\Container->throwException('value not defin...')
#1 C:\laragon\www\Scheduler\sys\classes\Tanweb\Config\INI\AppConfig.php(72): Tanweb\Container->get('equipment_state')
#2 C:\laragon\www\Scheduler\sys\classes\Tanweb\Database\Database.php(35): Tanweb\Config\INI\AppConfig->getDatabase('equipment_state')
#3 C:\laragon\www\Scheduler\sys\classes\Tanweb\Database\Database.php(63): Tanweb\Database\Database->__construct('equipment_state')
#4 C:\laragon\www\Scheduler\sys\classes\Data\Access\DataAccessObject.php(123): Tanweb\Database\Database::getInstance('equipment_state')
#5 C:\laragon\www\Scheduler\sys\classes\Data\Access\DataAccessObject.php(40): Data\Access\DataAccessObject->select(Object(Tanweb\Database\SQL\MysqlBuilder))
#6 C:\laragon\www\Scheduler\sys\classes\Services\InventoryService.php(38): Data\Access\DataAccessObject->getAll()
#7 C:\laragon\www\Scheduler\sys\classes\Controllers\AdminPanelInventory.php(30): Services\InventoryService->getAllEquipmentStates()
#8 C:\laragon\www\Scheduler\sys\classes\Controllers\Base\Controller.php(112): Controllers\AdminPanelInventory->getEquipmentStates()
#9 C:\laragon\www\Scheduler\sys\classes\Controllers\Base\Controller.php(89): Controllers\Base\Controller->runTask(Object(Tanweb\Request\Request))
#10 C:\laragon\www\Scheduler\sys\scripts\requests\rest.php(28): Controllers\Base\Controller->run(Object(Tanweb\Request\Request))
#11 {main}
[2022-10-17  09:35:13] [type: Request] [user: admin] [ip: ::1] [proxy: undefined] Controller: AdminPanelInventory Task: getEquipmentStatesData: {}
[2022-10-17  09:35:13] [type: Select] [user: admin] [ip: ::1] [proxy: undefined] Database: equipment_state; SQL: SELECT * FROM equipment_state
[2022-10-17  09:35:13] [type: Error] [user: admin] [ip: ::1] [proxy: undefined] Container error: value not defined for key: equipment_state ;
 #0 C:\laragon\www\Scheduler\sys\classes\Tanweb\Container.php(42): Tanweb\Container->throwException('value not defin...')
#1 C:\laragon\www\Scheduler\sys\classes\Tanweb\Config\INI\AppConfig.php(72): Tanweb\Container->get('equipment_state')
#2 C:\laragon\www\Scheduler\sys\classes\Tanweb\Database\Database.php(35): Tanweb\Config\INI\AppConfig->getDatabase('equipment_state')
#3 C:\laragon\www\Scheduler\sys\classes\Tanweb\Database\Database.php(63): Tanweb\Database\Database->__construct('equipment_state')
#4 C:\laragon\www\Scheduler\sys\classes\Data\Access\DataAccessObject.php(123): Tanweb\Database\Database::getInstance('equipment_state')
#5 C:\laragon\www\Scheduler\sys\classes\Data\Access\DataAccessObject.php(40): Data\Access\DataAccessObject->select(Object(Tanweb\Database\SQL\MysqlBuilder))
#6 C:\laragon\www\Scheduler\sys\classes\Services\InventoryService.php(38): Data\Access\DataAccessObject->getAll()
#7 C:\laragon\www\Scheduler\sys\classes\Controllers\AdminPanelInventory.php(30): Services\InventoryService->getAllEquipmentStates()
#8 C:\laragon\www\Scheduler\sys\classes\Controllers\Base\Controller.php(112): Controllers\AdminPanelInventory->getEquipmentStates()
#9 C:\laragon\www\Scheduler\sys\classes\Controllers\Base\Controller.php(89): Controllers\Base\Controller->runTask(Object(Tanweb\Request\Request))
#10 C:\laragon\www\Scheduler\sys\scripts\requests\rest.php(28): Controllers\Base\Controller->run(Object(Tanweb\Request\Request))
#11 {main}
[2022-10-17  09:35:43] [type: Access] [user: admin] [ip: ::1] [proxy: undefined] http://localhost/Scheduler/pages/adminPanel/adminPanelInventory.php?
[2022-10-17  09:35:43] [type: Request] [user: admin] [ip: ::1] [proxy: undefined] Controller: LanguageSelection Task: getInterfaceNamesData: {}
[2022-10-17  09:35:44] [type: Request] [user: admin] [ip: ::1] [proxy: undefined] Controller: AdminPanelInventory Task: getEquipmentStatesData: {}
[2022-10-17  09:36:09] [type: Select] [user: admin] [ip: ::1] [proxy: undefined] Database: equipment_state; SQL: SELECT * FROM equipment_state
[2022-10-17  09:36:14] [type: Error] [user: admin] [ip: ::1] [proxy: undefined] Container error: value not defined for key: equipment_state ;
 #0 C:\laragon\www\Scheduler\sys\classes\Tanweb\Container.php(42): Tanweb\Container->throwException('value not defin...')
#1 C:\laragon\www\Scheduler\sys\classes\Tanweb\Config\INI\AppConfig.php(72): Tanweb\Container->get('equipment_state')
#2 C:\laragon\www\Scheduler\sys\classes\Tanweb\Database\Database.php(35): Tanweb\Config\INI\AppConfig->getDatabase('equipment_state')
#3 C:\laragon\www\Scheduler\sys\classes\Tanweb\Database\Database.php(63): Tanweb\Database\Database->__construct('equipment_state')
#4 C:\laragon\www\Scheduler\sys\classes\Data\Access\DataAccessObject.php(123): Tanweb\Database\Database::getInstance('equipment_state')
#5 C:\laragon\www\Scheduler\sys\classes\Data\Access\DataAccessObject.php(40): Data\Access\DataAccessObject->select(Object(Tanweb\Database\SQL\MysqlBuilder))
#6 C:\laragon\www\Scheduler\sys\classes\Services\InventoryService.php(38): Data\Access\DataAccessObject->getAll()
#7 C:\laragon\www\Scheduler\sys\classes\Controllers\AdminPanelInventory.php(30): Services\InventoryService->getAllEquipmentStates()
#8 C:\laragon\www\Scheduler\sys\classes\Controllers\Base\Controller.php(112): Controllers\AdminPanelInventory->getEquipmentStates()
#9 C:\laragon\www\Scheduler\sys\classes\Controllers\Base\Controller.php(89): Controllers\Base\Controller->runTask(Object(Tanweb\Request\Request))
#10 C:\laragon\www\Scheduler\sys\scripts\requests\rest.php(28): Controllers\Base\Controller->run(Object(Tanweb\Request\Request))
#11 {main}
[2022-10-17  09:36:14] [type: Request] [user: admin] [ip: ::1] [proxy: undefined] Controller: AdminPanelInventory Task: getEquipmentStatesData: {}
[2022-10-17  09:36:17] [type: Select] [user: admin] [ip: ::1] [proxy: undefined] Database: equipment_state; SQL: SELECT * FROM equipment_state
[2022-10-17  09:36:20] [type: Error] [user: admin] [ip: ::1] [proxy: undefined] Container error: value not defined for key: equipment_state ;
 #0 C:\laragon\www\Scheduler\sys\classes\Tanweb\Container.php(42): Tanweb\Container->throwException('value not defin...')
#1 C:\laragon\www\Scheduler\sys\classes\Tanweb\Config\INI\AppConfig.php(72): Tanweb\Container->get('equipment_state')
#2 C:\laragon\www\Scheduler\sys\classes\Tanweb\Database\Database.php(35): Tanweb\Config\INI\AppConfig->getDatabase('equipment_state')
#3 C:\laragon\www\Scheduler\sys\classes\Tanweb\Database\Database.php(63): Tanweb\Database\Database->__construct('equipment_state')
#4 C:\laragon\www\Scheduler\sys\classes\Data\Access\DataAccessObject.php(123): Tanweb\Database\Database::getInstance('equipment_state')
#5 C:\laragon\www\Scheduler\sys\classes\Data\Access\DataAccessObject.php(40): Data\Access\DataAccessObject->select(Object(Tanweb\Database\SQL\MysqlBuilder))
#6 C:\laragon\www\Scheduler\sys\classes\Services\InventoryService.php(38): Data\Access\DataAccessObject->getAll()
#7 C:\laragon\www\Scheduler\sys\classes\Controllers\AdminPanelInventory.php(30): Services\InventoryService->getAllEquipmentStates()
#8 C:\laragon\www\Scheduler\sys\classes\Controllers\Base\Controller.php(112): Controllers\AdminPanelInventory->getEquipmentStates()
#9 C:\laragon\www\Scheduler\sys\classes\Controllers\Base\Controller.php(89): Controllers\Base\Controller->runTask(Object(Tanweb\Request\Request))
#10 C:\laragon\www\Scheduler\sys\scripts\requests\rest.php(28): Controllers\Base\Controller->run(Object(Tanweb\Request\Request))
#11 {main}
[2022-10-17  09:36:51] [type: Access] [user: admin] [ip: ::1] [proxy: undefined] http://localhost/Scheduler/pages/adminPanel/adminPanelInventory.php?
[2022-10-17  09:36:51] [type: Request] [user: admin] [ip: ::1] [proxy: undefined] Controller: LanguageSelection Task: getInterfaceNamesData: {}
[2022-10-17  09:36:51] [type: Request] [user: admin] [ip: ::1] [proxy: undefined] Controller: AdminPanelInventory Task: getEquipmentStatesData: {}
[2022-10-17  09:37:22] [type: Select] [user: admin] [ip: ::1] [proxy: undefined] Database: equipment_state; SQL: SELECT * FROM equipment_state
[2022-10-17  09:37:32] [type: Error] [user: admin] [ip: ::1] [proxy: undefined] Container error: value not defined for key: equipment_state ;
 #0 C:\laragon\www\Scheduler\sys\classes\Tanweb\Container.php(42): Tanweb\Container->throwException('value not defin...')
#1 C:\laragon\www\Scheduler\sys\classes\Tanweb\Config\INI\AppConfig.php(72): Tanweb\Container->get('equipment_state')
#2 C:\laragon\www\Scheduler\sys\classes\Tanweb\Database\Database.php(35): Tanweb\Config\INI\AppConfig->getDatabase('equipment_state')
#3 C:\laragon\www\Scheduler\sys\classes\Tanweb\Database\Database.php(63): Tanweb\Database\Database->__construct('equipment_state')
#4 C:\laragon\www\Scheduler\sys\classes\Data\Access\DataAccessObject.php(123): Tanweb\Database\Database::getInstance('equipment_state')
#5 C:\laragon\www\Scheduler\sys\classes\Data\Access\DataAccessObject.php(40): Data\Access\DataAccessObject->select(Object(Tanweb\Database\SQL\MysqlBuilder))
#6 C:\laragon\www\Scheduler\sys\classes\Services\InventoryService.php(38): Data\Access\DataAccessObject->getAll()
#7 C:\laragon\www\Scheduler\sys\classes\Controllers\AdminPanelInventory.php(30): Services\InventoryService->getAllEquipmentStates()
#8 C:\laragon\www\Scheduler\sys\classes\Controllers\Base\Controller.php(112): Controllers\AdminPanelInventory->getEquipmentStates()
#9 C:\laragon\www\Scheduler\sys\classes\Controllers\Base\Controller.php(89): Controllers\Base\Controller->runTask(Object(Tanweb\Request\Request))
#10 C:\laragon\www\Scheduler\sys\scripts\requests\rest.php(28): Controllers\Base\Controller->run(Object(Tanweb\Request\Request))
#11 {main}
[2022-10-17  09:37:33] [type: Request] [user: admin] [ip: ::1] [proxy: undefined] Controller: AdminPanelInventory Task: getEquipmentStatesData: {}
[2022-10-17  09:37:39] [type: Select] [user: admin] [ip: ::1] [proxy: undefined] Database: equipment_state; SQL: SELECT * FROM equipment_state
[2022-10-17  09:37:39] [type: Error] [user: admin] [ip: ::1] [proxy: undefined] Container error: value not defined for key: equipment_state ;
 #0 C:\laragon\www\Scheduler\sys\classes\Tanweb\Container.php(42): Tanweb\Container->throwException('value not defin...')
#1 C:\laragon\www\Scheduler\sys\classes\Tanweb\Config\INI\AppConfig.php(72): Tanweb\Container->get('equipment_state')
#2 C:\laragon\www\Scheduler\sys\classes\Tanweb\Database\Database.php(35): Tanweb\Config\INI\AppConfig->getDatabase('equipment_state')
#3 C:\laragon\www\Scheduler\sys\classes\Tanweb\Database\Database.php(63): Tanweb\Database\Database->__construct('equipment_state')
#4 C:\laragon\www\Scheduler\sys\classes\Data\Access\DataAccessObject.php(123): Tanweb\Database\Database::getInstance('equipment_state')
#5 C:\laragon\www\Scheduler\sys\classes\Data\Access\DataAccessObject.php(40): Data\Access\DataAccessObject->select(Object(Tanweb\Database\SQL\MysqlBuilder))
#6 C:\laragon\www\Scheduler\sys\classes\Services\InventoryService.php(38): Data\Access\DataAccessObject->getAll()
#7 C:\laragon\www\Scheduler\sys\classes\Controllers\AdminPanelInventory.php(30): Services\InventoryService->getAllEquipmentStates()
#8 C:\laragon\www\Scheduler\sys\classes\Controllers\Base\Controller.php(112): Controllers\AdminPanelInventory->getEquipmentStates()
#9 C:\laragon\www\Scheduler\sys\classes\Controllers\Base\Controller.php(89): Controllers\Base\Controller->runTask(Object(Tanweb\Request\Request))
#10 C:\laragon\www\Scheduler\sys\scripts\requests\rest.php(28): Controllers\Base\Controller->run(Object(Tanweb\Request\Request))
#11 {main}
[2022-10-17  09:37:59] [type: Access] [user: admin] [ip: ::1] [proxy: undefined] http://localhost/Scheduler/pages/adminPanel/adminPanelInventory.php?
[2022-10-17  09:37:59] [type: Request] [user: admin] [ip: ::1] [proxy: undefined] Controller: LanguageSelection Task: getInterfaceNamesData: {}
[2022-10-17  09:38:00] [type: Request] [user: admin] [ip: ::1] [proxy: undefined] Controller: AdminPanelInventory Task: getEquipmentStatesData: {}
[2022-10-17  09:38:01] [type: Select] [user: admin] [ip: ::1] [proxy: undefined] Database: equipment_state; SQL: SELECT * FROM equipment_state
[2022-10-17  09:38:16] [type: Error] [user: admin] [ip: ::1] [proxy: undefined] Container error: value not defined for key: equipment_state ;
 #0 C:\laragon\www\Scheduler\sys\classes\Tanweb\Container.php(42): Tanweb\Container->throwException('value not defin...')
#1 C:\laragon\www\Scheduler\sys\classes\Tanweb\Config\INI\AppConfig.php(72): Tanweb\Container->get('equipment_state')
#2 C:\laragon\www\Scheduler\sys\classes\Tanweb\Database\Database.php(35): Tanweb\Config\INI\AppConfig->getDatabase('equipment_state')
#3 C:\laragon\www\Scheduler\sys\classes\Tanweb\Database\Database.php(63): Tanweb\Database\Database->__construct('equipment_state')
#4 C:\laragon\www\Scheduler\sys\classes\Data\Access\DataAccessObject.php(123): Tanweb\Database\Database::getInstance('equipment_state')
#5 C:\laragon\www\Scheduler\sys\classes\Data\Access\DataAccessObject.php(40): Data\Access\DataAccessObject->select(Object(Tanweb\Database\SQL\MysqlBuilder))
#6 C:\laragon\www\Scheduler\sys\classes\Services\InventoryService.php(38): Data\Access\DataAccessObject->getAll()
#7 C:\laragon\www\Scheduler\sys\classes\Controllers\AdminPanelInventory.php(30): Services\InventoryService->getAllEquipmentStates()
#8 C:\laragon\www\Scheduler\sys\classes\Controllers\Base\Controller.php(112): Controllers\AdminPanelInventory->getEquipmentStates()
#9 C:\laragon\www\Scheduler\sys\classes\Controllers\Base\Controller.php(89): Controllers\Base\Controller->runTask(Object(Tanweb\Request\Request))
#10 C:\laragon\www\Scheduler\sys\scripts\requests\rest.php(28): Controllers\Base\Controller->run(Object(Tanweb\Request\Request))
#11 {main}
[2022-10-17  09:38:16] [type: Request] [user: admin] [ip: ::1] [proxy: undefined] Controller: AdminPanelInventory Task: getEquipmentStatesData: {}
[2022-10-17  09:38:30] [type: Select] [user: admin] [ip: ::1] [proxy: undefined] Database: equipment_state; SQL: SELECT * FROM equipment_state
[2022-10-17  09:38:38] [type: Error] [user: admin] [ip: ::1] [proxy: undefined] Container error: value not defined for key: equipment_state ;
 #0 C:\laragon\www\Scheduler\sys\classes\Tanweb\Container.php(42): Tanweb\Container->throwException('value not defin...')
#1 C:\laragon\www\Scheduler\sys\classes\Tanweb\Config\INI\AppConfig.php(72): Tanweb\Container->get('equipment_state')
#2 C:\laragon\www\Scheduler\sys\classes\Tanweb\Database\Database.php(35): Tanweb\Config\INI\AppConfig->getDatabase('equipment_state')
#3 C:\laragon\www\Scheduler\sys\classes\Tanweb\Database\Database.php(63): Tanweb\Database\Database->__construct('equipment_state')
#4 C:\laragon\www\Scheduler\sys\classes\Data\Access\DataAccessObject.php(123): Tanweb\Database\Database::getInstance('equipment_state')
#5 C:\laragon\www\Scheduler\sys\classes\Data\Access\DataAccessObject.php(40): Data\Access\DataAccessObject->select(Object(Tanweb\Database\SQL\MysqlBuilder))
#6 C:\laragon\www\Scheduler\sys\classes\Services\InventoryService.php(38): Data\Access\DataAccessObject->getAll()
#7 C:\laragon\www\Scheduler\sys\classes\Controllers\AdminPanelInventory.php(30): Services\InventoryService->getAllEquipmentStates()
#8 C:\laragon\www\Scheduler\sys\classes\Controllers\Base\Controller.php(112): Controllers\AdminPanelInventory->getEquipmentStates()
#9 C:\laragon\www\Scheduler\sys\classes\Controllers\Base\Controller.php(89): Controllers\Base\Controller->runTask(Object(Tanweb\Request\Request))
#10 C:\laragon\www\Scheduler\sys\scripts\requests\rest.php(28): Controllers\Base\Controller->run(Object(Tanweb\Request\Request))
#11 {main}
[2022-10-17  09:39:17] [type: Access] [user: admin] [ip: ::1] [proxy: undefined] http://localhost/Scheduler/pages/adminPanel/adminPanelInventory.php?
[2022-10-17  09:39:18] [type: Request] [user: admin] [ip: ::1] [proxy: undefined] Controller: LanguageSelection Task: getInterfaceNamesData: {}
[2022-10-17  09:39:18] [type: Request] [user: admin] [ip: ::1] [proxy: undefined] Controller: AdminPanelInventory Task: getEquipmentStatesData: {}
[2022-10-17  09:39:23] [type: Select] [user: admin] [ip: ::1] [proxy: undefined] Database: scheduler; SQL: SELECT * FROM equipment_state
[2022-10-17  09:39:36] [type: Error] [user: admin] [ip: ::1] [proxy: undefined] Services\InventoryService::getAllEquipmentStates(): Return value must be of type Services\Contianer, Tanweb\Container returned ;
 #0 C:\laragon\www\Scheduler\sys\classes\Controllers\AdminPanelInventory.php(30): Services\InventoryService->getAllEquipmentStates()
#1 C:\laragon\www\Scheduler\sys\classes\Controllers\Base\Controller.php(112): Controllers\AdminPanelInventory->getEquipmentStates()
#2 C:\laragon\www\Scheduler\sys\classes\Controllers\Base\Controller.php(89): Controllers\Base\Controller->runTask(Object(Tanweb\Request\Request))
#3 C:\laragon\www\Scheduler\sys\scripts\requests\rest.php(28): Controllers\Base\Controller->run(Object(Tanweb\Request\Request))
#4 {main}
[2022-10-17  09:39:36] [type: Request] [user: admin] [ip: ::1] [proxy: undefined] Controller: AdminPanelInventory Task: getEquipmentTypesData: {}
[2022-10-17  09:39:41] [type: Select] [user: admin] [ip: ::1] [proxy: undefined] Database: scheduler; SQL: SELECT * FROM equipment_type
[2022-10-17  09:40:04] [type: Access] [user: admin] [ip: ::1] [proxy: undefined] http://localhost/Scheduler/pages/adminPanel/adminPanelInventory.php?
[2022-10-17  09:40:04] [type: Request] [user: admin] [ip: ::1] [proxy: undefined] Controller: LanguageSelection Task: getInterfaceNamesData: {}
[2022-10-17  09:40:04] [type: Request] [user: admin] [ip: ::1] [proxy: undefined] Controller: AdminPanelInventory Task: getEquipmentStatesData: {}
[2022-10-17  09:40:12] [type: Select] [user: admin] [ip: ::1] [proxy: undefined] Database: scheduler; SQL: SELECT * FROM equipment_state
[2022-10-17  09:40:23] [type: Error] [user: admin] [ip: ::1] [proxy: undefined] Services\InventoryService::getAllEquipmentStates(): Return value must be of type Services\Contianer, Tanweb\Container returned ;
 #0 C:\laragon\www\Scheduler\sys\classes\Controllers\AdminPanelInventory.php(30): Services\InventoryService->getAllEquipmentStates()
#1 C:\laragon\www\Scheduler\sys\classes\Controllers\Base\Controller.php(112): Controllers\AdminPanelInventory->getEquipmentStates()
#2 C:\laragon\www\Scheduler\sys\classes\Controllers\Base\Controller.php(89): Controllers\Base\Controller->runTask(Object(Tanweb\Request\Request))
#3 C:\laragon\www\Scheduler\sys\scripts\requests\rest.php(28): Controllers\Base\Controller->run(Object(Tanweb\Request\Request))
#4 {main}
[2022-10-17  09:40:23] [type: Request] [user: admin] [ip: ::1] [proxy: undefined] Controller: AdminPanelInventory Task: getEquipmentTypesData: {}
[2022-10-17  09:40:23] [type: Select] [user: admin] [ip: ::1] [proxy: undefined] Database: scheduler; SQL: SELECT * FROM equipment_type
[2022-10-17  09:40:51] [type: Access] [user: admin] [ip: ::1] [proxy: undefined] http://localhost/Scheduler/pages/adminPanel/adminPanelInventory.php?
[2022-10-17  09:40:52] [type: Request] [user: admin] [ip: ::1] [proxy: undefined] Controller: LanguageSelection Task: getInterfaceNamesData: {}
[2022-10-17  09:40:52] [type: Request] [user: admin] [ip: ::1] [proxy: undefined] Controller: AdminPanelInventory Task: getEquipmentStatesData: {}
[2022-10-17  09:40:55] [type: Select] [user: admin] [ip: ::1] [proxy: undefined] Database: scheduler; SQL: SELECT * FROM equipment_state
[2022-10-17  09:40:56] [type: Request] [user: admin] [ip: ::1] [proxy: undefined] Controller: AdminPanelInventory Task: getEquipmentTypesData: {}
[2022-10-17  09:40:56] [type: Select] [user: admin] [ip: ::1] [proxy: undefined] Database: scheduler; SQL: SELECT * FROM equipment_type
[2022-10-17  09:41:05] [type: Request] [user: admin] [ip: ::1] [proxy: undefined] Controller: AdminPanelInventory Task: saveEquipmentTypeData: {}
[2022-10-17  09:41:05] [type: insert] [user: admin] [ip: ::1] [proxy: undefined] Database: scheduler; SQL: INSERT INTO equipment_type (name) VALUES ('Komputer')
[2022-10-17  09:41:07] [type: Request] [user: admin] [ip: ::1] [proxy: undefined] Controller: AdminPanelInventory Task: getEquipmentTypesData: {}
[2022-10-17  09:41:07] [type: Select] [user: admin] [ip: ::1] [proxy: undefined] Database: scheduler; SQL: SELECT * FROM equipment_type
[2022-10-17  09:41:14] [type: Request] [user: admin] [ip: ::1] [proxy: undefined] Controller: AdminPanelInventory Task: saveEquipmentTypeData: {}
[2022-10-17  09:41:14] [type: Select] [user: admin] [ip: ::1] [proxy: undefined] Database: scheduler; SQL: SELECT * FROM equipment_type WHERE  id = '1'
[2022-10-17  09:41:14] [type: update] [user: admin] [ip: ::1] [proxy: undefined] Database: scheduler; SQL: UPDATE equipment_type SET active='1', name='Laptop' WHERE id = '1'
[2022-10-17  09:41:16] [type: Request] [user: admin] [ip: ::1] [proxy: undefined] Controller: AdminPanelInventory Task: getEquipmentTypesData: {}
[2022-10-17  09:41:16] [type: Select] [user: admin] [ip: ::1] [proxy: undefined] Database: scheduler; SQL: SELECT * FROM equipment_type
[2022-10-17  09:41:19] [type: Request] [user: admin] [ip: ::1] [proxy: undefined] Controller: AdminPanelInventory Task: changeEquipmentTypeStatusData: {}
[2022-10-17  09:41:19] [type: Select] [user: admin] [ip: ::1] [proxy: undefined] Database: scheduler; SQL: SELECT * FROM equipment_type WHERE  id = '1'
[2022-10-17  09:41:19] [type: update] [user: admin] [ip: ::1] [proxy: undefined] Database: scheduler; SQL: UPDATE equipment_type SET active='' WHERE id = '1'
[2022-10-17  09:41:19] [type: Error] [user: admin] [ip: ::1] [proxy: undefined] SQLSTATE[HY000]: General error: 1366 Incorrect integer value: '' for column 'active' at row 1 ;
 #0 C:\laragon\www\Scheduler\sys\classes\Tanweb\Database\Database.php(166): PDOStatement->execute()
#1 C:\laragon\www\Scheduler\sys\classes\Data\Access\DataAccessObject.php(142): Tanweb\Database\Database->update(Object(Tanweb\Database\SQL\MysqlBuilder))
#2 C:\laragon\www\Scheduler\sys\classes\Data\Access\Tables\EquipmentTypeDAO.php(47): Data\Access\DataAccessObject->update(Object(Tanweb\Database\SQL\MysqlBuilder))
#3 C:\laragon\www\Scheduler\sys\classes\Services\InventoryService.php(64): Data\Access\Tables\EquipmentTypeDAO->disable(1)
#4 C:\laragon\www\Scheduler\sys\classes\Controllers\AdminPanelInventory.php(72): Services\InventoryService->changeEquipmentTypeStatus(1)
#5 C:\laragon\www\Scheduler\sys\classes\Controllers\Base\Controller.php(112): Controllers\AdminPanelInventory->changeEquipmentTypeStatus()
#6 C:\laragon\www\Scheduler\sys\classes\Controllers\Base\Controller.php(89): Controllers\Base\Controller->runTask(Object(Tanweb\Request\Request))
#7 C:\laragon\www\Scheduler\sys\scripts\requests\rest.php(28): Controllers\Base\Controller->run(Object(Tanweb\Request\Request))
#8 {main}
[2022-10-17  09:41:40] [type: Request] [user: admin] [ip: ::1] [proxy: undefined] Controller: AdminPanelInventory Task: changeEquipmentTypeStatusData: {}
[2022-10-17  09:41:43] [type: Select] [user: admin] [ip: ::1] [proxy: undefined] Database: scheduler; SQL: SELECT * FROM equipment_type WHERE  id = '1'
[2022-10-17  09:42:18] [type: update] [user: admin] [ip: ::1] [proxy: undefined] Database: scheduler; SQL: UPDATE equipment_type SET active='' WHERE id = '1'
[2022-10-17  09:42:18] [type: Error] [user: admin] [ip: ::1] [proxy: undefined] SQLSTATE[HY000]: General error: 1366 Incorrect integer value: '' for column 'active' at row 1 ;
 #0 C:\laragon\www\Scheduler\sys\classes\Tanweb\Database\Database.php(166): PDOStatement->execute()
#1 C:\laragon\www\Scheduler\sys\classes\Data\Access\DataAccessObject.php(142): Tanweb\Database\Database->update(Object(Tanweb\Database\SQL\MysqlBuilder))
#2 C:\laragon\www\Scheduler\sys\classes\Data\Access\Tables\EquipmentTypeDAO.php(47): Data\Access\DataAccessObject->update(Object(Tanweb\Database\SQL\MysqlBuilder))
#3 C:\laragon\www\Scheduler\sys\classes\Services\InventoryService.php(64): Data\Access\Tables\EquipmentTypeDAO->disable(1)
#4 C:\laragon\www\Scheduler\sys\classes\Controllers\AdminPanelInventory.php(72): Services\InventoryService->changeEquipmentTypeStatus(1)
#5 C:\laragon\www\Scheduler\sys\classes\Controllers\Base\Controller.php(112): Controllers\AdminPanelInventory->changeEquipmentTypeStatus()
#6 C:\laragon\www\Scheduler\sys\classes\Controllers\Base\Controller.php(89): Controllers\Base\Controller->runTask(Object(Tanweb\Request\Request))
#7 C:\laragon\www\Scheduler\sys\scripts\requests\rest.php(28): Controllers\Base\Controller->run(Object(Tanweb\Request\Request))
#8 {main}
[2022-10-17  09:42:21] [type: Request] [user: admin] [ip: ::1] [proxy: undefined] Controller: AdminPanelInventory Task: changeEquipmentTypeStatusData: {}
[2022-10-17  09:42:25] [type: Select] [user: admin] [ip: ::1] [proxy: undefined] Database: scheduler; SQL: SELECT * FROM equipment_type WHERE  id = '1'
[2022-10-17  09:42:25] [type: update] [user: admin] [ip: ::1] [proxy: undefined] Database: scheduler; SQL: UPDATE equipment_type SET active='0' WHERE id = '1'
[2022-10-17  09:42:27] [type: Request] [user: admin] [ip: ::1] [proxy: undefined] Controller: AdminPanelInventory Task: getEquipmentTypesData: {}
[2022-10-17  09:42:27] [type: Select] [user: admin] [ip: ::1] [proxy: undefined] Database: scheduler; SQL: SELECT * FROM equipment_type
[2022-10-17  09:42:28] [type: Request] [user: admin] [ip: ::1] [proxy: undefined] Controller: AdminPanelInventory Task: changeEquipmentTypeStatusData: {}
[2022-10-17  09:42:28] [type: Select] [user: admin] [ip: ::1] [proxy: undefined] Database: scheduler; SQL: SELECT * FROM equipment_type WHERE  id = '1'
[2022-10-17  09:42:28] [type: update] [user: admin] [ip: ::1] [proxy: undefined] Database: scheduler; SQL: UPDATE equipment_type SET active='1' WHERE id = '1'
[2022-10-17  09:42:29] [type: Request] [user: admin] [ip: ::1] [proxy: undefined] Controller: AdminPanelInventory Task: getEquipmentTypesData: {}
[2022-10-17  09:42:29] [type: Select] [user: admin] [ip: ::1] [proxy: undefined] Database: scheduler; SQL: SELECT * FROM equipment_type
[2022-10-17  09:42:41] [type: Request] [user: admin] [ip: ::1] [proxy: undefined] Controller: AdminPanelInventory Task: saveEquipmentStateData: {}
[2022-10-17  09:42:41] [type: insert] [user: admin] [ip: ::1] [proxy: undefined] Database: scheduler; SQL: INSERT INTO equipment_state (name) VALUES ('Zlikwidowany')
[2022-10-17  09:42:42] [type: Request] [user: admin] [ip: ::1] [proxy: undefined] Controller: AdminPanelInventory Task: getEquipmentStatesData: {}
[2022-10-17  09:42:42] [type: Select] [user: admin] [ip: ::1] [proxy: undefined] Database: scheduler; SQL: SELECT * FROM equipment_state
[2022-10-17  09:42:50] [type: Request] [user: admin] [ip: ::1] [proxy: undefined] Controller: AdminPanelInventory Task: saveEquipmentStateData: {}
[2022-10-17  09:42:50] [type: Select] [user: admin] [ip: ::1] [proxy: undefined] Database: scheduler; SQL: SELECT * FROM equipment_state WHERE  id = '1'
[2022-10-17  09:42:50] [type: update] [user: admin] [ip: ::1] [proxy: undefined] Database: scheduler; SQL: UPDATE equipment_state SET active='1', name='Na Stanie' WHERE id = '1'
[2022-10-17  09:42:51] [type: Request] [user: admin] [ip: ::1] [proxy: undefined] Controller: AdminPanelInventory Task: getEquipmentStatesData: {}
[2022-10-17  09:42:51] [type: Select] [user: admin] [ip: ::1] [proxy: undefined] Database: scheduler; SQL: SELECT * FROM equipment_state
[2022-10-17  09:42:54] [type: Request] [user: admin] [ip: ::1] [proxy: undefined] Controller: AdminPanelInventory Task: changeEquipmentStateStatusData: {}
[2022-10-17  09:42:54] [type: Select] [user: admin] [ip: ::1] [proxy: undefined] Database: scheduler; SQL: SELECT * FROM equipment_state WHERE  id = '1'
[2022-10-17  09:42:54] [type: update] [user: admin] [ip: ::1] [proxy: undefined] Database: scheduler; SQL: UPDATE equipment_state SET active='0' WHERE id = '1'
[2022-10-17  09:42:55] [type: Request] [user: admin] [ip: ::1] [proxy: undefined] Controller: AdminPanelInventory Task: getEquipmentStatesData: {}
[2022-10-17  09:42:55] [type: Select] [user: admin] [ip: ::1] [proxy: undefined] Database: scheduler; SQL: SELECT * FROM equipment_state
[2022-10-17  09:42:57] [type: Request] [user: admin] [ip: ::1] [proxy: undefined] Controller: AdminPanelInventory Task: changeEquipmentStateStatusData: {}
[2022-10-17  09:42:57] [type: Select] [user: admin] [ip: ::1] [proxy: undefined] Database: scheduler; SQL: SELECT * FROM equipment_state WHERE  id = '1'
[2022-10-17  09:42:57] [type: update] [user: admin] [ip: ::1] [proxy: undefined] Database: scheduler; SQL: UPDATE equipment_state SET active='1' WHERE id = '1'
[2022-10-17  09:42:58] [type: Request] [user: admin] [ip: ::1] [proxy: undefined] Controller: AdminPanelInventory Task: getEquipmentStatesData: {}
[2022-10-17  09:42:58] [type: Select] [user: admin] [ip: ::1] [proxy: undefined] Database: scheduler; SQL: SELECT * FROM equipment_state
[2022-10-17  09:43:51] [type: Access] [user: admin] [ip: ::1] [proxy: undefined] http://localhost/Scheduler/pages/inventory/inventoryMy.php?
[2022-10-17  09:43:54] [type: Access] [user: admin] [ip: ::1] [proxy: undefined] http://localhost/Scheduler/pages/adminPanel/adminPanelUsers.php?
[2022-10-17  09:43:55] [type: Request] [user: admin] [ip: ::1] [proxy: undefined] Controller: LanguageSelection Task: getInterfaceNamesData: {}
[2022-10-17  09:43:55] [type: Request] [user: admin] [ip: ::1] [proxy: undefined] Controller: AdminPanelUsers Task: getAllUsersData: {}
[2022-10-17  09:43:55] [type: Select] [user: admin] [ip: ::1] [proxy: undefined] Database: scheduler; SQL: SELECT * FROM users_without_passwords
[2022-10-17  09:43:55] [type: Request] [user: admin] [ip: ::1] [proxy: undefined] Controller: AdminPanelUsers Task: getUserPrivilagesData: {}
[2022-10-17  09:43:55] [type: Select] [user: admin] [ip: ::1] [proxy: undefined] Database: scheduler; SQL: SELECT * FROM privilages WHERE  id_user = '0'
[2022-10-17  09:43:56] [type: Request] [user: admin] [ip: ::1] [proxy: undefined] Controller: AdminPanelUsers Task: getUserEmploymentPeriodsData: {}
[2022-10-17  09:43:56] [type: Select] [user: admin] [ip: ::1] [proxy: undefined] Database: scheduler; SQL: SELECT * FROM employment WHERE  id_user = '0'
[2022-10-17  09:43:56] [type: Access] [user: admin] [ip: ::1] [proxy: undefined] http://localhost/Scheduler/pages/adminPanel/adminPanelInventory.php?
[2022-10-17  09:43:56] [type: Request] [user: admin] [ip: ::1] [proxy: undefined] Controller: LanguageSelection Task: getInterfaceNamesData: {}
[2022-10-17  09:43:57] [type: Request] [user: admin] [ip: ::1] [proxy: undefined] Controller: AdminPanelInventory Task: getEquipmentStatesData: {}
[2022-10-17  09:43:57] [type: Select] [user: admin] [ip: ::1] [proxy: undefined] Database: scheduler; SQL: SELECT * FROM equipment_state
[2022-10-17  09:43:57] [type: Request] [user: admin] [ip: ::1] [proxy: undefined] Controller: AdminPanelInventory Task: getEquipmentTypesData: {}
[2022-10-17  09:43:57] [type: Select] [user: admin] [ip: ::1] [proxy: undefined] Database: scheduler; SQL: SELECT * FROM equipment_type
[2022-10-17  09:44:05] [type: Request] [user: admin] [ip: ::1] [proxy: undefined] Controller: AdminPanelInventory Task: saveEquipmentTypeData: {}
[2022-10-17  09:44:05] [type: insert] [user: admin] [ip: ::1] [proxy: undefined] Database: scheduler; SQL: INSERT INTO equipment_type (name) VALUES ('Komputer')
[2022-10-17  09:44:06] [type: Request] [user: admin] [ip: ::1] [proxy: undefined] Controller: AdminPanelInventory Task: getEquipmentTypesData: {}
[2022-10-17  09:44:06] [type: Select] [user: admin] [ip: ::1] [proxy: undefined] Database: scheduler; SQL: SELECT * FROM equipment_type
[2022-10-17  09:44:16] [type: Request] [user: admin] [ip: ::1] [proxy: undefined] Controller: AdminPanelInventory Task: saveEquipmentTypeData: {}
[2022-10-17  09:44:16] [type: insert] [user: admin] [ip: ::1] [proxy: undefined] Database: scheduler; SQL: INSERT INTO equipment_type (name) VALUES ('Monitor')
[2022-10-17  09:44:17] [type: Request] [user: admin] [ip: ::1] [proxy: undefined] Controller: AdminPanelInventory Task: getEquipmentTypesData: {}
[2022-10-17  09:44:17] [type: Select] [user: admin] [ip: ::1] [proxy: undefined] Database: scheduler; SQL: SELECT * FROM equipment_type
[2022-10-17  09:44:26] [type: Request] [user: admin] [ip: ::1] [proxy: undefined] Controller: AdminPanelInventory Task: saveEquipmentTypeData: {}
[2022-10-17  09:44:26] [type: insert] [user: admin] [ip: ::1] [proxy: undefined] Database: scheduler; SQL: INSERT INTO equipment_type (name) VALUES ('Drukarka')
[2022-10-17  09:44:27] [type: Request] [user: admin] [ip: ::1] [proxy: undefined] Controller: AdminPanelInventory Task: getEquipmentTypesData: {}
[2022-10-17  09:44:27] [type: Select] [user: admin] [ip: ::1] [proxy: undefined] Database: scheduler; SQL: SELECT * FROM equipment_type
[2022-10-17  09:44:34] [type: Request] [user: admin] [ip: ::1] [proxy: undefined] Controller: AdminPanelInventory Task: saveEquipmentTypeData: {}
[2022-10-17  09:44:34] [type: insert] [user: admin] [ip: ::1] [proxy: undefined] Database: scheduler; SQL: INSERT INTO equipment_type (name) VALUES ('Piórko')
[2022-10-17  09:44:35] [type: Request] [user: admin] [ip: ::1] [proxy: undefined] Controller: AdminPanelInventory Task: getEquipmentTypesData: {}
[2022-10-17  09:44:35] [type: Select] [user: admin] [ip: ::1] [proxy: undefined] Database: scheduler; SQL: SELECT * FROM equipment_type
[2022-10-17  09:44:40] [type: Request] [user: admin] [ip: ::1] [proxy: undefined] Controller: AdminPanelInventory Task: saveEquipmentTypeData: {}
[2022-10-17  09:44:40] [type: Select] [user: admin] [ip: ::1] [proxy: undefined] Database: scheduler; SQL: SELECT * FROM equipment_type WHERE  id = '5'
[2022-10-17  09:44:40] [type: update] [user: admin] [ip: ::1] [proxy: undefined] Database: scheduler; SQL: UPDATE equipment_type SET active='1', name='Biórko' WHERE id = '5'
[2022-10-17  09:44:41] [type: Request] [user: admin] [ip: ::1] [proxy: undefined] Controller: AdminPanelInventory Task: getEquipmentTypesData: {}
[2022-10-17  09:44:41] [type: Select] [user: admin] [ip: ::1] [proxy: undefined] Database: scheduler; SQL: SELECT * FROM equipment_type
[2022-10-17  09:44:48] [type: Request] [user: admin] [ip: ::1] [proxy: undefined] Controller: AdminPanelInventory Task: saveEquipmentTypeData: {}
[2022-10-17  09:44:48] [type: Select] [user: admin] [ip: ::1] [proxy: undefined] Database: scheduler; SQL: SELECT * FROM equipment_type WHERE  id = '5'
[2022-10-17  09:44:48] [type: update] [user: admin] [ip: ::1] [proxy: undefined] Database: scheduler; SQL: UPDATE equipment_type SET active='1', name='Biurko' WHERE id = '5'
[2022-10-17  09:44:48] [type: Request] [user: admin] [ip: ::1] [proxy: undefined] Controller: AdminPanelInventory Task: getEquipmentTypesData: {}
[2022-10-17  09:44:48] [type: Select] [user: admin] [ip: ::1] [proxy: undefined] Database: scheduler; SQL: SELECT * FROM equipment_type
[2022-10-17  09:45:00] [type: Request] [user: admin] [ip: ::1] [proxy: undefined] Controller: AdminPanelInventory Task: saveEquipmentTypeData: {}
[2022-10-17  09:45:00] [type: insert] [user: admin] [ip: ::1] [proxy: undefined] Database: scheduler; SQL: INSERT INTO equipment_type (name) VALUES ('Krzesło')
[2022-10-17  09:45:01] [type: Request] [user: admin] [ip: ::1] [proxy: undefined] Controller: AdminPanelInventory Task: getEquipmentTypesData: {}
[2022-10-17  09:45:01] [type: Select] [user: admin] [ip: ::1] [proxy: undefined] Database: scheduler; SQL: SELECT * FROM equipment_type
[2022-10-17  09:45:07] [type: Request] [user: admin] [ip: ::1] [proxy: undefined] Controller: AdminPanelInventory Task: saveEquipmentTypeData: {}
[2022-10-17  09:45:07] [type: insert] [user: admin] [ip: ::1] [proxy: undefined] Database: scheduler; SQL: INSERT INTO equipment_type (name) VALUES ('Fotel')
[2022-10-17  09:45:08] [type: Request] [user: admin] [ip: ::1] [proxy: undefined] Controller: AdminPanelInventory Task: getEquipmentTypesData: {}
[2022-10-17  09:45:08] [type: Select] [user: admin] [ip: ::1] [proxy: undefined] Database: scheduler; SQL: SELECT * FROM equipment_type
[2022-10-17  09:45:22] [type: Request] [user: admin] [ip: ::1] [proxy: undefined] Controller: AdminPanelInventory Task: saveEquipmentStateData: {}
[2022-10-17  09:45:22] [type: insert] [user: admin] [ip: ::1] [proxy: undefined] Database: scheduler; SQL: INSERT INTO equipment_state (name) VALUES ('Zlikwidowany')
[2022-10-17  09:45:23] [type: Request] [user: admin] [ip: ::1] [proxy: undefined] Controller: AdminPanelInventory Task: getEquipmentStatesData: {}
[2022-10-17  09:45:23] [type: Select] [user: admin] [ip: ::1] [proxy: undefined] Database: scheduler; SQL: SELECT * FROM equipment_state
[2022-10-17  09:45:40] [type: Access] [user: admin] [ip: ::1] [proxy: undefined] http://localhost/Scheduler/pages/adminPanel/adminPanelInventory.php?
[2022-10-17  09:45:41] [type: Request] [user: admin] [ip: ::1] [proxy: undefined] Controller: LanguageSelection Task: getInterfaceNamesData: {}
[2022-10-17  09:45:41] [type: Request] [user: admin] [ip: ::1] [proxy: undefined] Controller: AdminPanelInventory Task: getEquipmentStatesData: {}
[2022-10-17  09:45:41] [type: Select] [user: admin] [ip: ::1] [proxy: undefined] Database: scheduler; SQL: SELECT * FROM equipment_state
[2022-10-17  09:45:41] [type: Request] [user: admin] [ip: ::1] [proxy: undefined] Controller: AdminPanelInventory Task: getEquipmentTypesData: {}
[2022-10-17  09:45:41] [type: Select] [user: admin] [ip: ::1] [proxy: undefined] Database: scheduler; SQL: SELECT * FROM equipment_type
[2022-10-17  09:45:48] [type: Request] [user: admin] [ip: ::1] [proxy: undefined] Controller: AdminPanelInventory Task: saveEquipmentStateData: {}
[2022-10-17  09:45:48] [type: insert] [user: admin] [ip: ::1] [proxy: undefined] Database: scheduler; SQL: INSERT INTO equipment_state (name) VALUES ('W naprawie')
[2022-10-17  09:45:49] [type: Request] [user: admin] [ip: ::1] [proxy: undefined] Controller: AdminPanelInventory Task: getEquipmentStatesData: {}
[2022-10-17  09:45:49] [type: Select] [user: admin] [ip: ::1] [proxy: undefined] Database: scheduler; SQL: SELECT * FROM equipment_state
[2022-10-17  09:46:14] [type: Request] [user: admin] [ip: ::1] [proxy: undefined] Controller: AdminPanelInventory Task: saveEquipmentStateData: {}
[2022-10-17  09:46:14] [type: insert] [user: admin] [ip: ::1] [proxy: undefined] Database: scheduler; SQL: INSERT INTO equipment_state (name) VALUES ('Przekazany do WUG')
[2022-10-17  09:46:15] [type: Request] [user: admin] [ip: ::1] [proxy: undefined] Controller: AdminPanelInventory Task: getEquipmentStatesData: {}
[2022-10-17  09:46:15] [type: Select] [user: admin] [ip: ::1] [proxy: undefined] Database: scheduler; SQL: SELECT * FROM equipment_state
[2022-10-17  09:46:20] [type: Access] [user: admin] [ip: ::1] [proxy: undefined] http://localhost/Scheduler/pages/inventory/inventoryMy.php?
[2022-10-17  09:46:22] [type: Access] [user: admin] [ip: ::1] [proxy: undefined] http://localhost/Scheduler/pages/inventory/inventoryAdmin.php?
[2022-10-17  11:06:48] [type: Request] [user: ] [ip: ::1] [proxy: undefined] Controller: LanguageSelection Task: getInterfaceNamesData: {}
[2022-10-17  11:06:52] [type: Request] [user: admin] [ip: ::1] [proxy: undefined] Controller: LanguageSelection Task: getInterfaceNamesData: {}
[2022-10-17  11:06:54] [type: Access] [user: admin] [ip: ::1] [proxy: undefined] http://localhost/Scheduler/pages/inventory/inventoryMy.php?
[2022-10-17  11:06:56] [type: Access] [user: admin] [ip: ::1] [proxy: undefined] http://localhost/Scheduler/pages/inventory/inventoryAdmin.php?
[2022-10-17  11:18:57] [type: Access] [user: admin] [ip: ::1] [proxy: undefined] http://localhost/Scheduler/pages/inventory/inventoryAdmin.php?
[2022-10-17  11:30:28] [type: Request] [user: ] [ip: ::1] [proxy: undefined] Controller: LanguageSelection Task: getInterfaceNamesData: {}
[2022-10-17  11:30:30] [type: Request] [user: admin] [ip: ::1] [proxy: undefined] Controller: LanguageSelection Task: getInterfaceNamesData: {}
[2022-10-17  11:30:31] [type: Access] [user: admin] [ip: ::1] [proxy: undefined] http://localhost/Scheduler/pages/inventory/inventoryMy.php?
[2022-10-17  11:30:32] [type: Access] [user: admin] [ip: ::1] [proxy: undefined] http://localhost/Scheduler/pages/inventory/inventoryAdmin.php?
