[2023-02-20  08:29:57] [type: Access] [user: admin] [ip: 172.19.0.1] [proxy: undefined] http://localhost/pages/prints/printsSchedule.php?
[2023-02-20  09:38:53] [type: Error] [user: admin] [ip: 172.19.0.1] [proxy: undefined] Custom\File\Tools\Timesheets\TimesheetsData::initDailyJobTime(): Argument #2 ($month) must be of type Custom\File\Tools\Timesheets\itn, int given, called in /var/www/html/sys/classes/Custom/File/Tools/Timesheets/TimesheetsData.php on line 46 ;
 #0 /var/www/html/sys/classes/Custom/File/Tools/Timesheets/TimesheetsData.php(46): Custom\File\Tools\Timesheets\TimesheetsData->initDailyJobTime(2022, 8)
#1 /var/www/html/sys/classes/Custom/File/Timesheets.php(30): Custom\File\Tools\Timesheets\TimesheetsData->__construct(8, 2022, 'user_PER')
#2 /var/www/html/sys/classes/Custom/File/Timesheets.php(39): Custom\File\Timesheets->__construct(8, 2022, 'user_PER')
#3 /var/www/html/sys/classes/Services/PrintsService.php(34): Custom\File\Timesheets::generate(8, 2022, 'user_PER')
#4 /var/www/html/sys/classes/Controllers/PrintsSchedule.php(61): Services\PrintsService->generateTimesheetsForUser('user_PER', 8, 2022)
#5 /var/www/html/sys/classes/Controllers/Base/Controller.php(112): Controllers\PrintsSchedule->generateTimesheets()
#6 /var/www/html/sys/classes/Controllers/Base/Controller.php(89): Controllers\Base\Controller->runTask(Object(Tanweb\Request\Request))
#7 /var/www/html/sys/scripts/requests/file.php(28): Controllers\Base\Controller->run(Object(Tanweb\Request\Request))
#8 {main}
[2023-02-20  09:39:25] [type: Error] [user: admin] [ip: 172.19.0.1] [proxy: undefined] DateTime::__construct(): Argument #2 ($timezone) must be of type ?DateTimeZone, string given ;
 #0 /var/www/html/sys/classes/Custom/File/Tools/Timesheets/TimesheetsData.php(70): DateTime->__construct('2022-8-', '31')
#1 /var/www/html/sys/classes/Custom/File/Tools/Timesheets/TimesheetsData.php(46): Custom\File\Tools\Timesheets\TimesheetsData->initDailyJobTime(2022, 8)
#2 /var/www/html/sys/classes/Custom/File/Timesheets.php(30): Custom\File\Tools\Timesheets\TimesheetsData->__construct(8, 2022, 'user_PER')
#3 /var/www/html/sys/classes/Custom/File/Timesheets.php(39): Custom\File\Timesheets->__construct(8, 2022, 'user_PER')
#4 /var/www/html/sys/classes/Services/PrintsService.php(34): Custom\File\Timesheets::generate(8, 2022, 'user_PER')
#5 /var/www/html/sys/classes/Controllers/PrintsSchedule.php(61): Services\PrintsService->generateTimesheetsForUser('user_PER', 8, 2022)
#6 /var/www/html/sys/classes/Controllers/Base/Controller.php(112): Controllers\PrintsSchedule->generateTimesheets()
#7 /var/www/html/sys/classes/Controllers/Base/Controller.php(89): Controllers\Base\Controller->runTask(Object(Tanweb\Request\Request))
#8 /var/www/html/sys/scripts/requests/file.php(28): Controllers\Base\Controller->run(Object(Tanweb\Request\Request))
#9 {main}
[2023-02-20  09:39:52] [type: Error] [user: admin] [ip: 172.19.0.1] [proxy: undefined] DateTime::__construct(): Argument #2 ($timezone) must be of type ?DateTimeZone, string given ;
 #0 /var/www/html/sys/classes/Custom/File/Tools/Timesheets/TimesheetsData.php(70): DateTime->__construct('2022-8-', '31')
#1 /var/www/html/sys/classes/Custom/File/Tools/Timesheets/TimesheetsData.php(46): Custom\File\Tools\Timesheets\TimesheetsData->initDailyJobTime(2022, 8)
#2 /var/www/html/sys/classes/Custom/File/Timesheets.php(30): Custom\File\Tools\Timesheets\TimesheetsData->__construct(8, 2022, 'user_PER')
#3 /var/www/html/sys/classes/Custom/File/Timesheets.php(39): Custom\File\Timesheets->__construct(8, 2022, 'user_PER')
#4 /var/www/html/sys/classes/Services/PrintsService.php(34): Custom\File\Timesheets::generate(8, 2022, 'user_PER')
#5 /var/www/html/sys/classes/Controllers/PrintsSchedule.php(61): Services\PrintsService->generateTimesheetsForUser('user_PER', 8, 2022)
#6 /var/www/html/sys/classes/Controllers/Base/Controller.php(112): Controllers\PrintsSchedule->generateTimesheets()
#7 /var/www/html/sys/classes/Controllers/Base/Controller.php(89): Controllers\Base\Controller->runTask(Object(Tanweb\Request\Request))
#8 /var/www/html/sys/scripts/requests/file.php(28): Controllers\Base\Controller->run(Object(Tanweb\Request\Request))
#9 {main}
[2023-02-20  09:40:47] [type: Access] [user: admin] [ip: 172.19.0.1] [proxy: undefined] http://localhost/pages/prints/printsSchedule.php?
[2023-02-20  14:25:45] [type: Error] [user: admin] [ip: 172.19.0.1] [proxy: undefined] Container error: value not defined for key: 2023-02-21 ;
 #0 /var/www/html/sys/classes/Tanweb/Container.php(43): Tanweb\Container->throwException('value not defin...')
#1 /var/www/html/sys/classes/Custom/File/Tools/Timesheets/DaysDetails.php(155): Tanweb\Container->get('2023-02-21')
#2 /var/www/html/sys/classes/Custom/File/Tools/Timesheets/TimesheetsData.php(65): Custom\File\Tools\Timesheets\DaysDetails->sumWorkdays(2023, 2)
#3 /var/www/html/sys/classes/Custom/File/Tools/Timesheets/TimesheetsData.php(45): Custom\File\Tools\Timesheets\TimesheetsData->initDaysDetails(2, 2023)
#4 /var/www/html/sys/classes/Custom/File/Timesheets.php(34): Custom\File\Tools\Timesheets\TimesheetsData->__construct(2, 2023, 'user_SPY')
#5 /var/www/html/sys/classes/Custom/File/Timesheets.php(43): Custom\File\Timesheets->__construct(2, 2023, 'user_SPY')
#6 /var/www/html/sys/classes/Services/PrintsService.php(34): Custom\File\Timesheets::generate(2, 2023, 'user_SPY')
#7 /var/www/html/sys/classes/Controllers/PrintsSchedule.php(61): Services\PrintsService->generateTimesheetsForUser('user_SPY', 2, 2023)
#8 /var/www/html/sys/classes/Controllers/Base/Controller.php(112): Controllers\PrintsSchedule->generateTimesheets()
#9 /var/www/html/sys/classes/Controllers/Base/Controller.php(89): Controllers\Base\Controller->runTask(Object(Tanweb\Request\Request))
#10 /var/www/html/sys/scripts/requests/file.php(28): Controllers\Base\Controller->run(Object(Tanweb\Request\Request))
#11 {main}
[2023-02-20  14:29:34] [type: Error] [user: admin] [ip: 172.19.0.1] [proxy: undefined] easter_date(): Argument #1 ($year) must be between 1970 and 2037 (inclusive) ;
 #0 /var/www/html/sys/classes/Custom/Dates/HolidayChecker.php(45): easter_date(2038)
#1 /var/www/html/sys/classes/Custom/Dates/HolidayChecker.php(37): Custom\Dates\HolidayChecker::getEasterMondayDate(2038)
#2 /var/www/html/sys/classes/Custom/Dates/HolidayChecker.php(21): Custom\Dates\HolidayChecker::getHolidaysList(2038)
#3 /var/www/html/sys/classes/Custom/Dates/DayOffChecker.php(72): Custom\Dates\HolidayChecker::isHoliday(Object(DateTime))
#4 /var/www/html/sys/classes/Custom/File/Tools/Timesheets/DaysDetails.php(79): Custom\Dates\DayOffChecker->isHoliday(Object(DateTime))
#5 /var/www/html/sys/classes/Custom/File/Tools/Timesheets/DaysDetails.php(65): Custom\File\Tools\Timesheets\DaysDetails->setDateDetails(Object(Custom\File\Tools\Timesheets\DayDetails), Object(DateTime))
#6 /var/www/html/sys/classes/Custom/File/Tools/Timesheets/DaysDetails.php(51): Custom\File\Tools\Timesheets\DaysDetails->calculateForDate(Object(DateTime), Object(Tanweb\Container))
#7 /var/www/html/sys/classes/Custom/File/Tools/Timesheets/DaysDetails.php(42): Custom\File\Tools\Timesheets\DaysDetails->init()
#8 /var/www/html/sys/classes/Custom/File/Tools/Timesheets/TimesheetsData.php(62): Custom\File\Tools\Timesheets\DaysDetails->__construct('user_SPY', Object(Tanweb\Container), Object(Tanweb\Container))
#9 /var/www/html/sys/classes/Custom/File/Tools/Timesheets/TimesheetsData.php(45): Custom\File\Tools\Timesheets\TimesheetsData->initDaysDetails(2, 2023)
#10 /var/www/html/sys/classes/Custom/File/Timesheets.php(34): Custom\File\Tools\Timesheets\TimesheetsData->__construct(2, 2023, 'user_SPY')
#11 /var/www/html/sys/classes/Custom/File/Timesheets.php(43): Custom\File\Timesheets->__construct(2, 2023, 'user_SPY')
#12 /var/www/html/sys/classes/Services/PrintsService.php(34): Custom\File\Timesheets::generate(2, 2023, 'user_SPY')
#13 /var/www/html/sys/classes/Controllers/PrintsSchedule.php(61): Services\PrintsService->generateTimesheetsForUser('user_SPY', 2, 2023)
#14 /var/www/html/sys/classes/Controllers/Base/Controller.php(112): Controllers\PrintsSchedule->generateTimesheets()
#15 /var/www/html/sys/classes/Controllers/Base/Controller.php(89): Controllers\Base\Controller->runTask(Object(Tanweb\Request\Request))
#16 /var/www/html/sys/scripts/requests/file.php(28): Controllers\Base\Controller->run(Object(Tanweb\Request\Request))
#17 {main}
[2023-02-20  17:37:23] [type: Access] [user: admin] [ip: 172.18.0.1] [proxy: undefined] http://localhost/pages/schedule/scheduleAll.php?
[2023-02-20  17:42:45] [type: Access] [user: admin] [ip: 172.18.0.1] [proxy: undefined] http://localhost/pages/stats/statsDisplay.php?
[2023-02-20  17:42:49] [type: Access] [user: admin] [ip: 172.18.0.1] [proxy: undefined] http://localhost/pages/stats/statsNoForm.php?
[2023-02-20  17:43:24] [type: Access] [user: admin] [ip: 172.18.0.1] [proxy: undefined] http://localhost/pages/stats/statsDisplay.php?
[2023-02-20  17:45:49] [type: Access] [user: admin] [ip: 172.18.0.1] [proxy: undefined] http://localhost/pages/adminPanel/adminPanelSystem.php?
[2023-02-20  17:45:58] [type: Access] [user: admin] [ip: 172.18.0.1] [proxy: undefined] http://localhost/pages/adminPanel/adminPanelUsers.php?
[2023-02-20  17:46:19] [type: Access] [user: admin] [ip: 172.18.0.1] [proxy: undefined] http://localhost/pages/adminPanel/adminPanelLocation.php?
