[2022-11-23  07:29:49] [type: Request] [user: ] [ip: undefined] [proxy: undefined] Controller: LanguageSelection Task: getInterfaceNamesData: {}
[2022-11-23  07:29:54] [type: Request] [user: admin] [ip: undefined] [proxy: undefined] Controller: LanguageSelection Task: getInterfaceNamesData: {}
[2022-11-23  07:29:56] [type: Access] [user: admin] [ip: undefined] [proxy: undefined] http://
[2022-11-23  07:29:57] [type: Request] [user: admin] [ip: undefined] [proxy: undefined] Controller: LanguageSelection Task: getInterfaceNamesData: {}
[2022-11-23  07:29:57] [type: Request] [user: admin] [ip: undefined] [proxy: undefined] Controller: AdminPanelUsers Task: getAllUsersData: {}
[2022-11-23  07:29:57] [type: Select] [user: admin] [ip: undefined] [proxy: undefined] Database: scheduler; SQL: SELECT * FROM users_without_passwords
[2022-11-23  07:29:57] [type: Request] [user: admin] [ip: undefined] [proxy: undefined] Controller: AdminPanelUsers Task: getUserPrivilagesData: {}
[2022-11-23  07:29:57] [type: Select] [user: admin] [ip: undefined] [proxy: undefined] Database: scheduler; SQL: SELECT * FROM privilages WHERE  id_user = '0'
[2022-11-23  07:29:57] [type: Request] [user: admin] [ip: undefined] [proxy: undefined] Controller: AdminPanelUsers Task: getUserEmploymentPeriodsData: {}
[2022-11-23  07:29:57] [type: Select] [user: admin] [ip: undefined] [proxy: undefined] Database: scheduler; SQL: SELECT * FROM employment WHERE  id_user = '0'
[2022-11-23  07:30:01] [type: Access] [user: admin] [ip: undefined] [proxy: undefined] http://
[2022-11-23  07:30:01] [type: Select] [user: admin] [ip: undefined] [proxy: undefined] Database: scheduler; SQL: SELECT * FROM users_employment_periods WHERE  active = '1' and ( ( start <= '2022-11-1' and end >= '2022-11-1' ) or ( start <= '2022-11-30' and end >= '2022-11-30' )) ORDER BY sort_priority ASC, surname ASC
[2022-11-23  07:30:02] [type: Request] [user: admin] [ip: undefined] [proxy: undefined] Controller: LanguageSelection Task: getInterfaceNamesData: {}
[2022-11-23  07:30:06] [type: Request] [user: admin] [ip: undefined] [proxy: undefined] Controller: PrintsSchedule Task: getUsersData: {}
[2022-11-23  07:30:06] [type: Select] [user: admin] [ip: undefined] [proxy: undefined] Database: scheduler; SQL: SELECT * FROM users_employment_periods WHERE  active = '1' and ( ( start <= '2022-12-1' and end >= '2022-12-1' ) or ( start <= '2022-12-31' and end >= '2022-12-31' )) ORDER BY sort_priority ASC, surname ASC
[2022-11-23  07:30:09] [type: Request] [user: admin] [ip: undefined] [proxy: undefined] Controller: PrintsSchedule Task: generateAttendanceListData: {}
[2022-11-23  07:30:09] [type: Select] [user: admin] [ip: undefined] [proxy: undefined] Database: scheduler; SQL: SELECT * FROM users_employment_periods WHERE  active = '1' and ( ( start <= '2022-12-1' and end >= '2022-12-1' ) or ( start <= '2022-12-31' and end >= '2022-12-31' )) ORDER BY sort_priority ASC, surname ASC
[2022-11-23  07:30:09] [type: Select] [user: admin] [ip: undefined] [proxy: undefined] Database: scheduler; SQL: SELECT * FROM days_off WHERE  active = '1' and for_all = '1' and month(date) = '12' and year(date) = '2022'
[2022-11-23  07:30:09] [type: Select] [user: admin] [ip: undefined] [proxy: undefined] Database: scheduler; SQL: SELECT * FROM users_employment_periods WHERE  active = '1' and ( ( start <= '2022-12-1' and end >= '2022-12-1' ) or ( start <= '2022-12-31' and end >= '2022-12-31' )) ORDER BY sort_priority ASC, surname ASC
[2022-11-23  07:31:00] [type: Request] [user: ] [ip: undefined] [proxy: undefined] Controller: LanguageSelection Task: getInterfaceNamesData: {}
[2022-11-23  07:31:03] [type: Request] [user: admin] [ip: undefined] [proxy: undefined] Controller: LanguageSelection Task: getInterfaceNamesData: {}
[2022-11-23  07:31:05] [type: Access] [user: admin] [ip: undefined] [proxy: undefined] http://
[2022-11-23  07:31:06] [type: Select] [user: admin] [ip: undefined] [proxy: undefined] Database: scheduler; SQL: SELECT * FROM users_employment_periods WHERE  active = '1' and ( ( start <= '2022-11-1' and end >= '2022-11-1' ) or ( start <= '2022-11-30' and end >= '2022-11-30' )) ORDER BY sort_priority ASC, surname ASC
[2022-11-23  07:31:06] [type: Request] [user: admin] [ip: undefined] [proxy: undefined] Controller: LanguageSelection Task: getInterfaceNamesData: {}
[2022-11-23  07:31:55] [type: Request] [user: ] [ip: undefined] [proxy: undefined] Controller: LanguageSelection Task: getInterfaceNamesData: {}
[2022-11-23  07:31:59] [type: Request] [user: admin] [ip: undefined] [proxy: undefined] Controller: LanguageSelection Task: getInterfaceNamesData: {}
[2022-11-23  07:32:20] [type: Access] [user: admin] [ip: undefined] [proxy: undefined] http://
[2022-11-23  07:32:20] [type: Select] [user: admin] [ip: undefined] [proxy: undefined] Database: scheduler; SQL: SELECT * FROM users_employment_periods WHERE  active = '1' and ( ( start <= '2022-11-1' and end >= '2022-11-1' ) or ( start <= '2022-11-30' and end >= '2022-11-30' )) ORDER BY sort_priority ASC, surname ASC
[2022-11-23  07:32:21] [type: Request] [user: admin] [ip: undefined] [proxy: undefined] Controller: LanguageSelection Task: getInterfaceNamesData: {}
[2022-11-23  09:44:26] [type: Access] [user: admin] [ip: undefined] [proxy: undefined] http://
[2022-11-23  09:44:59] [type: Select] [user: admin] [ip: undefined] [proxy: undefined] Database: scheduler; SQL: SELECT * FROM users_employment_periods WHERE  active = '1' and ( ( start <= '2022-11-1' and end >= '2022-11-1' ) or ( start <= '2022-11-30' and end >= '2022-11-30' )) ORDER BY sort_priority ASC, surname ASC
[2022-11-23  09:45:00] [type: Request] [user: admin] [ip: undefined] [proxy: undefined] Controller: LanguageSelection Task: getInterfaceNamesData: {}
[2022-11-23  09:45:52] [type: Access] [user: admin] [ip: undefined] [proxy: undefined] http://
[2022-11-23  09:49:22] [type: Select] [user: admin] [ip: undefined] [proxy: undefined] Database: scheduler; SQL: SELECT * FROM users_employment_periods WHERE  active = '1' and ( ( start <= '2022-11-1' and end >= '2022-11-1' ) or ( start <= '2022-11-30' and end >= '2022-11-30' )) ORDER BY sort_priority ASC, surname ASC
[2022-11-23  09:49:52] [type: Access] [user: admin] [ip: undefined] [proxy: undefined] http://
[2022-11-23  09:49:52] [type: Select] [user: admin] [ip: undefined] [proxy: undefined] Database: scheduler; SQL: SELECT * FROM users_employment_periods WHERE  active = '1' and ( ( start <= '2022-11-1' and end >= '2022-11-1' ) or ( start <= '2022-11-30' and end >= '2022-11-30' )) ORDER BY sort_priority ASC, surname ASC
[2022-11-23  09:49:53] [type: Request] [user: admin] [ip: undefined] [proxy: undefined] Controller: LanguageSelection Task: getInterfaceNamesData: {}
[2022-11-23  09:49:59] [type: Access] [user: admin] [ip: undefined] [proxy: undefined] http://
[2022-11-23  09:50:01] [type: Request] [user: admin] [ip: undefined] [proxy: undefined] Controller: LanguageSelection Task: getInterfaceNamesData: {}
[2022-11-23  09:50:01] [type: Request] [user: admin] [ip: undefined] [proxy: undefined] Controller: AdminPanelUsers Task: getUserPrivilagesData: {}
[2022-11-23  09:50:01] [type: Select] [user: admin] [ip: undefined] [proxy: undefined] Database: scheduler; SQL: SELECT * FROM privilages WHERE  id_user = '0'
[2022-11-23  09:50:02] [type: Request] [user: admin] [ip: undefined] [proxy: undefined] Controller: AdminPanelUsers Task: getAllUsersData: {}
[2022-11-23  09:50:02] [type: Select] [user: admin] [ip: undefined] [proxy: undefined] Database: scheduler; SQL: SELECT * FROM users_without_passwords
[2022-11-23  09:50:02] [type: Request] [user: admin] [ip: undefined] [proxy: undefined] Controller: AdminPanelUsers Task: getUserEmploymentPeriodsData: {}
[2022-11-23  09:50:02] [type: Select] [user: admin] [ip: undefined] [proxy: undefined] Database: scheduler; SQL: SELECT * FROM employment WHERE  id_user = '0'
[2022-11-23  10:59:27] [type: Request] [user: ] [ip: undefined] [proxy: undefined] Controller: LanguageSelection Task: getInterfaceNamesData: {}
[2022-11-23  11:00:36] [type: Request] [user: admin] [ip: undefined] [proxy: undefined] Controller: LanguageSelection Task: getInterfaceNamesData: {}
[2022-11-23  11:00:41] [type: Access] [user: admin] [ip: undefined] [proxy: undefined] http://
[2022-11-23  11:00:43] [type: Request] [user: admin] [ip: undefined] [proxy: undefined] Controller: LanguageSelection Task: getInterfaceNamesData: {}
[2022-11-23  11:00:44] [type: Request] [user: admin] [ip: undefined] [proxy: undefined] Controller: AdminPanelUsers Task: getUserPrivilagesData: {}
[2022-11-23  11:00:44] [type: Select] [user: admin] [ip: undefined] [proxy: undefined] Database: scheduler; SQL: SELECT * FROM privilages WHERE  id_user = '0'
[2022-11-23  11:00:44] [type: Request] [user: admin] [ip: undefined] [proxy: undefined] Controller: AdminPanelUsers Task: getAllUsersData: {}
[2022-11-23  11:00:44] [type: Select] [user: admin] [ip: undefined] [proxy: undefined] Database: scheduler; SQL: SELECT * FROM users_without_passwords
[2022-11-23  11:00:45] [type: Request] [user: admin] [ip: undefined] [proxy: undefined] Controller: AdminPanelUsers Task: getUserEmploymentPeriodsData: {}
[2022-11-23  11:00:45] [type: Select] [user: admin] [ip: undefined] [proxy: undefined] Database: scheduler; SQL: SELECT * FROM employment WHERE  id_user = '0'
[2022-11-23  11:00:46] [type: Access] [user: admin] [ip: undefined] [proxy: undefined] http://
[2022-11-23  11:00:48] [type: Request] [user: admin] [ip: undefined] [proxy: undefined] Controller: LanguageSelection Task: getInterfaceNamesData: {}
[2022-11-23  11:01:17] [type: Access] [user: admin] [ip: undefined] [proxy: undefined] http://
[2022-11-23  11:01:19] [type: Request] [user: admin] [ip: undefined] [proxy: undefined] Controller: LanguageSelection Task: getInterfaceNamesData: {}
[2022-11-23  11:01:39] [type: Access] [user: admin] [ip: undefined] [proxy: undefined] http://
[2022-11-23  11:01:40] [type: Request] [user: admin] [ip: undefined] [proxy: undefined] Controller: LanguageSelection Task: getInterfaceNamesData: {}
[2022-11-23  12:44:02] [type: Access] [user: admin] [ip: undefined] [proxy: undefined] http://
[2022-11-23  12:44:04] [type: Request] [user: admin] [ip: undefined] [proxy: undefined] Controller: LanguageSelection Task: getInterfaceNamesData: {}
[2022-11-23  12:44:40] [type: Access] [user: admin] [ip: undefined] [proxy: undefined] http://
[2022-11-23  12:44:41] [type: Request] [user: admin] [ip: undefined] [proxy: undefined] Controller: LanguageSelection Task: getInterfaceNamesData: {}
[2022-11-23  12:44:42] [type: Request] [user: admin] [ip: undefined] [proxy: undefined] Controller: AdminPanelSuzug Task: getSuzugUsersData: {}
[2022-11-23  12:44:42] [type: Select] [user: admin] [ip: undefined] [proxy: undefined] Database: scheduler; SQL: SELECT * FROM suzug_user_details WHERE  year = '2022' ORDER BY number ASC
[2022-11-23  12:44:47] [type: Request] [user: admin] [ip: undefined] [proxy: undefined] Controller: AdminPanelSuzug Task: getAssignmentOptionsData: {}
[2022-11-23  12:44:47] [type: Select] [user: admin] [ip: undefined] [proxy: undefined] Database: scheduler; SQL: SELECT * FROM suzug_user_details WHERE  active = '1' and year = '2022' ORDER BY number ASC
[2022-11-23  12:44:47] [type: Error] [user: admin] [ip: undefined] [proxy: undefined] Services\SuzugService::getAvailableNumbers(): Return value must be of type Tanweb\Container, none returned ;
 #0 /var/www/html/sys/classes/Services/SuzugService.php(35): Services\SuzugService->getAvailableNumbers(2022)
#1 /var/www/html/sys/classes/Controllers/AdminPanelSuzug.php(39): Services\SuzugService->getAssignmentOptions(2022)
#2 /var/www/html/sys/classes/Controllers/Base/Controller.php(112): Controllers\AdminPanelSuzug->getAssignmentOptions()
#3 /var/www/html/sys/classes/Controllers/Base/Controller.php(89): Controllers\Base\Controller->runTask(Object(Tanweb\Request\Request))
#4 /var/www/html/sys/scripts/requests/rest.php(26): Controllers\Base\Controller->run(Object(Tanweb\Request\Request))
#5 {main}
[2022-11-23  12:45:14] [type: Request] [user: admin] [ip: undefined] [proxy: undefined] Controller: AdminPanelSuzug Task: getAssignmentOptionsData: {}
[2022-11-23  12:45:14] [type: Select] [user: admin] [ip: undefined] [proxy: undefined] Database: scheduler; SQL: SELECT * FROM suzug_user_details WHERE  active = '1' and year = '2022' ORDER BY number ASC
[2022-11-23  12:45:14] [type: Select] [user: admin] [ip: undefined] [proxy: undefined] Database: scheduler; SQL: SELECT * FROM users_employment_periods WHERE  active = '1' and ( ( start <= '2022-01-01' and end >= '2022-01-01' ) or ( start <= '2022-12-31' and end >= '2022-12-31' )) ORDER BY sort_priority ASC, surname ASC
[2022-11-23  12:48:18] [type: Access] [user: admin] [ip: undefined] [proxy: undefined] http://
[2022-11-23  12:48:20] [type: Request] [user: admin] [ip: undefined] [proxy: undefined] Controller: LanguageSelection Task: getInterfaceNamesData: {}
[2022-11-23  12:48:21] [type: Request] [user: admin] [ip: undefined] [proxy: undefined] Controller: AdminPanelSuzug Task: getSuzugUsersData: {}
[2022-11-23  12:48:21] [type: Select] [user: admin] [ip: undefined] [proxy: undefined] Database: scheduler; SQL: SELECT * FROM suzug_user_details WHERE  year = '2022' ORDER BY number ASC
[2022-11-23  12:48:44] [type: Access] [user: admin] [ip: undefined] [proxy: undefined] http://
[2022-11-23  12:48:46] [type: Request] [user: admin] [ip: undefined] [proxy: undefined] Controller: LanguageSelection Task: getInterfaceNamesData: {}
[2022-11-23  12:48:46] [type: Request] [user: admin] [ip: undefined] [proxy: undefined] Controller: AdminPanelSuzug Task: getSuzugUsersData: {}
[2022-11-23  12:48:46] [type: Select] [user: admin] [ip: undefined] [proxy: undefined] Database: scheduler; SQL: SELECT * FROM suzug_user_details WHERE  year = '2022' ORDER BY number ASC
[2022-11-23  12:48:49] [type: Request] [user: admin] [ip: undefined] [proxy: undefined] Controller: AdminPanelSuzug Task: getAssignmentOptionsData: {}
[2022-11-23  12:48:49] [type: Select] [user: admin] [ip: undefined] [proxy: undefined] Database: scheduler; SQL: SELECT * FROM suzug_user_details WHERE  active = '1' and year = '2022' ORDER BY number ASC
[2022-11-23  12:48:49] [type: Select] [user: admin] [ip: undefined] [proxy: undefined] Database: scheduler; SQL: SELECT * FROM users_employment_periods WHERE  active = '1' and ( ( start <= '2022-01-01' and end >= '2022-01-01' ) or ( start <= '2022-12-31' and end >= '2022-12-31' )) ORDER BY sort_priority ASC, surname ASC
[2022-11-23  12:48:58] [type: Request] [user: admin] [ip: undefined] [proxy: undefined] Controller: AdminPanelSuzug Task: saveData: {}
[2022-11-23  12:48:58] [type: Select] [user: admin] [ip: undefined] [proxy: undefined] Database: scheduler; SQL: SELECT * FROM suzug_user_details WHERE  active = '1' and year = '2022' and number = '1'
[2022-11-23  12:48:58] [type: Select] [user: admin] [ip: undefined] [proxy: undefined] Database: scheduler; SQL: SELECT * FROM suzug_user_details WHERE  active = '1' and year = '2022' and id_user = '2'
[2022-11-23  12:48:58] [type: Error] [user: admin] [ip: undefined] [proxy: undefined] Data\Access\DataAccessObject::save(): Argument #1 ($item) must be of type Tanweb\Container, null given, called in /var/www/html/sys/classes/Services/SuzugService.php on line 94 ;
 #0 /var/www/html/sys/classes/Services/SuzugService.php(94): Data\Access\DataAccessObject->save(NULL)
#1 /var/www/html/sys/classes/Controllers/AdminPanelSuzug.php(46): Services\SuzugService->save(Object(Tanweb\Container))
#2 /var/www/html/sys/classes/Controllers/Base/Controller.php(112): Controllers\AdminPanelSuzug->save()
#3 /var/www/html/sys/classes/Controllers/Base/Controller.php(89): Controllers\Base\Controller->runTask(Object(Tanweb\Request\Request))
#4 /var/www/html/sys/scripts/requests/rest.php(26): Controllers\Base\Controller->run(Object(Tanweb\Request\Request))
#5 {main}
[2022-11-23  12:49:10] [type: Request] [user: admin] [ip: undefined] [proxy: undefined] Controller: AdminPanelSuzug Task: getAssignmentOptionsData: {}
[2022-11-23  12:49:10] [type: Select] [user: admin] [ip: undefined] [proxy: undefined] Database: scheduler; SQL: SELECT * FROM suzug_user_details WHERE  active = '1' and year = '2022' ORDER BY number ASC
[2022-11-23  12:49:10] [type: Select] [user: admin] [ip: undefined] [proxy: undefined] Database: scheduler; SQL: SELECT * FROM users_employment_periods WHERE  active = '1' and ( ( start <= '2022-01-01' and end >= '2022-01-01' ) or ( start <= '2022-12-31' and end >= '2022-12-31' )) ORDER BY sort_priority ASC, surname ASC
[2022-11-23  12:49:17] [type: Request] [user: admin] [ip: undefined] [proxy: undefined] Controller: AdminPanelSuzug Task: saveData: {}
[2022-11-23  12:49:17] [type: Select] [user: admin] [ip: undefined] [proxy: undefined] Database: scheduler; SQL: SELECT * FROM suzug_user_details WHERE  active = '1' and year = '2022' and number = '1'
[2022-11-23  12:49:17] [type: Select] [user: admin] [ip: undefined] [proxy: undefined] Database: scheduler; SQL: SELECT * FROM suzug_user_details WHERE  active = '1' and year = '2022' and id_user = '2'
[2022-11-23  12:49:17] [type: Error] [user: admin] [ip: undefined] [proxy: undefined] Data\Access\DataAccessObject::save(): Argument #1 ($item) must be of type Tanweb\Container, null given, called in /var/www/html/sys/classes/Services/SuzugService.php on line 94 ;
 #0 /var/www/html/sys/classes/Services/SuzugService.php(94): Data\Access\DataAccessObject->save(NULL)
#1 /var/www/html/sys/classes/Controllers/AdminPanelSuzug.php(46): Services\SuzugService->save(Object(Tanweb\Container))
#2 /var/www/html/sys/classes/Controllers/Base/Controller.php(112): Controllers\AdminPanelSuzug->save()
#3 /var/www/html/sys/classes/Controllers/Base/Controller.php(89): Controllers\Base\Controller->runTask(Object(Tanweb\Request\Request))
#4 /var/www/html/sys/scripts/requests/rest.php(26): Controllers\Base\Controller->run(Object(Tanweb\Request\Request))
#5 {main}
[2022-11-23  12:49:47] [type: Request] [user: admin] [ip: undefined] [proxy: undefined] Controller: AdminPanelSuzug Task: getAssignmentOptionsData: {}
[2022-11-23  12:49:47] [type: Select] [user: admin] [ip: undefined] [proxy: undefined] Database: scheduler; SQL: SELECT * FROM suzug_user_details WHERE  active = '1' and year = '2022' ORDER BY number ASC
[2022-11-23  12:49:47] [type: Select] [user: admin] [ip: undefined] [proxy: undefined] Database: scheduler; SQL: SELECT * FROM users_employment_periods WHERE  active = '1' and ( ( start <= '2022-01-01' and end >= '2022-01-01' ) or ( start <= '2022-12-31' and end >= '2022-12-31' )) ORDER BY sort_priority ASC, surname ASC
[2022-11-23  12:49:51] [type: Request] [user: admin] [ip: undefined] [proxy: undefined] Controller: AdminPanelSuzug Task: saveData: {}
[2022-11-23  12:50:09] [type: Select] [user: admin] [ip: undefined] [proxy: undefined] Database: scheduler; SQL: SELECT * FROM suzug_user_details WHERE  active = '1' and year = '2022' and number = '1'
[2022-11-23  12:50:09] [type: Select] [user: admin] [ip: undefined] [proxy: undefined] Database: scheduler; SQL: SELECT * FROM suzug_user_details WHERE  active = '1' and year = '2022' and id_user = '2'
[2022-11-23  12:50:09] [type: Error] [user: admin] [ip: undefined] [proxy: undefined] Data\Access\DataAccessObject::save(): Argument #1 ($item) must be of type Tanweb\Container, null given, called in /var/www/html/sys/classes/Services/SuzugService.php on line 94 ;
 #0 /var/www/html/sys/classes/Services/SuzugService.php(94): Data\Access\DataAccessObject->save(NULL)
#1 /var/www/html/sys/classes/Controllers/AdminPanelSuzug.php(46): Services\SuzugService->save(Object(Tanweb\Container))
#2 /var/www/html/sys/classes/Controllers/Base/Controller.php(112): Controllers\AdminPanelSuzug->save()
#3 /var/www/html/sys/classes/Controllers/Base/Controller.php(89): Controllers\Base\Controller->runTask(Object(Tanweb\Request\Request))
#4 /var/www/html/sys/scripts/requests/rest.php(26): Controllers\Base\Controller->run(Object(Tanweb\Request\Request))
#5 {main}
[2022-11-23  12:50:17] [type: Request] [user: admin] [ip: undefined] [proxy: undefined] Controller: AdminPanelSuzug Task: getAssignmentOptionsData: {}
[2022-11-23  12:50:17] [type: Select] [user: admin] [ip: undefined] [proxy: undefined] Database: scheduler; SQL: SELECT * FROM suzug_user_details WHERE  active = '1' and year = '2022' ORDER BY number ASC
[2022-11-23  12:50:17] [type: Select] [user: admin] [ip: undefined] [proxy: undefined] Database: scheduler; SQL: SELECT * FROM users_employment_periods WHERE  active = '1' and ( ( start <= '2022-01-01' and end >= '2022-01-01' ) or ( start <= '2022-12-31' and end >= '2022-12-31' )) ORDER BY sort_priority ASC, surname ASC
[2022-11-23  12:50:23] [type: Request] [user: admin] [ip: undefined] [proxy: undefined] Controller: AdminPanelSuzug Task: saveData: {}
[2022-11-23  12:50:30] [type: Select] [user: admin] [ip: undefined] [proxy: undefined] Database: scheduler; SQL: SELECT * FROM suzug_user_details WHERE  active = '1' and year = '2022' and number = '1'
[2022-11-23  12:50:30] [type: Select] [user: admin] [ip: undefined] [proxy: undefined] Database: scheduler; SQL: SELECT * FROM suzug_user_details WHERE  active = '1' and year = '2022' and id_user = '2'
[2022-11-23  12:50:30] [type: insert] [user: admin] [ip: undefined] [proxy: undefined] Database: scheduler; SQL: INSERT INTO suzug_user (year, number, id_user) VALUES ('2022', '1', '2')
[2022-11-23  12:50:36] [type: Request] [user: admin] [ip: undefined] [proxy: undefined] Controller: AdminPanelSuzug Task: getSuzugUsersData: {}
[2022-11-23  12:50:36] [type: Select] [user: admin] [ip: undefined] [proxy: undefined] Database: scheduler; SQL: SELECT * FROM suzug_user_details WHERE  year = '2022' ORDER BY number ASC
[2022-11-23  12:50:42] [type: Request] [user: admin] [ip: undefined] [proxy: undefined] Controller: AdminPanelSuzug Task: getAssignmentOptionsData: {}
[2022-11-23  12:50:42] [type: Select] [user: admin] [ip: undefined] [proxy: undefined] Database: scheduler; SQL: SELECT * FROM suzug_user_details WHERE  active = '1' and year = '2022' ORDER BY number ASC
[2022-11-23  12:50:42] [type: Select] [user: admin] [ip: undefined] [proxy: undefined] Database: scheduler; SQL: SELECT * FROM users_employment_periods WHERE  active = '1' and ( ( start <= '2022-01-01' and end >= '2022-01-01' ) or ( start <= '2022-12-31' and end >= '2022-12-31' )) ORDER BY sort_priority ASC, surname ASC
[2022-11-23  12:52:06] [type: Request] [user: admin] [ip: undefined] [proxy: undefined] Controller: AdminPanelSuzug Task: getAssignmentOptionsData: {}
[2022-11-23  12:52:06] [type: Select] [user: admin] [ip: undefined] [proxy: undefined] Database: scheduler; SQL: SELECT * FROM suzug_user_details WHERE  active = '1' and year = '2022' ORDER BY number ASC
[2022-11-23  12:52:06] [type: Select] [user: admin] [ip: undefined] [proxy: undefined] Database: scheduler; SQL: SELECT * FROM users_employment_periods WHERE  active = '1' and inspector = '1' and ( ( start <= '2022-01-01' and end >= '2022-01-01' ) or ( start <= '2022-12-31' and end >= '2022-12-31' )) ORDER BY sort_priority ASC, surname ASC
[2022-11-23  12:54:57] [type: Request] [user: admin] [ip: undefined] [proxy: undefined] Controller: AdminPanelSuzug Task: getAssignmentOptionsData: {}
[2022-11-23  12:54:57] [type: Select] [user: admin] [ip: undefined] [proxy: undefined] Database: scheduler; SQL: SELECT * FROM suzug_user_details WHERE  active = '1' and year = '2022' ORDER BY number ASC
[2022-11-23  12:54:57] [type: Error] [user: admin] [ip: undefined] [proxy: undefined] Services\SuzugService::getAvailableNumbers(): Argument #1 ($assigned) must be of type Tanweb\Container, int given, called in /var/www/html/sys/classes/Services/SuzugService.php on line 36 ;
 #0 /var/www/html/sys/classes/Services/SuzugService.php(36): Services\SuzugService->getAvailableNumbers(2022)
#1 /var/www/html/sys/classes/Controllers/AdminPanelSuzug.php(39): Services\SuzugService->getAssignmentOptions(2022)
#2 /var/www/html/sys/classes/Controllers/Base/Controller.php(112): Controllers\AdminPanelSuzug->getAssignmentOptions()
#3 /var/www/html/sys/classes/Controllers/Base/Controller.php(89): Controllers\Base\Controller->runTask(Object(Tanweb\Request\Request))
#4 /var/www/html/sys/scripts/requests/rest.php(26): Controllers\Base\Controller->run(Object(Tanweb\Request\Request))
#5 {main}
[2022-11-23  12:55:24] [type: Request] [user: admin] [ip: undefined] [proxy: undefined] Controller: AdminPanelSuzug Task: getAssignmentOptionsData: {}
[2022-11-23  12:55:24] [type: Select] [user: admin] [ip: undefined] [proxy: undefined] Database: scheduler; SQL: SELECT * FROM suzug_user_details WHERE  active = '1' and year = '2022' ORDER BY number ASC
[2022-11-23  12:55:24] [type: Select] [user: admin] [ip: undefined] [proxy: undefined] Database: scheduler; SQL: SELECT * FROM users_employment_periods WHERE  active = '1' and inspector = '1' and ( ( start <= '2022-01-01' and end >= '2022-01-01' ) or ( start <= '2022-12-31' and end >= '2022-12-31' )) ORDER BY sort_priority ASC, surname ASC
[2022-11-23  12:55:31] [type: Request] [user: admin] [ip: undefined] [proxy: undefined] Controller: AdminPanelSuzug Task: saveData: {}
[2022-11-23  12:55:31] [type: Select] [user: admin] [ip: undefined] [proxy: undefined] Database: scheduler; SQL: SELECT * FROM suzug_user_details WHERE  active = '1' and year = '2022' and number = '2'
[2022-11-23  12:55:31] [type: Select] [user: admin] [ip: undefined] [proxy: undefined] Database: scheduler; SQL: SELECT * FROM suzug_user_details WHERE  active = '1' and year = '2022' and id_user = '5'
[2022-11-23  12:55:31] [type: insert] [user: admin] [ip: undefined] [proxy: undefined] Database: scheduler; SQL: INSERT INTO suzug_user (year, number, id_user) VALUES ('2022', '2', '5')
[2022-11-23  12:55:33] [type: Request] [user: admin] [ip: undefined] [proxy: undefined] Controller: AdminPanelSuzug Task: getSuzugUsersData: {}
[2022-11-23  12:55:33] [type: Select] [user: admin] [ip: undefined] [proxy: undefined] Database: scheduler; SQL: SELECT * FROM suzug_user_details WHERE  year = '2022' ORDER BY number ASC
[2022-11-23  12:55:40] [type: Request] [user: admin] [ip: undefined] [proxy: undefined] Controller: AdminPanelSuzug Task: getAssignmentOptionsData: {}
[2022-11-23  12:55:40] [type: Select] [user: admin] [ip: undefined] [proxy: undefined] Database: scheduler; SQL: SELECT * FROM suzug_user_details WHERE  active = '1' and year = '2022' ORDER BY number ASC
[2022-11-23  12:55:40] [type: Select] [user: admin] [ip: undefined] [proxy: undefined] Database: scheduler; SQL: SELECT * FROM users_employment_periods WHERE  active = '1' and inspector = '1' and ( ( start <= '2022-01-01' and end >= '2022-01-01' ) or ( start <= '2022-12-31' and end >= '2022-12-31' )) ORDER BY sort_priority ASC, surname ASC
[2022-11-23  12:56:30] [type: Error] [user: admin] [ip: undefined] [proxy: undefined] method changeUsageStatus() not defined.
[2022-11-23  12:56:51] [type: Access] [user: admin] [ip: undefined] [proxy: undefined] http://
[2022-11-23  12:56:53] [type: Request] [user: admin] [ip: undefined] [proxy: undefined] Controller: LanguageSelection Task: getInterfaceNamesData: {}
[2022-11-23  12:56:53] [type: Request] [user: admin] [ip: undefined] [proxy: undefined] Controller: AdminPanelSuzug Task: getSuzugUsersData: {}
[2022-11-23  12:56:53] [type: Select] [user: admin] [ip: undefined] [proxy: undefined] Database: scheduler; SQL: SELECT * FROM suzug_user_details WHERE  year = '2022' ORDER BY number ASC
[2022-11-23  12:56:56] [type: Request] [user: admin] [ip: undefined] [proxy: undefined] Controller: AdminPanelSuzug Task: changeStatusData: {}
[2022-11-23  12:56:56] [type: Select] [user: admin] [ip: undefined] [proxy: undefined] Database: scheduler; SQL: SELECT * FROM suzug_user_details WHERE  id = '2'
[2022-11-23  12:56:56] [type: update] [user: admin] [ip: undefined] [proxy: undefined] Database: scheduler; SQL: UPDATE suzug_user SET active='0' WHERE id = '2'
[2022-11-23  12:56:58] [type: Request] [user: admin] [ip: undefined] [proxy: undefined] Controller: AdminPanelSuzug Task: getSuzugUsersData: {}
[2022-11-23  12:56:58] [type: Select] [user: admin] [ip: undefined] [proxy: undefined] Database: scheduler; SQL: SELECT * FROM suzug_user_details WHERE  year = '2022' ORDER BY number ASC
[2022-11-23  12:57:01] [type: Request] [user: admin] [ip: undefined] [proxy: undefined] Controller: AdminPanelSuzug Task: getAssignmentOptionsData: {}
[2022-11-23  12:57:01] [type: Select] [user: admin] [ip: undefined] [proxy: undefined] Database: scheduler; SQL: SELECT * FROM suzug_user_details WHERE  active = '1' and year = '2022' ORDER BY number ASC
[2022-11-23  12:57:01] [type: Select] [user: admin] [ip: undefined] [proxy: undefined] Database: scheduler; SQL: SELECT * FROM users_employment_periods WHERE  active = '1' and inspector = '1' and ( ( start <= '2022-01-01' and end >= '2022-01-01' ) or ( start <= '2022-12-31' and end >= '2022-12-31' )) ORDER BY sort_priority ASC, surname ASC
[2022-11-23  12:57:10] [type: Request] [user: admin] [ip: undefined] [proxy: undefined] Controller: AdminPanelSuzug Task: getAssignmentOptionsData: {}
[2022-11-23  12:57:10] [type: Select] [user: admin] [ip: undefined] [proxy: undefined] Database: scheduler; SQL: SELECT * FROM suzug_user_details WHERE  active = '1' and year = '2022' ORDER BY number ASC
[2022-11-23  12:57:10] [type: Select] [user: admin] [ip: undefined] [proxy: undefined] Database: scheduler; SQL: SELECT * FROM users_employment_periods WHERE  active = '1' and inspector = '1' and ( ( start <= '2022-01-01' and end >= '2022-01-01' ) or ( start <= '2022-12-31' and end >= '2022-12-31' )) ORDER BY sort_priority ASC, surname ASC
[2022-11-23  12:57:14] [type: Request] [user: admin] [ip: undefined] [proxy: undefined] Controller: AdminPanelSuzug Task: saveData: {}
[2022-11-23  12:57:14] [type: Select] [user: admin] [ip: undefined] [proxy: undefined] Database: scheduler; SQL: SELECT * FROM suzug_user_details WHERE  active = '1' and year = '2022' and number = '2'
[2022-11-23  12:57:14] [type: Select] [user: admin] [ip: undefined] [proxy: undefined] Database: scheduler; SQL: SELECT * FROM suzug_user_details WHERE  active = '1' and year = '2022' and id_user = '5'
[2022-11-23  12:57:14] [type: insert] [user: admin] [ip: undefined] [proxy: undefined] Database: scheduler; SQL: INSERT INTO suzug_user (year, number, id_user) VALUES ('2022', '2', '5')
[2022-11-23  12:57:16] [type: Request] [user: admin] [ip: undefined] [proxy: undefined] Controller: AdminPanelSuzug Task: getSuzugUsersData: {}
[2022-11-23  12:57:16] [type: Select] [user: admin] [ip: undefined] [proxy: undefined] Database: scheduler; SQL: SELECT * FROM suzug_user_details WHERE  year = '2022' ORDER BY number ASC
[2022-11-23  12:57:20] [type: Request] [user: admin] [ip: undefined] [proxy: undefined] Controller: AdminPanelSuzug Task: changeStatusData: {}
[2022-11-23  12:57:20] [type: Select] [user: admin] [ip: undefined] [proxy: undefined] Database: scheduler; SQL: SELECT * FROM suzug_user_details WHERE  id = '2'
[2022-11-23  12:57:20] [type: Select] [user: admin] [ip: undefined] [proxy: undefined] Database: scheduler; SQL: SELECT * FROM suzug_user_details WHERE  active = '1' and year = '2022' and number = '2'
[2022-11-23  12:57:20] [type: Error] [user: admin] [ip: undefined] [proxy: undefined] Wybrany numer jest juz zajęty.
[2022-11-23  12:57:24] [type: Request] [user: admin] [ip: undefined] [proxy: undefined] Controller: AdminPanelSuzug Task: changeStatusData: {}
[2022-11-23  12:57:24] [type: Select] [user: admin] [ip: undefined] [proxy: undefined] Database: scheduler; SQL: SELECT * FROM suzug_user_details WHERE  id = '3'
[2022-11-23  12:57:24] [type: update] [user: admin] [ip: undefined] [proxy: undefined] Database: scheduler; SQL: UPDATE suzug_user SET active='0' WHERE id = '3'
[2022-11-23  12:57:26] [type: Request] [user: admin] [ip: undefined] [proxy: undefined] Controller: AdminPanelSuzug Task: getSuzugUsersData: {}
[2022-11-23  12:57:26] [type: Select] [user: admin] [ip: undefined] [proxy: undefined] Database: scheduler; SQL: SELECT * FROM suzug_user_details WHERE  year = '2022' ORDER BY number ASC
[2022-11-23  12:57:27] [type: Request] [user: admin] [ip: undefined] [proxy: undefined] Controller: AdminPanelSuzug Task: getAssignmentOptionsData: {}
[2022-11-23  12:57:27] [type: Select] [user: admin] [ip: undefined] [proxy: undefined] Database: scheduler; SQL: SELECT * FROM suzug_user_details WHERE  active = '1' and year = '2022' ORDER BY number ASC
[2022-11-23  12:57:27] [type: Select] [user: admin] [ip: undefined] [proxy: undefined] Database: scheduler; SQL: SELECT * FROM users_employment_periods WHERE  active = '1' and inspector = '1' and ( ( start <= '2022-01-01' and end >= '2022-01-01' ) or ( start <= '2022-12-31' and end >= '2022-12-31' )) ORDER BY sort_priority ASC, surname ASC
[2022-11-23  12:57:32] [type: Request] [user: admin] [ip: undefined] [proxy: undefined] Controller: AdminPanelSuzug Task: saveData: {}
[2022-11-23  12:57:32] [type: Select] [user: admin] [ip: undefined] [proxy: undefined] Database: scheduler; SQL: SELECT * FROM suzug_user_details WHERE  active = '1' and year = '2022' and number = '3'
[2022-11-23  12:57:32] [type: Select] [user: admin] [ip: undefined] [proxy: undefined] Database: scheduler; SQL: SELECT * FROM suzug_user_details WHERE  active = '1' and year = '2022' and id_user = '5'
[2022-11-23  12:57:32] [type: insert] [user: admin] [ip: undefined] [proxy: undefined] Database: scheduler; SQL: INSERT INTO suzug_user (year, number, id_user) VALUES ('2022', '3', '5')
[2022-11-23  12:57:33] [type: Request] [user: admin] [ip: undefined] [proxy: undefined] Controller: AdminPanelSuzug Task: getSuzugUsersData: {}
[2022-11-23  12:57:33] [type: Select] [user: admin] [ip: undefined] [proxy: undefined] Database: scheduler; SQL: SELECT * FROM suzug_user_details WHERE  year = '2022' ORDER BY number ASC
[2022-11-23  12:57:36] [type: Request] [user: admin] [ip: undefined] [proxy: undefined] Controller: AdminPanelSuzug Task: changeStatusData: {}
[2022-11-23  12:57:36] [type: Select] [user: admin] [ip: undefined] [proxy: undefined] Database: scheduler; SQL: SELECT * FROM suzug_user_details WHERE  id = '3'
[2022-11-23  12:57:36] [type: Select] [user: admin] [ip: undefined] [proxy: undefined] Database: scheduler; SQL: SELECT * FROM suzug_user_details WHERE  active = '1' and year = '2022' and number = '2'
[2022-11-23  12:57:36] [type: Select] [user: admin] [ip: undefined] [proxy: undefined] Database: scheduler; SQL: SELECT * FROM suzug_user_details WHERE  active = '1' and year = '2022' and id_user = '5'
[2022-11-23  12:57:36] [type: Error] [user: admin] [ip: undefined] [proxy: undefined] Wybrany użytkownik ma już przypisany numer.
[2022-11-23  12:57:49] [type: Request] [user: admin] [ip: undefined] [proxy: undefined] Controller: AdminPanelSuzug Task: getAssignmentOptionsData: {}
[2022-11-23  12:57:49] [type: Select] [user: admin] [ip: undefined] [proxy: undefined] Database: scheduler; SQL: SELECT * FROM suzug_user_details WHERE  active = '1' and year = '2022' ORDER BY number ASC
[2022-11-23  12:57:49] [type: Select] [user: admin] [ip: undefined] [proxy: undefined] Database: scheduler; SQL: SELECT * FROM users_employment_periods WHERE  active = '1' and inspector = '1' and ( ( start <= '2022-01-01' and end >= '2022-01-01' ) or ( start <= '2022-12-31' and end >= '2022-12-31' )) ORDER BY sort_priority ASC, surname ASC
[2022-11-23  12:58:11] [type: Access] [user: admin] [ip: undefined] [proxy: undefined] http://
[2022-11-23  12:58:13] [type: Request] [user: admin] [ip: undefined] [proxy: undefined] Controller: LanguageSelection Task: getInterfaceNamesData: {}
[2022-11-23  12:58:14] [type: Request] [user: admin] [ip: undefined] [proxy: undefined] Controller: AdminPanelUsers Task: getUserPrivilagesData: {}
[2022-11-23  12:58:14] [type: Select] [user: admin] [ip: undefined] [proxy: undefined] Database: scheduler; SQL: SELECT * FROM privilages WHERE  id_user = '0'
[2022-11-23  12:58:14] [type: Request] [user: admin] [ip: undefined] [proxy: undefined] Controller: AdminPanelUsers Task: getAllUsersData: {}
[2022-11-23  12:58:14] [type: Select] [user: admin] [ip: undefined] [proxy: undefined] Database: scheduler; SQL: SELECT * FROM users_without_passwords
[2022-11-23  12:58:14] [type: Request] [user: admin] [ip: undefined] [proxy: undefined] Controller: AdminPanelUsers Task: getUserEmploymentPeriodsData: {}
[2022-11-23  12:58:14] [type: Select] [user: admin] [ip: undefined] [proxy: undefined] Database: scheduler; SQL: SELECT * FROM employment WHERE  id_user = '0'
[2022-11-23  12:58:39] [type: Request] [user: admin] [ip: undefined] [proxy: undefined] Controller: AdminPanelUsers Task: saveUserData: {}
[2022-11-23  12:58:39] [type: insert] [user: admin] [ip: undefined] [proxy: undefined] Database: scheduler; SQL: INSERT INTO user (username, name, surname, short, password) VALUES ('tester', 'Test', 'Testowy', 'TEST', '$2y$10$Pandt4p34LDhI/YN29EMGeUQ.56zLsq2WHk.ukAq3h/OhqB5TsdDK')
[2022-11-23  12:58:40] [type: Request] [user: admin] [ip: undefined] [proxy: undefined] Controller: AdminPanelUsers Task: getUserPrivilagesData: {}
[2022-11-23  12:58:40] [type: Select] [user: admin] [ip: undefined] [proxy: undefined] Database: scheduler; SQL: SELECT * FROM privilages WHERE  id_user = '0'
[2022-11-23  12:58:41] [type: Request] [user: admin] [ip: undefined] [proxy: undefined] Controller: AdminPanelUsers Task: getAllUsersData: {}
[2022-11-23  12:58:41] [type: Select] [user: admin] [ip: undefined] [proxy: undefined] Database: scheduler; SQL: SELECT * FROM users_without_passwords
[2022-11-23  12:58:41] [type: Request] [user: admin] [ip: undefined] [proxy: undefined] Controller: AdminPanelUsers Task: getUserEmploymentPeriodsData: {}
[2022-11-23  12:58:41] [type: Select] [user: admin] [ip: undefined] [proxy: undefined] Database: scheduler; SQL: SELECT * FROM employment WHERE  id_user = '0'
[2022-11-23  12:58:42] [type: Request] [user: admin] [ip: undefined] [proxy: undefined] Controller: AdminPanelUsers Task: getUserEmploymentPeriodsData: {}
[2022-11-23  12:58:42] [type: Select] [user: admin] [ip: undefined] [proxy: undefined] Database: scheduler; SQL: SELECT * FROM employment WHERE  id_user = '6'
[2022-11-23  12:58:42] [type: Request] [user: admin] [ip: undefined] [proxy: undefined] Controller: AdminPanelUsers Task: getUserPrivilagesData: {}
[2022-11-23  12:58:42] [type: Select] [user: admin] [ip: undefined] [proxy: undefined] Database: scheduler; SQL: SELECT * FROM privilages WHERE  id_user = '6'
[2022-11-23  12:58:44] [type: Request] [user: admin] [ip: undefined] [proxy: undefined] Controller: AdminPanelUsers Task: getPrivilagesListData: {}
[2022-11-23  12:59:02] [type: Request] [user: admin] [ip: undefined] [proxy: undefined] Controller: AdminPanelUsers Task: savePrivilageData: {}
[2022-11-23  12:59:02] [type: Select] [user: admin] [ip: undefined] [proxy: undefined] Database: scheduler; SQL: SELECT * FROM privilages WHERE  id_user = '6'
[2022-11-23  12:59:02] [type: insert] [user: admin] [ip: undefined] [proxy: undefined] Database: scheduler; SQL: INSERT INTO privilages (privilage, id_user) VALUES ('schedule_user', '6')
[2022-11-23  12:59:04] [type: Request] [user: admin] [ip: undefined] [proxy: undefined] Controller: AdminPanelUsers Task: getUserPrivilagesData: {}
[2022-11-23  12:59:04] [type: Select] [user: admin] [ip: undefined] [proxy: undefined] Database: scheduler; SQL: SELECT * FROM privilages WHERE  id_user = '6'
[2022-11-23  12:59:40] [type: Request] [user: admin] [ip: undefined] [proxy: undefined] Controller: AdminPanelUsers Task: saveEmploymentPeriodData: {}
[2022-11-23  12:59:40] [type: Select] [user: admin] [ip: undefined] [proxy: undefined] Database: scheduler; SQL: SELECT * FROM employment WHERE  id_user = '6'
[2022-11-23  12:59:40] [type: insert] [user: admin] [ip: undefined] [proxy: undefined] Database: scheduler; SQL: INSERT INTO employment (position, user_type, start, end, sort_priority, standard_day_start, standard_day_end, leadership, inspector, id_user) VALUES ('Test inspektor', 'INS', '2022-11-01', '2122-11-23', '10', '07:00', '15:00', '0', '1', '6')
[2022-11-23  12:59:41] [type: Request] [user: admin] [ip: undefined] [proxy: undefined] Controller: AdminPanelUsers Task: getUserEmploymentPeriodsData: {}
[2022-11-23  12:59:41] [type: Select] [user: admin] [ip: undefined] [proxy: undefined] Database: scheduler; SQL: SELECT * FROM employment WHERE  id_user = '6'
[2022-11-23  12:59:49] [type: Access] [user: admin] [ip: undefined] [proxy: undefined] http://
[2022-11-23  12:59:49] [type: Select] [user: admin] [ip: undefined] [proxy: undefined] Database: scheduler; SQL: SELECT * FROM users_employment_periods WHERE  active = '1' and ( ( start <= '2022-11-1' and end >= '2022-11-1' ) or ( start <= '2022-11-30' and end >= '2022-11-30' )) ORDER BY sort_priority ASC, surname ASC
[2022-11-23  12:59:50] [type: Request] [user: admin] [ip: undefined] [proxy: undefined] Controller: LanguageSelection Task: getInterfaceNamesData: {}
[2022-11-23  12:59:51] [type: Access] [user: admin] [ip: undefined] [proxy: undefined] http://
[2022-11-23  12:59:53] [type: Request] [user: admin] [ip: undefined] [proxy: undefined] Controller: LanguageSelection Task: getInterfaceNamesData: {}
[2022-11-23  12:59:53] [type: Request] [user: admin] [ip: undefined] [proxy: undefined] Controller: AdminPanelUsers Task: getAllUsersData: {}
[2022-11-23  12:59:53] [type: Select] [user: admin] [ip: undefined] [proxy: undefined] Database: scheduler; SQL: SELECT * FROM users_without_passwords
[2022-11-23  12:59:54] [type: Request] [user: admin] [ip: undefined] [proxy: undefined] Controller: AdminPanelUsers Task: getUserPrivilagesData: {}
[2022-11-23  12:59:54] [type: Select] [user: admin] [ip: undefined] [proxy: undefined] Database: scheduler; SQL: SELECT * FROM privilages WHERE  id_user = '0'
[2022-11-23  12:59:54] [type: Request] [user: admin] [ip: undefined] [proxy: undefined] Controller: AdminPanelUsers Task: getUserEmploymentPeriodsData: {}
[2022-11-23  12:59:54] [type: Select] [user: admin] [ip: undefined] [proxy: undefined] Database: scheduler; SQL: SELECT * FROM employment WHERE  id_user = '0'
[2022-11-23  12:59:58] [type: Access] [user: admin] [ip: undefined] [proxy: undefined] http://
[2022-11-23  13:00:00] [type: Request] [user: admin] [ip: undefined] [proxy: undefined] Controller: LanguageSelection Task: getInterfaceNamesData: {}
[2022-11-23  13:00:00] [type: Request] [user: admin] [ip: undefined] [proxy: undefined] Controller: AdminPanelSuzug Task: getSuzugUsersData: {}
[2022-11-23  13:00:00] [type: Select] [user: admin] [ip: undefined] [proxy: undefined] Database: scheduler; SQL: SELECT * FROM suzug_user_details WHERE  year = '2022' ORDER BY number ASC
[2022-11-23  13:00:03] [type: Request] [user: admin] [ip: undefined] [proxy: undefined] Controller: AdminPanelSuzug Task: getAssignmentOptionsData: {}
[2022-11-23  13:00:03] [type: Select] [user: admin] [ip: undefined] [proxy: undefined] Database: scheduler; SQL: SELECT * FROM suzug_user_details WHERE  active = '1' and year = '2022' ORDER BY number ASC
[2022-11-23  13:00:03] [type: Select] [user: admin] [ip: undefined] [proxy: undefined] Database: scheduler; SQL: SELECT * FROM users_employment_periods WHERE  active = '1' and inspector = '1' and ( ( start <= '2022-01-01' and end >= '2022-01-01' ) or ( start <= '2022-12-31' and end >= '2022-12-31' )) ORDER BY sort_priority ASC, surname ASC
[2022-11-23  13:00:11] [type: Request] [user: admin] [ip: undefined] [proxy: undefined] Controller: AdminPanelSuzug Task: saveData: {}
[2022-11-23  13:00:11] [type: Select] [user: admin] [ip: undefined] [proxy: undefined] Database: scheduler; SQL: SELECT * FROM suzug_user_details WHERE  active = '1' and year = '2022' and number = '4'
[2022-11-23  13:00:11] [type: Select] [user: admin] [ip: undefined] [proxy: undefined] Database: scheduler; SQL: SELECT * FROM suzug_user_details WHERE  active = '1' and year = '2022' and id_user = '6'
[2022-11-23  13:00:11] [type: insert] [user: admin] [ip: undefined] [proxy: undefined] Database: scheduler; SQL: INSERT INTO suzug_user (year, number, id_user) VALUES ('2022', '4', '6')
[2022-11-23  13:00:12] [type: Request] [user: admin] [ip: undefined] [proxy: undefined] Controller: AdminPanelSuzug Task: getSuzugUsersData: {}
[2022-11-23  13:00:12] [type: Select] [user: admin] [ip: undefined] [proxy: undefined] Database: scheduler; SQL: SELECT * FROM suzug_user_details WHERE  year = '2022' ORDER BY number ASC
[2022-11-23  13:00:14] [type: Request] [user: admin] [ip: undefined] [proxy: undefined] Controller: AdminPanelSuzug Task: getAssignmentOptionsData: {}
[2022-11-23  13:00:14] [type: Select] [user: admin] [ip: undefined] [proxy: undefined] Database: scheduler; SQL: SELECT * FROM suzug_user_details WHERE  active = '1' and year = '2022' ORDER BY number ASC
[2022-11-23  13:00:14] [type: Select] [user: admin] [ip: undefined] [proxy: undefined] Database: scheduler; SQL: SELECT * FROM users_employment_periods WHERE  active = '1' and inspector = '1' and ( ( start <= '2022-01-01' and end >= '2022-01-01' ) or ( start <= '2022-12-31' and end >= '2022-12-31' )) ORDER BY sort_priority ASC, surname ASC
[2022-11-23  13:00:27] [type: Request] [user: admin] [ip: undefined] [proxy: undefined] Controller: AdminPanelSuzug Task: changeStatusData: {}
[2022-11-23  13:00:27] [type: Select] [user: admin] [ip: undefined] [proxy: undefined] Database: scheduler; SQL: SELECT * FROM suzug_user_details WHERE  id = '5'
[2022-11-23  13:00:27] [type: update] [user: admin] [ip: undefined] [proxy: undefined] Database: scheduler; SQL: UPDATE suzug_user SET active='0' WHERE id = '5'
[2022-11-23  13:00:29] [type: Request] [user: admin] [ip: undefined] [proxy: undefined] Controller: AdminPanelSuzug Task: getSuzugUsersData: {}
[2022-11-23  13:00:29] [type: Select] [user: admin] [ip: undefined] [proxy: undefined] Database: scheduler; SQL: SELECT * FROM suzug_user_details WHERE  year = '2022' ORDER BY number ASC
[2022-11-23  13:00:44] [type: Request] [user: admin] [ip: undefined] [proxy: undefined] Controller: AdminPanelSuzug Task: getAssignmentOptionsData: {}
[2022-11-23  13:00:44] [type: Select] [user: admin] [ip: undefined] [proxy: undefined] Database: scheduler; SQL: SELECT * FROM suzug_user_details WHERE  active = '1' and year = '2022' ORDER BY number ASC
[2022-11-23  13:00:44] [type: Select] [user: admin] [ip: undefined] [proxy: undefined] Database: scheduler; SQL: SELECT * FROM users_employment_periods WHERE  active = '1' and inspector = '1' and ( ( start <= '2022-01-01' and end >= '2022-01-01' ) or ( start <= '2022-12-31' and end >= '2022-12-31' )) ORDER BY sort_priority ASC, surname ASC
[2022-11-23  13:00:49] [type: Request] [user: admin] [ip: undefined] [proxy: undefined] Controller: AdminPanelSuzug Task: saveData: {}
[2022-11-23  13:00:49] [type: Select] [user: admin] [ip: undefined] [proxy: undefined] Database: scheduler; SQL: SELECT * FROM suzug_user_details WHERE  active = '1' and year = '2022' and number = '2'
[2022-11-23  13:00:49] [type: Select] [user: admin] [ip: undefined] [proxy: undefined] Database: scheduler; SQL: SELECT * FROM suzug_user_details WHERE  active = '1' and year = '2022' and id_user = '6'
[2022-11-23  13:00:49] [type: insert] [user: admin] [ip: undefined] [proxy: undefined] Database: scheduler; SQL: INSERT INTO suzug_user (year, number, id_user) VALUES ('2022', '2', '6')
[2022-11-23  13:00:51] [type: Request] [user: admin] [ip: undefined] [proxy: undefined] Controller: AdminPanelSuzug Task: getSuzugUsersData: {}
[2022-11-23  13:00:51] [type: Select] [user: admin] [ip: undefined] [proxy: undefined] Database: scheduler; SQL: SELECT * FROM suzug_user_details WHERE  year = '2022' ORDER BY number ASC
[2022-11-23  13:03:06] [type: Access] [user: admin] [ip: undefined] [proxy: undefined] http://
[2022-11-23  13:03:07] [type: Request] [user: admin] [ip: undefined] [proxy: undefined] Controller: LanguageSelection Task: getInterfaceNamesData: {}
[2022-11-23  13:03:08] [type: Request] [user: admin] [ip: undefined] [proxy: undefined] Controller: AdminPanelSuzug Task: getSuzugUsersData: {}
[2022-11-23  13:03:08] [type: Select] [user: admin] [ip: undefined] [proxy: undefined] Database: scheduler; SQL: SELECT * FROM suzug_user_details WHERE  year = '2022' ORDER BY number ASC
[2022-11-23  13:03:20] [type: Access] [user: admin] [ip: undefined] [proxy: undefined] http://
[2022-11-23  13:03:21] [type: Select] [user: admin] [ip: undefined] [proxy: undefined] Database: scheduler; SQL: SELECT * FROM users_employment_periods WHERE  active = '1' and ( ( start <= '2022-11-1' and end >= '2022-11-1' ) or ( start <= '2022-11-30' and end >= '2022-11-30' )) ORDER BY sort_priority ASC, surname ASC
[2022-11-23  13:03:21] [type: Request] [user: admin] [ip: undefined] [proxy: undefined] Controller: LanguageSelection Task: getInterfaceNamesData: {}
[2022-11-23  13:03:26] [type: Request] [user: admin] [ip: undefined] [proxy: undefined] Controller: PrintsSchedule Task: generateAttendanceListData: {}
[2022-11-23  13:03:26] [type: Select] [user: admin] [ip: undefined] [proxy: undefined] Database: scheduler; SQL: SELECT * FROM users_employment_periods WHERE  active = '1' and ( ( start <= '2022-11-1' and end >= '2022-11-1' ) or ( start <= '2022-11-30' and end >= '2022-11-30' )) ORDER BY sort_priority ASC, surname ASC
[2022-11-23  13:03:26] [type: Select] [user: admin] [ip: undefined] [proxy: undefined] Database: scheduler; SQL: SELECT * FROM days_off WHERE  active = '1' and for_all = '1' and month(date) = '11' and year(date) = '2022'
[2022-11-23  13:03:26] [type: Select] [user: admin] [ip: undefined] [proxy: undefined] Database: scheduler; SQL: SELECT * FROM users_employment_periods WHERE  active = '1' and ( ( start <= '2022-11-1' and end >= '2022-11-1' ) or ( start <= '2022-11-30' and end >= '2022-11-30' )) ORDER BY sort_priority ASC, surname ASC
[2022-11-23  13:03:48] [type: Request] [user: admin] [ip: undefined] [proxy: undefined] Controller: PrintsSchedule Task: generateTimesheetsData: {}
[2022-11-23  13:03:48] [type: Select] [user: admin] [ip: undefined] [proxy: undefined] Database: scheduler; SQL: SELECT * FROM user WHERE  username = 'tester'
[2022-11-23  13:03:48] [type: Select] [user: admin] [ip: undefined] [proxy: undefined] Database: scheduler; SQL: SELECT * FROM users_employment_periods WHERE  username = 'tester' and start <= '2022-11-30' and end >= '2022-11-1'
[2022-11-23  13:03:48] [type: Select] [user: admin] [ip: undefined] [proxy: undefined] Database: scheduler; SQL: SELECT * FROM users_employment_periods WHERE  active = '1' and start <= '2022-11-30' and username = 'tester' ORDER BY start ASC
[2022-11-23  13:03:48] [type: Select] [user: admin] [ip: undefined] [proxy: undefined] Database: scheduler; SQL: SELECT * FROM schedule_entries WHERE  start <= '2022-10-30 23:59:59' and username = 'tester' and active = '1' ORDER BY start ASC
[2022-11-23  13:03:48] [type: Select] [user: admin] [ip: undefined] [proxy: undefined] Database: scheduler; SQL: SELECT * FROM schedule_entries WHERE  start < '2022-11-30 23:59:59' and end > '2022-11-01 00:00:00' and username = 'tester' and active = '1' ORDER BY start ASC
[2022-11-23  13:03:48] [type: Select] [user: admin] [ip: undefined] [proxy: undefined] Database: scheduler; SQL: SELECT * FROM days_off WHERE  active = '1' and for_all = '1' and month(date) = '11' and year(date) = '2022'
[2022-11-23  13:03:48] [type: Select] [user: admin] [ip: undefined] [proxy: undefined] Database: scheduler; SQL: SELECT * FROM days_off_user_details WHERE  username = 'tester' and month(days_off_date) = '11' and year(days_off_date) = '2022'
[2022-11-23  13:03:48] [type: Select] [user: admin] [ip: undefined] [proxy: undefined] Database: scheduler; SQL: SELECT * FROM users_employment_periods WHERE  active = '1' and start <= '2022-11-30' and end >= '2022-11-01' and username = 'tester' ORDER BY start ASC
[2022-11-23  13:03:48] [type: Select] [user: admin] [ip: undefined] [proxy: undefined] Database: scheduler; SQL: SELECT * FROM overtime_reduction_details WHERE  active = '1' and username = 'tester' and date <= '2022-10-01'
[2022-11-23  13:03:48] [type: Select] [user: admin] [ip: undefined] [proxy: undefined] Database: scheduler; SQL: SELECT * FROM overtime_reduction_details WHERE  active = '1' and username = 'tester' and date <= '2022-10-01'
[2022-11-23  13:03:48] [type: Select] [user: admin] [ip: undefined] [proxy: undefined] Database: scheduler; SQL: SELECT * FROM overtime_reduction_details WHERE  active = '1' and username = 'tester' and date <= '2022-10-01'
[2022-11-23  13:03:48] [type: Select] [user: admin] [ip: undefined] [proxy: undefined] Database: scheduler; SQL: SELECT * FROM overtime_reduction_details WHERE  active = '1' and username = 'tester' and date = '2022-11-01'
[2022-11-23  13:04:06] [type: Request] [user: admin] [ip: undefined] [proxy: undefined] Controller: PrintsSchedule Task: generateNightShiftReportData: {}
[2022-11-23  13:04:06] [type: Select] [user: admin] [ip: undefined] [proxy: undefined] Database: scheduler; SQL: SELECT * FROM users_employment_periods WHERE  active = '1' and ( ( start <= '2022-11-1' and end >= '2022-11-1' ) or ( start <= '2022-11-30' and end >= '2022-11-30' )) ORDER BY sort_priority ASC, surname ASC
[2022-11-23  13:04:06] [type: Select] [user: admin] [ip: undefined] [proxy: undefined] Database: scheduler; SQL: SELECT * FROM schedule_entries WHERE  start < '2022-12-01 23:59:59' and end > '2022-10-31 00:00:00' and active = '1' ORDER BY start ASC
[2022-11-23  13:04:06] [type: Select] [user: admin] [ip: undefined] [proxy: undefined] Database: scheduler; SQL: SELECT * FROM night_shift_report_number WHERE  year = '2022'
[2022-11-23  13:04:12] [type: Request] [user: admin] [ip: undefined] [proxy: undefined] Controller: PrintsSchedule Task: getUsersData: {}
[2022-11-23  13:04:12] [type: Select] [user: admin] [ip: undefined] [proxy: undefined] Database: scheduler; SQL: SELECT * FROM users_employment_periods WHERE  active = '1' and ( ( start <= '2022-10-1' and end >= '2022-10-1' ) or ( start <= '2022-10-31' and end >= '2022-10-31' )) ORDER BY sort_priority ASC, surname ASC
[2022-11-23  13:04:12] [type: Request] [user: admin] [ip: undefined] [proxy: undefined] Controller: PrintsSchedule Task: generateNightShiftReportData: {}
[2022-11-23  13:04:12] [type: Select] [user: admin] [ip: undefined] [proxy: undefined] Database: scheduler; SQL: SELECT * FROM users_employment_periods WHERE  active = '1' and ( ( start <= '2022-10-1' and end >= '2022-10-1' ) or ( start <= '2022-10-31' and end >= '2022-10-31' )) ORDER BY sort_priority ASC, surname ASC
[2022-11-23  13:04:12] [type: Select] [user: admin] [ip: undefined] [proxy: undefined] Database: scheduler; SQL: SELECT * FROM schedule_entries WHERE  start < '2022-11-01 23:59:59' and end > '2022-09-30 00:00:00' and active = '1' ORDER BY start ASC
[2022-11-23  13:04:12] [type: Select] [user: admin] [ip: undefined] [proxy: undefined] Database: scheduler; SQL: SELECT * FROM night_shift_report_number WHERE  year = '2022'
[2022-11-23  13:07:30] [type: Access] [user: admin] [ip: undefined] [proxy: undefined] http://
[2022-11-23  13:07:31] [type: Request] [user: admin] [ip: undefined] [proxy: undefined] Controller: LanguageSelection Task: getInterfaceNamesData: {}
[2022-11-23  13:07:32] [type: Request] [user: admin] [ip: undefined] [proxy: undefined] Controller: AdminPanelUsers Task: getAllUsersData: {}
[2022-11-23  13:07:32] [type: Select] [user: admin] [ip: undefined] [proxy: undefined] Database: scheduler; SQL: SELECT * FROM users_without_passwords
[2022-11-23  13:07:32] [type: Request] [user: admin] [ip: undefined] [proxy: undefined] Controller: AdminPanelUsers Task: getUserPrivilagesData: {}
[2022-11-23  13:07:32] [type: Select] [user: admin] [ip: undefined] [proxy: undefined] Database: scheduler; SQL: SELECT * FROM privilages WHERE  id_user = '0'
[2022-11-23  13:07:33] [type: Request] [user: admin] [ip: undefined] [proxy: undefined] Controller: AdminPanelUsers Task: getUserEmploymentPeriodsData: {}
[2022-11-23  13:07:33] [type: Select] [user: admin] [ip: undefined] [proxy: undefined] Database: scheduler; SQL: SELECT * FROM employment WHERE  id_user = '0'
[2022-11-23  13:07:34] [type: Access] [user: admin] [ip: undefined] [proxy: undefined] http://
[2022-11-23  13:07:35] [type: Request] [user: admin] [ip: undefined] [proxy: undefined] Controller: LanguageSelection Task: getInterfaceNamesData: {}
[2022-11-23  13:07:36] [type: Request] [user: admin] [ip: undefined] [proxy: undefined] Controller: AdminPanelSuzug Task: getSuzugUsersData: {}
[2022-11-23  13:07:36] [type: Select] [user: admin] [ip: undefined] [proxy: undefined] Database: scheduler; SQL: SELECT * FROM suzug_user_details WHERE  year = '2022' ORDER BY number ASC
[2022-11-23  13:07:51] [type: Access] [user: admin] [ip: undefined] [proxy: undefined] http://
[2022-11-23  13:07:53] [type: Request] [user: admin] [ip: undefined] [proxy: undefined] Controller: LanguageSelection Task: getInterfaceNamesData: {}
[2022-11-23  13:07:53] [type: Request] [user: admin] [ip: undefined] [proxy: undefined] Controller: AdminPanelSuzug Task: getSuzugUsersData: {}
[2022-11-23  13:07:53] [type: Select] [user: admin] [ip: undefined] [proxy: undefined] Database: scheduler; SQL: SELECT * FROM suzug_user_details WHERE  year = '2022' ORDER BY number ASC
[2022-11-23  13:07:59] [type: Request] [user: admin] [ip: undefined] [proxy: undefined] Controller: AdminPanelSuzug Task: getAssignmentOptionsData: {}
[2022-11-23  13:07:59] [type: Select] [user: admin] [ip: undefined] [proxy: undefined] Database: scheduler; SQL: SELECT * FROM suzug_user_details WHERE  active = '1' and year = '2022' ORDER BY number ASC
[2022-11-23  13:07:59] [type: Select] [user: admin] [ip: undefined] [proxy: undefined] Database: scheduler; SQL: SELECT * FROM users_employment_periods WHERE  active = '1' and inspector = '1' and ( ( start <= '2022-01-01' and end >= '2022-01-01' ) or ( start <= '2022-12-31' and end >= '2022-12-31' )) ORDER BY sort_priority ASC, surname ASC
[2022-11-23  13:08:17] [type: Request] [user: admin] [ip: undefined] [proxy: undefined] Controller: AdminPanelSuzug Task: saveData: {}
[2022-11-23  13:08:17] [type: Select] [user: admin] [ip: undefined] [proxy: undefined] Database: scheduler; SQL: SELECT * FROM suzug_user_details WHERE  active = '1' and year = '2022' and number = '6'
[2022-11-23  13:08:17] [type: Select] [user: admin] [ip: undefined] [proxy: undefined] Database: scheduler; SQL: SELECT * FROM suzug_user_details WHERE  active = '1' and year = '2022' and id_user = '6'
[2022-11-23  13:08:17] [type: Error] [user: admin] [ip: undefined] [proxy: undefined] Wybrany użytkownik ma już przypisany numer.
[2022-11-23  13:09:28] [type: Request] [user: admin] [ip: undefined] [proxy: undefined] Controller: AdminPanelSuzug Task: getAssignmentOptionsData: {}
[2022-11-23  13:09:28] [type: Select] [user: admin] [ip: undefined] [proxy: undefined] Database: scheduler; SQL: SELECT * FROM suzug_user_details WHERE  active = '1' and year = '2022' ORDER BY number ASC
[2022-11-23  13:09:28] [type: Select] [user: admin] [ip: undefined] [proxy: undefined] Database: scheduler; SQL: SELECT * FROM users_employment_periods WHERE  active = '1' and inspector = '1' and ( ( start <= '2022-01-01' and end >= '2022-01-01' ) or ( start <= '2022-12-31' and end >= '2022-12-31' )) ORDER BY sort_priority ASC, surname ASC
[2022-11-23  13:09:36] [type: Request] [user: admin] [ip: undefined] [proxy: undefined] Controller: AdminPanelSuzug Task: changeStatusData: {}
[2022-11-23  13:09:36] [type: Select] [user: admin] [ip: undefined] [proxy: undefined] Database: scheduler; SQL: SELECT * FROM suzug_user_details WHERE  id = '6'
[2022-11-23  13:09:36] [type: update] [user: admin] [ip: undefined] [proxy: undefined] Database: scheduler; SQL: UPDATE suzug_user SET active='0' WHERE id = '6'
[2022-11-23  13:09:38] [type: Request] [user: admin] [ip: undefined] [proxy: undefined] Controller: AdminPanelSuzug Task: getSuzugUsersData: {}
[2022-11-23  13:09:38] [type: Select] [user: admin] [ip: undefined] [proxy: undefined] Database: scheduler; SQL: SELECT * FROM suzug_user_details WHERE  year = '2022' ORDER BY number ASC
[2022-11-23  13:09:40] [type: Request] [user: admin] [ip: undefined] [proxy: undefined] Controller: AdminPanelSuzug Task: getAssignmentOptionsData: {}
[2022-11-23  13:09:40] [type: Select] [user: admin] [ip: undefined] [proxy: undefined] Database: scheduler; SQL: SELECT * FROM suzug_user_details WHERE  active = '1' and year = '2022' ORDER BY number ASC
[2022-11-23  13:09:40] [type: Select] [user: admin] [ip: undefined] [proxy: undefined] Database: scheduler; SQL: SELECT * FROM users_employment_periods WHERE  active = '1' and inspector = '1' and ( ( start <= '2022-01-01' and end >= '2022-01-01' ) or ( start <= '2022-12-31' and end >= '2022-12-31' )) ORDER BY sort_priority ASC, surname ASC
[2022-11-23  13:09:45] [type: Request] [user: admin] [ip: undefined] [proxy: undefined] Controller: AdminPanelSuzug Task: saveData: {}
[2022-11-23  13:09:45] [type: Select] [user: admin] [ip: undefined] [proxy: undefined] Database: scheduler; SQL: SELECT * FROM suzug_user_details WHERE  active = '1' and year = '2022' and number = '5'
[2022-11-23  13:09:45] [type: Select] [user: admin] [ip: undefined] [proxy: undefined] Database: scheduler; SQL: SELECT * FROM suzug_user_details WHERE  active = '1' and year = '2022' and id_user = '6'
[2022-11-23  13:09:45] [type: insert] [user: admin] [ip: undefined] [proxy: undefined] Database: scheduler; SQL: INSERT INTO suzug_user (year, number, id_user) VALUES ('2022', '5', '6')
[2022-11-23  13:09:46] [type: Request] [user: admin] [ip: undefined] [proxy: undefined] Controller: AdminPanelSuzug Task: getSuzugUsersData: {}
[2022-11-23  13:09:46] [type: Select] [user: admin] [ip: undefined] [proxy: undefined] Database: scheduler; SQL: SELECT * FROM suzug_user_details WHERE  year = '2022' ORDER BY number ASC
[2022-11-23  13:09:48] [type: Request] [user: admin] [ip: undefined] [proxy: undefined] Controller: AdminPanelSuzug Task: changeStatusData: {}
[2022-11-23  13:09:48] [type: Select] [user: admin] [ip: undefined] [proxy: undefined] Database: scheduler; SQL: SELECT * FROM suzug_user_details WHERE  id = '6'
[2022-11-23  13:09:48] [type: Select] [user: admin] [ip: undefined] [proxy: undefined] Database: scheduler; SQL: SELECT * FROM suzug_user_details WHERE  active = '1' and year = '2022' and number = '2'
[2022-11-23  13:09:48] [type: Select] [user: admin] [ip: undefined] [proxy: undefined] Database: scheduler; SQL: SELECT * FROM suzug_user_details WHERE  active = '1' and year = '2022' and id_user = '6'
[2022-11-23  13:09:48] [type: Error] [user: admin] [ip: undefined] [proxy: undefined] Wybrany użytkownik ma już przypisany numer.
[2022-11-23  13:09:54] [type: Request] [user: admin] [ip: undefined] [proxy: undefined] Controller: AdminPanelSuzug Task: changeStatusData: {}
[2022-11-23  13:09:54] [type: Select] [user: admin] [ip: undefined] [proxy: undefined] Database: scheduler; SQL: SELECT * FROM suzug_user_details WHERE  id = '7'
[2022-11-23  13:09:54] [type: update] [user: admin] [ip: undefined] [proxy: undefined] Database: scheduler; SQL: UPDATE suzug_user SET active='0' WHERE id = '7'
[2022-11-23  13:09:55] [type: Request] [user: admin] [ip: undefined] [proxy: undefined] Controller: AdminPanelSuzug Task: getSuzugUsersData: {}
[2022-11-23  13:09:55] [type: Select] [user: admin] [ip: undefined] [proxy: undefined] Database: scheduler; SQL: SELECT * FROM suzug_user_details WHERE  year = '2022' ORDER BY number ASC
[2022-11-23  13:10:25] [type: Access] [user: admin] [ip: undefined] [proxy: undefined] http://
[2022-11-23  13:10:27] [type: Request] [user: admin] [ip: undefined] [proxy: undefined] Controller: LanguageSelection Task: getInterfaceNamesData: {}
[2022-11-23  13:10:27] [type: Request] [user: admin] [ip: undefined] [proxy: undefined] Controller: AdminPanelSuzug Task: getSuzugUsersData: {}
[2022-11-23  13:10:27] [type: Select] [user: admin] [ip: undefined] [proxy: undefined] Database: scheduler; SQL: SELECT * FROM suzug_user_details WHERE  year = '2022' ORDER BY number ASC
[2022-11-23  13:10:29] [type: Request] [user: admin] [ip: undefined] [proxy: undefined] Controller: AdminPanelSuzug Task: getAssignmentOptionsData: {}
[2022-11-23  13:10:29] [type: Select] [user: admin] [ip: undefined] [proxy: undefined] Database: scheduler; SQL: SELECT * FROM suzug_user_details WHERE  active = '1' and year = '2022' ORDER BY number ASC
[2022-11-23  13:10:29] [type: Select] [user: admin] [ip: undefined] [proxy: undefined] Database: scheduler; SQL: SELECT * FROM users_employment_periods WHERE  active = '1' and inspector = '1' and ( ( start <= '2022-01-01' and end >= '2022-01-01' ) or ( start <= '2022-12-31' and end >= '2022-12-31' )) ORDER BY sort_priority ASC, surname ASC
[2022-11-23  13:10:35] [type: Request] [user: admin] [ip: undefined] [proxy: undefined] Controller: AdminPanelSuzug Task: saveData: {}
[2022-11-23  13:10:35] [type: Select] [user: admin] [ip: undefined] [proxy: undefined] Database: scheduler; SQL: SELECT * FROM suzug_user_details WHERE  active = '1' and year = '2022' and number = '3'
[2022-11-23  13:10:35] [type: Select] [user: admin] [ip: undefined] [proxy: undefined] Database: scheduler; SQL: SELECT * FROM suzug_user_details WHERE  active = '1' and year = '2022' and id_user = '5'
[2022-11-23  13:10:35] [type: insert] [user: admin] [ip: undefined] [proxy: undefined] Database: scheduler; SQL: INSERT INTO suzug_user (year, number, id_user) VALUES ('2022', '3', '5')
[2022-11-23  13:10:37] [type: Request] [user: admin] [ip: undefined] [proxy: undefined] Controller: AdminPanelSuzug Task: getSuzugUsersData: {}
[2022-11-23  13:10:37] [type: Select] [user: admin] [ip: undefined] [proxy: undefined] Database: scheduler; SQL: SELECT * FROM suzug_user_details WHERE  year = '2022' ORDER BY number ASC
[2022-11-23  13:10:38] [type: Request] [user: admin] [ip: undefined] [proxy: undefined] Controller: AdminPanelSuzug Task: getAssignmentOptionsData: {}
[2022-11-23  13:10:38] [type: Select] [user: admin] [ip: undefined] [proxy: undefined] Database: scheduler; SQL: SELECT * FROM suzug_user_details WHERE  active = '1' and year = '2022' ORDER BY number ASC
[2022-11-23  13:10:38] [type: Select] [user: admin] [ip: undefined] [proxy: undefined] Database: scheduler; SQL: SELECT * FROM users_employment_periods WHERE  active = '1' and inspector = '1' and ( ( start <= '2022-01-01' and end >= '2022-01-01' ) or ( start <= '2022-12-31' and end >= '2022-12-31' )) ORDER BY sort_priority ASC, surname ASC
[2022-11-23  13:10:44] [type: Request] [user: admin] [ip: undefined] [proxy: undefined] Controller: AdminPanelSuzug Task: saveData: {}
[2022-11-23  13:10:44] [type: Select] [user: admin] [ip: undefined] [proxy: undefined] Database: scheduler; SQL: SELECT * FROM suzug_user_details WHERE  active = '1' and year = '2022' and number = '2'
[2022-11-23  13:10:44] [type: Select] [user: admin] [ip: undefined] [proxy: undefined] Database: scheduler; SQL: SELECT * FROM suzug_user_details WHERE  active = '1' and year = '2022' and id_user = '6'
[2022-11-23  13:10:44] [type: insert] [user: admin] [ip: undefined] [proxy: undefined] Database: scheduler; SQL: INSERT INTO suzug_user (year, number, id_user) VALUES ('2022', '2', '6')
[2022-11-23  13:10:45] [type: Request] [user: admin] [ip: undefined] [proxy: undefined] Controller: AdminPanelSuzug Task: getSuzugUsersData: {}
[2022-11-23  13:10:45] [type: Select] [user: admin] [ip: undefined] [proxy: undefined] Database: scheduler; SQL: SELECT * FROM suzug_user_details WHERE  year = '2022' ORDER BY number ASC
[2022-11-23  13:10:47] [type: Request] [user: admin] [ip: undefined] [proxy: undefined] Controller: AdminPanelSuzug Task: getAssignmentOptionsData: {}
[2022-11-23  13:10:47] [type: Select] [user: admin] [ip: undefined] [proxy: undefined] Database: scheduler; SQL: SELECT * FROM suzug_user_details WHERE  active = '1' and year = '2022' ORDER BY number ASC
[2022-11-23  13:10:47] [type: Select] [user: admin] [ip: undefined] [proxy: undefined] Database: scheduler; SQL: SELECT * FROM users_employment_periods WHERE  active = '1' and inspector = '1' and ( ( start <= '2022-01-01' and end >= '2022-01-01' ) or ( start <= '2022-12-31' and end >= '2022-12-31' )) ORDER BY sort_priority ASC, surname ASC
[2022-11-23  13:10:50] [type: Request] [user: admin] [ip: undefined] [proxy: undefined] Controller: AdminPanelSuzug Task: saveData: {}
[2022-11-23  13:10:50] [type: Select] [user: admin] [ip: undefined] [proxy: undefined] Database: scheduler; SQL: SELECT * FROM suzug_user_details WHERE  active = '1' and year = '2022' and number = '6'
[2022-11-23  13:10:50] [type: Select] [user: admin] [ip: undefined] [proxy: undefined] Database: scheduler; SQL: SELECT * FROM suzug_user_details WHERE  active = '1' and year = '2022' and id_user = '6'
[2022-11-23  13:10:50] [type: Select] [user: admin] [ip: undefined] [proxy: undefined] Database: scheduler; SQL: SELECT * FROM suzug_user WHERE  id = '9'
[2022-11-23  13:10:50] [type: update] [user: admin] [ip: undefined] [proxy: undefined] Database: scheduler; SQL: UPDATE suzug_user SET active='1', year='2022', number='6', id_user='6' WHERE id = '9'
[2022-11-23  13:10:51] [type: Request] [user: admin] [ip: undefined] [proxy: undefined] Controller: AdminPanelSuzug Task: getSuzugUsersData: {}
[2022-11-23  13:10:51] [type: Select] [user: admin] [ip: undefined] [proxy: undefined] Database: scheduler; SQL: SELECT * FROM suzug_user_details WHERE  year = '2022' ORDER BY number ASC
[2022-11-23  13:12:39] [type: Access] [user: admin] [ip: undefined] [proxy: undefined] http://
[2022-11-23  13:12:41] [type: Request] [user: admin] [ip: undefined] [proxy: undefined] Controller: LanguageSelection Task: getInterfaceNamesData: {}
[2022-11-23  13:12:42] [type: Request] [user: admin] [ip: undefined] [proxy: undefined] Controller: AdminPanelSuzug Task: getSuzugUsersData: {}
[2022-11-23  13:12:42] [type: Select] [user: admin] [ip: undefined] [proxy: undefined] Database: scheduler; SQL: SELECT * FROM suzug_user_details WHERE  year = '2022' ORDER BY number ASC
[2022-11-23  13:12:44] [type: Request] [user: admin] [ip: undefined] [proxy: undefined] Controller: AdminPanelSuzug Task: getAssignmentOptionsData: {}
[2022-11-23  13:12:44] [type: Select] [user: admin] [ip: undefined] [proxy: undefined] Database: scheduler; SQL: SELECT * FROM suzug_user_details WHERE  active = '1' and year = '2022' ORDER BY number ASC
[2022-11-23  13:12:44] [type: Select] [user: admin] [ip: undefined] [proxy: undefined] Database: scheduler; SQL: SELECT * FROM users_employment_periods WHERE  active = '1' and inspector = '1' and ( ( start <= '2022-01-01' and end >= '2022-01-01' ) or ( start <= '2022-12-31' and end >= '2022-12-31' )) ORDER BY sort_priority ASC, surname ASC
[2022-11-23  13:12:49] [type: Request] [user: admin] [ip: undefined] [proxy: undefined] Controller: AdminPanelSuzug Task: saveData: {}
[2022-11-23  13:12:49] [type: Select] [user: admin] [ip: undefined] [proxy: undefined] Database: scheduler; SQL: SELECT * FROM suzug_user_details WHERE  active = '1' and year = '2022' and number = '4'
[2022-11-23  13:12:49] [type: Select] [user: admin] [ip: undefined] [proxy: undefined] Database: scheduler; SQL: SELECT * FROM suzug_user_details WHERE  active = '1' and year = '2022' and id_user = '6'
[2022-11-23  13:12:49] [type: Select] [user: admin] [ip: undefined] [proxy: undefined] Database: scheduler; SQL: SELECT * FROM suzug_user WHERE  id = '9'
[2022-11-23  13:12:49] [type: update] [user: admin] [ip: undefined] [proxy: undefined] Database: scheduler; SQL: UPDATE suzug_user SET active='1', year='2022', number='4', id_user='6' WHERE id = '9'
[2022-11-23  13:12:51] [type: Request] [user: admin] [ip: undefined] [proxy: undefined] Controller: AdminPanelSuzug Task: getSuzugUsersData: {}
[2022-11-23  13:12:51] [type: Select] [user: admin] [ip: undefined] [proxy: undefined] Database: scheduler; SQL: SELECT * FROM suzug_user_details WHERE  year = '2022' ORDER BY number ASC
[2022-11-23  13:12:53] [type: Request] [user: admin] [ip: undefined] [proxy: undefined] Controller: AdminPanelSuzug Task: getAssignmentOptionsData: {}
[2022-11-23  13:12:53] [type: Select] [user: admin] [ip: undefined] [proxy: undefined] Database: scheduler; SQL: SELECT * FROM suzug_user_details WHERE  active = '1' and year = '2022' ORDER BY number ASC
[2022-11-23  13:12:53] [type: Select] [user: admin] [ip: undefined] [proxy: undefined] Database: scheduler; SQL: SELECT * FROM users_employment_periods WHERE  active = '1' and inspector = '1' and ( ( start <= '2022-01-01' and end >= '2022-01-01' ) or ( start <= '2022-12-31' and end >= '2022-12-31' )) ORDER BY sort_priority ASC, surname ASC
[2022-11-23  13:13:19] [type: Access] [user: admin] [ip: undefined] [proxy: undefined] http://
[2022-11-23  13:13:21] [type: Request] [user: admin] [ip: undefined] [proxy: undefined] Controller: LanguageSelection Task: getInterfaceNamesData: {}
[2022-11-23  13:13:21] [type: Request] [user: admin] [ip: undefined] [proxy: undefined] Controller: AdminPanelSuzug Task: getSuzugUsersData: {}
[2022-11-23  13:13:21] [type: Select] [user: admin] [ip: undefined] [proxy: undefined] Database: scheduler; SQL: SELECT * FROM suzug_user_details WHERE  year = '2022' ORDER BY number ASC
[2022-11-23  13:13:23] [type: Access] [user: admin] [ip: undefined] [proxy: undefined] http://
[2022-11-23  13:13:24] [type: Request] [user: admin] [ip: undefined] [proxy: undefined] Controller: LanguageSelection Task: getInterfaceNamesData: {}
[2022-11-23  13:13:25] [type: Request] [user: admin] [ip: undefined] [proxy: undefined] Controller: AdminPanelSuzug Task: getSuzugUsersData: {}
[2022-11-23  13:13:25] [type: Select] [user: admin] [ip: undefined] [proxy: undefined] Database: scheduler; SQL: SELECT * FROM suzug_user_details WHERE  year = '2022' ORDER BY number ASC
[2022-11-23  13:13:28] [type: Request] [user: admin] [ip: undefined] [proxy: undefined] Controller: AdminPanelSuzug Task: getAssignmentOptionsData: {}
[2022-11-23  13:13:28] [type: Select] [user: admin] [ip: undefined] [proxy: undefined] Database: scheduler; SQL: SELECT * FROM suzug_user_details WHERE  active = '1' and year = '2022' ORDER BY number ASC
[2022-11-23  13:13:28] [type: Select] [user: admin] [ip: undefined] [proxy: undefined] Database: scheduler; SQL: SELECT * FROM users_employment_periods WHERE  active = '1' and inspector = '1' and ( ( start <= '2022-01-01' and end >= '2022-01-01' ) or ( start <= '2022-12-31' and end >= '2022-12-31' )) ORDER BY sort_priority ASC, surname ASC
[2022-11-23  13:13:30] [type: Request] [user: admin] [ip: undefined] [proxy: undefined] Controller: AdminPanelSuzug Task: saveData: {}
[2022-11-23  13:13:30] [type: Select] [user: admin] [ip: undefined] [proxy: undefined] Database: scheduler; SQL: SELECT * FROM suzug_user_details WHERE  active = '1' and year = '2022' and number = '2'
[2022-11-23  13:13:30] [type: Select] [user: admin] [ip: undefined] [proxy: undefined] Database: scheduler; SQL: SELECT * FROM suzug_user_details WHERE  active = '1' and year = '2022' and id_user = '6'
[2022-11-23  13:13:30] [type: Select] [user: admin] [ip: undefined] [proxy: undefined] Database: scheduler; SQL: SELECT * FROM suzug_user WHERE  id = '9'
[2022-11-23  13:13:30] [type: update] [user: admin] [ip: undefined] [proxy: undefined] Database: scheduler; SQL: UPDATE suzug_user SET active='1', year='2022', number='2', id_user='6' WHERE id = '9'
[2022-11-23  13:13:31] [type: Request] [user: admin] [ip: undefined] [proxy: undefined] Controller: AdminPanelSuzug Task: getSuzugUsersData: {}
[2022-11-23  13:13:31] [type: Select] [user: admin] [ip: undefined] [proxy: undefined] Database: scheduler; SQL: SELECT * FROM suzug_user_details WHERE  year = '2022' ORDER BY number ASC
[2022-11-23  13:14:26] [type: Request] [user: ] [ip: undefined] [proxy: undefined] Controller: LanguageSelection Task: getInterfaceNamesData: {}
[2022-11-23  13:14:33] [type: Request] [user: admin] [ip: undefined] [proxy: undefined] Controller: LanguageSelection Task: getInterfaceNamesData: {}
[2022-11-23  13:14:58] [type: Request] [user: ] [ip: undefined] [proxy: undefined] Controller: LanguageSelection Task: getInterfaceNamesData: {}
[2022-11-23  13:15:09] [type: Request] [user: admin] [ip: undefined] [proxy: undefined] Controller: LanguageSelection Task: getInterfaceNamesData: {}
[2022-11-23  13:15:14] [type: Access] [user: admin] [ip: undefined] [proxy: undefined] http://
[2022-11-23  13:15:15] [type: Request] [user: admin] [ip: undefined] [proxy: undefined] Controller: LanguageSelection Task: getInterfaceNamesData: {}
[2022-11-23  13:15:15] [type: Request] [user: admin] [ip: undefined] [proxy: undefined] Controller: ScheduleUser Task: getAllEntriesData: {}
[2022-11-23  13:15:15] [type: Select] [user: admin] [ip: undefined] [proxy: undefined] Database: scheduler; SQL: SELECT * FROM schedule_entries WHERE  start < '2022-11-26 00:00:00' and end > '2022-11-20 00:00:00' and active = '1' ORDER BY start ASC
[2022-11-23  13:15:15] [type: Request] [user: admin] [ip: undefined] [proxy: undefined] Controller: LanguageSelection Task: getPackageData: {}
[2022-11-23  13:15:45] [type: Access] [user: admin] [ip: undefined] [proxy: undefined] http://
[2022-11-23  13:15:46] [type: Select] [user: admin] [ip: undefined] [proxy: undefined] Database: scheduler; SQL: SELECT * FROM users_employment_periods WHERE  username = 'admin' and start < '2022-11-23' and end > '2022-11-23'
[2022-11-23  13:15:46] [type: Request] [user: admin] [ip: undefined] [proxy: undefined] Controller: LanguageSelection Task: getInterfaceNamesData: {}
[2022-11-23  13:15:47] [type: Request] [user: admin] [ip: undefined] [proxy: undefined] Controller: ScheduleUser Task: getMyEntriesData: {}
[2022-11-23  13:15:47] [type: Select] [user: admin] [ip: undefined] [proxy: undefined] Database: scheduler; SQL: SELECT * FROM user WHERE  username = 'admin'
[2022-11-23  13:15:47] [type: Select] [user: admin] [ip: undefined] [proxy: undefined] Database: scheduler; SQL: SELECT * FROM schedule_entries WHERE  start < '2022-11-26 00:00:00' and end > '2022-11-20 00:00:00' and id_user = '1' and active = '1' ORDER BY start ASC
[2022-11-23  13:15:51] [type: Request] [user: admin] [ip: undefined] [proxy: undefined] Controller: ScheduleUser Task: getMyEntriesData: {}
[2022-11-23  13:15:51] [type: Select] [user: admin] [ip: undefined] [proxy: undefined] Database: scheduler; SQL: SELECT * FROM user WHERE  username = 'admin'
[2022-11-23  13:15:51] [type: Select] [user: admin] [ip: undefined] [proxy: undefined] Database: scheduler; SQL: SELECT * FROM schedule_entries WHERE  start < '2022-10-22 00:00:00' and end > '2022-10-16 00:00:00' and id_user = '1' and active = '1' ORDER BY start ASC
[2022-11-23  13:15:55] [type: Access] [user: admin] [ip: undefined] [proxy: undefined] http://
[2022-11-23  13:15:56] [type: Select] [user: admin] [ip: undefined] [proxy: undefined] Database: scheduler; SQL: SELECT * FROM users_employment_periods WHERE  active = '1' and ( ( start <= '2022-11-1' and end >= '2022-11-1' ) or ( start <= '2022-11-30' and end >= '2022-11-30' )) ORDER BY sort_priority ASC, surname ASC
[2022-11-23  13:15:56] [type: Request] [user: admin] [ip: undefined] [proxy: undefined] Controller: LanguageSelection Task: getInterfaceNamesData: {}
[2022-11-23  13:16:00] [type: Request] [user: admin] [ip: undefined] [proxy: undefined] Controller: PrintsSchedule Task: getUsersData: {}
[2022-11-23  13:16:00] [type: Select] [user: admin] [ip: undefined] [proxy: undefined] Database: scheduler; SQL: SELECT * FROM users_employment_periods WHERE  active = '1' and ( ( start <= '2022-10-1' and end >= '2022-10-1' ) or ( start <= '2022-10-31' and end >= '2022-10-31' )) ORDER BY sort_priority ASC, surname ASC
[2022-11-23  13:16:00] [type: Request] [user: admin] [ip: undefined] [proxy: undefined] Controller: PrintsSchedule Task: generateTimesheetsData: {}
[2022-11-23  13:16:00] [type: Select] [user: admin] [ip: undefined] [proxy: undefined] Database: scheduler; SQL: SELECT * FROM user WHERE  username = 'admin'
[2022-11-23  13:16:00] [type: Select] [user: admin] [ip: undefined] [proxy: undefined] Database: scheduler; SQL: SELECT * FROM users_employment_periods WHERE  username = 'admin' and start <= '2022-10-31' and end >= '2022-10-1'
[2022-11-23  13:16:00] [type: Select] [user: admin] [ip: undefined] [proxy: undefined] Database: scheduler; SQL: SELECT * FROM users_employment_periods WHERE  active = '1' and start <= '2022-10-31' and username = 'admin' ORDER BY start ASC
[2022-11-23  13:16:00] [type: Select] [user: admin] [ip: undefined] [proxy: undefined] Database: scheduler; SQL: SELECT * FROM schedule_entries WHERE  start <= '2022-10-01 23:59:59' and username = 'admin' and active = '1' ORDER BY start ASC
[2022-11-23  13:16:00] [type: Select] [user: admin] [ip: undefined] [proxy: undefined] Database: scheduler; SQL: SELECT * FROM schedule_entries WHERE  start < '2022-10-31 23:59:59' and end > '2022-10-01 00:00:00' and username = 'admin' and active = '1' ORDER BY start ASC
[2022-11-23  13:16:00] [type: Select] [user: admin] [ip: undefined] [proxy: undefined] Database: scheduler; SQL: SELECT * FROM days_off WHERE  active = '1' and for_all = '1' and month(date) = '10' and year(date) = '2022'
[2022-11-23  13:16:00] [type: Select] [user: admin] [ip: undefined] [proxy: undefined] Database: scheduler; SQL: SELECT * FROM days_off_user_details WHERE  username = 'admin' and month(days_off_date) = '10' and year(days_off_date) = '2022'
[2022-11-23  13:16:00] [type: Select] [user: admin] [ip: undefined] [proxy: undefined] Database: scheduler; SQL: SELECT * FROM users_employment_periods WHERE  active = '1' and start <= '2022-10-31' and end >= '2022-10-01' and username = 'admin' ORDER BY start ASC
[2022-11-23  13:16:00] [type: Select] [user: admin] [ip: undefined] [proxy: undefined] Database: scheduler; SQL: SELECT * FROM overtime_reduction_details WHERE  active = '1' and username = 'admin' and date <= '2022-09-01'
[2022-11-23  13:16:01] [type: Select] [user: admin] [ip: undefined] [proxy: undefined] Database: scheduler; SQL: SELECT * FROM overtime_reduction_details WHERE  active = '1' and username = 'admin' and date <= '2022-09-01'
[2022-11-23  13:16:01] [type: Select] [user: admin] [ip: undefined] [proxy: undefined] Database: scheduler; SQL: SELECT * FROM overtime_reduction_details WHERE  active = '1' and username = 'admin' and date <= '2022-09-01'
[2022-11-23  13:16:01] [type: Select] [user: admin] [ip: undefined] [proxy: undefined] Database: scheduler; SQL: SELECT * FROM overtime_reduction_details WHERE  active = '1' and username = 'admin' and date = '2022-10-01'
[2022-11-23  13:16:29] [type: Access] [user: admin] [ip: undefined] [proxy: undefined] http://
[2022-11-23  13:16:31] [type: Request] [user: admin] [ip: undefined] [proxy: undefined] Controller: LanguageSelection Task: getInterfaceNamesData: {}
[2022-11-23  13:16:31] [type: Request] [user: admin] [ip: undefined] [proxy: undefined] Controller: AdminPanelUsers Task: getUserEmploymentPeriodsData: {}
[2022-11-23  13:16:31] [type: Select] [user: admin] [ip: undefined] [proxy: undefined] Database: scheduler; SQL: SELECT * FROM employment WHERE  id_user = '0'
[2022-11-23  13:16:31] [type: Request] [user: admin] [ip: undefined] [proxy: undefined] Controller: AdminPanelUsers Task: getUserPrivilagesData: {}
[2022-11-23  13:16:31] [type: Select] [user: admin] [ip: undefined] [proxy: undefined] Database: scheduler; SQL: SELECT * FROM privilages WHERE  id_user = '0'
[2022-11-23  13:16:31] [type: Request] [user: admin] [ip: undefined] [proxy: undefined] Controller: AdminPanelUsers Task: getAllUsersData: {}
[2022-11-23  13:16:31] [type: Select] [user: admin] [ip: undefined] [proxy: undefined] Database: scheduler; SQL: SELECT * FROM users_without_passwords
[2022-11-23  13:16:50] [type: Access] [user: admin] [ip: undefined] [proxy: undefined] http://
[2022-11-23  13:16:51] [type: Request] [user: admin] [ip: undefined] [proxy: undefined] Controller: LanguageSelection Task: getInterfaceNamesData: {}
[2022-11-23  13:16:51] [type: Request] [user: admin] [ip: undefined] [proxy: undefined] Controller: InventoryMy Task: getMyUnconfirmedEquipmentData: {}
[2022-11-23  13:16:51] [type: Select] [user: admin] [ip: undefined] [proxy: undefined] Database: scheduler; SQL: SELECT * FROM inventory_log_details WHERE  confirmation = '0' and target_username = 'admin'
[2022-11-23  13:16:51] [type: Request] [user: admin] [ip: undefined] [proxy: undefined] Controller: InventoryMy Task: getMyEquipmentData: {}
[2022-11-23  13:16:51] [type: Select] [user: admin] [ip: undefined] [proxy: undefined] Database: scheduler; SQL: SELECT * FROM equipment_details WHERE  active = '1' and username = 'admin'
[2022-11-23  13:16:59] [type: Access] [user: admin] [ip: undefined] [proxy: undefined] http://
[2022-11-23  13:17:00] [type: Request] [user: admin] [ip: undefined] [proxy: undefined] Controller: LanguageSelection Task: getInterfaceNamesData: {}
[2022-11-23  13:17:00] [type: Request] [user: admin] [ip: undefined] [proxy: undefined] Controller: InventoryLog Task: getTodayLogsData: {}
[2022-11-23  13:17:00] [type: Select] [user: admin] [ip: undefined] [proxy: undefined] Database: scheduler; SQL: SELECT * FROM inventory_log_details WHERE  save_time_date = '2022-11-23'
[2022-11-23  13:17:12] [type: Request] [user: admin] [ip: undefined] [proxy: undefined] Controller: InventoryLog Task: getFilteredLogsData: {}
[2022-11-23  13:17:12] [type: Select] [user: admin] [ip: undefined] [proxy: undefined] Database: scheduler; SQL: SELECT * FROM inventory_log_details WHERE  equipment_name like '%%meta%%'
[2022-11-23  13:17:19] [type: Request] [user: admin] [ip: undefined] [proxy: undefined] Controller: InventoryLog Task: getTodayLogsData: {}
[2022-11-23  13:17:19] [type: Select] [user: admin] [ip: undefined] [proxy: undefined] Database: scheduler; SQL: SELECT * FROM inventory_log_details WHERE  save_time_date = '2022-11-23'
[2022-11-23  13:17:48] [type: Access] [user: admin] [ip: undefined] [proxy: undefined] http://
[2022-11-23  13:17:49] [type: Request] [user: admin] [ip: undefined] [proxy: undefined] Controller: LanguageSelection Task: getInterfaceNamesData: {}
[2022-11-23  13:17:49] [type: Request] [user: admin] [ip: undefined] [proxy: undefined] Controller: InventoryLog Task: getTodayLogsData: {}
[2022-11-23  13:17:49] [type: Select] [user: admin] [ip: undefined] [proxy: undefined] Database: scheduler; SQL: SELECT * FROM inventory_log_details WHERE  save_time_date = '2022-11-23'
[2022-11-23  13:17:50] [type: Access] [user: admin] [ip: undefined] [proxy: undefined] http://
[2022-11-23  13:17:51] [type: Request] [user: admin] [ip: undefined] [proxy: undefined] Controller: LanguageSelection Task: getInterfaceNamesData: {}
[2022-11-23  13:17:51] [type: Request] [user: admin] [ip: undefined] [proxy: undefined] Controller: InspectorReport Task: getMyDocumentsData: {}
[2022-11-23  13:17:51] [type: Select] [user: admin] [ip: undefined] [proxy: undefined] Database: scheduler; SQL: SELECT * FROM document_user_details WHERE  document_active = '1' and username = 'admin' and ( year(start) = '2022' or year(end) = '2022')
[2022-11-23  13:17:54] [type: Request] [user: admin] [ip: undefined] [proxy: undefined] Controller: InspectorReport Task: generateReportData: {}
[2022-11-23  13:17:54] [type: Select] [user: admin] [ip: undefined] [proxy: undefined] Database: scheduler; SQL: SELECT * FROM document_details WHERE  id = '5'
[2022-11-23  13:17:54] [type: Select] [user: admin] [ip: undefined] [proxy: undefined] Database: scheduler; SQL: SELECT * FROM document_user_details WHERE  id = '5'
[2022-11-23  13:17:54] [type: Select] [user: admin] [ip: undefined] [proxy: undefined] Database: scheduler; SQL: SELECT * FROM document_entries_details WHERE  active = '1' and username = 'admin' and id_document = '5'
[2022-11-23  13:17:54] [type: Select] [user: admin] [ip: undefined] [proxy: undefined] Database: scheduler; SQL: SELECT * FROM ticket_details WHERE  active = '1' and id_document = '5' and username = 'admin'
[2022-11-23  13:17:54] [type: Select] [user: admin] [ip: undefined] [proxy: undefined] Database: scheduler; SQL: SELECT * FROM article_details WHERE  active = '1' and id_document = '5' and username = 'admin'
[2022-11-23  13:17:54] [type: Select] [user: admin] [ip: undefined] [proxy: undefined] Database: scheduler; SQL: SELECT * FROM decision_details WHERE  active = '1' and username = 'admin' and id_document = '5'
[2022-11-23  13:17:54] [type: Select] [user: admin] [ip: undefined] [proxy: undefined] Database: scheduler; SQL: SELECT * FROM suspension_details WHERE  active = '1' and username = 'admin' and id_document = '5'
[2022-11-23  13:17:54] [type: Select] [user: admin] [ip: undefined] [proxy: undefined] Database: scheduler; SQL: SELECT * FROM instrument_usage_details WHERE  active = '1' and id_document = '5' and document_assigned_username = 'admin'
[2022-11-23  13:17:54] [type: Select] [user: admin] [ip: undefined] [proxy: undefined] Database: scheduler; SQL: SELECT * FROM court_application_details WHERE  active = '1' and username = 'admin' and id_document = '5'
[2022-11-23  13:18:05] [type: Access] [user: admin] [ip: undefined] [proxy: undefined] http://
[2022-11-23  13:18:06] [type: Select] [user: admin] [ip: undefined] [proxy: undefined] Database: scheduler; SQL: SELECT * FROM users_employment_periods WHERE  active = '1' and ( ( start <= '2022-11-1' and end >= '2022-11-1' ) or ( start <= '2022-11-30' and end >= '2022-11-30' )) ORDER BY sort_priority ASC, surname ASC
[2022-11-23  13:18:06] [type: Request] [user: admin] [ip: undefined] [proxy: undefined] Controller: LanguageSelection Task: getInterfaceNamesData: {}
[2022-11-23  13:18:07] [type: Access] [user: admin] [ip: undefined] [proxy: undefined] http://
[2022-11-23  13:18:08] [type: Select] [user: admin] [ip: undefined] [proxy: undefined] Database: scheduler; SQL: SELECT * FROM equipment_details WHERE  active = '1' and measurement_instrument = '1'
[2022-11-23  13:18:08] [type: Request] [user: admin] [ip: undefined] [proxy: undefined] Controller: LanguageSelection Task: getInterfaceNamesData: {}
[2022-11-23  13:18:08] [type: Request] [user: admin] [ip: undefined] [proxy: undefined] Controller: PrintsInspector Task: getDocumentsData: {}
[2022-11-23  13:18:08] [type: Select] [user: admin] [ip: undefined] [proxy: undefined] Database: scheduler; SQL: SELECT * FROM document_details WHERE  active = '1' and ( year(start) = '2022' or year(end) = '2022') ORDER BY start ASC
[2022-11-23  13:18:11] [type: Request] [user: admin] [ip: undefined] [proxy: undefined] Controller: PrintsInspector Task: generateDocumentRaportData: {}
[2022-11-23  13:18:11] [type: Select] [user: admin] [ip: undefined] [proxy: undefined] Database: scheduler; SQL: SELECT * FROM users_without_passwords WHERE  username = 'admin'
[2022-11-23  13:18:11] [type: Select] [user: admin] [ip: undefined] [proxy: undefined] Database: scheduler; SQL: SELECT * FROM document_details WHERE  id = '5'
[2022-11-23  13:18:11] [type: Select] [user: admin] [ip: undefined] [proxy: undefined] Database: scheduler; SQL: SELECT * FROM document_user_details WHERE  id = '5'
[2022-11-23  13:18:11] [type: Select] [user: admin] [ip: undefined] [proxy: undefined] Database: scheduler; SQL: SELECT * FROM document_entries_details WHERE  active = '1' and id_document = '5'
[2022-11-23  13:18:11] [type: Select] [user: admin] [ip: undefined] [proxy: undefined] Database: scheduler; SQL: SELECT * FROM ticket_details WHERE  active = '1' and id_document = '5'
[2022-11-23  13:18:11] [type: Select] [user: admin] [ip: undefined] [proxy: undefined] Database: scheduler; SQL: SELECT * FROM article_details WHERE  active = '1' and id_document = '5'
[2022-11-23  13:18:11] [type: Select] [user: admin] [ip: undefined] [proxy: undefined] Database: scheduler; SQL: SELECT * FROM decision_details WHERE  active = '1' and id_document = '5'
[2022-11-23  13:18:11] [type: Select] [user: admin] [ip: undefined] [proxy: undefined] Database: scheduler; SQL: SELECT * FROM suspension_details WHERE  active = '1' and id_document = '5'
[2022-11-23  13:18:11] [type: Select] [user: admin] [ip: undefined] [proxy: undefined] Database: scheduler; SQL: SELECT * FROM suspension_ticket_details WHERE  active = '1' and id_document = '5'
[2022-11-23  13:18:11] [type: Select] [user: admin] [ip: undefined] [proxy: undefined] Database: scheduler; SQL: SELECT * FROM suspension_art_41_details WHERE  active = '1' and id_document = '5'
[2022-11-23  13:18:11] [type: Select] [user: admin] [ip: undefined] [proxy: undefined] Database: scheduler; SQL: SELECT * FROM suspension_decision_details WHERE  active = '1' and id_document = '5'
[2022-11-23  13:18:11] [type: Select] [user: admin] [ip: undefined] [proxy: undefined] Database: scheduler; SQL: SELECT * FROM instrument_usage_details WHERE  active = '1' and id_document = '5'
[2022-11-23  13:18:11] [type: Select] [user: admin] [ip: undefined] [proxy: undefined] Database: scheduler; SQL: SELECT * FROM court_application_details WHERE  active = '1' and id_document = '5'
