[2022-10-25  06:12:06] [type: Request] [user: ] [ip: ::1] [proxy: undefined] Controller: LanguageSelection Task: getInterfaceNamesData: {}
[2022-10-25  06:12:09] [type: Request] [user: admin] [ip: ::1] [proxy: undefined] Controller: LanguageSelection Task: getInterfaceNamesData: {}
[2022-10-25  06:13:25] [type: Request] [user: admin] [ip: ::1] [proxy: undefined] Controller: LanguageSelection Task: getInterfaceNamesData: {}
[2022-10-25  06:14:02] [type: Request] [user: admin] [ip: ::1] [proxy: undefined] Controller: LanguageSelection Task: getInterfaceNamesData: {}
[2022-10-25  06:14:04] [type: Access] [user: admin] [ip: ::1] [proxy: undefined] http://localhost/Scheduler/pages/index/indexMyData.php?
[2022-10-25  06:14:04] [type: Request] [user: admin] [ip: ::1] [proxy: undefined] Controller: LanguageSelection Task: getInterfaceNamesData: {}
[2022-10-25  06:14:05] [type: Access] [user: admin] [ip: ::1] [proxy: undefined] http://localhost/Scheduler/pages/index/help.php?
[2022-10-25  06:14:05] [type: Request] [user: admin] [ip: ::1] [proxy: undefined] Controller: LanguageSelection Task: getInterfaceNamesData: {}
[2022-10-25  06:14:07] [type: Access] [user: admin] [ip: ::1] [proxy: undefined] http://localhost/Scheduler/pages/adminPanel/adminPanelUsers.php?
[2022-10-25  06:14:07] [type: Request] [user: admin] [ip: ::1] [proxy: undefined] Controller: LanguageSelection Task: getInterfaceNamesData: {}
[2022-10-25  06:14:07] [type: Request] [user: admin] [ip: ::1] [proxy: undefined] Controller: AdminPanelUsers Task: getAllUsersData: {}
[2022-10-25  06:14:07] [type: Select] [user: admin] [ip: ::1] [proxy: undefined] Database: scheduler; SQL: SELECT * FROM users_without_passwords
[2022-10-25  06:14:08] [type: Request] [user: admin] [ip: ::1] [proxy: undefined] Controller: AdminPanelUsers Task: getUserPrivilagesData: {}
[2022-10-25  06:14:08] [type: Select] [user: admin] [ip: ::1] [proxy: undefined] Database: scheduler; SQL: SELECT * FROM privilages WHERE  id_user = '0'
[2022-10-25  06:14:08] [type: Request] [user: admin] [ip: ::1] [proxy: undefined] Controller: AdminPanelUsers Task: getUserEmploymentPeriodsData: {}
[2022-10-25  06:14:08] [type: Select] [user: admin] [ip: ::1] [proxy: undefined] Database: scheduler; SQL: SELECT * FROM employment WHERE  id_user = '0'
[2022-10-25  06:14:08] [type: Access] [user: admin] [ip: ::1] [proxy: undefined] http://localhost/Scheduler/pages/adminPanel/adminPanelUsers.php?
[2022-10-25  06:14:09] [type: Request] [user: admin] [ip: ::1] [proxy: undefined] Controller: LanguageSelection Task: getInterfaceNamesData: {}
[2022-10-25  06:14:09] [type: Request] [user: admin] [ip: ::1] [proxy: undefined] Controller: AdminPanelUsers Task: getAllUsersData: {}
[2022-10-25  06:14:09] [type: Select] [user: admin] [ip: ::1] [proxy: undefined] Database: scheduler; SQL: SELECT * FROM users_without_passwords
[2022-10-25  06:14:09] [type: Request] [user: admin] [ip: ::1] [proxy: undefined] Controller: AdminPanelUsers Task: getUserPrivilagesData: {}
[2022-10-25  06:14:09] [type: Select] [user: admin] [ip: ::1] [proxy: undefined] Database: scheduler; SQL: SELECT * FROM privilages WHERE  id_user = '0'
[2022-10-25  06:14:10] [type: Request] [user: admin] [ip: ::1] [proxy: undefined] Controller: AdminPanelUsers Task: getUserEmploymentPeriodsData: {}
[2022-10-25  06:14:10] [type: Select] [user: admin] [ip: ::1] [proxy: undefined] Database: scheduler; SQL: SELECT * FROM employment WHERE  id_user = '0'
[2022-10-25  06:14:10] [type: Access] [user: admin] [ip: ::1] [proxy: undefined] http://localhost/Scheduler/pages/adminPanel/adminPanelSchedule.php?
[2022-10-25  06:14:10] [type: Select] [user: admin] [ip: ::1] [proxy: undefined] Database: scheduler; SQL: SELECT * FROM users_without_passwords
[2022-10-25  06:14:10] [type: Request] [user: admin] [ip: ::1] [proxy: undefined] Controller: LanguageSelection Task: getInterfaceNamesData: {}
[2022-10-25  06:14:11] [type: Request] [user: admin] [ip: ::1] [proxy: undefined] Controller: AdminPanelSchedule Task: getUserEntriesData: {}
[2022-10-25  06:14:11] [type: Select] [user: admin] [ip: ::1] [proxy: undefined] Database: scheduler; SQL: SELECT * FROM user WHERE  username = '' and active = '1'
[2022-10-25  06:14:12] [type: Access] [user: admin] [ip: ::1] [proxy: undefined] http://localhost/Scheduler/pages/adminPanel/adminPanelActivity.php?
[2022-10-25  06:14:12] [type: Request] [user: admin] [ip: ::1] [proxy: undefined] Controller: LanguageSelection Task: getInterfaceNamesData: {}
[2022-10-25  06:14:12] [type: Request] [user: admin] [ip: ::1] [proxy: undefined] Controller: AdminPanelActivity Task: getActivitiesData: {}
[2022-10-25  06:14:12] [type: Select] [user: admin] [ip: ::1] [proxy: undefined] Database: scheduler; SQL: SELECT * FROM activity
[2022-10-25  06:14:13] [type: Request] [user: admin] [ip: ::1] [proxy: undefined] Controller: AdminPanelActivity Task: getLocationTypesData: {}
[2022-10-25  06:14:13] [type: Select] [user: admin] [ip: ::1] [proxy: undefined] Database: scheduler; SQL: SELECT * FROM location_type
[2022-10-25  06:14:14] [type: Access] [user: admin] [ip: ::1] [proxy: undefined] http://localhost/Scheduler/pages/adminPanel/adminPanelLocation.php?
[2022-10-25  06:14:14] [type: Select] [user: admin] [ip: ::1] [proxy: undefined] Database: scheduler; SQL: SELECT * FROM location_group
[2022-10-25  06:14:14] [type: Request] [user: admin] [ip: ::1] [proxy: undefined] Controller: LanguageSelection Task: getInterfaceNamesData: {}
[2022-10-25  06:14:15] [type: Request] [user: admin] [ip: ::1] [proxy: undefined] Controller: AdminPanelLocation Task: getLocationsByGroupIdData: {}
[2022-10-25  06:14:15] [type: Select] [user: admin] [ip: ::1] [proxy: undefined] Database: scheduler; SQL: SELECT * FROM location_details WHERE  id_location_group = '1'
[2022-10-25  06:14:16] [type: Access] [user: admin] [ip: ::1] [proxy: undefined] http://localhost/Scheduler/pages/adminPanel/adminPanelLocationSettings.php?
[2022-10-25  06:14:16] [type: Request] [user: admin] [ip: ::1] [proxy: undefined] Controller: LanguageSelection Task: getInterfaceNamesData: {}
[2022-10-25  06:14:17] [type: Request] [user: admin] [ip: ::1] [proxy: undefined] Controller: AdminPanelLocation Task: getLocationTypesData: {}
[2022-10-25  06:14:17] [type: Select] [user: admin] [ip: ::1] [proxy: undefined] Database: scheduler; SQL: SELECT * FROM location_type
[2022-10-25  06:14:17] [type: Request] [user: admin] [ip: ::1] [proxy: undefined] Controller: AdminPanelLocation Task: getLocationGroupsData: {}
[2022-10-25  06:14:17] [type: Select] [user: admin] [ip: ::1] [proxy: undefined] Database: scheduler; SQL: SELECT * FROM location_group
[2022-10-25  06:14:18] [type: Access] [user: admin] [ip: ::1] [proxy: undefined] http://localhost/Scheduler/pages/adminPanel/adminPanelDocuments.php?
[2022-10-25  06:14:19] [type: Request] [user: admin] [ip: ::1] [proxy: undefined] Controller: LanguageSelection Task: getInterfaceNamesData: {}
[2022-10-25  06:14:19] [type: Request] [user: admin] [ip: ::1] [proxy: undefined] Controller: AdminPanelDocuments Task: getDocumentsData: {}
[2022-10-25  06:14:19] [type: Select] [user: admin] [ip: ::1] [proxy: undefined] Database: scheduler; SQL: SELECT * FROM document WHERE  ( ( month(start) = '10' and year(start) = '2022' ) or ( month(end) = '10' and year(end) = '2022' )) ORDER BY start ASC
[2022-10-25  06:14:19] [type: Request] [user: admin] [ip: ::1] [proxy: undefined] Controller: AdminPanelDocuments Task: getDocumentUsersData: {}
[2022-10-25  06:14:19] [type: Select] [user: admin] [ip: ::1] [proxy: undefined] Database: scheduler; SQL: SELECT * FROM document_user_details WHERE  active = '1' and id = '0'
[2022-10-25  06:14:20] [type: Access] [user: admin] [ip: ::1] [proxy: undefined] http://localhost/Scheduler/pages/adminPanel/adminPanelTicketSettings.php?
[2022-10-25  06:14:21] [type: Request] [user: admin] [ip: ::1] [proxy: undefined] Controller: LanguageSelection Task: getInterfaceNamesData: {}
[2022-10-25  06:14:21] [type: Request] [user: admin] [ip: ::1] [proxy: undefined] Controller: AdminPanelTicket Task: getAllTicketLawsData: {}
[2022-10-25  06:14:21] [type: Select] [user: admin] [ip: ::1] [proxy: undefined] Database: scheduler; SQL: SELECT * FROM ticket_law
[2022-10-25  06:14:21] [type: Request] [user: admin] [ip: ::1] [proxy: undefined] Controller: AdminPanelTicket Task: getAllPositionGroupsData: {}
[2022-10-25  06:14:21] [type: Select] [user: admin] [ip: ::1] [proxy: undefined] Database: scheduler; SQL: SELECT * FROM position_groups
[2022-10-25  06:14:22] [type: Access] [user: admin] [ip: ::1] [proxy: undefined] http://localhost/Scheduler/pages/adminPanel/adminPanelTicket.php?
[2022-10-25  06:14:22] [type: Select] [user: admin] [ip: ::1] [proxy: undefined] Database: scheduler; SQL: SELECT * FROM users_without_passwords
[2022-10-25  06:14:22] [type: Request] [user: admin] [ip: ::1] [proxy: undefined] Controller: LanguageSelection Task: getInterfaceNamesData: {}
[2022-10-25  06:14:22] [type: Request] [user: admin] [ip: ::1] [proxy: undefined] Controller: AdminPanelTicket Task: getUserTicketsData: {}
[2022-10-25  06:14:22] [type: Select] [user: admin] [ip: ::1] [proxy: undefined] Database: scheduler; SQL: SELECT * FROM ticket_details WHERE  year(date) = '0' and username = '' ORDER BY date DESC
[2022-10-25  06:14:23] [type: Access] [user: admin] [ip: ::1] [proxy: undefined] http://localhost/Scheduler/pages/adminPanel/adminPanelArticle.php?
[2022-10-25  06:14:23] [type: Select] [user: admin] [ip: ::1] [proxy: undefined] Database: scheduler; SQL: SELECT * FROM users_without_passwords
[2022-10-25  06:14:24] [type: Request] [user: admin] [ip: ::1] [proxy: undefined] Controller: LanguageSelection Task: getInterfaceNamesData: {}
[2022-10-25  06:14:24] [type: Request] [user: admin] [ip: ::1] [proxy: undefined] Controller: AdminPanelArticle Task: getAllUserArticlesData: {}
[2022-10-25  06:14:24] [type: Select] [user: admin] [ip: ::1] [proxy: undefined] Database: scheduler; SQL: SELECT * FROM article_details WHERE  year(date) = '0' and username = '' ORDER BY date DESC
[2022-10-25  06:14:24] [type: Request] [user: admin] [ip: ::1] [proxy: undefined] Controller: AdminPanelArticle Task: getAllArticleFormsData: {}
[2022-10-25  06:14:24] [type: Select] [user: admin] [ip: ::1] [proxy: undefined] Database: scheduler; SQL: SELECT * FROM art_41_form
[2022-10-25  06:14:25] [type: Access] [user: admin] [ip: ::1] [proxy: undefined] http://localhost/Scheduler/pages/adminPanel/adminPanelDecisions.php?
[2022-10-25  06:14:25] [type: Select] [user: admin] [ip: ::1] [proxy: undefined] Database: scheduler; SQL: SELECT * FROM users_without_passwords
[2022-10-25  06:14:25] [type: Request] [user: admin] [ip: ::1] [proxy: undefined] Controller: LanguageSelection Task: getInterfaceNamesData: {}
[2022-10-25  06:14:26] [type: Request] [user: admin] [ip: ::1] [proxy: undefined] Controller: AdminPanelDecisions Task: getAllDecisionLawsData: {}
[2022-10-25  06:14:26] [type: Select] [user: admin] [ip: ::1] [proxy: undefined] Database: scheduler; SQL: SELECT * FROM decision_law
[2022-10-25  06:14:26] [type: Request] [user: admin] [ip: ::1] [proxy: undefined] Controller: AdminPanelDecisions Task: getAllUserDecisionsByYearData: {}
[2022-10-25  06:14:26] [type: Select] [user: admin] [ip: ::1] [proxy: undefined] Database: scheduler; SQL: SELECT * FROM decision_details WHERE  username = 'Wybierz użytkownika.' and year(date) = '2022'
[2022-10-25  06:14:27] [type: Access] [user: admin] [ip: ::1] [proxy: undefined] http://localhost/Scheduler/pages/adminPanel/adminPanelSuspensionSettings.php?
[2022-10-25  06:14:27] [type: Request] [user: admin] [ip: ::1] [proxy: undefined] Controller: LanguageSelection Task: getInterfaceNamesData: {}
[2022-10-25  06:14:27] [type: Request] [user: admin] [ip: ::1] [proxy: undefined] Controller: AdminPanelSuspension Task: getAllSuspensionGroupsData: {}
[2022-10-25  06:14:27] [type: Select] [user: admin] [ip: ::1] [proxy: undefined] Database: scheduler; SQL: SELECT * FROM suspension_group
[2022-10-25  06:14:28] [type: Request] [user: admin] [ip: ::1] [proxy: undefined] Controller: AdminPanelSuspension Task: getAllSuspensionObjectsData: {}
[2022-10-25  06:14:28] [type: Select] [user: admin] [ip: ::1] [proxy: undefined] Database: scheduler; SQL: SELECT * FROM suspension_object
[2022-10-25  06:14:28] [type: Request] [user: admin] [ip: ::1] [proxy: undefined] Controller: AdminPanelSuspension Task: getAllSuspensionTypesByGroupData: {}
[2022-10-25  06:14:28] [type: Select] [user: admin] [ip: ::1] [proxy: undefined] Database: scheduler; SQL: SELECT * FROM suspension_type WHERE  id_suspension_group = '0'
[2022-10-25  06:14:28] [type: Request] [user: admin] [ip: ::1] [proxy: undefined] Controller: AdminPanelSuspension Task: getAllSuspensionReasonsData: {}
[2022-10-25  06:14:28] [type: Select] [user: admin] [ip: ::1] [proxy: undefined] Database: scheduler; SQL: SELECT * FROM suspension_reason
[2022-10-25  06:14:29] [type: Access] [user: admin] [ip: ::1] [proxy: undefined] http://localhost/Scheduler/pages/adminPanel/adminPanelSuspensions.php?
[2022-10-25  06:14:29] [type: Select] [user: admin] [ip: ::1] [proxy: undefined] Database: scheduler; SQL: SELECT * FROM users_without_passwords
[2022-10-25  06:14:29] [type: Request] [user: admin] [ip: ::1] [proxy: undefined] Controller: LanguageSelection Task: getInterfaceNamesData: {}
[2022-10-25  06:14:30] [type: Request] [user: admin] [ip: ::1] [proxy: undefined] Controller: AdminPanelSuspension Task: getUserSuspensionsData: {}
[2022-10-25  06:14:30] [type: Select] [user: admin] [ip: ::1] [proxy: undefined] Database: scheduler; SQL: SELECT * FROM suspension_details WHERE  username = '' and year(date) = '0'
[2022-10-25  06:17:36] [type: Access] [user: admin] [ip: ::1] [proxy: undefined] http://localhost/Scheduler/pages/adminPanel/adminPanelSuspensions.php?
[2022-10-25  06:19:00] [type: Access] [user: admin] [ip: ::1] [proxy: undefined] http://localhost/Scheduler/pages/adminPanel/adminPanelSuspensions.php?
[2022-10-25  06:19:00] [type: Select] [user: admin] [ip: ::1] [proxy: undefined] Database: scheduler; SQL: SELECT * FROM users_without_passwords
[2022-10-25  06:19:01] [type: Request] [user: admin] [ip: ::1] [proxy: undefined] Controller: LanguageSelection Task: getInterfaceNamesData: {}
[2022-10-25  06:19:01] [type: Request] [user: admin] [ip: ::1] [proxy: undefined] Controller: AdminPanelSuspension Task: getUserSuspensionsData: {}
[2022-10-25  06:19:01] [type: Select] [user: admin] [ip: ::1] [proxy: undefined] Database: scheduler; SQL: SELECT * FROM suspension_details WHERE  username = '' and year(date) = '0'
[2022-10-25  06:19:10] [type: Access] [user: admin] [ip: ::1] [proxy: undefined] http://localhost/Scheduler/pages/adminPanel/adminPanelUsages.php?
[2022-10-25  06:19:10] [type: Select] [user: admin] [ip: ::1] [proxy: undefined] Database: scheduler; SQL: SELECT * FROM users_without_passwords
[2022-10-25  06:19:10] [type: Request] [user: admin] [ip: ::1] [proxy: undefined] Controller: LanguageSelection Task: getInterfaceNamesData: {}
[2022-10-25  06:59:49] [type: Access] [user: admin] [ip: ::1] [proxy: undefined] http://localhost/Scheduler/pages/inspector/inspectorReports.php?
[2022-10-25  06:59:49] [type: Request] [user: admin] [ip: ::1] [proxy: undefined] Controller: LanguageSelection Task: getInterfaceNamesData: {}
[2022-10-25  06:59:49] [type: Request] [user: admin] [ip: ::1] [proxy: undefined] Controller: InspectorReport Task: getMyDocumentsData: {}
[2022-10-25  06:59:49] [type: Select] [user: admin] [ip: ::1] [proxy: undefined] Database: scheduler; SQL: SELECT * FROM document_user_details WHERE  active = '1' and username = 'admin' and ( year(start) = '2022' or year(end) = '2022')
[2022-10-25  06:59:51] [type: Access] [user: admin] [ip: ::1] [proxy: undefined] http://localhost/Scheduler/pages/inspector/inspectorInstruments.php?
[2022-10-25  06:59:52] [type: Select] [user: admin] [ip: ::1] [proxy: undefined] Database: scheduler; SQL: SELECT * FROM document_user_details WHERE  active = '1' and username = 'admin' and ( ( month(start) = '10' and year(start) = '2022' ) or ( month(end) = '10' and year(end) = '2022' ))
[2022-10-25  06:59:52] [type: Request] [user: admin] [ip: ::1] [proxy: undefined] Controller: LanguageSelection Task: getInterfaceNamesData: {}
[2022-10-25  06:59:52] [type: Request] [user: admin] [ip: ::1] [proxy: undefined] Controller: InspectorInstruments Task: getUsagesData: {}
[2022-10-25  06:59:52] [type: Select] [user: admin] [ip: ::1] [proxy: undefined] Database: scheduler; SQL: SELECT * FROM instrument_usage_details WHERE  active = '1' and id_document = '0' and document_assigned_username = 'admin'
[2022-10-25  06:59:54] [type: Request] [user: admin] [ip: ::1] [proxy: undefined] Controller: InspectorInstruments Task: getUsagesData: {}
[2022-10-25  06:59:54] [type: Select] [user: admin] [ip: ::1] [proxy: undefined] Database: scheduler; SQL: SELECT * FROM instrument_usage_details WHERE  active = '1' and id_document = '5' and document_assigned_username = 'admin'
[2022-10-25  07:03:38] [type: Access] [user: admin] [ip: ::1] [proxy: undefined] http://localhost/Scheduler/pages/adminPanel/adminPanelUsers.php?
[2022-10-25  07:03:38] [type: Request] [user: admin] [ip: ::1] [proxy: undefined] Controller: LanguageSelection Task: getInterfaceNamesData: {}
[2022-10-25  07:03:38] [type: Request] [user: admin] [ip: ::1] [proxy: undefined] Controller: AdminPanelUsers Task: getAllUsersData: {}
[2022-10-25  07:03:38] [type: Select] [user: admin] [ip: ::1] [proxy: undefined] Database: scheduler; SQL: SELECT * FROM users_without_passwords
[2022-10-25  07:03:39] [type: Request] [user: admin] [ip: ::1] [proxy: undefined] Controller: AdminPanelUsers Task: getUserPrivilagesData: {}
[2022-10-25  07:03:39] [type: Select] [user: admin] [ip: ::1] [proxy: undefined] Database: scheduler; SQL: SELECT * FROM privilages WHERE  id_user = '0'
[2022-10-25  07:03:39] [type: Request] [user: admin] [ip: ::1] [proxy: undefined] Controller: AdminPanelUsers Task: getUserEmploymentPeriodsData: {}
[2022-10-25  07:03:39] [type: Select] [user: admin] [ip: ::1] [proxy: undefined] Database: scheduler; SQL: SELECT * FROM employment WHERE  id_user = '0'
[2022-10-25  07:03:43] [type: Access] [user: admin] [ip: ::1] [proxy: undefined] http://localhost/Scheduler/pages/adminPanel/adminPanelUsages.php?
[2022-10-25  07:03:43] [type: Select] [user: admin] [ip: ::1] [proxy: undefined] Database: scheduler; SQL: SELECT * FROM users_without_passwords
[2022-10-25  07:03:43] [type: Request] [user: admin] [ip: ::1] [proxy: undefined] Controller: LanguageSelection Task: getInterfaceNamesData: {}
[2022-10-25  07:04:21] [type: Access] [user: admin] [ip: ::1] [proxy: undefined] http://localhost/Scheduler/pages/adminPanel/adminPanelUsages.php?
[2022-10-25  07:04:21] [type: Select] [user: admin] [ip: ::1] [proxy: undefined] Database: scheduler; SQL: SELECT * FROM users_without_passwords
[2022-10-25  07:04:21] [type: Request] [user: admin] [ip: ::1] [proxy: undefined] Controller: LanguageSelection Task: getInterfaceNamesData: {}
[2022-10-25  07:04:40] [type: Access] [user: admin] [ip: ::1] [proxy: undefined] http://localhost/Scheduler/pages/adminPanel/adminPanelUsages.php?
[2022-10-25  07:04:40] [type: Select] [user: admin] [ip: ::1] [proxy: undefined] Database: scheduler; SQL: SELECT * FROM users_without_passwords
[2022-10-25  07:04:41] [type: Request] [user: admin] [ip: ::1] [proxy: undefined] Controller: LanguageSelection Task: getInterfaceNamesData: {}
[2022-10-25  07:04:41] [type: Request] [user: admin] [ip: ::1] [proxy: undefined] Controller: AdminPanelUsages Task: getUsagesData: {}
[2022-10-25  07:04:41] [type: Error] [user: admin] [ip: ::1] [proxy: undefined] Services\InstrumentUsageService::getAllUserUsagesForYear(): Return value must be of type Tanweb\Container, none returned ;
 #0 C:\laragon\www\Scheduler\sys\classes\Controllers\AdminPanelUsages.php(35): Services\InstrumentUsageService->getAllUserUsagesForYear('', 0)
#1 C:\laragon\www\Scheduler\sys\classes\Controllers\Base\Controller.php(112): Controllers\AdminPanelUsages->getUsages()
#2 C:\laragon\www\Scheduler\sys\classes\Controllers\Base\Controller.php(89): Controllers\Base\Controller->runTask(Object(Tanweb\Request\Request))
#3 C:\laragon\www\Scheduler\sys\scripts\requests\rest.php(28): Controllers\Base\Controller->run(Object(Tanweb\Request\Request))
#4 {main}
[2022-10-25  07:06:26] [type: Access] [user: admin] [ip: ::1] [proxy: undefined] http://localhost/Scheduler/pages/adminPanel/adminPanelUsages.php?
[2022-10-25  07:06:26] [type: Select] [user: admin] [ip: ::1] [proxy: undefined] Database: scheduler; SQL: SELECT * FROM users_without_passwords
[2022-10-25  07:06:26] [type: Request] [user: admin] [ip: ::1] [proxy: undefined] Controller: LanguageSelection Task: getInterfaceNamesData: {}
[2022-10-25  07:06:46] [type: Access] [user: admin] [ip: ::1] [proxy: undefined] http://localhost/Scheduler/pages/adminPanel/adminPanelUsages.php?
[2022-10-25  07:06:46] [type: Select] [user: admin] [ip: ::1] [proxy: undefined] Database: scheduler; SQL: SELECT * FROM users_without_passwords
[2022-10-25  07:06:46] [type: Request] [user: admin] [ip: ::1] [proxy: undefined] Controller: LanguageSelection Task: getInterfaceNamesData: {}
[2022-10-25  07:06:47] [type: Request] [user: admin] [ip: ::1] [proxy: undefined] Controller: AdminPanelUsages Task: getUsagesData: {}
[2022-10-25  07:06:47] [type: Select] [user: admin] [ip: ::1] [proxy: undefined] Database: scheduler; SQL: SELECT * FROM instrument_usage_details WHERE  year(date) = '0' and document_assigned_username = ''
[2022-10-25  07:06:50] [type: Request] [user: admin] [ip: ::1] [proxy: undefined] Controller: AdminPanelUsages Task: getUsagesData: {}
[2022-10-25  07:06:50] [type: Select] [user: admin] [ip: ::1] [proxy: undefined] Database: scheduler; SQL: SELECT * FROM instrument_usage_details WHERE  year(date) = '2022' and document_assigned_username = 'admin'
[2022-10-25  07:06:56] [type: Request] [user: admin] [ip: ::1] [proxy: undefined] Controller: AdminPanelUsages Task: getEditUsageDetailsData: {}
[2022-10-25  07:06:56] [type: Select] [user: admin] [ip: ::1] [proxy: undefined] Database: scheduler; SQL: SELECT * FROM document_details WHERE  id = '5'
[2022-10-25  07:06:56] [type: Select] [user: admin] [ip: ::1] [proxy: undefined] Database: scheduler; SQL: SELECT * FROM equipment_details WHERE  active = '1' and measurement_instrument = '1'
[2022-10-25  07:10:39] [type: Access] [user: admin] [ip: ::1] [proxy: undefined] http://localhost/Scheduler/pages/adminPanel/adminPanelUsages.php?
[2022-10-25  07:10:39] [type: Select] [user: admin] [ip: ::1] [proxy: undefined] Database: scheduler; SQL: SELECT * FROM users_without_passwords
[2022-10-25  07:10:40] [type: Request] [user: admin] [ip: ::1] [proxy: undefined] Controller: LanguageSelection Task: getInterfaceNamesData: {}
[2022-10-25  07:10:40] [type: Request] [user: admin] [ip: ::1] [proxy: undefined] Controller: AdminPanelUsages Task: getUsagesData: {}
[2022-10-25  07:10:40] [type: Select] [user: admin] [ip: ::1] [proxy: undefined] Database: scheduler; SQL: SELECT * FROM instrument_usage_details WHERE  year(date) = '0' and document_assigned_username = ''
[2022-10-25  07:10:45] [type: Request] [user: admin] [ip: ::1] [proxy: undefined] Controller: AdminPanelUsages Task: getUsagesData: {}
[2022-10-25  07:10:45] [type: Select] [user: admin] [ip: ::1] [proxy: undefined] Database: scheduler; SQL: SELECT * FROM instrument_usage_details WHERE  year(date) = '2022' and document_assigned_username = 'admin'
[2022-10-25  07:10:46] [type: Request] [user: admin] [ip: ::1] [proxy: undefined] Controller: AdminPanelUsages Task: getEditUsageDetailsData: {}
[2022-10-25  07:10:46] [type: Select] [user: admin] [ip: ::1] [proxy: undefined] Database: scheduler; SQL: SELECT * FROM document_details WHERE  id = '5'
[2022-10-25  07:10:46] [type: Select] [user: admin] [ip: ::1] [proxy: undefined] Database: scheduler; SQL: SELECT * FROM equipment_details WHERE  active = '1' and measurement_instrument = '1'
[2022-10-25  07:10:50] [type: Request] [user: admin] [ip: ::1] [proxy: undefined] Controller: AdminPanelUsages Task: getEditUsageDetailsData: {}
[2022-10-25  07:10:50] [type: Select] [user: admin] [ip: ::1] [proxy: undefined] Database: scheduler; SQL: SELECT * FROM document_details WHERE  id = '5'
[2022-10-25  07:10:50] [type: Select] [user: admin] [ip: ::1] [proxy: undefined] Database: scheduler; SQL: SELECT * FROM equipment_details WHERE  active = '1' and measurement_instrument = '1'
[2022-10-25  07:11:30] [type: Access] [user: admin] [ip: ::1] [proxy: undefined] http://localhost/Scheduler/pages/adminPanel/adminPanelUsages.php?
[2022-10-25  07:11:30] [type: Select] [user: admin] [ip: ::1] [proxy: undefined] Database: scheduler; SQL: SELECT * FROM users_without_passwords
[2022-10-25  07:11:30] [type: Request] [user: admin] [ip: ::1] [proxy: undefined] Controller: LanguageSelection Task: getInterfaceNamesData: {}
[2022-10-25  07:11:30] [type: Request] [user: admin] [ip: ::1] [proxy: undefined] Controller: AdminPanelUsages Task: getUsagesData: {}
[2022-10-25  07:11:30] [type: Select] [user: admin] [ip: ::1] [proxy: undefined] Database: scheduler; SQL: SELECT * FROM instrument_usage_details WHERE  year(date) = '0' and document_assigned_username = ''
[2022-10-25  07:11:35] [type: Request] [user: admin] [ip: ::1] [proxy: undefined] Controller: AdminPanelUsages Task: getUsagesData: {}
[2022-10-25  07:11:35] [type: Select] [user: admin] [ip: ::1] [proxy: undefined] Database: scheduler; SQL: SELECT * FROM instrument_usage_details WHERE  year(date) = '2022' and document_assigned_username = 'admin'
[2022-10-25  07:11:37] [type: Request] [user: admin] [ip: ::1] [proxy: undefined] Controller: AdminPanelUsages Task: getEditUsageDetailsData: {}
[2022-10-25  07:11:37] [type: Select] [user: admin] [ip: ::1] [proxy: undefined] Database: scheduler; SQL: SELECT * FROM document_details WHERE  id = '5'
[2022-10-25  07:11:37] [type: Select] [user: admin] [ip: ::1] [proxy: undefined] Database: scheduler; SQL: SELECT * FROM equipment_details WHERE  active = '1' and measurement_instrument = '1'
[2022-10-25  07:12:11] [type: Request] [user: admin] [ip: ::1] [proxy: undefined] Controller: AdminPanelUsages Task: updateUsageData: {}
[2022-10-25  07:12:11] [type: Select] [user: admin] [ip: ::1] [proxy: undefined] Database: scheduler; SQL: SELECT * FROM instrument_usage WHERE  id = '1'
[2022-10-25  07:12:11] [type: update] [user: admin] [ip: ::1] [proxy: undefined] Database: scheduler; SQL: UPDATE instrument_usage SET active='0', remarks='test', recommendation_decision='1', id_document_user='9', id_equipment='5' WHERE id = '1'
[2022-10-25  07:12:12] [type: Request] [user: admin] [ip: ::1] [proxy: undefined] Controller: AdminPanelUsages Task: getUsagesData: {}
[2022-10-25  07:12:12] [type: Select] [user: admin] [ip: ::1] [proxy: undefined] Database: scheduler; SQL: SELECT * FROM instrument_usage_details WHERE  year(date) = '2022' and document_assigned_username = 'admin'
[2022-10-25  07:12:15] [type: Request] [user: admin] [ip: ::1] [proxy: undefined] Controller: AdminPanelUsages Task: changeUsageStatusData: {}
[2022-10-25  07:12:15] [type: Select] [user: admin] [ip: ::1] [proxy: undefined] Database: scheduler; SQL: SELECT * FROM instrument_usage WHERE  id = '1'
[2022-10-25  07:12:15] [type: update] [user: admin] [ip: ::1] [proxy: undefined] Database: scheduler; SQL: UPDATE instrument_usage SET active='1' WHERE id = '1'
[2022-10-25  07:12:16] [type: Request] [user: admin] [ip: ::1] [proxy: undefined] Controller: AdminPanelUsages Task: getUsagesData: {}
[2022-10-25  07:12:16] [type: Select] [user: admin] [ip: ::1] [proxy: undefined] Database: scheduler; SQL: SELECT * FROM instrument_usage_details WHERE  year(date) = '2022' and document_assigned_username = 'admin'
[2022-10-25  07:12:49] [type: Request] [user: admin] [ip: ::1] [proxy: undefined] Controller: AdminPanelUsages Task: changeUsageStatusData: {}
[2022-10-25  07:12:49] [type: Select] [user: admin] [ip: ::1] [proxy: undefined] Database: scheduler; SQL: SELECT * FROM instrument_usage WHERE  id = '1'
[2022-10-25  07:12:49] [type: update] [user: admin] [ip: ::1] [proxy: undefined] Database: scheduler; SQL: UPDATE instrument_usage SET active='0' WHERE id = '1'
[2022-10-25  07:13:01] [type: Request] [user: admin] [ip: ::1] [proxy: undefined] Controller: AdminPanelUsages Task: getUsagesData: {}
[2022-10-25  07:13:01] [type: Select] [user: admin] [ip: ::1] [proxy: undefined] Database: scheduler; SQL: SELECT * FROM instrument_usage_details WHERE  year(date) = '2022' and document_assigned_username = 'admin'
[2022-10-25  07:14:26] [type: Access] [user: admin] [ip: ::1] [proxy: undefined] http://localhost/Scheduler/pages/adminPanel/adminPanelUsages.php?
[2022-10-25  07:14:26] [type: Select] [user: admin] [ip: ::1] [proxy: undefined] Database: scheduler; SQL: SELECT * FROM users_without_passwords
[2022-10-25  07:14:26] [type: Request] [user: admin] [ip: ::1] [proxy: undefined] Controller: LanguageSelection Task: getInterfaceNamesData: {}
[2022-10-25  07:14:26] [type: Request] [user: admin] [ip: ::1] [proxy: undefined] Controller: AdminPanelUsages Task: getUsagesData: {}
[2022-10-25  07:14:26] [type: Select] [user: admin] [ip: ::1] [proxy: undefined] Database: scheduler; SQL: SELECT * FROM instrument_usage_details WHERE  year(date) = '0' and document_assigned_username = ''
[2022-10-25  07:14:37] [type: Request] [user: admin] [ip: ::1] [proxy: undefined] Controller: AdminPanelUsages Task: getUsagesData: {}
[2022-10-25  07:14:37] [type: Select] [user: admin] [ip: ::1] [proxy: undefined] Database: scheduler; SQL: SELECT * FROM instrument_usage_details WHERE  year(date) = '2022' and document_assigned_username = 'admin'
[2022-10-25  07:14:39] [type: Request] [user: admin] [ip: ::1] [proxy: undefined] Controller: AdminPanelUsages Task: getEditUsageDetailsData: {}
[2022-10-25  07:14:39] [type: Select] [user: admin] [ip: ::1] [proxy: undefined] Database: scheduler; SQL: SELECT * FROM document_details WHERE  id = '5'
[2022-10-25  07:14:39] [type: Select] [user: admin] [ip: ::1] [proxy: undefined] Database: scheduler; SQL: SELECT * FROM equipment_details WHERE  active = '1' and measurement_instrument = '1'
[2022-10-25  07:14:42] [type: Request] [user: admin] [ip: ::1] [proxy: undefined] Controller: AdminPanelUsages Task: changeUsageStatusData: {}
[2022-10-25  07:14:42] [type: Select] [user: admin] [ip: ::1] [proxy: undefined] Database: scheduler; SQL: SELECT * FROM instrument_usage WHERE  id = '1'
[2022-10-25  07:14:42] [type: update] [user: admin] [ip: ::1] [proxy: undefined] Database: scheduler; SQL: UPDATE instrument_usage SET active='1' WHERE id = '1'
[2022-10-25  07:14:44] [type: Request] [user: admin] [ip: ::1] [proxy: undefined] Controller: AdminPanelUsages Task: getUsagesData: {}
[2022-10-25  07:14:44] [type: Select] [user: admin] [ip: ::1] [proxy: undefined] Database: scheduler; SQL: SELECT * FROM instrument_usage_details WHERE  year(date) = '2022' and document_assigned_username = 'admin'
[2022-10-25  07:14:47] [type: Access] [user: admin] [ip: ::1] [proxy: undefined] http://localhost/Scheduler/pages/inspector/inspectorReports.php?
[2022-10-25  07:14:47] [type: Request] [user: admin] [ip: ::1] [proxy: undefined] Controller: LanguageSelection Task: getInterfaceNamesData: {}
[2022-10-25  07:14:47] [type: Request] [user: admin] [ip: ::1] [proxy: undefined] Controller: InspectorReport Task: getMyDocumentsData: {}
[2022-10-25  07:14:47] [type: Select] [user: admin] [ip: ::1] [proxy: undefined] Database: scheduler; SQL: SELECT * FROM document_user_details WHERE  active = '1' and username = 'admin' and ( year(start) = '2022' or year(end) = '2022')
[2022-10-25  07:14:48] [type: Access] [user: admin] [ip: ::1] [proxy: undefined] http://localhost/Scheduler/pages/inspector/inspectorInstruments.php?
[2022-10-25  07:14:48] [type: Select] [user: admin] [ip: ::1] [proxy: undefined] Database: scheduler; SQL: SELECT * FROM document_user_details WHERE  active = '1' and username = 'admin' and ( ( month(start) = '10' and year(start) = '2022' ) or ( month(end) = '10' and year(end) = '2022' ))
[2022-10-25  07:14:49] [type: Request] [user: admin] [ip: ::1] [proxy: undefined] Controller: LanguageSelection Task: getInterfaceNamesData: {}
[2022-10-25  07:14:49] [type: Request] [user: admin] [ip: ::1] [proxy: undefined] Controller: InspectorInstruments Task: getUsagesData: {}
[2022-10-25  07:14:49] [type: Select] [user: admin] [ip: ::1] [proxy: undefined] Database: scheduler; SQL: SELECT * FROM instrument_usage_details WHERE  active = '1' and id_document = '0' and document_assigned_username = 'admin'
[2022-10-25  07:14:50] [type: Request] [user: admin] [ip: ::1] [proxy: undefined] Controller: InspectorInstruments Task: getUsagesData: {}
[2022-10-25  07:14:50] [type: Select] [user: admin] [ip: ::1] [proxy: undefined] Database: scheduler; SQL: SELECT * FROM instrument_usage_details WHERE  active = '1' and id_document = '5' and document_assigned_username = 'admin'
[2022-10-25  07:14:56] [type: Access] [user: admin] [ip: ::1] [proxy: undefined] http://localhost/Scheduler/pages/adminPanel/adminPanelUsers.php?
[2022-10-25  07:14:57] [type: Request] [user: admin] [ip: ::1] [proxy: undefined] Controller: LanguageSelection Task: getInterfaceNamesData: {}
[2022-10-25  07:14:57] [type: Request] [user: admin] [ip: ::1] [proxy: undefined] Controller: AdminPanelUsers Task: getAllUsersData: {}
[2022-10-25  07:14:57] [type: Select] [user: admin] [ip: ::1] [proxy: undefined] Database: scheduler; SQL: SELECT * FROM users_without_passwords
[2022-10-25  07:14:57] [type: Request] [user: admin] [ip: ::1] [proxy: undefined] Controller: AdminPanelUsers Task: getUserPrivilagesData: {}
[2022-10-25  07:14:57] [type: Select] [user: admin] [ip: ::1] [proxy: undefined] Database: scheduler; SQL: SELECT * FROM privilages WHERE  id_user = '0'
[2022-10-25  07:14:58] [type: Request] [user: admin] [ip: ::1] [proxy: undefined] Controller: AdminPanelUsers Task: getUserEmploymentPeriodsData: {}
[2022-10-25  07:14:58] [type: Select] [user: admin] [ip: ::1] [proxy: undefined] Database: scheduler; SQL: SELECT * FROM employment WHERE  id_user = '0'
[2022-10-25  07:14:58] [type: Access] [user: admin] [ip: ::1] [proxy: undefined] http://localhost/Scheduler/pages/adminPanel/adminPanelCourt.php?
[2022-10-25  07:14:58] [type: Select] [user: admin] [ip: ::1] [proxy: undefined] Database: scheduler; SQL: SELECT * FROM users_without_passwords
[2022-10-25  07:14:59] [type: Request] [user: admin] [ip: ::1] [proxy: undefined] Controller: LanguageSelection Task: getInterfaceNamesData: {}
[2022-10-25  07:24:06] [type: Access] [user: admin] [ip: ::1] [proxy: undefined] http://localhost/Scheduler/pages/adminPanel/adminPanelCourt.php?
[2022-10-25  07:24:06] [type: Select] [user: admin] [ip: ::1] [proxy: undefined] Database: scheduler; SQL: SELECT * FROM users_without_passwords
[2022-10-25  07:24:06] [type: Request] [user: admin] [ip: ::1] [proxy: undefined] Controller: LanguageSelection Task: getInterfaceNamesData: {}
[2022-10-25  07:24:08] [type: Access] [user: admin] [ip: ::1] [proxy: undefined] http://localhost/Scheduler/pages/adminPanel/adminPanelCourt.php?
[2022-10-25  07:24:08] [type: Select] [user: admin] [ip: ::1] [proxy: undefined] Database: scheduler; SQL: SELECT * FROM users_without_passwords
[2022-10-25  07:24:08] [type: Request] [user: admin] [ip: ::1] [proxy: undefined] Controller: LanguageSelection Task: getInterfaceNamesData: {}
[2022-10-25  07:24:42] [type: Access] [user: admin] [ip: ::1] [proxy: undefined] http://localhost/Scheduler/pages/adminPanel/adminPanelCourt.php?
[2022-10-25  07:24:42] [type: Select] [user: admin] [ip: ::1] [proxy: undefined] Database: scheduler; SQL: SELECT * FROM users_without_passwords
[2022-10-25  07:24:42] [type: Request] [user: admin] [ip: ::1] [proxy: undefined] Controller: LanguageSelection Task: getInterfaceNamesData: {}
[2022-10-25  07:24:42] [type: Request] [user: admin] [ip: ::1] [proxy: undefined] Controller: AdminPanelCourt Task: getCourtApplicationsData: {}
[2022-10-25  07:24:42] [type: Select] [user: admin] [ip: ::1] [proxy: undefined] Database: scheduler; SQL: SELECT * FROM court_application_details WHERE  username = '' and year(date) = '0'
[2022-10-25  07:24:49] [type: Request] [user: admin] [ip: ::1] [proxy: undefined] Controller: AdminPanelCourt Task: getCourtApplicationsData: {}
[2022-10-25  07:24:49] [type: Select] [user: admin] [ip: ::1] [proxy: undefined] Database: scheduler; SQL: SELECT * FROM court_application_details WHERE  username = 'admin' and year(date) = '2022'
[2022-10-25  07:25:15] [type: Access] [user: admin] [ip: ::1] [proxy: undefined] http://localhost/Scheduler/pages/adminPanel/adminPanelCourt.php?
[2022-10-25  07:25:15] [type: Select] [user: admin] [ip: ::1] [proxy: undefined] Database: scheduler; SQL: SELECT * FROM users_without_passwords
[2022-10-25  07:25:15] [type: Request] [user: admin] [ip: ::1] [proxy: undefined] Controller: LanguageSelection Task: getInterfaceNamesData: {}
[2022-10-25  07:25:15] [type: Request] [user: admin] [ip: ::1] [proxy: undefined] Controller: AdminPanelCourt Task: getCourtApplicationsData: {}
[2022-10-25  07:25:15] [type: Select] [user: admin] [ip: ::1] [proxy: undefined] Database: scheduler; SQL: SELECT * FROM court_application_details WHERE  username = '' and year(date) = '0'
[2022-10-25  07:25:18] [type: Request] [user: admin] [ip: ::1] [proxy: undefined] Controller: AdminPanelCourt Task: getCourtApplicationsData: {}
[2022-10-25  07:25:18] [type: Select] [user: admin] [ip: ::1] [proxy: undefined] Database: scheduler; SQL: SELECT * FROM court_application_details WHERE  username = 'admin' and year(date) = '2022'
[2022-10-25  07:25:27] [type: Request] [user: admin] [ip: ::1] [proxy: undefined] Controller: AdminPanelCourt Task: getEditApplicationDetailsData: {}
[2022-10-25  07:25:27] [type: Select] [user: admin] [ip: ::1] [proxy: undefined] Database: scheduler; SQL: SELECT * FROM document_details WHERE  id = '5'
[2022-10-25  07:25:27] [type: Select] [user: admin] [ip: ::1] [proxy: undefined] Database: scheduler; SQL: SELECT * FROM position_groups WHERE  active = '1'
[2022-10-25  07:25:34] [type: Request] [user: admin] [ip: ::1] [proxy: undefined] Controller: AdminPanelCourt Task: saveCourtApplicationData: {}
[2022-10-25  07:25:34] [type: Select] [user: admin] [ip: ::1] [proxy: undefined] Database: scheduler; SQL: SELECT * FROM court_application WHERE  id = '1'
[2022-10-25  07:25:34] [type: update] [user: admin] [ip: ::1] [proxy: undefined] Database: scheduler; SQL: UPDATE court_application SET active='0', value='123', accusation='wtest', external_company='0', id_document_user='9', id_position_groups='1' WHERE id = '1'
[2022-10-25  07:25:35] [type: Request] [user: admin] [ip: ::1] [proxy: undefined] Controller: AdminPanelCourt Task: getCourtApplicationsData: {}
[2022-10-25  07:25:35] [type: Select] [user: admin] [ip: ::1] [proxy: undefined] Database: scheduler; SQL: SELECT * FROM court_application_details WHERE  username = 'admin' and year(date) = '2022'
[2022-10-25  07:25:38] [type: Request] [user: admin] [ip: ::1] [proxy: undefined] Controller: AdminPanelCourt Task: changeApplicationStatusData: {}
[2022-10-25  07:25:38] [type: Select] [user: admin] [ip: ::1] [proxy: undefined] Database: scheduler; SQL: SELECT * FROM court_application WHERE  id = '1'
[2022-10-25  07:25:38] [type: update] [user: admin] [ip: ::1] [proxy: undefined] Database: scheduler; SQL: UPDATE court_application SET active='1' WHERE id = '1'
[2022-10-25  07:25:39] [type: Request] [user: admin] [ip: ::1] [proxy: undefined] Controller: AdminPanelCourt Task: getCourtApplicationsData: {}
[2022-10-25  07:25:39] [type: Select] [user: admin] [ip: ::1] [proxy: undefined] Database: scheduler; SQL: SELECT * FROM court_application_details WHERE  username = 'admin' and year(date) = '2022'
[2022-10-25  07:25:44] [type: Access] [user: admin] [ip: ::1] [proxy: undefined] http://localhost/Scheduler/pages/inspector/inspectorReports.php?
[2022-10-25  07:25:44] [type: Request] [user: admin] [ip: ::1] [proxy: undefined] Controller: LanguageSelection Task: getInterfaceNamesData: {}
[2022-10-25  07:25:45] [type: Request] [user: admin] [ip: ::1] [proxy: undefined] Controller: InspectorReport Task: getMyDocumentsData: {}
[2022-10-25  07:25:45] [type: Select] [user: admin] [ip: ::1] [proxy: undefined] Database: scheduler; SQL: SELECT * FROM document_user_details WHERE  active = '1' and username = 'admin' and ( year(start) = '2022' or year(end) = '2022')
[2022-10-25  07:25:46] [type: Access] [user: admin] [ip: ::1] [proxy: undefined] http://localhost/Scheduler/pages/inspector/inspectorInstruments.php?
[2022-10-25  07:25:46] [type: Select] [user: admin] [ip: ::1] [proxy: undefined] Database: scheduler; SQL: SELECT * FROM document_user_details WHERE  active = '1' and username = 'admin' and ( ( month(start) = '10' and year(start) = '2022' ) or ( month(end) = '10' and year(end) = '2022' ))
[2022-10-25  07:25:46] [type: Request] [user: admin] [ip: ::1] [proxy: undefined] Controller: LanguageSelection Task: getInterfaceNamesData: {}
[2022-10-25  07:25:46] [type: Request] [user: admin] [ip: ::1] [proxy: undefined] Controller: InspectorInstruments Task: getUsagesData: {}
[2022-10-25  07:25:46] [type: Select] [user: admin] [ip: ::1] [proxy: undefined] Database: scheduler; SQL: SELECT * FROM instrument_usage_details WHERE  active = '1' and id_document = '0' and document_assigned_username = 'admin'
[2022-10-25  07:25:47] [type: Access] [user: admin] [ip: ::1] [proxy: undefined] http://localhost/Scheduler/pages/inspector/inspectorCourtApplications.php?
[2022-10-25  07:25:47] [type: Select] [user: admin] [ip: ::1] [proxy: undefined] Database: scheduler; SQL: SELECT * FROM document_user_details WHERE  active = '1' and username = 'admin' and ( ( month(start) = '10' and year(start) = '2022' ) or ( month(end) = '10' and year(end) = '2022' ))
[2022-10-25  07:25:47] [type: Request] [user: admin] [ip: ::1] [proxy: undefined] Controller: LanguageSelection Task: getInterfaceNamesData: {}
[2022-10-25  07:25:47] [type: Request] [user: admin] [ip: ::1] [proxy: undefined] Controller: InspectorCourtApplication Task: getCourtApplicationsData: {}
[2022-10-25  07:25:47] [type: Select] [user: admin] [ip: ::1] [proxy: undefined] Database: scheduler; SQL: SELECT * FROM court_application_details WHERE  active = '1' and username = 'admin' and id_document = '0'
[2022-10-25  07:25:49] [type: Request] [user: admin] [ip: ::1] [proxy: undefined] Controller: InspectorCourtApplication Task: getCourtApplicationsData: {}
[2022-10-25  07:25:49] [type: Select] [user: admin] [ip: ::1] [proxy: undefined] Database: scheduler; SQL: SELECT * FROM court_application_details WHERE  active = '1' and username = 'admin' and id_document = '5'
[2022-10-25  07:25:53] [type: Access] [user: admin] [ip: ::1] [proxy: undefined] http://localhost/Scheduler/pages/inspector/inspectorReports.php?
[2022-10-25  07:25:53] [type: Request] [user: admin] [ip: ::1] [proxy: undefined] Controller: LanguageSelection Task: getInterfaceNamesData: {}
[2022-10-25  07:25:53] [type: Request] [user: admin] [ip: ::1] [proxy: undefined] Controller: InspectorReport Task: getMyDocumentsData: {}
[2022-10-25  07:25:53] [type: Select] [user: admin] [ip: ::1] [proxy: undefined] Database: scheduler; SQL: SELECT * FROM document_user_details WHERE  active = '1' and username = 'admin' and ( year(start) = '2022' or year(end) = '2022')
[2022-10-25  07:39:31] [type: Access] [user: admin] [ip: ::1] [proxy: undefined] http://localhost/Scheduler/pages/inspector/inspectorReports.php?
[2022-10-25  07:39:32] [type: Request] [user: admin] [ip: ::1] [proxy: undefined] Controller: LanguageSelection Task: getInterfaceNamesData: {}
[2022-10-25  07:39:32] [type: Request] [user: admin] [ip: ::1] [proxy: undefined] Controller: InspectorReport Task: getMyDocumentsData: {}
[2022-10-25  07:39:32] [type: Select] [user: admin] [ip: ::1] [proxy: undefined] Database: scheduler; SQL: SELECT * FROM document_user_details WHERE  active = '1' and username = 'admin' and ( year(start) = '2022' or year(end) = '2022')
[2022-10-25  07:39:33] [type: Access] [user: admin] [ip: ::1] [proxy: undefined] http://localhost/Scheduler/pages/inspector/inspectorReports.php?
[2022-10-25  07:39:33] [type: Request] [user: admin] [ip: ::1] [proxy: undefined] Controller: LanguageSelection Task: getInterfaceNamesData: {}
[2022-10-25  07:39:34] [type: Request] [user: admin] [ip: ::1] [proxy: undefined] Controller: InspectorReport Task: getMyDocumentsData: {}
[2022-10-25  07:39:34] [type: Select] [user: admin] [ip: ::1] [proxy: undefined] Database: scheduler; SQL: SELECT * FROM document_user_details WHERE  active = '1' and username = 'admin' and ( year(start) = '2022' or year(end) = '2022')
[2022-10-25  07:39:37] [type: Request] [user: admin] [ip: ::1] [proxy: undefined] Controller: InspectorReport Task: generateReportData: {}
[2022-10-25  07:39:37] [type: Select] [user: admin] [ip: ::1] [proxy: undefined] Database: scheduler; SQL: SELECT * FROM document_details WHERE  id = '5'
[2022-10-25  07:39:37] [type: Select] [user: admin] [ip: ::1] [proxy: undefined] Database: scheduler; SQL: SELECT * FROM document_user_details WHERE  active = '1' and id = '5'
[2022-10-25  07:39:37] [type: Select] [user: admin] [ip: ::1] [proxy: undefined] Database: scheduler; SQL: SELECT * FROM document_entries_details WHERE  active = '1' and username = 'admin' and id_document = '5'
[2022-10-25  07:39:37] [type: Select] [user: admin] [ip: ::1] [proxy: undefined] Database: scheduler; SQL: SELECT * FROM ticket_details WHERE  active = '1' and document_user_active = '1' and id_document = '5' and username = 'admin'
[2022-10-25  07:39:37] [type: Select] [user: admin] [ip: ::1] [proxy: undefined] Database: scheduler; SQL: SELECT * FROM article_details WHERE  active = '1' and document_user_active = '1' and id_document = '5' and username = 'admin'
[2022-10-25  07:39:37] [type: Select] [user: admin] [ip: ::1] [proxy: undefined] Database: scheduler; SQL: SELECT * FROM decision_details WHERE  active = '1' and username = 'admin' and id_document = '5'
[2022-10-25  07:39:37] [type: Select] [user: admin] [ip: ::1] [proxy: undefined] Database: scheduler; SQL: SELECT * FROM suspension_details WHERE  active = '1' and username = 'admin' and id_document = '5'
[2022-10-25  07:39:37] [type: Select] [user: admin] [ip: ::1] [proxy: undefined] Database: scheduler; SQL: SELECT * FROM instrument_usage_details WHERE  active = '1' and id_document = '5' and document_assigned_username = 'admin'
[2022-10-25  07:39:37] [type: Select] [user: admin] [ip: ::1] [proxy: undefined] Database: scheduler; SQL: SELECT * FROM court_application_details WHERE  active = '1' and username = 'admin' and id_document = '5'
[2022-10-25  07:39:48] [type: Request] [user: admin] [ip: ::1] [proxy: undefined] Controller: InspectorReport Task: generateReportData: {}
[2022-10-25  07:39:48] [type: Select] [user: admin] [ip: ::1] [proxy: undefined] Database: scheduler; SQL: SELECT * FROM document_details WHERE  id = '3'
[2022-10-25  07:39:48] [type: Select] [user: admin] [ip: ::1] [proxy: undefined] Database: scheduler; SQL: SELECT * FROM document_user_details WHERE  active = '1' and id = '3'
[2022-10-25  07:39:48] [type: Select] [user: admin] [ip: ::1] [proxy: undefined] Database: scheduler; SQL: SELECT * FROM document_entries_details WHERE  active = '1' and username = 'admin' and id_document = '3'
[2022-10-25  07:39:48] [type: Select] [user: admin] [ip: ::1] [proxy: undefined] Database: scheduler; SQL: SELECT * FROM ticket_details WHERE  active = '1' and document_user_active = '1' and id_document = '3' and username = 'admin'
[2022-10-25  07:39:48] [type: Select] [user: admin] [ip: ::1] [proxy: undefined] Database: scheduler; SQL: SELECT * FROM article_details WHERE  active = '1' and document_user_active = '1' and id_document = '3' and username = 'admin'
[2022-10-25  07:39:48] [type: Select] [user: admin] [ip: ::1] [proxy: undefined] Database: scheduler; SQL: SELECT * FROM decision_details WHERE  active = '1' and username = 'admin' and id_document = '3'
[2022-10-25  07:39:48] [type: Select] [user: admin] [ip: ::1] [proxy: undefined] Database: scheduler; SQL: SELECT * FROM suspension_details WHERE  active = '1' and username = 'admin' and id_document = '3'
[2022-10-25  07:39:48] [type: Select] [user: admin] [ip: ::1] [proxy: undefined] Database: scheduler; SQL: SELECT * FROM instrument_usage_details WHERE  active = '1' and id_document = '3' and document_assigned_username = 'admin'
[2022-10-25  07:39:48] [type: Select] [user: admin] [ip: ::1] [proxy: undefined] Database: scheduler; SQL: SELECT * FROM court_application_details WHERE  active = '1' and username = 'admin' and id_document = '3'
[2022-10-25  07:39:56] [type: Request] [user: admin] [ip: ::1] [proxy: undefined] Controller: InspectorReport Task: generateReportData: {}
[2022-10-25  07:39:56] [type: Select] [user: admin] [ip: ::1] [proxy: undefined] Database: scheduler; SQL: SELECT * FROM document_details WHERE  id = '4'
[2022-10-25  07:39:56] [type: Select] [user: admin] [ip: ::1] [proxy: undefined] Database: scheduler; SQL: SELECT * FROM document_user_details WHERE  active = '1' and id = '4'
[2022-10-25  07:39:56] [type: Select] [user: admin] [ip: ::1] [proxy: undefined] Database: scheduler; SQL: SELECT * FROM document_entries_details WHERE  active = '1' and username = 'admin' and id_document = '4'
[2022-10-25  07:39:56] [type: Select] [user: admin] [ip: ::1] [proxy: undefined] Database: scheduler; SQL: SELECT * FROM ticket_details WHERE  active = '1' and document_user_active = '1' and id_document = '4' and username = 'admin'
[2022-10-25  07:39:56] [type: Select] [user: admin] [ip: ::1] [proxy: undefined] Database: scheduler; SQL: SELECT * FROM article_details WHERE  active = '1' and document_user_active = '1' and id_document = '4' and username = 'admin'
[2022-10-25  07:39:56] [type: Select] [user: admin] [ip: ::1] [proxy: undefined] Database: scheduler; SQL: SELECT * FROM decision_details WHERE  active = '1' and username = 'admin' and id_document = '4'
[2022-10-25  07:39:56] [type: Select] [user: admin] [ip: ::1] [proxy: undefined] Database: scheduler; SQL: SELECT * FROM suspension_details WHERE  active = '1' and username = 'admin' and id_document = '4'
[2022-10-25  07:39:56] [type: Select] [user: admin] [ip: ::1] [proxy: undefined] Database: scheduler; SQL: SELECT * FROM suspension_art_41_details WHERE  active = '1' and username = 'admin' and id_suspension = '1'
[2022-10-25  07:39:56] [type: Select] [user: admin] [ip: ::1] [proxy: undefined] Database: scheduler; SQL: SELECT * FROM suspension_decision_details WHERE  active = '1' and username = 'admin' and id_suspension = '1'
[2022-10-25  07:39:56] [type: Select] [user: admin] [ip: ::1] [proxy: undefined] Database: scheduler; SQL: SELECT * FROM suspension_ticket_details WHERE  active = '1' and username = 'admin' and id_suspension = '1'
[2022-10-25  07:39:56] [type: Select] [user: admin] [ip: ::1] [proxy: undefined] Database: scheduler; SQL: SELECT * FROM suspension_art_41_details WHERE  active = '1' and username = 'admin' and id_suspension = '3'
[2022-10-25  07:39:56] [type: Select] [user: admin] [ip: ::1] [proxy: undefined] Database: scheduler; SQL: SELECT * FROM suspension_decision_details WHERE  active = '1' and username = 'admin' and id_suspension = '3'
[2022-10-25  07:39:56] [type: Select] [user: admin] [ip: ::1] [proxy: undefined] Database: scheduler; SQL: SELECT * FROM suspension_ticket_details WHERE  active = '1' and username = 'admin' and id_suspension = '3'
[2022-10-25  07:39:56] [type: Select] [user: admin] [ip: ::1] [proxy: undefined] Database: scheduler; SQL: SELECT * FROM instrument_usage_details WHERE  active = '1' and id_document = '4' and document_assigned_username = 'admin'
[2022-10-25  07:39:56] [type: Select] [user: admin] [ip: ::1] [proxy: undefined] Database: scheduler; SQL: SELECT * FROM court_application_details WHERE  active = '1' and username = 'admin' and id_document = '4'
[2022-10-25  07:42:32] [type: Request] [user: admin] [ip: ::1] [proxy: undefined] Controller: LanguageSelection Task: getInterfaceNamesData: {}
[2022-10-25  07:42:37] [type: Access] [user: admin] [ip: ::1] [proxy: undefined] http://localhost/Scheduler/pages/index/indexMyData.php?
[2022-10-25  07:42:37] [type: Request] [user: admin] [ip: ::1] [proxy: undefined] Controller: LanguageSelection Task: getInterfaceNamesData: {}
[2022-10-25  07:42:40] [type: Request] [user: admin] [ip: ::1] [proxy: undefined] Controller: LanguageSelection Task: getInterfaceNamesData: {}
[2022-10-25  07:43:42] [type: Access] [user: admin] [ip: ::1] [proxy: undefined] http://localhost/Scheduler/pages/adminPanel/adminPanelUsers.php?
[2022-10-25  07:43:43] [type: Request] [user: admin] [ip: ::1] [proxy: undefined] Controller: LanguageSelection Task: getInterfaceNamesData: {}
[2022-10-25  07:43:43] [type: Request] [user: admin] [ip: ::1] [proxy: undefined] Controller: AdminPanelUsers Task: getAllUsersData: {}
[2022-10-25  07:43:43] [type: Select] [user: admin] [ip: ::1] [proxy: undefined] Database: scheduler; SQL: SELECT * FROM users_without_passwords
[2022-10-25  07:43:43] [type: Request] [user: admin] [ip: ::1] [proxy: undefined] Controller: AdminPanelUsers Task: getUserPrivilagesData: {}
[2022-10-25  07:43:43] [type: Select] [user: admin] [ip: ::1] [proxy: undefined] Database: scheduler; SQL: SELECT * FROM privilages WHERE  id_user = '0'
[2022-10-25  07:43:44] [type: Request] [user: admin] [ip: ::1] [proxy: undefined] Controller: AdminPanelUsers Task: getUserEmploymentPeriodsData: {}
[2022-10-25  07:43:44] [type: Select] [user: admin] [ip: ::1] [proxy: undefined] Database: scheduler; SQL: SELECT * FROM employment WHERE  id_user = '0'
[2022-10-25  07:43:51] [type: Access] [user: admin] [ip: ::1] [proxy: undefined] http://localhost/Scheduler/pages/adminPanel/adminPanelSchedule.php?
[2022-10-25  07:43:51] [type: Select] [user: admin] [ip: ::1] [proxy: undefined] Database: scheduler; SQL: SELECT * FROM users_without_passwords
[2022-10-25  07:43:51] [type: Request] [user: admin] [ip: ::1] [proxy: undefined] Controller: LanguageSelection Task: getInterfaceNamesData: {}
[2022-10-25  07:43:52] [type: Request] [user: admin] [ip: ::1] [proxy: undefined] Controller: AdminPanelSchedule Task: getUserEntriesData: {}
[2022-10-25  07:43:52] [type: Select] [user: admin] [ip: ::1] [proxy: undefined] Database: scheduler; SQL: SELECT * FROM user WHERE  username = '' and active = '1'
[2022-10-25  07:43:55] [type: Request] [user: admin] [ip: ::1] [proxy: undefined] Controller: AdminPanelSchedule Task: getUserEntriesData: {}
[2022-10-25  07:43:55] [type: Select] [user: admin] [ip: ::1] [proxy: undefined] Database: scheduler; SQL: SELECT * FROM user WHERE  username = 'admin' and active = '1'
[2022-10-25  07:43:55] [type: Select] [user: admin] [ip: ::1] [proxy: undefined] Database: scheduler; SQL: SELECT * FROM schedule_entries WHERE  start <= '2022-10-28 00:00:00' and end >= '2022-10-22 00:00:00' and id_user = '1'
[2022-10-25  07:43:58] [type: Access] [user: admin] [ip: ::1] [proxy: undefined] http://localhost/Scheduler/pages/adminPanel/adminPanelActivity.php?
[2022-10-25  07:43:58] [type: Request] [user: admin] [ip: ::1] [proxy: undefined] Controller: LanguageSelection Task: getInterfaceNamesData: {}
[2022-10-25  07:43:58] [type: Request] [user: admin] [ip: ::1] [proxy: undefined] Controller: AdminPanelActivity Task: getActivitiesData: {}
[2022-10-25  07:43:58] [type: Select] [user: admin] [ip: ::1] [proxy: undefined] Database: scheduler; SQL: SELECT * FROM activity
[2022-10-25  07:43:59] [type: Request] [user: admin] [ip: ::1] [proxy: undefined] Controller: AdminPanelActivity Task: getLocationTypesData: {}
[2022-10-25  07:43:59] [type: Select] [user: admin] [ip: ::1] [proxy: undefined] Database: scheduler; SQL: SELECT * FROM location_type
[2022-10-25  07:44:04] [type: Access] [user: admin] [ip: ::1] [proxy: undefined] http://localhost/Scheduler/pages/adminPanel/adminPanelDocuments.php?
[2022-10-25  07:44:04] [type: Request] [user: admin] [ip: ::1] [proxy: undefined] Controller: LanguageSelection Task: getInterfaceNamesData: {}
[2022-10-25  07:44:05] [type: Request] [user: admin] [ip: ::1] [proxy: undefined] Controller: AdminPanelDocuments Task: getDocumentUsersData: {}
[2022-10-25  07:44:05] [type: Select] [user: admin] [ip: ::1] [proxy: undefined] Database: scheduler; SQL: SELECT * FROM document_user_details WHERE  active = '1' and id = '0'
[2022-10-25  07:44:05] [type: Request] [user: admin] [ip: ::1] [proxy: undefined] Controller: AdminPanelDocuments Task: getDocumentsData: {}
[2022-10-25  07:44:05] [type: Select] [user: admin] [ip: ::1] [proxy: undefined] Database: scheduler; SQL: SELECT * FROM document WHERE  ( ( month(start) = '10' and year(start) = '2022' ) or ( month(end) = '10' and year(end) = '2022' )) ORDER BY start ASC
[2022-10-25  07:44:07] [type: Request] [user: admin] [ip: ::1] [proxy: undefined] Controller: AdminPanelDocuments Task: getDocumentUsersData: {}
[2022-10-25  07:44:07] [type: Select] [user: admin] [ip: ::1] [proxy: undefined] Database: scheduler; SQL: SELECT * FROM document_user_details WHERE  active = '1' and id = '5'
[2022-10-25  07:44:12] [type: Access] [user: admin] [ip: ::1] [proxy: undefined] http://localhost/Scheduler/pages/adminPanel/adminPanelTicket.php?
[2022-10-25  07:44:12] [type: Select] [user: admin] [ip: ::1] [proxy: undefined] Database: scheduler; SQL: SELECT * FROM users_without_passwords
[2022-10-25  07:44:12] [type: Request] [user: admin] [ip: ::1] [proxy: undefined] Controller: LanguageSelection Task: getInterfaceNamesData: {}
[2022-10-25  07:44:12] [type: Request] [user: admin] [ip: ::1] [proxy: undefined] Controller: AdminPanelTicket Task: getUserTicketsData: {}
[2022-10-25  07:44:12] [type: Select] [user: admin] [ip: ::1] [proxy: undefined] Database: scheduler; SQL: SELECT * FROM ticket_details WHERE  year(date) = '0' and username = '' ORDER BY date DESC
[2022-10-25  07:44:18] [type: Access] [user: admin] [ip: ::1] [proxy: undefined] http://localhost/Scheduler/pages/adminPanel/adminPanelTicket.php?
[2022-10-25  07:44:19] [type: Select] [user: admin] [ip: ::1] [proxy: undefined] Database: scheduler; SQL: SELECT * FROM users_without_passwords
[2022-10-25  07:44:19] [type: Request] [user: admin] [ip: ::1] [proxy: undefined] Controller: LanguageSelection Task: getInterfaceNamesData: {}
[2022-10-25  07:44:19] [type: Request] [user: admin] [ip: ::1] [proxy: undefined] Controller: AdminPanelTicket Task: getUserTicketsData: {}
[2022-10-25  07:44:19] [type: Select] [user: admin] [ip: ::1] [proxy: undefined] Database: scheduler; SQL: SELECT * FROM ticket_details WHERE  year(date) = '0' and username = '' ORDER BY date DESC
[2022-10-25  07:44:21] [type: Access] [user: admin] [ip: ::1] [proxy: undefined] http://localhost/Scheduler/pages/adminPanel/adminPanelDecisions.php?
[2022-10-25  07:44:21] [type: Select] [user: admin] [ip: ::1] [proxy: undefined] Database: scheduler; SQL: SELECT * FROM users_without_passwords
[2022-10-25  07:44:21] [type: Request] [user: admin] [ip: ::1] [proxy: undefined] Controller: LanguageSelection Task: getInterfaceNamesData: {}
[2022-10-25  07:44:22] [type: Request] [user: admin] [ip: ::1] [proxy: undefined] Controller: AdminPanelDecisions Task: getAllUserDecisionsByYearData: {}
[2022-10-25  07:44:22] [type: Select] [user: admin] [ip: ::1] [proxy: undefined] Database: scheduler; SQL: SELECT * FROM decision_details WHERE  username = 'Wybierz użytkownika.' and year(date) = '2022'
[2022-10-25  07:44:22] [type: Request] [user: admin] [ip: ::1] [proxy: undefined] Controller: AdminPanelDecisions Task: getAllDecisionLawsData: {}
[2022-10-25  07:44:22] [type: Select] [user: admin] [ip: ::1] [proxy: undefined] Database: scheduler; SQL: SELECT * FROM decision_law
[2022-10-25  07:44:23] [type: Access] [user: admin] [ip: ::1] [proxy: undefined] http://localhost/Scheduler/pages/adminPanel/adminPanelArticle.php?
[2022-10-25  07:44:23] [type: Select] [user: admin] [ip: ::1] [proxy: undefined] Database: scheduler; SQL: SELECT * FROM users_without_passwords
[2022-10-25  07:44:24] [type: Request] [user: admin] [ip: ::1] [proxy: undefined] Controller: LanguageSelection Task: getInterfaceNamesData: {}
[2022-10-25  07:44:24] [type: Request] [user: admin] [ip: ::1] [proxy: undefined] Controller: AdminPanelArticle Task: getAllUserArticlesData: {}
[2022-10-25  07:44:24] [type: Select] [user: admin] [ip: ::1] [proxy: undefined] Database: scheduler; SQL: SELECT * FROM article_details WHERE  year(date) = '0' and username = '' ORDER BY date DESC
[2022-10-25  07:44:24] [type: Request] [user: admin] [ip: ::1] [proxy: undefined] Controller: AdminPanelArticle Task: getAllArticleFormsData: {}
[2022-10-25  07:44:24] [type: Select] [user: admin] [ip: ::1] [proxy: undefined] Database: scheduler; SQL: SELECT * FROM art_41_form
[2022-10-25  07:44:26] [type: Access] [user: admin] [ip: ::1] [proxy: undefined] http://localhost/Scheduler/pages/adminPanel/adminPanelSuspensionSettings.php?
[2022-10-25  07:44:27] [type: Request] [user: admin] [ip: ::1] [proxy: undefined] Controller: LanguageSelection Task: getInterfaceNamesData: {}
[2022-10-25  07:44:27] [type: Request] [user: admin] [ip: ::1] [proxy: undefined] Controller: AdminPanelSuspension Task: getAllSuspensionGroupsData: {}
[2022-10-25  07:44:27] [type: Select] [user: admin] [ip: ::1] [proxy: undefined] Database: scheduler; SQL: SELECT * FROM suspension_group
[2022-10-25  07:44:27] [type: Request] [user: admin] [ip: ::1] [proxy: undefined] Controller: AdminPanelSuspension Task: getAllSuspensionObjectsData: {}
[2022-10-25  07:44:27] [type: Select] [user: admin] [ip: ::1] [proxy: undefined] Database: scheduler; SQL: SELECT * FROM suspension_object
[2022-10-25  07:44:28] [type: Request] [user: admin] [ip: ::1] [proxy: undefined] Controller: AdminPanelSuspension Task: getAllSuspensionTypesByGroupData: {}
[2022-10-25  07:44:28] [type: Select] [user: admin] [ip: ::1] [proxy: undefined] Database: scheduler; SQL: SELECT * FROM suspension_type WHERE  id_suspension_group = '0'
[2022-10-25  07:44:28] [type: Request] [user: admin] [ip: ::1] [proxy: undefined] Controller: AdminPanelSuspension Task: getAllSuspensionReasonsData: {}
[2022-10-25  07:44:28] [type: Select] [user: admin] [ip: ::1] [proxy: undefined] Database: scheduler; SQL: SELECT * FROM suspension_reason
[2022-10-25  07:44:29] [type: Access] [user: admin] [ip: ::1] [proxy: undefined] http://localhost/Scheduler/pages/adminPanel/adminPanelSuspensions.php?
[2022-10-25  07:44:29] [type: Select] [user: admin] [ip: ::1] [proxy: undefined] Database: scheduler; SQL: SELECT * FROM users_without_passwords
[2022-10-25  07:44:29] [type: Request] [user: admin] [ip: ::1] [proxy: undefined] Controller: LanguageSelection Task: getInterfaceNamesData: {}
[2022-10-25  07:44:30] [type: Request] [user: admin] [ip: ::1] [proxy: undefined] Controller: AdminPanelSuspension Task: getUserSuspensionsData: {}
[2022-10-25  07:44:30] [type: Select] [user: admin] [ip: ::1] [proxy: undefined] Database: scheduler; SQL: SELECT * FROM suspension_details WHERE  username = '' and year(date) = '0'
[2022-10-25  07:44:31] [type: Access] [user: admin] [ip: ::1] [proxy: undefined] http://localhost/Scheduler/pages/adminPanel/adminPanelUsages.php?
[2022-10-25  07:44:31] [type: Select] [user: admin] [ip: ::1] [proxy: undefined] Database: scheduler; SQL: SELECT * FROM users_without_passwords
[2022-10-25  07:44:31] [type: Request] [user: admin] [ip: ::1] [proxy: undefined] Controller: LanguageSelection Task: getInterfaceNamesData: {}
[2022-10-25  07:44:32] [type: Request] [user: admin] [ip: ::1] [proxy: undefined] Controller: AdminPanelUsages Task: getUsagesData: {}
[2022-10-25  07:44:32] [type: Select] [user: admin] [ip: ::1] [proxy: undefined] Database: scheduler; SQL: SELECT * FROM instrument_usage_details WHERE  year(date) = '0' and document_assigned_username = ''
[2022-10-25  07:44:34] [type: Access] [user: admin] [ip: ::1] [proxy: undefined] http://localhost/Scheduler/pages/adminPanel/adminPanelSuspensions.php?
[2022-10-25  07:44:34] [type: Select] [user: admin] [ip: ::1] [proxy: undefined] Database: scheduler; SQL: SELECT * FROM users_without_passwords
[2022-10-25  07:44:34] [type: Request] [user: admin] [ip: ::1] [proxy: undefined] Controller: LanguageSelection Task: getInterfaceNamesData: {}
[2022-10-25  07:44:35] [type: Request] [user: admin] [ip: ::1] [proxy: undefined] Controller: AdminPanelSuspension Task: getUserSuspensionsData: {}
[2022-10-25  07:44:35] [type: Select] [user: admin] [ip: ::1] [proxy: undefined] Database: scheduler; SQL: SELECT * FROM suspension_details WHERE  username = '' and year(date) = '0'
[2022-10-25  07:44:39] [type: Request] [user: admin] [ip: ::1] [proxy: undefined] Controller: AdminPanelSuspension Task: getUserSuspensionsData: {}
[2022-10-25  07:44:39] [type: Select] [user: admin] [ip: ::1] [proxy: undefined] Database: scheduler; SQL: SELECT * FROM suspension_details WHERE  username = 'admin' and year(date) = '2022'
[2022-10-25  07:45:28] [type: Access] [user: admin] [ip: ::1] [proxy: undefined] http://localhost/Scheduler/pages/adminPanel/adminPanelUsers.php?
[2022-10-25  07:45:28] [type: Request] [user: admin] [ip: ::1] [proxy: undefined] Controller: LanguageSelection Task: getInterfaceNamesData: {}
[2022-10-25  07:45:29] [type: Request] [user: admin] [ip: ::1] [proxy: undefined] Controller: AdminPanelUsers Task: getUserPrivilagesData: {}
[2022-10-25  07:45:29] [type: Select] [user: admin] [ip: ::1] [proxy: undefined] Database: scheduler; SQL: SELECT * FROM privilages WHERE  id_user = '0'
[2022-10-25  07:45:29] [type: Request] [user: admin] [ip: ::1] [proxy: undefined] Controller: AdminPanelUsers Task: getAllUsersData: {}
[2022-10-25  07:45:29] [type: Select] [user: admin] [ip: ::1] [proxy: undefined] Database: scheduler; SQL: SELECT * FROM users_without_passwords
[2022-10-25  07:45:29] [type: Request] [user: admin] [ip: ::1] [proxy: undefined] Controller: AdminPanelUsers Task: getUserEmploymentPeriodsData: {}
[2022-10-25  07:45:29] [type: Select] [user: admin] [ip: ::1] [proxy: undefined] Database: scheduler; SQL: SELECT * FROM employment WHERE  id_user = '0'
