[2022-10-27  06:02:22] [type: Request] [user: ] [ip: ::1] [proxy: undefined] Controller: LanguageSelection Task: getInterfaceNamesData: {}
[2022-10-27  06:02:25] [type: Request] [user: admin] [ip: ::1] [proxy: undefined] Controller: LanguageSelection Task: getInterfaceNamesData: {}
[2022-10-27  06:02:29] [type: Access] [user: admin] [ip: ::1] [proxy: undefined] http://localhost/Scheduler/pages/prints/printsSchedule.php?
[2022-10-27  06:02:31] [type: Request] [user: admin] [ip: ::1] [proxy: undefined] Controller: PrintsSchedule Task: generateAttendanceListData: {}
[2022-10-27  06:02:31] [type: Error] [user: admin] [ip: ::1] [proxy: undefined] Class "Tanweb\File\PDFMaker\FPDFExtended" not found ;
 #0 C:\laragon\www\Scheduler\vendor\composer\ClassLoader.php(571): include()
#1 C:\laragon\www\Scheduler\vendor\composer\ClassLoader.php(428): Composer\Autoload\includeFile('C:\\laragon\\www\\...')
#2 C:\laragon\www\Scheduler\sys\classes\Custom\File\AttendanceList.php(22): Composer\Autoload\ClassLoader->loadClass('Tanweb\\File\\PDF...')
#3 C:\laragon\www\Scheduler\vendor\composer\ClassLoader.php(571): include('C:\\laragon\\www\\...')
#4 C:\laragon\www\Scheduler\vendor\composer\ClassLoader.php(428): Composer\Autoload\includeFile('C:\\laragon\\www\\...')
#5 C:\laragon\www\Scheduler\sys\classes\Services\PrintsService.php(19): Composer\Autoload\ClassLoader->loadClass('Custom\\File\\Att...')
#6 C:\laragon\www\Scheduler\sys\classes\Controllers\PrintsSchedule.php(34): Services\PrintsService->generateAttendanceList(10, 2022)
#7 C:\laragon\www\Scheduler\sys\classes\Controllers\Base\Controller.php(112): Controllers\PrintsSchedule->generateAttendanceList()
#8 C:\laragon\www\Scheduler\sys\classes\Controllers\Base\Controller.php(89): Controllers\Base\Controller->runTask(Object(Tanweb\Request\Request))
#9 C:\laragon\www\Scheduler\sys\scripts\requests\file.php(29): Controllers\Base\Controller->run(Object(Tanweb\Request\Request))
#10 {main}
[2022-10-27  06:03:48] [type: Request] [user: admin] [ip: ::1] [proxy: undefined] Controller: PrintsSchedule Task: generateAttendanceListData: {}
[2022-10-27  06:03:48] [type: Error] [user: admin] [ip: ::1] [proxy: undefined] Class "Tanweb\File\PDFMaker\FPDFExtended" not found ;
 #0 C:\laragon\www\Scheduler\vendor\composer\ClassLoader.php(571): include()
#1 C:\laragon\www\Scheduler\vendor\composer\ClassLoader.php(428): Composer\Autoload\includeFile('C:\\laragon\\www\\...')
#2 C:\laragon\www\Scheduler\sys\classes\Custom\File\AttendanceList.php(22): Composer\Autoload\ClassLoader->loadClass('Tanweb\\File\\PDF...')
#3 C:\laragon\www\Scheduler\vendor\composer\ClassLoader.php(571): include('C:\\laragon\\www\\...')
#4 C:\laragon\www\Scheduler\vendor\composer\ClassLoader.php(428): Composer\Autoload\includeFile('C:\\laragon\\www\\...')
#5 C:\laragon\www\Scheduler\sys\classes\Services\PrintsService.php(19): Composer\Autoload\ClassLoader->loadClass('Custom\\File\\Att...')
#6 C:\laragon\www\Scheduler\sys\classes\Controllers\PrintsSchedule.php(34): Services\PrintsService->generateAttendanceList(10, 2022)
#7 C:\laragon\www\Scheduler\sys\classes\Controllers\Base\Controller.php(112): Controllers\PrintsSchedule->generateAttendanceList()
#8 C:\laragon\www\Scheduler\sys\classes\Controllers\Base\Controller.php(89): Controllers\Base\Controller->runTask(Object(Tanweb\Request\Request))
#9 C:\laragon\www\Scheduler\sys\scripts\requests\file.php(29): Controllers\Base\Controller->run(Object(Tanweb\Request\Request))
#10 {main}
[2022-10-27  06:05:37] [type: Request] [user: admin] [ip: ::1] [proxy: undefined] Controller: PrintsSchedule Task: generateAttendanceListData: {}
[2022-10-27  06:05:37] [type: Select] [user: admin] [ip: ::1] [proxy: undefined] Database: scheduler; SQL: SELECT * FROM users_employment_periods WHERE  active = '1' and ( ( start <= '2022-10-1' and end >= '2022-10-1' ) or ( start <= '2022-10-31' and end >= '2022-10-31' )) ORDER BY sort_priority ASC, surname ASC
[2022-10-27  06:05:37] [type: Select] [user: admin] [ip: ::1] [proxy: undefined] Database: scheduler; SQL: SELECT * FROM users_employment_periods WHERE  active = '1' and ( ( start <= '2022-10-1' and end >= '2022-10-1' ) or ( start <= '2022-10-31' and end >= '2022-10-31' )) ORDER BY sort_priority ASC, surname ASC
[2022-10-27  06:18:16] [type: Request] [user: admin] [ip: ::1] [proxy: undefined] Controller: PrintsSchedule Task: generateAttendanceListData: {}
[2022-10-27  06:18:16] [type: Select] [user: admin] [ip: ::1] [proxy: undefined] Database: scheduler; SQL: SELECT * FROM users_employment_periods WHERE  active = '1' and ( ( start <= '2022-10-1' and end >= '2022-10-1' ) or ( start <= '2022-10-31' and end >= '2022-10-31' )) ORDER BY sort_priority ASC, surname ASC
[2022-10-27  06:18:16] [type: Select] [user: admin] [ip: ::1] [proxy: undefined] Database: scheduler; SQL: SELECT * FROM users_employment_periods WHERE  active = '1' and ( ( start <= '2022-10-1' and end >= '2022-10-1' ) or ( start <= '2022-10-31' and end >= '2022-10-31' )) ORDER BY sort_priority ASC, surname ASC
[2022-10-27  06:18:16] [type: Error] [user: admin] [ip: ::1] [proxy: undefined] FPDF error: Some data has already been output, can't send PDF file (output started at C:\laragon\www\Scheduler\sys\classes\Tanweb\File\PDFMaker\FPDFExtended.php:96) ;
 #0 C:\laragon\www\Scheduler\sys\libs\fpdf\fpdf.php(1059): libs\fpdf\FPDF->Error('Some data has a...')
#1 C:\laragon\www\Scheduler\sys\libs\fpdf\fpdf.php(1004): libs\fpdf\FPDF->_checkoutput()
#2 C:\laragon\www\Scheduler\sys\classes\Tanweb\File\PDFMaker\PDFMaker.php(117): libs\fpdf\FPDF->Output('I', 'Lista Obecno\xC5\x9Bc...', true)
#3 C:\laragon\www\Scheduler\sys\classes\Custom\File\AttendanceList.php(56): Tanweb\File\PDFMaker\PDFMaker->send('Lista Obecno\xC5\x9Bc...')
#4 C:\laragon\www\Scheduler\sys\classes\Services\PrintsService.php(19): Custom\File\AttendanceList::generate(10, 2022)
#5 C:\laragon\www\Scheduler\sys\classes\Controllers\PrintsSchedule.php(34): Services\PrintsService->generateAttendanceList(10, 2022)
#6 C:\laragon\www\Scheduler\sys\classes\Controllers\Base\Controller.php(112): Controllers\PrintsSchedule->generateAttendanceList()
#7 C:\laragon\www\Scheduler\sys\classes\Controllers\Base\Controller.php(89): Controllers\Base\Controller->runTask(Object(Tanweb\Request\Request))
#8 C:\laragon\www\Scheduler\sys\scripts\requests\file.php(29): Controllers\Base\Controller->run(Object(Tanweb\Request\Request))
#9 {main}
[2022-10-27  06:18:43] [type: Request] [user: admin] [ip: ::1] [proxy: undefined] Controller: PrintsSchedule Task: generateAttendanceListData: {}
[2022-10-27  06:18:43] [type: Select] [user: admin] [ip: ::1] [proxy: undefined] Database: scheduler; SQL: SELECT * FROM users_employment_periods WHERE  active = '1' and ( ( start <= '2022-10-1' and end >= '2022-10-1' ) or ( start <= '2022-10-31' and end >= '2022-10-31' )) ORDER BY sort_priority ASC, surname ASC
[2022-10-27  06:18:43] [type: Select] [user: admin] [ip: ::1] [proxy: undefined] Database: scheduler; SQL: SELECT * FROM users_employment_periods WHERE  active = '1' and ( ( start <= '2022-10-1' and end >= '2022-10-1' ) or ( start <= '2022-10-31' and end >= '2022-10-31' )) ORDER BY sort_priority ASC, surname ASC
[2022-10-27  06:18:43] [type: Error] [user: admin] [ip: ::1] [proxy: undefined] FPDF error: Some data has already been output, can't send PDF file (output started at C:\laragon\www\Scheduler\sys\libs\fpdf\fpdf.php:670) ;
 #0 C:\laragon\www\Scheduler\sys\libs\fpdf\fpdf.php(1059): libs\fpdf\FPDF->Error('Some data has a...')
#1 C:\laragon\www\Scheduler\sys\libs\fpdf\fpdf.php(1004): libs\fpdf\FPDF->_checkoutput()
#2 C:\laragon\www\Scheduler\sys\classes\Tanweb\File\PDFMaker\PDFMaker.php(117): libs\fpdf\FPDF->Output('I', 'Lista Obecno\xC5\x9Bc...', true)
#3 C:\laragon\www\Scheduler\sys\classes\Custom\File\AttendanceList.php(56): Tanweb\File\PDFMaker\PDFMaker->send('Lista Obecno\xC5\x9Bc...')
#4 C:\laragon\www\Scheduler\sys\classes\Services\PrintsService.php(19): Custom\File\AttendanceList::generate(10, 2022)
#5 C:\laragon\www\Scheduler\sys\classes\Controllers\PrintsSchedule.php(34): Services\PrintsService->generateAttendanceList(10, 2022)
#6 C:\laragon\www\Scheduler\sys\classes\Controllers\Base\Controller.php(112): Controllers\PrintsSchedule->generateAttendanceList()
#7 C:\laragon\www\Scheduler\sys\classes\Controllers\Base\Controller.php(89): Controllers\Base\Controller->runTask(Object(Tanweb\Request\Request))
#8 C:\laragon\www\Scheduler\sys\scripts\requests\file.php(29): Controllers\Base\Controller->run(Object(Tanweb\Request\Request))
#9 {main}
[2022-10-27  06:19:11] [type: Request] [user: admin] [ip: ::1] [proxy: undefined] Controller: PrintsSchedule Task: generateAttendanceListData: {}
[2022-10-27  06:19:11] [type: Select] [user: admin] [ip: ::1] [proxy: undefined] Database: scheduler; SQL: SELECT * FROM users_employment_periods WHERE  active = '1' and ( ( start <= '2022-10-1' and end >= '2022-10-1' ) or ( start <= '2022-10-31' and end >= '2022-10-31' )) ORDER BY sort_priority ASC, surname ASC
[2022-10-27  06:19:11] [type: Select] [user: admin] [ip: ::1] [proxy: undefined] Database: scheduler; SQL: SELECT * FROM users_employment_periods WHERE  active = '1' and ( ( start <= '2022-10-1' and end >= '2022-10-1' ) or ( start <= '2022-10-31' and end >= '2022-10-31' )) ORDER BY sort_priority ASC, surname ASC
[2022-10-27  06:19:11] [type: Error] [user: admin] [ip: ::1] [proxy: undefined] FPDF error: Some data has already been output, can't send PDF file (output started at C:\laragon\www\Scheduler\sys\classes\Tanweb\File\PDFMaker\FPDFExtended.php:100) ;
 #0 C:\laragon\www\Scheduler\sys\libs\fpdf\fpdf.php(1059): libs\fpdf\FPDF->Error('Some data has a...')
#1 C:\laragon\www\Scheduler\sys\libs\fpdf\fpdf.php(1004): libs\fpdf\FPDF->_checkoutput()
#2 C:\laragon\www\Scheduler\sys\classes\Tanweb\File\PDFMaker\PDFMaker.php(117): libs\fpdf\FPDF->Output('I', 'Lista Obecno\xC5\x9Bc...', true)
#3 C:\laragon\www\Scheduler\sys\classes\Custom\File\AttendanceList.php(56): Tanweb\File\PDFMaker\PDFMaker->send('Lista Obecno\xC5\x9Bc...')
#4 C:\laragon\www\Scheduler\sys\classes\Services\PrintsService.php(19): Custom\File\AttendanceList::generate(10, 2022)
#5 C:\laragon\www\Scheduler\sys\classes\Controllers\PrintsSchedule.php(34): Services\PrintsService->generateAttendanceList(10, 2022)
#6 C:\laragon\www\Scheduler\sys\classes\Controllers\Base\Controller.php(112): Controllers\PrintsSchedule->generateAttendanceList()
#7 C:\laragon\www\Scheduler\sys\classes\Controllers\Base\Controller.php(89): Controllers\Base\Controller->runTask(Object(Tanweb\Request\Request))
#8 C:\laragon\www\Scheduler\sys\scripts\requests\file.php(29): Controllers\Base\Controller->run(Object(Tanweb\Request\Request))
#9 {main}
[2022-10-27  06:20:00] [type: Request] [user: admin] [ip: ::1] [proxy: undefined] Controller: PrintsSchedule Task: generateAttendanceListData: {}
[2022-10-27  06:20:00] [type: Select] [user: admin] [ip: ::1] [proxy: undefined] Database: scheduler; SQL: SELECT * FROM users_employment_periods WHERE  active = '1' and ( ( start <= '2022-10-1' and end >= '2022-10-1' ) or ( start <= '2022-10-31' and end >= '2022-10-31' )) ORDER BY sort_priority ASC, surname ASC
[2022-10-27  06:20:00] [type: Select] [user: admin] [ip: ::1] [proxy: undefined] Database: scheduler; SQL: SELECT * FROM users_employment_periods WHERE  active = '1' and ( ( start <= '2022-10-1' and end >= '2022-10-1' ) or ( start <= '2022-10-31' and end >= '2022-10-31' )) ORDER BY sort_priority ASC, surname ASC
[2022-10-27  06:24:49] [type: Access] [user: admin] [ip: ::1] [proxy: undefined] http://localhost/Scheduler/pages/prints/printsSchedule.php?
[2022-10-27  06:24:58] [type: Access] [user: admin] [ip: ::1] [proxy: undefined] http://localhost/Scheduler/pages/prints/printsSchedule.php?
[2022-10-27  06:26:20] [type: Access] [user: admin] [ip: ::1] [proxy: undefined] http://localhost/Scheduler/pages/prints/printsSchedule.php?
[2022-10-27  06:26:22] [type: Request] [user: admin] [ip: ::1] [proxy: undefined] Controller: PrintsSchedule Task: generateNotificationListData: {}
[2022-10-27  06:26:22] [type: Error] [user: admin] [ip: ::1] [proxy: undefined] Call to private Custom\File\AttendanceList::__construct() from scope Custom\File\NotificationList ;
 #0 C:\laragon\www\Scheduler\sys\classes\Services\PrintsService.php(24): Custom\File\NotificationList::generate(10, 2022)
#1 C:\laragon\www\Scheduler\sys\classes\Controllers\PrintsSchedule.php(41): Services\PrintsService->generateNotificationList(10, 2022)
#2 C:\laragon\www\Scheduler\sys\classes\Controllers\Base\Controller.php(112): Controllers\PrintsSchedule->generateNotificationList()
#3 C:\laragon\www\Scheduler\sys\classes\Controllers\Base\Controller.php(89): Controllers\Base\Controller->runTask(Object(Tanweb\Request\Request))
#4 C:\laragon\www\Scheduler\sys\scripts\requests\file.php(29): Controllers\Base\Controller->run(Object(Tanweb\Request\Request))
#5 {main}
[2022-10-27  06:26:55] [type: Request] [user: admin] [ip: ::1] [proxy: undefined] Controller: PrintsSchedule Task: generateNotificationListData: {}
[2022-10-27  06:26:55] [type: Error] [user: admin] [ip: ::1] [proxy: undefined] Call to undefined method Custom\File\NotificationList::getTitle() ;
 #0 C:\laragon\www\Scheduler\sys\classes\Services\PrintsService.php(24): Custom\File\NotificationList::generate(10, 2022)
#1 C:\laragon\www\Scheduler\sys\classes\Controllers\PrintsSchedule.php(41): Services\PrintsService->generateNotificationList(10, 2022)
#2 C:\laragon\www\Scheduler\sys\classes\Controllers\Base\Controller.php(112): Controllers\PrintsSchedule->generateNotificationList()
#3 C:\laragon\www\Scheduler\sys\classes\Controllers\Base\Controller.php(89): Controllers\Base\Controller->runTask(Object(Tanweb\Request\Request))
#4 C:\laragon\www\Scheduler\sys\scripts\requests\file.php(29): Controllers\Base\Controller->run(Object(Tanweb\Request\Request))
#5 {main}
[2022-10-27  06:27:18] [type: Request] [user: admin] [ip: ::1] [proxy: undefined] Controller: PrintsSchedule Task: generateNotificationListData: {}
[2022-10-27  06:43:39] [type: Request] [user: admin] [ip: ::1] [proxy: undefined] Controller: PrintsSchedule Task: generateNotificationListData: {}
[2022-10-27  06:44:02] [type: Error] [user: admin] [ip: ::1] [proxy: undefined] Typed property Custom\File\NotificationList::$usersPerPageLimit must not be accessed before initialization ;
 #0 C:\laragon\www\Scheduler\sys\classes\Custom\File\NotificationList.php(84): Custom\File\NotificationList->CalculateTotalWidth()
#1 C:\laragon\www\Scheduler\sys\classes\Custom\File\NotificationList.php(69): Custom\File\NotificationList->printHeaders()
#2 C:\laragon\www\Scheduler\sys\classes\Custom\File\NotificationList.php(58): Custom\File\NotificationList->print()
#3 C:\laragon\www\Scheduler\sys\classes\Services\PrintsService.php(24): Custom\File\NotificationList::generate(10, 2022)
#4 C:\laragon\www\Scheduler\sys\classes\Controllers\PrintsSchedule.php(41): Services\PrintsService->generateNotificationList(10, 2022)
#5 C:\laragon\www\Scheduler\sys\classes\Controllers\Base\Controller.php(112): Controllers\PrintsSchedule->generateNotificationList()
#6 C:\laragon\www\Scheduler\sys\classes\Controllers\Base\Controller.php(89): Controllers\Base\Controller->runTask(Object(Tanweb\Request\Request))
#7 C:\laragon\www\Scheduler\sys\scripts\requests\file.php(29): Controllers\Base\Controller->run(Object(Tanweb\Request\Request))
#8 {main}
[2022-10-27  06:54:57] [type: Request] [user: admin] [ip: ::1] [proxy: undefined] Controller: PrintsSchedule Task: generateNotificationListData: {}
[2022-10-27  06:54:57] [type: Error] [user: admin] [ip: ::1] [proxy: undefined] FPDF error: Some data has already been output, can't send PDF file ;
 #0 C:\laragon\www\Scheduler\sys\libs\fpdf\fpdf.php(1070): libs\fpdf\FPDF->Error('Some data has a...')
#1 C:\laragon\www\Scheduler\sys\libs\fpdf\fpdf.php(1004): libs\fpdf\FPDF->_checkoutput()
#2 C:\laragon\www\Scheduler\sys\classes\Tanweb\File\PDFMaker\PDFMaker.php(117): libs\fpdf\FPDF->Output('I', 'Lista Zg\xC5\x82oszen...', true)
#3 C:\laragon\www\Scheduler\sys\classes\Custom\File\NotificationList.php(64): Tanweb\File\PDFMaker\PDFMaker->send('Lista Zg\xC5\x82oszen...')
#4 C:\laragon\www\Scheduler\sys\classes\Services\PrintsService.php(24): Custom\File\NotificationList::generate(10, 2022)
#5 C:\laragon\www\Scheduler\sys\classes\Controllers\PrintsSchedule.php(41): Services\PrintsService->generateNotificationList(10, 2022)
#6 C:\laragon\www\Scheduler\sys\classes\Controllers\Base\Controller.php(112): Controllers\PrintsSchedule->generateNotificationList()
#7 C:\laragon\www\Scheduler\sys\classes\Controllers\Base\Controller.php(89): Controllers\Base\Controller->runTask(Object(Tanweb\Request\Request))
#8 C:\laragon\www\Scheduler\sys\scripts\requests\file.php(29): Controllers\Base\Controller->run(Object(Tanweb\Request\Request))
#9 {main}
[2022-10-27  06:56:24] [type: Request] [user: admin] [ip: ::1] [proxy: undefined] Controller: PrintsSchedule Task: generateNotificationListData: {}
[2022-10-27  06:56:53] [type: Request] [user: admin] [ip: ::1] [proxy: undefined] Controller: PrintsSchedule Task: generateNotificationListData: {}
[2022-10-27  06:57:08] [type: Request] [user: admin] [ip: ::1] [proxy: undefined] Controller: PrintsSchedule Task: generateNotificationListData: {}
[2022-10-27  06:57:26] [type: Request] [user: admin] [ip: ::1] [proxy: undefined] Controller: PrintsSchedule Task: generateNotificationListData: {}
[2022-10-27  06:57:54] [type: Request] [user: admin] [ip: ::1] [proxy: undefined] Controller: PrintsSchedule Task: generateNotificationListData: {}
[2022-10-27  06:58:48] [type: Request] [user: admin] [ip: ::1] [proxy: undefined] Controller: PrintsSchedule Task: generateNotificationListData: {}
[2022-10-27  06:59:49] [type: Request] [user: admin] [ip: ::1] [proxy: undefined] Controller: PrintsSchedule Task: generateNotificationListData: {}
[2022-10-27  07:22:02] [type: Request] [user: admin] [ip: ::1] [proxy: undefined] Controller: PrintsSchedule Task: generateNotificationListData: {}
[2022-10-27  07:22:46] [type: Request] [user: admin] [ip: ::1] [proxy: undefined] Controller: PrintsSchedule Task: generateNotificationListData: {}
[2022-10-27  07:24:11] [type: Request] [user: admin] [ip: ::1] [proxy: undefined] Controller: PrintsSchedule Task: generateAttendanceListData: {}
[2022-10-27  07:24:11] [type: Select] [user: admin] [ip: ::1] [proxy: undefined] Database: scheduler; SQL: SELECT * FROM users_employment_periods WHERE  active = '1' and ( ( start <= '2022-10-1' and end >= '2022-10-1' ) or ( start <= '2022-10-31' and end >= '2022-10-31' )) ORDER BY sort_priority ASC, surname ASC
[2022-10-27  07:24:11] [type: Select] [user: admin] [ip: ::1] [proxy: undefined] Database: scheduler; SQL: SELECT * FROM users_employment_periods WHERE  active = '1' and ( ( start <= '2022-10-1' and end >= '2022-10-1' ) or ( start <= '2022-10-31' and end >= '2022-10-31' )) ORDER BY sort_priority ASC, surname ASC
[2022-10-27  07:24:40] [type: Request] [user: admin] [ip: ::1] [proxy: undefined] Controller: PrintsSchedule Task: generateNotificationListData: {}
[2022-10-27  07:24:51] [type: Request] [user: admin] [ip: ::1] [proxy: undefined] Controller: PrintsSchedule Task: generateNotificationListData: {}
[2022-10-27  07:26:09] [type: Request] [user: admin] [ip: ::1] [proxy: undefined] Controller: PrintsSchedule Task: generateNotificationListData: {}
[2022-10-27  07:27:16] [type: Request] [user: admin] [ip: ::1] [proxy: undefined] Controller: PrintsSchedule Task: generateNotificationListData: {}
[2022-10-27  07:27:32] [type: Request] [user: admin] [ip: ::1] [proxy: undefined] Controller: PrintsSchedule Task: generateNotificationListData: {}
[2022-10-27  07:28:14] [type: Request] [user: admin] [ip: ::1] [proxy: undefined] Controller: PrintsSchedule Task: generateNotificationListData: {}
[2022-10-27  07:28:26] [type: Request] [user: admin] [ip: ::1] [proxy: undefined] Controller: PrintsSchedule Task: generateNotificationListData: {}
[2022-10-27  07:28:37] [type: Request] [user: admin] [ip: ::1] [proxy: undefined] Controller: PrintsSchedule Task: generateNotificationListData: {}
[2022-10-27  07:28:56] [type: Request] [user: admin] [ip: ::1] [proxy: undefined] Controller: PrintsSchedule Task: generateNotificationListData: {}
[2022-10-27  07:29:49] [type: Request] [user: admin] [ip: ::1] [proxy: undefined] Controller: PrintsSchedule Task: generateAttendanceListData: {}
[2022-10-27  07:29:49] [type: Select] [user: admin] [ip: ::1] [proxy: undefined] Database: scheduler; SQL: SELECT * FROM users_employment_periods WHERE  active = '1' and ( ( start <= '2022-10-1' and end >= '2022-10-1' ) or ( start <= '2022-10-31' and end >= '2022-10-31' )) ORDER BY sort_priority ASC, surname ASC
[2022-10-27  07:29:49] [type: Select] [user: admin] [ip: ::1] [proxy: undefined] Database: scheduler; SQL: SELECT * FROM users_employment_periods WHERE  active = '1' and ( ( start <= '2022-10-1' and end >= '2022-10-1' ) or ( start <= '2022-10-31' and end >= '2022-10-31' )) ORDER BY sort_priority ASC, surname ASC
[2022-10-27  07:29:57] [type: Request] [user: admin] [ip: ::1] [proxy: undefined] Controller: PrintsSchedule Task: generateNotificationListData: {}
[2022-10-27  07:30:38] [type: Request] [user: admin] [ip: ::1] [proxy: undefined] Controller: PrintsSchedule Task: generateNotificationListData: {}
[2022-10-27  07:31:17] [type: Request] [user: admin] [ip: ::1] [proxy: undefined] Controller: PrintsSchedule Task: generateNotificationListData: {}
[2022-10-27  07:31:40] [type: Request] [user: admin] [ip: ::1] [proxy: undefined] Controller: PrintsSchedule Task: generateNotificationListData: {}
[2022-10-27  07:31:51] [type: Request] [user: admin] [ip: ::1] [proxy: undefined] Controller: PrintsSchedule Task: generateNotificationListData: {}
[2022-10-27  07:32:03] [type: Request] [user: admin] [ip: ::1] [proxy: undefined] Controller: PrintsSchedule Task: generateNotificationListData: {}
[2022-10-27  07:35:41] [type: Request] [user: admin] [ip: ::1] [proxy: undefined] Controller: PrintsSchedule Task: generateAttendanceListData: {}
[2022-10-27  07:35:41] [type: Select] [user: admin] [ip: ::1] [proxy: undefined] Database: scheduler; SQL: SELECT * FROM users_employment_periods WHERE  active = '1' and ( ( start <= '2022-2-1' and end >= '2022-2-1' ) or ( start <= '2022-02-28' and end >= '2022-02-28' )) ORDER BY sort_priority ASC, surname ASC
[2022-10-27  07:35:41] [type: Select] [user: admin] [ip: ::1] [proxy: undefined] Database: scheduler; SQL: SELECT * FROM users_employment_periods WHERE  active = '1' and ( ( start <= '2022-2-1' and end >= '2022-2-1' ) or ( start <= '2022-02-28' and end >= '2022-02-28' )) ORDER BY sort_priority ASC, surname ASC
[2022-10-27  07:35:53] [type: Request] [user: admin] [ip: ::1] [proxy: undefined] Controller: PrintsSchedule Task: generateAttendanceListData: {}
[2022-10-27  07:35:53] [type: Select] [user: admin] [ip: ::1] [proxy: undefined] Database: scheduler; SQL: SELECT * FROM users_employment_periods WHERE  active = '1' and ( ( start <= '2020-2-1' and end >= '2020-2-1' ) or ( start <= '2020-02-29' and end >= '2020-02-29' )) ORDER BY sort_priority ASC, surname ASC
[2022-10-27  07:35:53] [type: Select] [user: admin] [ip: ::1] [proxy: undefined] Database: scheduler; SQL: SELECT * FROM users_employment_periods WHERE  active = '1' and ( ( start <= '2020-2-1' and end >= '2020-2-1' ) or ( start <= '2020-02-29' and end >= '2020-02-29' )) ORDER BY sort_priority ASC, surname ASC
[2022-10-27  08:03:10] [type: Request] [user: admin] [ip: ::1] [proxy: undefined] Controller: PrintsSchedule Task: generateNotificationListData: {}
[2022-10-27  08:04:04] [type: Request] [user: admin] [ip: ::1] [proxy: undefined] Controller: PrintsSchedule Task: generateNotificationListData: {}
[2022-10-27  08:04:45] [type: Error] [user: admin] [ip: ::1] [proxy: undefined] Typed property Custom\File\NotificationList::$users must not be accessed before initialization ;
 #0 C:\laragon\www\Scheduler\sys\classes\Custom\File\NotificationList.php(114): Custom\File\NotificationList->CalculateTotalWidth()
#1 C:\laragon\www\Scheduler\sys\classes\Custom\File\NotificationList.php(75): Custom\File\NotificationList->printHeaders()
#2 C:\laragon\www\Scheduler\sys\classes\Custom\File\NotificationList.php(64): Custom\File\NotificationList->print()
#3 C:\laragon\www\Scheduler\sys\classes\Services\PrintsService.php(24): Custom\File\NotificationList::generate(10, 2022)
#4 C:\laragon\www\Scheduler\sys\classes\Controllers\PrintsSchedule.php(41): Services\PrintsService->generateNotificationList(10, 2022)
#5 C:\laragon\www\Scheduler\sys\classes\Controllers\Base\Controller.php(112): Controllers\PrintsSchedule->generateNotificationList()
#6 C:\laragon\www\Scheduler\sys\classes\Controllers\Base\Controller.php(89): Controllers\Base\Controller->runTask(Object(Tanweb\Request\Request))
#7 C:\laragon\www\Scheduler\sys\scripts\requests\file.php(29): Controllers\Base\Controller->run(Object(Tanweb\Request\Request))
#8 {main}
[2022-10-27  08:07:14] [type: Request] [user: admin] [ip: ::1] [proxy: undefined] Controller: PrintsSchedule Task: generateNotificationListData: {}
[2022-10-27  08:07:14] [type: Error] [user: admin] [ip: ::1] [proxy: undefined] Typed property Custom\File\NotificationList::$users must not be accessed before initialization ;
 #0 C:\laragon\www\Scheduler\sys\classes\Custom\File\NotificationList.php(114): Custom\File\NotificationList->CalculateTotalWidth()
#1 C:\laragon\www\Scheduler\sys\classes\Custom\File\NotificationList.php(75): Custom\File\NotificationList->printHeaders()
#2 C:\laragon\www\Scheduler\sys\classes\Custom\File\NotificationList.php(64): Custom\File\NotificationList->print()
#3 C:\laragon\www\Scheduler\sys\classes\Services\PrintsService.php(24): Custom\File\NotificationList::generate(10, 2022)
#4 C:\laragon\www\Scheduler\sys\classes\Controllers\PrintsSchedule.php(41): Services\PrintsService->generateNotificationList(10, 2022)
#5 C:\laragon\www\Scheduler\sys\classes\Controllers\Base\Controller.php(112): Controllers\PrintsSchedule->generateNotificationList()
#6 C:\laragon\www\Scheduler\sys\classes\Controllers\Base\Controller.php(89): Controllers\Base\Controller->runTask(Object(Tanweb\Request\Request))
#7 C:\laragon\www\Scheduler\sys\scripts\requests\file.php(29): Controllers\Base\Controller->run(Object(Tanweb\Request\Request))
#8 {main}
[2022-10-27  08:07:53] [type: Request] [user: admin] [ip: ::1] [proxy: undefined] Controller: PrintsSchedule Task: generateNotificationListData: {}
[2022-10-27  08:08:24] [type: Error] [user: admin] [ip: ::1] [proxy: undefined] Typed property Custom\File\NotificationList::$lastUserIndex must not be accessed before initialization ;
 #0 C:\laragon\www\Scheduler\sys\classes\Custom\File\NotificationList.php(114): Custom\File\NotificationList->CalculateTotalWidth(0)
#1 C:\laragon\www\Scheduler\sys\classes\Custom\File\NotificationList.php(75): Custom\File\NotificationList->printHeaders()
#2 C:\laragon\www\Scheduler\sys\classes\Custom\File\NotificationList.php(64): Custom\File\NotificationList->print()
#3 C:\laragon\www\Scheduler\sys\classes\Services\PrintsService.php(24): Custom\File\NotificationList::generate(10, 2022)
#4 C:\laragon\www\Scheduler\sys\classes\Controllers\PrintsSchedule.php(41): Services\PrintsService->generateNotificationList(10, 2022)
#5 C:\laragon\www\Scheduler\sys\classes\Controllers\Base\Controller.php(112): Controllers\PrintsSchedule->generateNotificationList()
#6 C:\laragon\www\Scheduler\sys\classes\Controllers\Base\Controller.php(89): Controllers\Base\Controller->runTask(Object(Tanweb\Request\Request))
#7 C:\laragon\www\Scheduler\sys\scripts\requests\file.php(29): Controllers\Base\Controller->run(Object(Tanweb\Request\Request))
#8 {main}
[2022-10-27  08:09:56] [type: Request] [user: admin] [ip: ::1] [proxy: undefined] Controller: PrintsSchedule Task: generateNotificationListData: {}
[2022-10-27  08:17:23] [type: Request] [user: admin] [ip: ::1] [proxy: undefined] Controller: PrintsSchedule Task: generateNotificationListData: {}
[2022-10-27  08:18:00] [type: Request] [user: admin] [ip: ::1] [proxy: undefined] Controller: PrintsSchedule Task: generateNotificationListData: {}
[2022-10-27  08:29:00] [type: Request] [user: admin] [ip: ::1] [proxy: undefined] Controller: PrintsSchedule Task: generateNotificationListData: {}
[2022-10-27  08:31:59] [type: Request] [user: admin] [ip: ::1] [proxy: undefined] Controller: PrintsSchedule Task: generateNotificationListData: {}
[2022-10-27  08:31:59] [type: Error] [user: admin] [ip: ::1] [proxy: undefined] Tanweb\File\PDFMaker\PDFMaker::makeTable(): Argument #4 ($rowHeight) must be of type int, null given, called in C:\laragon\www\Scheduler\sys\classes\Custom\File\NotificationList.php on line 139 ;
 #0 C:\laragon\www\Scheduler\sys\classes\Custom\File\NotificationList.php(139): Tanweb\File\PDFMaker\PDFMaker->makeTable(Object(Tanweb\File\PDFMaker\Columns), Object(Tanweb\Container), 1.0, NULL)
#1 C:\laragon\www\Scheduler\sys\classes\Custom\File\NotificationList.php(126): Custom\File\NotificationList->printUsersSet(Object(Tanweb\Container))
#2 C:\laragon\www\Scheduler\sys\classes\Custom\File\NotificationList.php(115): Custom\File\NotificationList->printPage(Object(Tanweb\Container), 1, 31)
#3 C:\laragon\www\Scheduler\sys\classes\Custom\File\NotificationList.php(75): Custom\File\NotificationList->printHeaders()
#4 C:\laragon\www\Scheduler\sys\classes\Custom\File\NotificationList.php(64): Custom\File\NotificationList->print()
#5 C:\laragon\www\Scheduler\sys\classes\Services\PrintsService.php(24): Custom\File\NotificationList::generate(10, 2022)
#6 C:\laragon\www\Scheduler\sys\classes\Controllers\PrintsSchedule.php(41): Services\PrintsService->generateNotificationList(10, 2022)
#7 C:\laragon\www\Scheduler\sys\classes\Controllers\Base\Controller.php(112): Controllers\PrintsSchedule->generateNotificationList()
#8 C:\laragon\www\Scheduler\sys\classes\Controllers\Base\Controller.php(89): Controllers\Base\Controller->runTask(Object(Tanweb\Request\Request))
#9 C:\laragon\www\Scheduler\sys\scripts\requests\file.php(29): Controllers\Base\Controller->run(Object(Tanweb\Request\Request))
#10 {main}
[2022-10-27  08:32:34] [type: Request] [user: admin] [ip: ::1] [proxy: undefined] Controller: PrintsSchedule Task: generateNotificationListData: {}
[2022-10-27  08:32:34] [type: Error] [user: admin] [ip: ::1] [proxy: undefined] Tanweb\File\PDFMaker\PDFMaker::makeTable(): Argument #4 ($rowHeight) must be of type int, null given, called in C:\laragon\www\Scheduler\sys\classes\Custom\File\NotificationList.php on line 139 ;
 #0 C:\laragon\www\Scheduler\sys\classes\Custom\File\NotificationList.php(139): Tanweb\File\PDFMaker\PDFMaker->makeTable(Object(Tanweb\File\PDFMaker\Columns), Object(Tanweb\Container), 1.0, NULL)
#1 C:\laragon\www\Scheduler\sys\classes\Custom\File\NotificationList.php(126): Custom\File\NotificationList->printUsersSet(Object(Tanweb\Container))
#2 C:\laragon\www\Scheduler\sys\classes\Custom\File\NotificationList.php(115): Custom\File\NotificationList->printPage(Object(Tanweb\Container), 1, 31)
#3 C:\laragon\www\Scheduler\sys\classes\Custom\File\NotificationList.php(75): Custom\File\NotificationList->printHeaders()
#4 C:\laragon\www\Scheduler\sys\classes\Custom\File\NotificationList.php(64): Custom\File\NotificationList->print()
#5 C:\laragon\www\Scheduler\sys\classes\Services\PrintsService.php(24): Custom\File\NotificationList::generate(10, 2022)
#6 C:\laragon\www\Scheduler\sys\classes\Controllers\PrintsSchedule.php(41): Services\PrintsService->generateNotificationList(10, 2022)
#7 C:\laragon\www\Scheduler\sys\classes\Controllers\Base\Controller.php(112): Controllers\PrintsSchedule->generateNotificationList()
#8 C:\laragon\www\Scheduler\sys\classes\Controllers\Base\Controller.php(89): Controllers\Base\Controller->runTask(Object(Tanweb\Request\Request))
#9 C:\laragon\www\Scheduler\sys\scripts\requests\file.php(29): Controllers\Base\Controller->run(Object(Tanweb\Request\Request))
#10 {main}
[2022-10-27  08:33:10] [type: Request] [user: admin] [ip: ::1] [proxy: undefined] Controller: PrintsSchedule Task: generateNotificationListData: {}
[2022-10-27  08:33:45] [type: Request] [user: admin] [ip: ::1] [proxy: undefined] Controller: PrintsSchedule Task: generateNotificationListData: {}
[2022-10-27  08:36:07] [type: Request] [user: admin] [ip: ::1] [proxy: undefined] Controller: PrintsSchedule Task: generateNotificationListData: {}
[2022-10-27  08:39:36] [type: Request] [user: admin] [ip: ::1] [proxy: undefined] Controller: PrintsSchedule Task: generateNotificationListData: {}
[2022-10-27  08:40:14] [type: Request] [user: admin] [ip: ::1] [proxy: undefined] Controller: PrintsSchedule Task: generateNotificationListData: {}
[2022-10-27  08:42:35] [type: Request] [user: admin] [ip: ::1] [proxy: undefined] Controller: PrintsSchedule Task: generateNotificationListData: {}
[2022-10-27  08:42:48] [type: Request] [user: admin] [ip: ::1] [proxy: undefined] Controller: PrintsSchedule Task: generateAttendanceListData: {}
[2022-10-27  08:42:48] [type: Select] [user: admin] [ip: ::1] [proxy: undefined] Database: scheduler; SQL: SELECT * FROM users_employment_periods WHERE  active = '1' and ( ( start <= '2022-11-1' and end >= '2022-11-1' ) or ( start <= '2022-11-30' and end >= '2022-11-30' )) ORDER BY sort_priority ASC, surname ASC
[2022-10-27  08:42:48] [type: Select] [user: admin] [ip: ::1] [proxy: undefined] Database: scheduler; SQL: SELECT * FROM users_employment_periods WHERE  active = '1' and ( ( start <= '2022-11-1' and end >= '2022-11-1' ) or ( start <= '2022-11-30' and end >= '2022-11-30' )) ORDER BY sort_priority ASC, surname ASC
[2022-10-27  08:42:51] [type: Request] [user: admin] [ip: ::1] [proxy: undefined] Controller: PrintsSchedule Task: generateNotificationListData: {}
[2022-10-27  08:43:39] [type: Request] [user: admin] [ip: ::1] [proxy: undefined] Controller: PrintsSchedule Task: generateNotificationListData: {}
[2022-10-27  08:45:06] [type: Request] [user: admin] [ip: ::1] [proxy: undefined] Controller: PrintsSchedule Task: generateNotificationListData: {}
[2022-10-27  08:45:42] [type: Request] [user: admin] [ip: ::1] [proxy: undefined] Controller: PrintsSchedule Task: generateNotificationListData: {}
[2022-10-27  08:45:57] [type: Request] [user: admin] [ip: ::1] [proxy: undefined] Controller: PrintsSchedule Task: generateNotificationListData: {}
[2022-10-27  08:46:07] [type: Request] [user: admin] [ip: ::1] [proxy: undefined] Controller: PrintsSchedule Task: generateNotificationListData: {}
[2022-10-27  09:29:03] [type: Request] [user: admin] [ip: ::1] [proxy: undefined] Controller: PrintsSchedule Task: generateNotificationListData: {}
[2022-10-27  09:29:18] [type: Request] [user: admin] [ip: ::1] [proxy: undefined] Controller: PrintsSchedule Task: generateNotificationListData: {}
[2022-10-27  09:32:03] [type: Request] [user: admin] [ip: ::1] [proxy: undefined] Controller: PrintsSchedule Task: generateNotificationListData: {}
[2022-10-27  09:32:28] [type: Request] [user: admin] [ip: ::1] [proxy: undefined] Controller: PrintsSchedule Task: generateNotificationListData: {}
[2022-10-27  09:32:45] [type: Request] [user: admin] [ip: ::1] [proxy: undefined] Controller: PrintsSchedule Task: generateNotificationListData: {}
[2022-10-27  09:33:06] [type: Request] [user: admin] [ip: ::1] [proxy: undefined] Controller: PrintsSchedule Task: generateNotificationListData: {}
[2022-10-27  09:33:48] [type: Request] [user: admin] [ip: ::1] [proxy: undefined] Controller: PrintsSchedule Task: generateNotificationListData: {}
[2022-10-27  09:35:36] [type: Request] [user: admin] [ip: ::1] [proxy: undefined] Controller: PrintsSchedule Task: generateNotificationListData: {}
[2022-10-27  09:36:21] [type: Request] [user: admin] [ip: ::1] [proxy: undefined] Controller: PrintsSchedule Task: generateNotificationListData: {}
[2022-10-27  09:37:48] [type: Request] [user: admin] [ip: ::1] [proxy: undefined] Controller: PrintsSchedule Task: generateNotificationListData: {}
[2022-10-27  09:42:43] [type: Request] [user: admin] [ip: ::1] [proxy: undefined] Controller: PrintsSchedule Task: generateNotificationListData: {}
[2022-10-27  09:43:14] [type: Request] [user: admin] [ip: ::1] [proxy: undefined] Controller: PrintsSchedule Task: generateNotificationListData: {}
[2022-10-27  09:46:06] [type: Request] [user: admin] [ip: ::1] [proxy: undefined] Controller: PrintsSchedule Task: generateNotificationListData: {}
[2022-10-27  09:47:06] [type: Request] [user: admin] [ip: ::1] [proxy: undefined] Controller: PrintsSchedule Task: generateNotificationListData: {}
[2022-10-27  09:49:51] [type: Request] [user: admin] [ip: ::1] [proxy: undefined] Controller: PrintsSchedule Task: generateNotificationListData: {}
[2022-10-27  09:51:36] [type: Request] [user: admin] [ip: ::1] [proxy: undefined] Controller: PrintsSchedule Task: generateNotificationListData: {}
[2022-10-27  09:51:50] [type: Request] [user: admin] [ip: ::1] [proxy: undefined] Controller: PrintsSchedule Task: generateNotificationListData: {}
[2022-10-27  09:52:06] [type: Request] [user: admin] [ip: ::1] [proxy: undefined] Controller: PrintsSchedule Task: generateNotificationListData: {}
[2022-10-27  09:52:29] [type: Request] [user: admin] [ip: ::1] [proxy: undefined] Controller: PrintsSchedule Task: generateNotificationListData: {}
[2022-10-27  09:52:57] [type: Request] [user: admin] [ip: ::1] [proxy: undefined] Controller: PrintsSchedule Task: generateNotificationListData: {}
[2022-10-27  09:53:06] [type: Request] [user: admin] [ip: ::1] [proxy: undefined] Controller: PrintsSchedule Task: generateNotificationListData: {}
[2022-10-27  09:53:18] [type: Request] [user: admin] [ip: ::1] [proxy: undefined] Controller: PrintsSchedule Task: generateNotificationListData: {}
[2022-10-27  09:53:46] [type: Request] [user: admin] [ip: ::1] [proxy: undefined] Controller: PrintsSchedule Task: generateNotificationListData: {}
[2022-10-27  09:53:57] [type: Request] [user: admin] [ip: ::1] [proxy: undefined] Controller: PrintsSchedule Task: generateNotificationListData: {}
[2022-10-27  09:54:34] [type: Request] [user: admin] [ip: ::1] [proxy: undefined] Controller: PrintsSchedule Task: generateNotificationListData: {}
[2022-10-27  09:55:22] [type: Request] [user: admin] [ip: ::1] [proxy: undefined] Controller: PrintsSchedule Task: generateNotificationListData: {}
[2022-10-27  09:56:11] [type: Request] [user: admin] [ip: ::1] [proxy: undefined] Controller: PrintsSchedule Task: generateNotificationListData: {}
[2022-10-27  09:57:56] [type: Request] [user: admin] [ip: ::1] [proxy: undefined] Controller: PrintsSchedule Task: generateNotificationListData: {}
[2022-10-27  09:58:36] [type: Request] [user: admin] [ip: ::1] [proxy: undefined] Controller: PrintsSchedule Task: generateNotificationListData: {}
[2022-10-27  10:00:24] [type: Request] [user: admin] [ip: ::1] [proxy: undefined] Controller: PrintsSchedule Task: generateNotificationListData: {}
[2022-10-27  10:00:49] [type: Request] [user: admin] [ip: ::1] [proxy: undefined] Controller: PrintsSchedule Task: generateNotificationListData: {}
[2022-10-27  10:01:08] [type: Request] [user: admin] [ip: ::1] [proxy: undefined] Controller: PrintsSchedule Task: generateNotificationListData: {}
[2022-10-27  10:03:50] [type: Request] [user: admin] [ip: ::1] [proxy: undefined] Controller: PrintsSchedule Task: generateNotificationListData: {}
[2022-10-27  10:03:50] [type: Select] [user: admin] [ip: ::1] [proxy: undefined] Database: scheduler; SQL: SELECT * FROM users_employment_periods WHERE  active = '1' and ( ( start <= '2022-12-1' and end >= '2022-12-1' ) or ( start <= '2022-12-31' and end >= '2022-12-31' )) ORDER BY sort_priority ASC, surname ASC
[2022-10-27  10:03:59] [type: Request] [user: admin] [ip: ::1] [proxy: undefined] Controller: PrintsSchedule Task: generateNotificationListData: {}
[2022-10-27  10:03:59] [type: Select] [user: admin] [ip: ::1] [proxy: undefined] Database: scheduler; SQL: SELECT * FROM users_employment_periods WHERE  active = '1' and ( ( start <= '2022-10-1' and end >= '2022-10-1' ) or ( start <= '2022-10-31' and end >= '2022-10-31' )) ORDER BY sort_priority ASC, surname ASC
[2022-10-27  10:04:43] [type: Request] [user: admin] [ip: ::1] [proxy: undefined] Controller: PrintsSchedule Task: generateNotificationListData: {}
[2022-10-27  10:04:43] [type: Select] [user: admin] [ip: ::1] [proxy: undefined] Database: scheduler; SQL: SELECT * FROM users_employment_periods WHERE  active = '1' and ( ( start <= '2022-10-1' and end >= '2022-10-1' ) or ( start <= '2022-10-31' and end >= '2022-10-31' )) ORDER BY sort_priority ASC, surname ASC
[2022-10-27  10:13:35] [type: Access] [user: admin] [ip: ::1] [proxy: undefined] http://localhost/Scheduler/pages/adminPanel/adminPanelUsers.php?
[2022-10-27  10:13:35] [type: Request] [user: admin] [ip: ::1] [proxy: undefined] Controller: LanguageSelection Task: getInterfaceNamesData: {}
[2022-10-27  11:40:57] [type: Access] [user: admin] [ip: ::1] [proxy: undefined] http://localhost/Scheduler/pages/adminPanel/adminPanelUsers.php?
[2022-10-27  11:41:52] [type: Access] [user: admin] [ip: ::1] [proxy: undefined] http://localhost/Scheduler/pages/adminPanel/adminPanelUsers.php?
[2022-10-27  11:43:26] [type: Access] [user: admin] [ip: ::1] [proxy: undefined] http://localhost/Scheduler/pages/adminPanel/adminPanelUsers.php?
[2022-10-27  11:44:00] [type: Access] [user: admin] [ip: ::1] [proxy: undefined] http://localhost/Scheduler/pages/adminPanel/adminPanelUsers.php?
[2022-10-27  11:45:01] [type: Access] [user: admin] [ip: ::1] [proxy: undefined] http://localhost/Scheduler/pages/adminPanel/adminPanelUsers.php?
[2022-10-27  11:45:01] [type: Request] [user: admin] [ip: ::1] [proxy: undefined] Controller: LanguageSelection Task: getInterfaceNamesData: {}
[2022-10-27  11:45:35] [type: Access] [user: admin] [ip: ::1] [proxy: undefined] http://localhost/Scheduler/pages/adminPanel/adminPanelUsers.php?
[2022-10-27  11:46:03] [type: Access] [user: admin] [ip: ::1] [proxy: undefined] http://localhost/Scheduler/pages/adminPanel/adminPanelUsers.php?
[2022-10-27  11:46:03] [type: Request] [user: admin] [ip: ::1] [proxy: undefined] Controller: LanguageSelection Task: getInterfaceNamesData: {}
[2022-10-27  11:46:24] [type: Access] [user: admin] [ip: ::1] [proxy: undefined] http://localhost/Scheduler/pages/adminPanel/adminPanelUsers.php?
[2022-10-27  11:46:25] [type: Request] [user: admin] [ip: ::1] [proxy: undefined] Controller: LanguageSelection Task: getInterfaceNamesData: {}
[2022-10-27  11:46:45] [type: Access] [user: admin] [ip: ::1] [proxy: undefined] http://localhost/Scheduler/pages/adminPanel/adminPanelUsers.php?
[2022-10-27  11:46:45] [type: Request] [user: admin] [ip: ::1] [proxy: undefined] Controller: LanguageSelection Task: getInterfaceNamesData: {}
[2022-10-27  11:47:08] [type: Access] [user: admin] [ip: ::1] [proxy: undefined] http://localhost/Scheduler/pages/adminPanel/adminPanelUsers.php?
[2022-10-27  11:47:09] [type: Request] [user: admin] [ip: ::1] [proxy: undefined] Controller: LanguageSelection Task: getInterfaceNamesData: {}
[2022-10-27  11:47:35] [type: Access] [user: admin] [ip: ::1] [proxy: undefined] http://localhost/Scheduler/pages/adminPanel/adminPanelUsers.php?
[2022-10-27  11:47:35] [type: Request] [user: admin] [ip: ::1] [proxy: undefined] Controller: LanguageSelection Task: getInterfaceNamesData: {}
[2022-10-27  11:47:56] [type: Access] [user: admin] [ip: ::1] [proxy: undefined] http://localhost/Scheduler/pages/adminPanel/adminPanelUsers.php?
[2022-10-27  11:47:57] [type: Request] [user: admin] [ip: ::1] [proxy: undefined] Controller: LanguageSelection Task: getInterfaceNamesData: {}
[2022-10-27  11:49:18] [type: Access] [user: admin] [ip: ::1] [proxy: undefined] http://localhost/Scheduler/pages/adminPanel/adminPanelUsers.php?
[2022-10-27  11:49:19] [type: Request] [user: admin] [ip: ::1] [proxy: undefined] Controller: LanguageSelection Task: getInterfaceNamesData: {}
[2022-10-27  11:49:20] [type: Access] [user: admin] [ip: ::1] [proxy: undefined] http://localhost/Scheduler/pages/adminPanel/adminPanelDaysOff.php?
[2022-10-27  11:50:28] [type: Access] [user: admin] [ip: ::1] [proxy: undefined] http://localhost/Scheduler/pages/adminPanel/adminPanelDaysOff.php?
[2022-10-27  11:50:29] [type: Request] [user: admin] [ip: ::1] [proxy: undefined] Controller: LanguageSelection Task: getInterfaceNamesData: {}
[2022-10-27  11:50:29] [type: Request] [user: admin] [ip: ::1] [proxy: undefined] Controller: AdminPanelDaysOff Task: getDaysOffData: {}
[2022-10-27  11:50:29] [type: Select] [user: admin] [ip: ::1] [proxy: undefined] Database: scheduler; SQL: SELECT * FROM days_off
[2022-10-27  11:51:17] [type: Access] [user: admin] [ip: ::1] [proxy: undefined] http://localhost/Scheduler/pages/adminPanel/adminPanelDaysOff.php?
[2022-10-27  11:51:17] [type: Request] [user: admin] [ip: ::1] [proxy: undefined] Controller: LanguageSelection Task: getInterfaceNamesData: {}
[2022-10-27  11:51:18] [type: Request] [user: admin] [ip: ::1] [proxy: undefined] Controller: AdminPanelDaysOff Task: getDaysOffData: {}
[2022-10-27  11:51:18] [type: Select] [user: admin] [ip: ::1] [proxy: undefined] Database: scheduler; SQL: SELECT * FROM days_off
[2022-10-27  11:51:47] [type: Access] [user: admin] [ip: ::1] [proxy: undefined] http://localhost/Scheduler/pages/adminPanel/adminPanelDaysOff.php?
[2022-10-27  11:51:47] [type: Request] [user: admin] [ip: ::1] [proxy: undefined] Controller: LanguageSelection Task: getInterfaceNamesData: {}
[2022-10-27  11:51:48] [type: Request] [user: admin] [ip: ::1] [proxy: undefined] Controller: AdminPanelDaysOff Task: getDaysOffData: {}
[2022-10-27  11:51:48] [type: Select] [user: admin] [ip: ::1] [proxy: undefined] Database: scheduler; SQL: SELECT * FROM days_off
[2022-10-27  11:52:09] [type: Request] [user: admin] [ip: ::1] [proxy: undefined] Controller: AdminPanelDaysOff Task: saveDayOffData: {}
[2022-10-27  11:52:09] [type: insert] [user: admin] [ip: ::1] [proxy: undefined] Database: scheduler; SQL: INSERT INTO days_off (date, name, for_all) VALUES ('2022-10-31', 'testowy', '1')
[2022-10-27  11:52:10] [type: Request] [user: admin] [ip: ::1] [proxy: undefined] Controller: AdminPanelDaysOff Task: getDaysOffData: {}
[2022-10-27  11:52:11] [type: Select] [user: admin] [ip: ::1] [proxy: undefined] Database: scheduler; SQL: SELECT * FROM days_off
[2022-10-27  11:52:17] [type: Request] [user: admin] [ip: ::1] [proxy: undefined] Controller: AdminPanelDaysOff Task: saveDayOffData: {}
[2022-10-27  11:52:17] [type: Select] [user: admin] [ip: ::1] [proxy: undefined] Database: scheduler; SQL: SELECT * FROM days_off WHERE  id = '1'
[2022-10-27  11:52:17] [type: update] [user: admin] [ip: ::1] [proxy: undefined] Database: scheduler; SQL: UPDATE days_off SET active='1', name='testowy v1', for_all='1' WHERE id = '1'
[2022-10-27  11:52:18] [type: Request] [user: admin] [ip: ::1] [proxy: undefined] Controller: AdminPanelDaysOff Task: getDaysOffData: {}
[2022-10-27  11:52:18] [type: Select] [user: admin] [ip: ::1] [proxy: undefined] Database: scheduler; SQL: SELECT * FROM days_off
[2022-10-27  11:52:20] [type: Request] [user: admin] [ip: ::1] [proxy: undefined] Controller: AdminPanelDaysOff Task: changeDayOffStatusData: {}
[2022-10-27  11:52:20] [type: Error] [user: admin] [ip: ::1] [proxy: undefined] Container error: value not defined for key: id_days_off ;
 #0 C:\laragon\www\Scheduler\sys\classes\Tanweb\Container.php(42): Tanweb\Container->throwException('value not defin...')
#1 C:\laragon\www\Scheduler\sys\classes\Controllers\AdminPanelDaysOff.php(76): Tanweb\Container->get('id_days_off')
#2 C:\laragon\www\Scheduler\sys\classes\Controllers\Base\Controller.php(112): Controllers\AdminPanelDaysOff->changeDayOffStatus()
#3 C:\laragon\www\Scheduler\sys\classes\Controllers\Base\Controller.php(89): Controllers\Base\Controller->runTask(Object(Tanweb\Request\Request))
#4 C:\laragon\www\Scheduler\sys\scripts\requests\rest.php(28): Controllers\Base\Controller->run(Object(Tanweb\Request\Request))
#5 {main}
[2022-10-27  11:52:58] [type: Access] [user: admin] [ip: ::1] [proxy: undefined] http://localhost/Scheduler/pages/adminPanel/adminPanelDaysOff.php?
[2022-10-27  11:52:59] [type: Request] [user: admin] [ip: ::1] [proxy: undefined] Controller: LanguageSelection Task: getInterfaceNamesData: {}
[2022-10-27  11:52:59] [type: Request] [user: admin] [ip: ::1] [proxy: undefined] Controller: AdminPanelDaysOff Task: getDaysOffData: {}
[2022-10-27  11:52:59] [type: Select] [user: admin] [ip: ::1] [proxy: undefined] Database: scheduler; SQL: SELECT * FROM days_off
[2022-10-27  11:53:01] [type: Request] [user: admin] [ip: ::1] [proxy: undefined] Controller: AdminPanelDaysOff Task: changeDayOffStatusData: {}
[2022-10-27  11:53:01] [type: Select] [user: admin] [ip: ::1] [proxy: undefined] Database: scheduler; SQL: SELECT * FROM days_off WHERE  id = '1'
[2022-10-27  11:53:01] [type: update] [user: admin] [ip: ::1] [proxy: undefined] Database: scheduler; SQL: UPDATE days_off SET active='0' WHERE id = '1'
[2022-10-27  11:53:02] [type: Request] [user: admin] [ip: ::1] [proxy: undefined] Controller: AdminPanelDaysOff Task: getDaysOffData: {}
[2022-10-27  11:53:02] [type: Select] [user: admin] [ip: ::1] [proxy: undefined] Database: scheduler; SQL: SELECT * FROM days_off
[2022-10-27  11:53:05] [type: Request] [user: admin] [ip: ::1] [proxy: undefined] Controller: AdminPanelDaysOff Task: changeDayOffStatusData: {}
[2022-10-27  11:53:05] [type: Select] [user: admin] [ip: ::1] [proxy: undefined] Database: scheduler; SQL: SELECT * FROM days_off WHERE  id = '1'
[2022-10-27  11:53:05] [type: update] [user: admin] [ip: ::1] [proxy: undefined] Database: scheduler; SQL: UPDATE days_off SET active='1' WHERE id = '1'
[2022-10-27  11:53:06] [type: Request] [user: admin] [ip: ::1] [proxy: undefined] Controller: AdminPanelDaysOff Task: getDaysOffData: {}
[2022-10-27  11:53:06] [type: Select] [user: admin] [ip: ::1] [proxy: undefined] Database: scheduler; SQL: SELECT * FROM days_off
[2022-10-27  12:05:00] [type: Access] [user: admin] [ip: ::1] [proxy: undefined] http://localhost/Scheduler/pages/adminPanel/adminPanelDaysOff.php?
[2022-10-27  12:05:01] [type: Request] [user: admin] [ip: ::1] [proxy: undefined] Controller: LanguageSelection Task: getInterfaceNamesData: {}
[2022-10-27  12:05:03] [type: Access] [user: admin] [ip: ::1] [proxy: undefined] http://localhost/Scheduler/pages/adminPanel/adminPanelDaysOff.php?
[2022-10-27  12:05:03] [type: Request] [user: admin] [ip: ::1] [proxy: undefined] Controller: LanguageSelection Task: getInterfaceNamesData: {}
[2022-10-27  12:33:26] [type: Request] [user: ] [ip: ::1] [proxy: undefined] Controller: LanguageSelection Task: getInterfaceNamesData: {}
[2022-10-27  12:33:29] [type: Request] [user: admin] [ip: ::1] [proxy: undefined] Controller: LanguageSelection Task: getInterfaceNamesData: {}
[2022-10-27  12:33:30] [type: Access] [user: admin] [ip: ::1] [proxy: undefined] http://localhost/Scheduler/pages/adminPanel/adminPanelUsers.php?
[2022-10-27  12:33:31] [type: Request] [user: admin] [ip: ::1] [proxy: undefined] Controller: LanguageSelection Task: getInterfaceNamesData: {}
[2022-10-27  12:33:32] [type: Access] [user: admin] [ip: ::1] [proxy: undefined] http://localhost/Scheduler/pages/adminPanel/adminPanelDaysOff.php?
[2022-10-27  12:33:33] [type: Request] [user: admin] [ip: ::1] [proxy: undefined] Controller: LanguageSelection Task: getInterfaceNamesData: {}
[2022-10-27  12:33:58] [type: Access] [user: admin] [ip: ::1] [proxy: undefined] http://localhost/Scheduler/pages/adminPanel/adminPanelDaysOff.php?
[2022-10-27  12:33:58] [type: Request] [user: admin] [ip: ::1] [proxy: undefined] Controller: LanguageSelection Task: getInterfaceNamesData: {}
[2022-10-27  12:34:11] [type: Access] [user: admin] [ip: ::1] [proxy: undefined] http://localhost/Scheduler/pages/adminPanel/adminPanelDaysOff.php?
[2022-10-27  12:34:11] [type: Request] [user: admin] [ip: ::1] [proxy: undefined] Controller: LanguageSelection Task: getInterfaceNamesData: {}
[2022-10-27  12:36:34] [type: Access] [user: admin] [ip: ::1] [proxy: undefined] http://localhost/Scheduler/pages/adminPanel/adminPanelDaysOff.php?
[2022-10-27  12:36:34] [type: Request] [user: admin] [ip: ::1] [proxy: undefined] Controller: LanguageSelection Task: getInterfaceNamesData: {}
[2022-10-27  12:36:35] [type: Request] [user: admin] [ip: ::1] [proxy: undefined] Controller: AdminPanelDaysOff Task: getDaysOffData: {}
[2022-10-27  12:36:35] [type: Select] [user: admin] [ip: ::1] [proxy: undefined] Database: scheduler; SQL: SELECT * FROM days_off
[2022-10-27  12:36:35] [type: Request] [user: admin] [ip: ::1] [proxy: undefined] Controller: AdminPanelDaysOff Task: getUsersData: {}
[2022-10-27  12:36:35] [type: Select] [user: admin] [ip: ::1] [proxy: undefined] Database: scheduler; SQL: SELECT * FROM days_off_user_details WHERE  id_days_off = '0'
[2022-10-27  12:36:35] [type: Error] [user: admin] [ip: ::1] [proxy: undefined] Data\Access\Views\DaysOffUserDetailsView::getByDayOff(): Return value must be of type Data\Access\Views\Contianer, Tanweb\Container returned ;
 #0 C:\laragon\www\Scheduler\sys\classes\Services\DaysOffService.php(43): Data\Access\Views\DaysOffUserDetailsView->getByDayOff(0)
#1 C:\laragon\www\Scheduler\sys\classes\Controllers\AdminPanelDaysOff.php(40): Services\DaysOffService->getUsersByDay(0)
#2 C:\laragon\www\Scheduler\sys\classes\Controllers\Base\Controller.php(112): Controllers\AdminPanelDaysOff->getUsers()
#3 C:\laragon\www\Scheduler\sys\classes\Controllers\Base\Controller.php(89): Controllers\Base\Controller->runTask(Object(Tanweb\Request\Request))
#4 C:\laragon\www\Scheduler\sys\scripts\requests\rest.php(28): Controllers\Base\Controller->run(Object(Tanweb\Request\Request))
#5 {main}
[2022-10-27  12:38:33] [type: Access] [user: admin] [ip: ::1] [proxy: undefined] http://localhost/Scheduler/pages/adminPanel/adminPanelDaysOff.php?
[2022-10-27  12:38:33] [type: Request] [user: admin] [ip: ::1] [proxy: undefined] Controller: LanguageSelection Task: getInterfaceNamesData: {}
[2022-10-27  12:38:33] [type: Request] [user: admin] [ip: ::1] [proxy: undefined] Controller: AdminPanelDaysOff Task: getDaysOffData: {}
[2022-10-27  12:38:33] [type: Select] [user: admin] [ip: ::1] [proxy: undefined] Database: scheduler; SQL: SELECT * FROM days_off
[2022-10-27  12:38:34] [type: Request] [user: admin] [ip: ::1] [proxy: undefined] Controller: AdminPanelDaysOff Task: getUsersData: {}
[2022-10-27  12:38:34] [type: Select] [user: admin] [ip: ::1] [proxy: undefined] Database: scheduler; SQL: SELECT * FROM days_off_user_details WHERE  id_days_off = '0'
[2022-10-27  12:38:36] [type: Request] [user: admin] [ip: ::1] [proxy: undefined] Controller: AdminPanelDaysOff Task: getUsersData: {}
[2022-10-27  12:38:36] [type: Select] [user: admin] [ip: ::1] [proxy: undefined] Database: scheduler; SQL: SELECT * FROM days_off_user_details WHERE  id_days_off = '1'
[2022-10-27  12:38:37] [type: Request] [user: admin] [ip: ::1] [proxy: undefined] Controller: AdminPanelDaysOff Task: getMatchingUsersData: {}
[2022-10-27  12:38:37] [type: Select] [user: admin] [ip: ::1] [proxy: undefined] Database: scheduler; SQL: SELECT * FROM users_employment_periods WHERE  active = '1' and start <= '2022-10-31' and end >= '2022-10-31' ORDER BY sort_priority ASC
[2022-10-27  12:38:53] [type: Request] [user: admin] [ip: ::1] [proxy: undefined] Controller: AdminPanelDaysOff Task: saveDayOffData: {}
[2022-10-27  12:38:53] [type: Select] [user: admin] [ip: ::1] [proxy: undefined] Database: scheduler; SQL: SELECT * FROM days_off WHERE  id = '1'
[2022-10-27  12:38:53] [type: update] [user: admin] [ip: ::1] [proxy: undefined] Database: scheduler; SQL: UPDATE days_off SET active='1', date='2022-01-13', for_all='1' WHERE id = '1'
[2022-10-27  12:38:54] [type: Request] [user: admin] [ip: ::1] [proxy: undefined] Controller: AdminPanelDaysOff Task: getDaysOffData: {}
[2022-10-27  12:38:54] [type: Select] [user: admin] [ip: ::1] [proxy: undefined] Database: scheduler; SQL: SELECT * FROM days_off
[2022-10-27  12:38:55] [type: Request] [user: admin] [ip: ::1] [proxy: undefined] Controller: AdminPanelDaysOff Task: getUsersData: {}
[2022-10-27  12:38:55] [type: Select] [user: admin] [ip: ::1] [proxy: undefined] Database: scheduler; SQL: SELECT * FROM days_off_user_details WHERE  id_days_off = '1'
[2022-10-27  12:38:57] [type: Request] [user: admin] [ip: ::1] [proxy: undefined] Controller: AdminPanelDaysOff Task: getMatchingUsersData: {}
[2022-10-27  12:38:57] [type: Select] [user: admin] [ip: ::1] [proxy: undefined] Database: scheduler; SQL: SELECT * FROM users_employment_periods WHERE  active = '1' and start <= '2022-01-13' and end >= '2022-01-13' ORDER BY sort_priority ASC
[2022-10-27  12:39:10] [type: Request] [user: admin] [ip: ::1] [proxy: undefined] Controller: AdminPanelDaysOff Task: saveDayOffData: {}
[2022-10-27  12:39:10] [type: Select] [user: admin] [ip: ::1] [proxy: undefined] Database: scheduler; SQL: SELECT * FROM days_off WHERE  id = '1'
[2022-10-27  12:39:10] [type: update] [user: admin] [ip: ::1] [proxy: undefined] Database: scheduler; SQL: UPDATE days_off SET active='1', date='2022-10-31', for_all='1' WHERE id = '1'
[2022-10-27  12:39:11] [type: Request] [user: admin] [ip: ::1] [proxy: undefined] Controller: AdminPanelDaysOff Task: getDaysOffData: {}
[2022-10-27  12:39:11] [type: Select] [user: admin] [ip: ::1] [proxy: undefined] Database: scheduler; SQL: SELECT * FROM days_off
[2022-10-27  12:39:13] [type: Request] [user: admin] [ip: ::1] [proxy: undefined] Controller: AdminPanelDaysOff Task: getUsersData: {}
[2022-10-27  12:39:13] [type: Select] [user: admin] [ip: ::1] [proxy: undefined] Database: scheduler; SQL: SELECT * FROM days_off_user_details WHERE  id_days_off = '1'
[2022-10-27  12:39:14] [type: Request] [user: admin] [ip: ::1] [proxy: undefined] Controller: AdminPanelDaysOff Task: getMatchingUsersData: {}
[2022-10-27  12:39:14] [type: Select] [user: admin] [ip: ::1] [proxy: undefined] Database: scheduler; SQL: SELECT * FROM users_employment_periods WHERE  active = '1' and start <= '2022-10-31' and end >= '2022-10-31' ORDER BY sort_priority ASC
[2022-10-27  12:39:24] [type: Request] [user: admin] [ip: ::1] [proxy: undefined] Controller: AdminPanelDaysOff Task: getMatchingUsersData: {}
[2022-10-27  12:39:24] [type: Select] [user: admin] [ip: ::1] [proxy: undefined] Database: scheduler; SQL: SELECT * FROM users_employment_periods WHERE  active = '1' and start <= '2022-10-31' and end >= '2022-10-31' ORDER BY sort_priority ASC
[2022-10-27  12:40:08] [type: Access] [user: admin] [ip: ::1] [proxy: undefined] http://localhost/Scheduler/pages/adminPanel/adminPanelDaysOff.php?
[2022-10-27  12:40:08] [type: Request] [user: admin] [ip: ::1] [proxy: undefined] Controller: LanguageSelection Task: getInterfaceNamesData: {}
[2022-10-27  12:40:09] [type: Request] [user: admin] [ip: ::1] [proxy: undefined] Controller: AdminPanelDaysOff Task: getDaysOffData: {}
[2022-10-27  12:40:09] [type: Select] [user: admin] [ip: ::1] [proxy: undefined] Database: scheduler; SQL: SELECT * FROM days_off
[2022-10-27  12:40:09] [type: Request] [user: admin] [ip: ::1] [proxy: undefined] Controller: AdminPanelDaysOff Task: getUsersData: {}
[2022-10-27  12:40:09] [type: Select] [user: admin] [ip: ::1] [proxy: undefined] Database: scheduler; SQL: SELECT * FROM days_off_user_details WHERE  id_days_off = '0'
[2022-10-27  12:40:13] [type: Request] [user: admin] [ip: ::1] [proxy: undefined] Controller: AdminPanelDaysOff Task: getUsersData: {}
[2022-10-27  12:40:13] [type: Select] [user: admin] [ip: ::1] [proxy: undefined] Database: scheduler; SQL: SELECT * FROM days_off_user_details WHERE  id_days_off = '1'
[2022-10-27  12:40:15] [type: Request] [user: admin] [ip: ::1] [proxy: undefined] Controller: AdminPanelDaysOff Task: getMatchingUsersData: {}
[2022-10-27  12:40:15] [type: Select] [user: admin] [ip: ::1] [proxy: undefined] Database: scheduler; SQL: SELECT * FROM users_employment_periods WHERE  active = '1' and start <= '2022-10-31' and end >= '2022-10-31' ORDER BY sort_priority ASC
[2022-10-27  12:40:19] [type: Request] [user: admin] [ip: ::1] [proxy: undefined] Controller: AdminPanelDaysOff Task: saveUserForDayData: {}
[2022-10-27  12:40:19] [type: Error] [user: admin] [ip: ::1] [proxy: undefined] Container error: value not defined for key: id_days_off ;
 #0 C:\laragon\www\Scheduler\sys\classes\Tanweb\Container.php(42): Tanweb\Container->throwException('value not defin...')
#1 C:\laragon\www\Scheduler\sys\classes\Controllers\AdminPanelDaysOff.php(64): Tanweb\Container->get('id_days_off')
#2 C:\laragon\www\Scheduler\sys\classes\Controllers\Base\Controller.php(112): Controllers\AdminPanelDaysOff->saveUserForDay()
#3 C:\laragon\www\Scheduler\sys\classes\Controllers\Base\Controller.php(89): Controllers\Base\Controller->runTask(Object(Tanweb\Request\Request))
#4 C:\laragon\www\Scheduler\sys\scripts\requests\rest.php(28): Controllers\Base\Controller->run(Object(Tanweb\Request\Request))
#5 {main}
[2022-10-27  12:41:43] [type: Access] [user: admin] [ip: ::1] [proxy: undefined] http://localhost/Scheduler/pages/adminPanel/adminPanelDaysOff.php?
[2022-10-27  12:41:44] [type: Request] [user: admin] [ip: ::1] [proxy: undefined] Controller: LanguageSelection Task: getInterfaceNamesData: {}
[2022-10-27  12:41:44] [type: Request] [user: admin] [ip: ::1] [proxy: undefined] Controller: AdminPanelDaysOff Task: getDaysOffData: {}
[2022-10-27  12:41:44] [type: Select] [user: admin] [ip: ::1] [proxy: undefined] Database: scheduler; SQL: SELECT * FROM days_off
[2022-10-27  12:41:44] [type: Request] [user: admin] [ip: ::1] [proxy: undefined] Controller: AdminPanelDaysOff Task: getUsersData: {}
[2022-10-27  12:41:44] [type: Select] [user: admin] [ip: ::1] [proxy: undefined] Database: scheduler; SQL: SELECT * FROM days_off_user_details WHERE  id_days_off = '0'
[2022-10-27  12:41:46] [type: Request] [user: admin] [ip: ::1] [proxy: undefined] Controller: AdminPanelDaysOff Task: getUsersData: {}
[2022-10-27  12:41:46] [type: Select] [user: admin] [ip: ::1] [proxy: undefined] Database: scheduler; SQL: SELECT * FROM days_off_user_details WHERE  id_days_off = '1'
[2022-10-27  12:41:47] [type: Request] [user: admin] [ip: ::1] [proxy: undefined] Controller: AdminPanelDaysOff Task: getMatchingUsersData: {}
[2022-10-27  12:41:47] [type: Select] [user: admin] [ip: ::1] [proxy: undefined] Database: scheduler; SQL: SELECT * FROM users_employment_periods WHERE  active = '1' and start <= '2022-10-31' and end >= '2022-10-31' ORDER BY sort_priority ASC
[2022-10-27  12:41:49] [type: Request] [user: admin] [ip: ::1] [proxy: undefined] Controller: AdminPanelDaysOff Task: saveUserForDayData: {}
[2022-10-27  12:41:49] [type: Error] [user: admin] [ip: ::1] [proxy: undefined] Container error: value not defined for key: id_days_off ;
 #0 C:\laragon\www\Scheduler\sys\classes\Tanweb\Container.php(42): Tanweb\Container->throwException('value not defin...')
#1 C:\laragon\www\Scheduler\sys\classes\Controllers\AdminPanelDaysOff.php(64): Tanweb\Container->get('id_days_off')
#2 C:\laragon\www\Scheduler\sys\classes\Controllers\Base\Controller.php(112): Controllers\AdminPanelDaysOff->saveUserForDay()
#3 C:\laragon\www\Scheduler\sys\classes\Controllers\Base\Controller.php(89): Controllers\Base\Controller->runTask(Object(Tanweb\Request\Request))
#4 C:\laragon\www\Scheduler\sys\scripts\requests\rest.php(28): Controllers\Base\Controller->run(Object(Tanweb\Request\Request))
#5 {main}
[2022-10-27  12:42:35] [type: Request] [user: admin] [ip: ::1] [proxy: undefined] Controller: AdminPanelDaysOff Task: getMatchingUsersData: {}
[2022-10-27  12:42:35] [type: Select] [user: admin] [ip: ::1] [proxy: undefined] Database: scheduler; SQL: SELECT * FROM users_employment_periods WHERE  active = '1' and start <= '2022-10-31' and end >= '2022-10-31' ORDER BY sort_priority ASC
[2022-10-27  12:42:54] [type: Request] [user: admin] [ip: ::1] [proxy: undefined] Controller: AdminPanelDaysOff Task: saveUserForDayData: {}
[2022-10-27  12:42:54] [type: Error] [user: admin] [ip: ::1] [proxy: undefined] Container error: value not defined for key: id_days_off ;
 #0 C:\laragon\www\Scheduler\sys\classes\Tanweb\Container.php(42): Tanweb\Container->throwException('value not defin...')
#1 C:\laragon\www\Scheduler\sys\classes\Controllers\AdminPanelDaysOff.php(64): Tanweb\Container->get('id_days_off')
#2 C:\laragon\www\Scheduler\sys\classes\Controllers\Base\Controller.php(112): Controllers\AdminPanelDaysOff->saveUserForDay()
#3 C:\laragon\www\Scheduler\sys\classes\Controllers\Base\Controller.php(89): Controllers\Base\Controller->runTask(Object(Tanweb\Request\Request))
#4 C:\laragon\www\Scheduler\sys\scripts\requests\rest.php(28): Controllers\Base\Controller->run(Object(Tanweb\Request\Request))
#5 {main}
[2022-10-27  12:43:09] [type: Access] [user: admin] [ip: ::1] [proxy: undefined] http://localhost/Scheduler/pages/adminPanel/adminPanelDaysOff.php?
[2022-10-27  12:43:09] [type: Request] [user: admin] [ip: ::1] [proxy: undefined] Controller: LanguageSelection Task: getInterfaceNamesData: {}
[2022-10-27  12:43:10] [type: Request] [user: admin] [ip: ::1] [proxy: undefined] Controller: AdminPanelDaysOff Task: getDaysOffData: {}
[2022-10-27  12:43:10] [type: Select] [user: admin] [ip: ::1] [proxy: undefined] Database: scheduler; SQL: SELECT * FROM days_off
[2022-10-27  12:43:10] [type: Request] [user: admin] [ip: ::1] [proxy: undefined] Controller: AdminPanelDaysOff Task: getUsersData: {}
[2022-10-27  12:43:10] [type: Select] [user: admin] [ip: ::1] [proxy: undefined] Database: scheduler; SQL: SELECT * FROM days_off_user_details WHERE  id_days_off = '0'
[2022-10-27  12:43:12] [type: Request] [user: admin] [ip: ::1] [proxy: undefined] Controller: AdminPanelDaysOff Task: getUsersData: {}
[2022-10-27  12:43:12] [type: Select] [user: admin] [ip: ::1] [proxy: undefined] Database: scheduler; SQL: SELECT * FROM days_off_user_details WHERE  id_days_off = '1'
[2022-10-27  12:43:13] [type: Request] [user: admin] [ip: ::1] [proxy: undefined] Controller: AdminPanelDaysOff Task: getMatchingUsersData: {}
[2022-10-27  12:43:13] [type: Select] [user: admin] [ip: ::1] [proxy: undefined] Database: scheduler; SQL: SELECT * FROM users_employment_periods WHERE  active = '1' and start <= '2022-10-31' and end >= '2022-10-31' ORDER BY sort_priority ASC
[2022-10-27  12:43:16] [type: Access] [user: admin] [ip: ::1] [proxy: undefined] http://localhost/Scheduler/pages/adminPanel/adminPanelDaysOff.php?
[2022-10-27  12:43:16] [type: Request] [user: admin] [ip: ::1] [proxy: undefined] Controller: LanguageSelection Task: getInterfaceNamesData: {}
[2022-10-27  12:43:17] [type: Request] [user: admin] [ip: ::1] [proxy: undefined] Controller: AdminPanelDaysOff Task: getDaysOffData: {}
[2022-10-27  12:43:17] [type: Select] [user: admin] [ip: ::1] [proxy: undefined] Database: scheduler; SQL: SELECT * FROM days_off
[2022-10-27  12:43:17] [type: Request] [user: admin] [ip: ::1] [proxy: undefined] Controller: AdminPanelDaysOff Task: getUsersData: {}
[2022-10-27  12:43:17] [type: Select] [user: admin] [ip: ::1] [proxy: undefined] Database: scheduler; SQL: SELECT * FROM days_off_user_details WHERE  id_days_off = '0'
[2022-10-27  12:43:18] [type: Access] [user: admin] [ip: ::1] [proxy: undefined] http://localhost/Scheduler/pages/adminPanel/adminPanelDaysOff.php?
[2022-10-27  12:43:18] [type: Request] [user: admin] [ip: ::1] [proxy: undefined] Controller: LanguageSelection Task: getInterfaceNamesData: {}
[2022-10-27  12:43:18] [type: Request] [user: admin] [ip: ::1] [proxy: undefined] Controller: AdminPanelDaysOff Task: getDaysOffData: {}
[2022-10-27  12:43:18] [type: Select] [user: admin] [ip: ::1] [proxy: undefined] Database: scheduler; SQL: SELECT * FROM days_off
[2022-10-27  12:43:19] [type: Request] [user: admin] [ip: ::1] [proxy: undefined] Controller: AdminPanelDaysOff Task: getUsersData: {}
[2022-10-27  12:43:19] [type: Select] [user: admin] [ip: ::1] [proxy: undefined] Database: scheduler; SQL: SELECT * FROM days_off_user_details WHERE  id_days_off = '0'
[2022-10-27  12:43:20] [type: Request] [user: admin] [ip: ::1] [proxy: undefined] Controller: AdminPanelDaysOff Task: getUsersData: {}
[2022-10-27  12:43:20] [type: Select] [user: admin] [ip: ::1] [proxy: undefined] Database: scheduler; SQL: SELECT * FROM days_off_user_details WHERE  id_days_off = '1'
[2022-10-27  12:43:20] [type: Request] [user: admin] [ip: ::1] [proxy: undefined] Controller: AdminPanelDaysOff Task: getMatchingUsersData: {}
[2022-10-27  12:43:20] [type: Select] [user: admin] [ip: ::1] [proxy: undefined] Database: scheduler; SQL: SELECT * FROM users_employment_periods WHERE  active = '1' and start <= '2022-10-31' and end >= '2022-10-31' ORDER BY sort_priority ASC
[2022-10-27  12:43:23] [type: Request] [user: admin] [ip: ::1] [proxy: undefined] Controller: AdminPanelDaysOff Task: saveUserForDayData: {}
[2022-10-27  12:43:23] [type: Error] [user: admin] [ip: ::1] [proxy: undefined] Container error: value not defined for key: id_days_off ;
 #0 C:\laragon\www\Scheduler\sys\classes\Tanweb\Container.php(42): Tanweb\Container->throwException('value not defin...')
#1 C:\laragon\www\Scheduler\sys\classes\Controllers\AdminPanelDaysOff.php(64): Tanweb\Container->get('id_days_off')
#2 C:\laragon\www\Scheduler\sys\classes\Controllers\Base\Controller.php(112): Controllers\AdminPanelDaysOff->saveUserForDay()
#3 C:\laragon\www\Scheduler\sys\classes\Controllers\Base\Controller.php(89): Controllers\Base\Controller->runTask(Object(Tanweb\Request\Request))
#4 C:\laragon\www\Scheduler\sys\scripts\requests\rest.php(28): Controllers\Base\Controller->run(Object(Tanweb\Request\Request))
#5 {main}
[2022-10-27  12:43:38] [type: Access] [user: admin] [ip: ::1] [proxy: undefined] http://localhost/Scheduler/pages/adminPanel/adminPanelDaysOff.php?
[2022-10-27  12:43:38] [type: Request] [user: admin] [ip: ::1] [proxy: undefined] Controller: LanguageSelection Task: getInterfaceNamesData: {}
[2022-10-27  12:43:39] [type: Request] [user: admin] [ip: ::1] [proxy: undefined] Controller: AdminPanelDaysOff Task: getDaysOffData: {}
[2022-10-27  12:43:39] [type: Select] [user: admin] [ip: ::1] [proxy: undefined] Database: scheduler; SQL: SELECT * FROM days_off
[2022-10-27  12:43:39] [type: Request] [user: admin] [ip: ::1] [proxy: undefined] Controller: AdminPanelDaysOff Task: getUsersData: {}
[2022-10-27  12:43:39] [type: Select] [user: admin] [ip: ::1] [proxy: undefined] Database: scheduler; SQL: SELECT * FROM days_off_user_details WHERE  id_days_off = '0'
[2022-10-27  12:43:40] [type: Access] [user: admin] [ip: ::1] [proxy: undefined] http://localhost/Scheduler/pages/adminPanel/adminPanelDaysOff.php?
[2022-10-27  12:43:40] [type: Request] [user: admin] [ip: ::1] [proxy: undefined] Controller: LanguageSelection Task: getInterfaceNamesData: {}
[2022-10-27  12:43:41] [type: Request] [user: admin] [ip: ::1] [proxy: undefined] Controller: AdminPanelDaysOff Task: getDaysOffData: {}
[2022-10-27  12:43:41] [type: Select] [user: admin] [ip: ::1] [proxy: undefined] Database: scheduler; SQL: SELECT * FROM days_off
[2022-10-27  12:43:41] [type: Request] [user: admin] [ip: ::1] [proxy: undefined] Controller: AdminPanelDaysOff Task: getUsersData: {}
[2022-10-27  12:43:41] [type: Select] [user: admin] [ip: ::1] [proxy: undefined] Database: scheduler; SQL: SELECT * FROM days_off_user_details WHERE  id_days_off = '0'
[2022-10-27  12:43:42] [type: Request] [user: admin] [ip: ::1] [proxy: undefined] Controller: AdminPanelDaysOff Task: getUsersData: {}
[2022-10-27  12:43:42] [type: Select] [user: admin] [ip: ::1] [proxy: undefined] Database: scheduler; SQL: SELECT * FROM days_off_user_details WHERE  id_days_off = '1'
[2022-10-27  12:43:43] [type: Request] [user: admin] [ip: ::1] [proxy: undefined] Controller: AdminPanelDaysOff Task: getMatchingUsersData: {}
[2022-10-27  12:43:43] [type: Select] [user: admin] [ip: ::1] [proxy: undefined] Database: scheduler; SQL: SELECT * FROM users_employment_periods WHERE  active = '1' and start <= '2022-10-31' and end >= '2022-10-31' ORDER BY sort_priority ASC
[2022-10-27  12:43:45] [type: Request] [user: admin] [ip: ::1] [proxy: undefined] Controller: AdminPanelDaysOff Task: saveUserForDayData: {}
[2022-10-27  12:43:45] [type: Select] [user: admin] [ip: ::1] [proxy: undefined] Database: scheduler; SQL: SELECT * FROM users_without_passwords WHERE  username = 'admin'
[2022-10-27  12:43:45] [type: Select] [user: admin] [ip: ::1] [proxy: undefined] Database: scheduler; SQL: SELECT * FROM days_off_user WHERE  id_days_off = '1' and id_user = '1'
[2022-10-27  12:43:45] [type: insert] [user: admin] [ip: ::1] [proxy: undefined] Database: scheduler; SQL: INSERT INTO days_off_user (id_user, id_days_off) VALUES ('1', '1')
[2022-10-27  12:43:46] [type: Request] [user: admin] [ip: ::1] [proxy: undefined] Controller: AdminPanelDaysOff Task: getUsersData: {}
[2022-10-27  12:43:46] [type: Select] [user: admin] [ip: ::1] [proxy: undefined] Database: scheduler; SQL: SELECT * FROM days_off_user_details WHERE  id_days_off = '1'
[2022-10-27  12:43:48] [type: Request] [user: admin] [ip: ::1] [proxy: undefined] Controller: AdminPanelDaysOff Task: getMatchingUsersData: {}
[2022-10-27  12:43:48] [type: Select] [user: admin] [ip: ::1] [proxy: undefined] Database: scheduler; SQL: SELECT * FROM users_employment_periods WHERE  active = '1' and start <= '2022-10-31' and end >= '2022-10-31' ORDER BY sort_priority ASC
[2022-10-27  12:43:52] [type: Request] [user: admin] [ip: ::1] [proxy: undefined] Controller: AdminPanelDaysOff Task: saveUserForDayData: {}
[2022-10-27  12:43:52] [type: Select] [user: admin] [ip: ::1] [proxy: undefined] Database: scheduler; SQL: SELECT * FROM users_without_passwords WHERE  username = 'inspector'
[2022-10-27  12:43:52] [type: Select] [user: admin] [ip: ::1] [proxy: undefined] Database: scheduler; SQL: SELECT * FROM days_off_user WHERE  id_days_off = '1' and id_user = '2'
[2022-10-27  12:43:52] [type: insert] [user: admin] [ip: ::1] [proxy: undefined] Database: scheduler; SQL: INSERT INTO days_off_user (id_user, id_days_off) VALUES ('2', '1')
[2022-10-27  12:43:53] [type: Request] [user: admin] [ip: ::1] [proxy: undefined] Controller: AdminPanelDaysOff Task: getUsersData: {}
[2022-10-27  12:43:53] [type: Select] [user: admin] [ip: ::1] [proxy: undefined] Database: scheduler; SQL: SELECT * FROM days_off_user_details WHERE  id_days_off = '1'
[2022-10-27  12:44:06] [type: Request] [user: admin] [ip: ::1] [proxy: undefined] Controller: AdminPanelDaysOff Task: removeUserFromDayData: {}
[2022-10-27  12:44:06] [type: Select] [user: admin] [ip: ::1] [proxy: undefined] Database: scheduler; SQL: SELECT * FROM users_without_passwords WHERE  username = 'admin'
[2022-10-27  12:44:06] [type: Select] [user: admin] [ip: ::1] [proxy: undefined] Database: scheduler; SQL: SELECT * FROM days_off_user WHERE  id_days_off = '1' and id_user = '1'
[2022-10-27  12:44:06] [type: insert] [user: admin] [ip: ::1] [proxy: undefined] Database: scheduler; SQL: DELETE FROM days_off_user WHERE id = '1'
[2022-10-27  12:44:08] [type: Request] [user: admin] [ip: ::1] [proxy: undefined] Controller: AdminPanelDaysOff Task: getUsersData: {}
[2022-10-27  12:44:08] [type: Select] [user: admin] [ip: ::1] [proxy: undefined] Database: scheduler; SQL: SELECT * FROM days_off_user_details WHERE  id_days_off = '1'
[2022-10-27  12:44:10] [type: Request] [user: admin] [ip: ::1] [proxy: undefined] Controller: AdminPanelDaysOff Task: removeUserFromDayData: {}
[2022-10-27  12:44:10] [type: Select] [user: admin] [ip: ::1] [proxy: undefined] Database: scheduler; SQL: SELECT * FROM users_without_passwords WHERE  username = 'inspector'
[2022-10-27  12:44:10] [type: Select] [user: admin] [ip: ::1] [proxy: undefined] Database: scheduler; SQL: SELECT * FROM days_off_user WHERE  id_days_off = '1' and id_user = '2'
[2022-10-27  12:44:10] [type: insert] [user: admin] [ip: ::1] [proxy: undefined] Database: scheduler; SQL: DELETE FROM days_off_user WHERE id = '2'
[2022-10-27  12:44:12] [type: Request] [user: admin] [ip: ::1] [proxy: undefined] Controller: AdminPanelDaysOff Task: getUsersData: {}
[2022-10-27  12:44:12] [type: Select] [user: admin] [ip: ::1] [proxy: undefined] Database: scheduler; SQL: SELECT * FROM days_off_user_details WHERE  id_days_off = '1'
[2022-10-27  12:44:46] [type: Access] [user: admin] [ip: ::1] [proxy: undefined] http://localhost/Scheduler/pages/adminPanel/adminPanelDaysOff.php?
[2022-10-27  12:44:47] [type: Request] [user: admin] [ip: ::1] [proxy: undefined] Controller: LanguageSelection Task: getInterfaceNamesData: {}
[2022-10-27  12:44:47] [type: Request] [user: admin] [ip: ::1] [proxy: undefined] Controller: AdminPanelDaysOff Task: getUsersData: {}
[2022-10-27  12:44:47] [type: Select] [user: admin] [ip: ::1] [proxy: undefined] Database: scheduler; SQL: SELECT * FROM days_off_user_details WHERE  id_days_off = '0'
[2022-10-27  12:44:48] [type: Request] [user: admin] [ip: ::1] [proxy: undefined] Controller: AdminPanelDaysOff Task: getDaysOffData: {}
[2022-10-27  12:44:48] [type: Select] [user: admin] [ip: ::1] [proxy: undefined] Database: scheduler; SQL: SELECT * FROM days_off
[2022-10-27  12:44:49] [type: Request] [user: admin] [ip: ::1] [proxy: undefined] Controller: AdminPanelDaysOff Task: getUsersData: {}
[2022-10-27  12:44:49] [type: Select] [user: admin] [ip: ::1] [proxy: undefined] Database: scheduler; SQL: SELECT * FROM days_off_user_details WHERE  id_days_off = '1'
[2022-10-27  12:54:08] [type: Access] [user: admin] [ip: ::1] [proxy: undefined] http://localhost/Scheduler/pages/prints/printsSchedule.php?
[2022-10-27  12:54:11] [type: Request] [user: admin] [ip: ::1] [proxy: undefined] Controller: PrintsSchedule Task: generateAttendanceListData: {}
[2022-10-27  12:54:11] [type: Select] [user: admin] [ip: ::1] [proxy: undefined] Database: scheduler; SQL: SELECT * FROM users_employment_periods WHERE  active = '1' and ( ( start <= '2022-10-1' and end >= '2022-10-1' ) or ( start <= '2022-10-31' and end >= '2022-10-31' )) ORDER BY sort_priority ASC, surname ASC
[2022-10-27  12:54:11] [type: Select] [user: admin] [ip: ::1] [proxy: undefined] Database: scheduler; SQL: SELECT * FROM days_off WHERE  active = '1' and for_all = '1' and month(date) = '10' and year(date) = '2022'
[2022-10-27  12:54:11] [type: Select] [user: admin] [ip: ::1] [proxy: undefined] Database: scheduler; SQL: SELECT * FROM users_employment_periods WHERE  active = '1' and ( ( start <= '2022-10-1' and end >= '2022-10-1' ) or ( start <= '2022-10-31' and end >= '2022-10-31' )) ORDER BY sort_priority ASC, surname ASC
[2022-10-27  12:54:22] [type: Request] [user: admin] [ip: ::1] [proxy: undefined] Controller: PrintsSchedule Task: generateNotificationListData: {}
[2022-10-27  12:54:22] [type: Select] [user: admin] [ip: ::1] [proxy: undefined] Database: scheduler; SQL: SELECT * FROM days_off WHERE  active = '1' and for_all = '1' and month(date) = '10' and year(date) = '2022'
[2022-10-27  12:54:22] [type: Select] [user: admin] [ip: ::1] [proxy: undefined] Database: scheduler; SQL: SELECT * FROM users_employment_periods WHERE  active = '1' and ( ( start <= '2022-10-1' and end >= '2022-10-1' ) or ( start <= '2022-10-31' and end >= '2022-10-31' )) ORDER BY sort_priority ASC, surname ASC
