[2022-11-28  06:40:53] [type: Request] [user: ] [ip: undefined] [proxy: undefined] Controller: LanguageSelection Task: getInterfaceNamesData: {}
[2022-11-28  06:40:57] [type: Request] [user: admin] [ip: undefined] [proxy: undefined] Controller: LanguageSelection Task: getInterfaceNamesData: {}
[2022-11-28  06:41:02] [type: Access] [user: admin] [ip: undefined] [proxy: undefined] http://
[2022-11-28  06:41:03] [type: Select] [user: admin] [ip: undefined] [proxy: undefined] Database: scheduler; SQL: SELECT * FROM users_employment_periods WHERE  active = '1' and ( ( start <= '2022-11-1' and end >= '2022-11-1' ) or ( start <= '2022-11-30' and end >= '2022-11-30' )) ORDER BY sort_priority ASC, surname ASC
[2022-11-28  06:41:04] [type: Request] [user: admin] [ip: undefined] [proxy: undefined] Controller: LanguageSelection Task: getInterfaceNamesData: {}
[2022-11-28  06:41:07] [type: Access] [user: admin] [ip: undefined] [proxy: undefined] http://
[2022-11-28  06:41:08] [type: Select] [user: admin] [ip: undefined] [proxy: undefined] Database: scheduler; SQL: SELECT * FROM equipment_details WHERE  active = '1' and measurement_instrument = '1'
[2022-11-28  06:41:08] [type: Request] [user: admin] [ip: undefined] [proxy: undefined] Controller: LanguageSelection Task: getInterfaceNamesData: {}
[2022-11-28  06:41:09] [type: Request] [user: admin] [ip: undefined] [proxy: undefined] Controller: PrintsInspector Task: getDocumentsData: {}
[2022-11-28  06:41:09] [type: Select] [user: admin] [ip: undefined] [proxy: undefined] Database: scheduler; SQL: SELECT * FROM document_details WHERE  active = '1' and ( year(start) = '2022' or year(end) = '2022') ORDER BY start ASC
[2022-11-28  06:41:12] [type: Request] [user: admin] [ip: undefined] [proxy: undefined] Controller: PrintsInspector Task: generateDocumentRaportData: {}
[2022-11-28  06:41:12] [type: Select] [user: admin] [ip: undefined] [proxy: undefined] Database: scheduler; SQL: SELECT * FROM users_without_passwords WHERE  username = 'admin'
[2022-11-28  06:41:12] [type: Select] [user: admin] [ip: undefined] [proxy: undefined] Database: scheduler; SQL: SELECT * FROM document_details WHERE  id = '5'
[2022-11-28  06:41:12] [type: Select] [user: admin] [ip: undefined] [proxy: undefined] Database: scheduler; SQL: SELECT * FROM document_user_details WHERE  id = '5'
[2022-11-28  06:41:12] [type: Select] [user: admin] [ip: undefined] [proxy: undefined] Database: scheduler; SQL: SELECT * FROM document_entries_details WHERE  active = '1' and id_document = '5'
[2022-11-28  06:41:12] [type: Select] [user: admin] [ip: undefined] [proxy: undefined] Database: scheduler; SQL: SELECT * FROM ticket_details WHERE  active = '1' and id_document = '5'
[2022-11-28  06:41:12] [type: Select] [user: admin] [ip: undefined] [proxy: undefined] Database: scheduler; SQL: SELECT * FROM article_details WHERE  active = '1' and id_document = '5'
[2022-11-28  06:41:12] [type: Select] [user: admin] [ip: undefined] [proxy: undefined] Database: scheduler; SQL: SELECT * FROM decision_details WHERE  active = '1' and id_document = '5'
[2022-11-28  06:41:12] [type: Select] [user: admin] [ip: undefined] [proxy: undefined] Database: scheduler; SQL: SELECT * FROM suspension_details WHERE  active = '1' and id_document = '5'
[2022-11-28  06:41:12] [type: Select] [user: admin] [ip: undefined] [proxy: undefined] Database: scheduler; SQL: SELECT * FROM suspension_ticket_details WHERE  active = '1' and id_document = '5'
[2022-11-28  06:41:12] [type: Select] [user: admin] [ip: undefined] [proxy: undefined] Database: scheduler; SQL: SELECT * FROM suspension_art_41_details WHERE  active = '1' and id_document = '5'
[2022-11-28  06:41:12] [type: Select] [user: admin] [ip: undefined] [proxy: undefined] Database: scheduler; SQL: SELECT * FROM suspension_decision_details WHERE  active = '1' and id_document = '5'
[2022-11-28  06:41:12] [type: Select] [user: admin] [ip: undefined] [proxy: undefined] Database: scheduler; SQL: SELECT * FROM instrument_usage_details WHERE  active = '1' and id_document = '5'
[2022-11-28  06:41:12] [type: Select] [user: admin] [ip: undefined] [proxy: undefined] Database: scheduler; SQL: SELECT * FROM court_application_details WHERE  active = '1' and id_document = '5'
[2022-11-28  06:41:26] [type: Request] [user: admin] [ip: undefined] [proxy: undefined] Controller: PrintsInspector Task: generateDocumentRaportData: {}
[2022-11-28  06:41:26] [type: Select] [user: admin] [ip: undefined] [proxy: undefined] Database: scheduler; SQL: SELECT * FROM users_without_passwords WHERE  username = 'admin'
[2022-11-28  06:41:26] [type: Select] [user: admin] [ip: undefined] [proxy: undefined] Database: scheduler; SQL: SELECT * FROM document_details WHERE  id = '4'
[2022-11-28  06:41:26] [type: Select] [user: admin] [ip: undefined] [proxy: undefined] Database: scheduler; SQL: SELECT * FROM document_user_details WHERE  id = '4'
[2022-11-28  06:41:26] [type: Select] [user: admin] [ip: undefined] [proxy: undefined] Database: scheduler; SQL: SELECT * FROM document_entries_details WHERE  active = '1' and id_document = '4'
[2022-11-28  06:41:26] [type: Select] [user: admin] [ip: undefined] [proxy: undefined] Database: scheduler; SQL: SELECT * FROM ticket_details WHERE  active = '1' and id_document = '4'
[2022-11-28  06:41:26] [type: Select] [user: admin] [ip: undefined] [proxy: undefined] Database: scheduler; SQL: SELECT * FROM article_details WHERE  active = '1' and id_document = '4'
[2022-11-28  06:41:26] [type: Select] [user: admin] [ip: undefined] [proxy: undefined] Database: scheduler; SQL: SELECT * FROM decision_details WHERE  active = '1' and id_document = '4'
[2022-11-28  06:41:26] [type: Select] [user: admin] [ip: undefined] [proxy: undefined] Database: scheduler; SQL: SELECT * FROM suspension_details WHERE  active = '1' and id_document = '4'
[2022-11-28  06:41:26] [type: Select] [user: admin] [ip: undefined] [proxy: undefined] Database: scheduler; SQL: SELECT * FROM suspension_ticket_details WHERE  active = '1' and id_document = '4'
[2022-11-28  06:41:26] [type: Select] [user: admin] [ip: undefined] [proxy: undefined] Database: scheduler; SQL: SELECT * FROM suspension_art_41_details WHERE  active = '1' and id_document = '4'
[2022-11-28  06:41:26] [type: Select] [user: admin] [ip: undefined] [proxy: undefined] Database: scheduler; SQL: SELECT * FROM suspension_decision_details WHERE  active = '1' and id_document = '4'
[2022-11-28  06:41:26] [type: Select] [user: admin] [ip: undefined] [proxy: undefined] Database: scheduler; SQL: SELECT * FROM instrument_usage_details WHERE  active = '1' and id_document = '4'
[2022-11-28  06:41:26] [type: Select] [user: admin] [ip: undefined] [proxy: undefined] Database: scheduler; SQL: SELECT * FROM court_application_details WHERE  active = '1' and id_document = '4'
[2022-11-28  06:44:32] [type: Request] [user: admin] [ip: undefined] [proxy: undefined] Controller: PrintsInspector Task: generateDocumentRaportData: {}
[2022-11-28  06:44:32] [type: Select] [user: admin] [ip: undefined] [proxy: undefined] Database: scheduler; SQL: SELECT * FROM users_without_passwords WHERE  username = 'admin'
[2022-11-28  06:44:32] [type: Select] [user: admin] [ip: undefined] [proxy: undefined] Database: scheduler; SQL: SELECT * FROM document_details WHERE  id = '4'
[2022-11-28  06:44:32] [type: Select] [user: admin] [ip: undefined] [proxy: undefined] Database: scheduler; SQL: SELECT * FROM document_user_details WHERE  id = '4'
[2022-11-28  06:44:32] [type: Select] [user: admin] [ip: undefined] [proxy: undefined] Database: scheduler; SQL: SELECT * FROM document_entries_details WHERE  active = '1' and id_document = '4'
[2022-11-28  06:44:32] [type: Select] [user: admin] [ip: undefined] [proxy: undefined] Database: scheduler; SQL: SELECT * FROM ticket_details WHERE  active = '1' and id_document = '4'
[2022-11-28  06:44:32] [type: Select] [user: admin] [ip: undefined] [proxy: undefined] Database: scheduler; SQL: SELECT * FROM article_details WHERE  active = '1' and id_document = '4'
[2022-11-28  06:44:32] [type: Select] [user: admin] [ip: undefined] [proxy: undefined] Database: scheduler; SQL: SELECT * FROM decision_details WHERE  active = '1' and id_document = '4'
[2022-11-28  06:44:32] [type: Select] [user: admin] [ip: undefined] [proxy: undefined] Database: scheduler; SQL: SELECT * FROM suspension_details WHERE  active = '1' and id_document = '4'
[2022-11-28  06:44:32] [type: Select] [user: admin] [ip: undefined] [proxy: undefined] Database: scheduler; SQL: SELECT * FROM suspension_ticket_details WHERE  active = '1' and id_document = '4'
[2022-11-28  06:44:32] [type: Select] [user: admin] [ip: undefined] [proxy: undefined] Database: scheduler; SQL: SELECT * FROM suspension_art_41_details WHERE  active = '1' and id_document = '4'
[2022-11-28  06:44:32] [type: Select] [user: admin] [ip: undefined] [proxy: undefined] Database: scheduler; SQL: SELECT * FROM suspension_decision_details WHERE  active = '1' and id_document = '4'
[2022-11-28  06:44:32] [type: Select] [user: admin] [ip: undefined] [proxy: undefined] Database: scheduler; SQL: SELECT * FROM instrument_usage_details WHERE  active = '1' and id_document = '4'
[2022-11-28  06:44:32] [type: Select] [user: admin] [ip: undefined] [proxy: undefined] Database: scheduler; SQL: SELECT * FROM court_application_details WHERE  active = '1' and id_document = '4'
[2022-11-28  06:44:51] [type: Request] [user: admin] [ip: undefined] [proxy: undefined] Controller: PrintsInspector Task: generateDocumentRaportData: {}
[2022-11-28  06:44:51] [type: Select] [user: admin] [ip: undefined] [proxy: undefined] Database: scheduler; SQL: SELECT * FROM users_without_passwords WHERE  username = 'admin'
[2022-11-28  06:44:51] [type: Select] [user: admin] [ip: undefined] [proxy: undefined] Database: scheduler; SQL: SELECT * FROM document_details WHERE  id = '4'
[2022-11-28  06:44:51] [type: Select] [user: admin] [ip: undefined] [proxy: undefined] Database: scheduler; SQL: SELECT * FROM document_user_details WHERE  id = '4'
[2022-11-28  06:44:51] [type: Select] [user: admin] [ip: undefined] [proxy: undefined] Database: scheduler; SQL: SELECT * FROM document_entries_details WHERE  active = '1' and id_document = '4'
[2022-11-28  06:44:51] [type: Select] [user: admin] [ip: undefined] [proxy: undefined] Database: scheduler; SQL: SELECT * FROM ticket_details WHERE  active = '1' and id_document = '4'
[2022-11-28  06:44:51] [type: Select] [user: admin] [ip: undefined] [proxy: undefined] Database: scheduler; SQL: SELECT * FROM article_details WHERE  active = '1' and id_document = '4'
[2022-11-28  06:44:51] [type: Select] [user: admin] [ip: undefined] [proxy: undefined] Database: scheduler; SQL: SELECT * FROM decision_details WHERE  active = '1' and id_document = '4'
[2022-11-28  06:44:51] [type: Select] [user: admin] [ip: undefined] [proxy: undefined] Database: scheduler; SQL: SELECT * FROM suspension_details WHERE  active = '1' and id_document = '4'
[2022-11-28  06:44:51] [type: Select] [user: admin] [ip: undefined] [proxy: undefined] Database: scheduler; SQL: SELECT * FROM suspension_ticket_details WHERE  active = '1' and id_document = '4'
[2022-11-28  06:44:51] [type: Select] [user: admin] [ip: undefined] [proxy: undefined] Database: scheduler; SQL: SELECT * FROM suspension_art_41_details WHERE  active = '1' and id_document = '4'
[2022-11-28  06:44:51] [type: Select] [user: admin] [ip: undefined] [proxy: undefined] Database: scheduler; SQL: SELECT * FROM suspension_decision_details WHERE  active = '1' and id_document = '4'
[2022-11-28  06:44:51] [type: Select] [user: admin] [ip: undefined] [proxy: undefined] Database: scheduler; SQL: SELECT * FROM instrument_usage_details WHERE  active = '1' and id_document = '4'
[2022-11-28  06:44:51] [type: Select] [user: admin] [ip: undefined] [proxy: undefined] Database: scheduler; SQL: SELECT * FROM court_application_details WHERE  active = '1' and id_document = '4'
[2022-11-28  06:45:26] [type: Request] [user: admin] [ip: undefined] [proxy: undefined] Controller: PrintsInspector Task: generateDocumentRaportData: {}
[2022-11-28  06:45:26] [type: Select] [user: admin] [ip: undefined] [proxy: undefined] Database: scheduler; SQL: SELECT * FROM users_without_passwords WHERE  username = 'admin'
[2022-11-28  06:45:26] [type: Select] [user: admin] [ip: undefined] [proxy: undefined] Database: scheduler; SQL: SELECT * FROM document_details WHERE  id = '4'
[2022-11-28  06:45:26] [type: Select] [user: admin] [ip: undefined] [proxy: undefined] Database: scheduler; SQL: SELECT * FROM document_user_details WHERE  id = '4'
[2022-11-28  06:45:26] [type: Select] [user: admin] [ip: undefined] [proxy: undefined] Database: scheduler; SQL: SELECT * FROM document_entries_details WHERE  active = '1' and id_document = '4'
[2022-11-28  06:45:26] [type: Select] [user: admin] [ip: undefined] [proxy: undefined] Database: scheduler; SQL: SELECT * FROM ticket_details WHERE  active = '1' and id_document = '4'
[2022-11-28  06:45:26] [type: Select] [user: admin] [ip: undefined] [proxy: undefined] Database: scheduler; SQL: SELECT * FROM article_details WHERE  active = '1' and id_document = '4'
[2022-11-28  06:45:26] [type: Select] [user: admin] [ip: undefined] [proxy: undefined] Database: scheduler; SQL: SELECT * FROM decision_details WHERE  active = '1' and id_document = '4'
[2022-11-28  06:45:26] [type: Select] [user: admin] [ip: undefined] [proxy: undefined] Database: scheduler; SQL: SELECT * FROM suspension_details WHERE  active = '1' and id_document = '4'
[2022-11-28  06:45:26] [type: Select] [user: admin] [ip: undefined] [proxy: undefined] Database: scheduler; SQL: SELECT * FROM suspension_ticket_details WHERE  active = '1' and id_document = '4'
[2022-11-28  06:45:26] [type: Select] [user: admin] [ip: undefined] [proxy: undefined] Database: scheduler; SQL: SELECT * FROM suspension_art_41_details WHERE  active = '1' and id_document = '4'
[2022-11-28  06:45:26] [type: Select] [user: admin] [ip: undefined] [proxy: undefined] Database: scheduler; SQL: SELECT * FROM suspension_decision_details WHERE  active = '1' and id_document = '4'
[2022-11-28  06:45:26] [type: Select] [user: admin] [ip: undefined] [proxy: undefined] Database: scheduler; SQL: SELECT * FROM instrument_usage_details WHERE  active = '1' and id_document = '4'
[2022-11-28  06:45:26] [type: Select] [user: admin] [ip: undefined] [proxy: undefined] Database: scheduler; SQL: SELECT * FROM court_application_details WHERE  active = '1' and id_document = '4'
[2022-11-28  06:46:16] [type: Request] [user: admin] [ip: undefined] [proxy: undefined] Controller: PrintsInspector Task: generateDocumentRaportData: {}
[2022-11-28  06:46:16] [type: Select] [user: admin] [ip: undefined] [proxy: undefined] Database: scheduler; SQL: SELECT * FROM users_without_passwords WHERE  username = 'admin'
[2022-11-28  06:46:16] [type: Select] [user: admin] [ip: undefined] [proxy: undefined] Database: scheduler; SQL: SELECT * FROM document_details WHERE  id = '4'
[2022-11-28  06:46:16] [type: Select] [user: admin] [ip: undefined] [proxy: undefined] Database: scheduler; SQL: SELECT * FROM document_user_details WHERE  id = '4'
[2022-11-28  06:46:16] [type: Select] [user: admin] [ip: undefined] [proxy: undefined] Database: scheduler; SQL: SELECT * FROM document_entries_details WHERE  active = '1' and id_document = '4'
[2022-11-28  06:46:16] [type: Select] [user: admin] [ip: undefined] [proxy: undefined] Database: scheduler; SQL: SELECT * FROM ticket_details WHERE  active = '1' and id_document = '4'
[2022-11-28  06:46:16] [type: Select] [user: admin] [ip: undefined] [proxy: undefined] Database: scheduler; SQL: SELECT * FROM article_details WHERE  active = '1' and id_document = '4'
[2022-11-28  06:46:16] [type: Select] [user: admin] [ip: undefined] [proxy: undefined] Database: scheduler; SQL: SELECT * FROM decision_details WHERE  active = '1' and id_document = '4'
[2022-11-28  06:46:16] [type: Select] [user: admin] [ip: undefined] [proxy: undefined] Database: scheduler; SQL: SELECT * FROM suspension_details WHERE  active = '1' and id_document = '4'
[2022-11-28  06:46:16] [type: Select] [user: admin] [ip: undefined] [proxy: undefined] Database: scheduler; SQL: SELECT * FROM suspension_ticket_details WHERE  active = '1' and id_document = '4'
[2022-11-28  06:46:16] [type: Select] [user: admin] [ip: undefined] [proxy: undefined] Database: scheduler; SQL: SELECT * FROM suspension_art_41_details WHERE  active = '1' and id_document = '4'
[2022-11-28  06:46:16] [type: Select] [user: admin] [ip: undefined] [proxy: undefined] Database: scheduler; SQL: SELECT * FROM suspension_decision_details WHERE  active = '1' and id_document = '4'
[2022-11-28  06:46:16] [type: Select] [user: admin] [ip: undefined] [proxy: undefined] Database: scheduler; SQL: SELECT * FROM instrument_usage_details WHERE  active = '1' and id_document = '4'
[2022-11-28  06:46:16] [type: Select] [user: admin] [ip: undefined] [proxy: undefined] Database: scheduler; SQL: SELECT * FROM court_application_details WHERE  active = '1' and id_document = '4'
[2022-11-28  06:47:14] [type: Request] [user: admin] [ip: undefined] [proxy: undefined] Controller: PrintsInspector Task: generateDocumentRaportData: {}
[2022-11-28  06:47:14] [type: Select] [user: admin] [ip: undefined] [proxy: undefined] Database: scheduler; SQL: SELECT * FROM users_without_passwords WHERE  username = 'admin'
[2022-11-28  06:47:14] [type: Select] [user: admin] [ip: undefined] [proxy: undefined] Database: scheduler; SQL: SELECT * FROM document_details WHERE  id = '4'
[2022-11-28  06:47:14] [type: Select] [user: admin] [ip: undefined] [proxy: undefined] Database: scheduler; SQL: SELECT * FROM document_user_details WHERE  id = '4'
[2022-11-28  06:47:14] [type: Select] [user: admin] [ip: undefined] [proxy: undefined] Database: scheduler; SQL: SELECT * FROM document_entries_details WHERE  active = '1' and id_document = '4'
[2022-11-28  06:47:14] [type: Select] [user: admin] [ip: undefined] [proxy: undefined] Database: scheduler; SQL: SELECT * FROM ticket_details WHERE  active = '1' and id_document = '4'
[2022-11-28  06:47:14] [type: Select] [user: admin] [ip: undefined] [proxy: undefined] Database: scheduler; SQL: SELECT * FROM article_details WHERE  active = '1' and id_document = '4'
[2022-11-28  06:47:14] [type: Select] [user: admin] [ip: undefined] [proxy: undefined] Database: scheduler; SQL: SELECT * FROM decision_details WHERE  active = '1' and id_document = '4'
[2022-11-28  06:47:14] [type: Select] [user: admin] [ip: undefined] [proxy: undefined] Database: scheduler; SQL: SELECT * FROM suspension_details WHERE  active = '1' and id_document = '4'
[2022-11-28  06:47:14] [type: Select] [user: admin] [ip: undefined] [proxy: undefined] Database: scheduler; SQL: SELECT * FROM suspension_ticket_details WHERE  active = '1' and id_document = '4'
[2022-11-28  06:47:14] [type: Select] [user: admin] [ip: undefined] [proxy: undefined] Database: scheduler; SQL: SELECT * FROM suspension_art_41_details WHERE  active = '1' and id_document = '4'
[2022-11-28  06:47:14] [type: Select] [user: admin] [ip: undefined] [proxy: undefined] Database: scheduler; SQL: SELECT * FROM suspension_decision_details WHERE  active = '1' and id_document = '4'
[2022-11-28  06:47:14] [type: Select] [user: admin] [ip: undefined] [proxy: undefined] Database: scheduler; SQL: SELECT * FROM instrument_usage_details WHERE  active = '1' and id_document = '4'
[2022-11-28  06:47:14] [type: Select] [user: admin] [ip: undefined] [proxy: undefined] Database: scheduler; SQL: SELECT * FROM court_application_details WHERE  active = '1' and id_document = '4'
[2022-11-28  06:52:14] [type: Request] [user: admin] [ip: undefined] [proxy: undefined] Controller: PrintsInspector Task: generateDocumentRaportData: {}
[2022-11-28  06:52:14] [type: Select] [user: admin] [ip: undefined] [proxy: undefined] Database: scheduler; SQL: SELECT * FROM users_without_passwords WHERE  username = 'admin'
[2022-11-28  06:52:14] [type: Select] [user: admin] [ip: undefined] [proxy: undefined] Database: scheduler; SQL: SELECT * FROM document_details WHERE  id = '5'
[2022-11-28  06:52:14] [type: Select] [user: admin] [ip: undefined] [proxy: undefined] Database: scheduler; SQL: SELECT * FROM document_user_details WHERE  id = '5'
[2022-11-28  06:52:14] [type: Select] [user: admin] [ip: undefined] [proxy: undefined] Database: scheduler; SQL: SELECT * FROM document_entries_details WHERE  active = '1' and id_document = '5'
[2022-11-28  06:52:14] [type: Select] [user: admin] [ip: undefined] [proxy: undefined] Database: scheduler; SQL: SELECT * FROM ticket_details WHERE  active = '1' and id_document = '5'
[2022-11-28  06:52:14] [type: Select] [user: admin] [ip: undefined] [proxy: undefined] Database: scheduler; SQL: SELECT * FROM article_details WHERE  active = '1' and id_document = '5'
[2022-11-28  06:52:14] [type: Select] [user: admin] [ip: undefined] [proxy: undefined] Database: scheduler; SQL: SELECT * FROM decision_details WHERE  active = '1' and id_document = '5'
[2022-11-28  06:52:14] [type: Select] [user: admin] [ip: undefined] [proxy: undefined] Database: scheduler; SQL: SELECT * FROM suspension_details WHERE  active = '1' and id_document = '5'
[2022-11-28  06:52:14] [type: Select] [user: admin] [ip: undefined] [proxy: undefined] Database: scheduler; SQL: SELECT * FROM suspension_ticket_details WHERE  active = '1' and id_document = '5'
[2022-11-28  06:52:15] [type: Select] [user: admin] [ip: undefined] [proxy: undefined] Database: scheduler; SQL: SELECT * FROM suspension_art_41_details WHERE  active = '1' and id_document = '5'
[2022-11-28  06:52:15] [type: Select] [user: admin] [ip: undefined] [proxy: undefined] Database: scheduler; SQL: SELECT * FROM suspension_decision_details WHERE  active = '1' and id_document = '5'
[2022-11-28  06:52:15] [type: Select] [user: admin] [ip: undefined] [proxy: undefined] Database: scheduler; SQL: SELECT * FROM instrument_usage_details WHERE  active = '1' and id_document = '5'
[2022-11-28  06:52:15] [type: Select] [user: admin] [ip: undefined] [proxy: undefined] Database: scheduler; SQL: SELECT * FROM court_application_details WHERE  active = '1' and id_document = '5'
[2022-11-28  06:53:13] [type: Request] [user: admin] [ip: undefined] [proxy: undefined] Controller: PrintsInspector Task: generateDocumentRaportData: {}
[2022-11-28  06:53:13] [type: Select] [user: admin] [ip: undefined] [proxy: undefined] Database: scheduler; SQL: SELECT * FROM users_without_passwords WHERE  username = 'admin'
[2022-11-28  06:53:13] [type: Select] [user: admin] [ip: undefined] [proxy: undefined] Database: scheduler; SQL: SELECT * FROM document_details WHERE  id = '5'
[2022-11-28  06:53:13] [type: Select] [user: admin] [ip: undefined] [proxy: undefined] Database: scheduler; SQL: SELECT * FROM document_user_details WHERE  id = '5'
[2022-11-28  06:53:13] [type: Select] [user: admin] [ip: undefined] [proxy: undefined] Database: scheduler; SQL: SELECT * FROM document_entries_details WHERE  active = '1' and id_document = '5'
[2022-11-28  06:53:13] [type: Select] [user: admin] [ip: undefined] [proxy: undefined] Database: scheduler; SQL: SELECT * FROM ticket_details WHERE  active = '1' and id_document = '5'
[2022-11-28  06:53:13] [type: Select] [user: admin] [ip: undefined] [proxy: undefined] Database: scheduler; SQL: SELECT * FROM article_details WHERE  active = '1' and id_document = '5'
[2022-11-28  06:53:13] [type: Select] [user: admin] [ip: undefined] [proxy: undefined] Database: scheduler; SQL: SELECT * FROM decision_details WHERE  active = '1' and id_document = '5'
[2022-11-28  06:53:13] [type: Select] [user: admin] [ip: undefined] [proxy: undefined] Database: scheduler; SQL: SELECT * FROM suspension_details WHERE  active = '1' and id_document = '5'
[2022-11-28  06:53:13] [type: Select] [user: admin] [ip: undefined] [proxy: undefined] Database: scheduler; SQL: SELECT * FROM suspension_ticket_details WHERE  active = '1' and id_document = '5'
[2022-11-28  06:53:13] [type: Select] [user: admin] [ip: undefined] [proxy: undefined] Database: scheduler; SQL: SELECT * FROM suspension_art_41_details WHERE  active = '1' and id_document = '5'
[2022-11-28  06:53:13] [type: Select] [user: admin] [ip: undefined] [proxy: undefined] Database: scheduler; SQL: SELECT * FROM suspension_decision_details WHERE  active = '1' and id_document = '5'
[2022-11-28  06:53:13] [type: Select] [user: admin] [ip: undefined] [proxy: undefined] Database: scheduler; SQL: SELECT * FROM instrument_usage_details WHERE  active = '1' and id_document = '5'
[2022-11-28  06:53:13] [type: Select] [user: admin] [ip: undefined] [proxy: undefined] Database: scheduler; SQL: SELECT * FROM court_application_details WHERE  active = '1' and id_document = '5'
[2022-11-28  06:53:19] [type: Request] [user: admin] [ip: undefined] [proxy: undefined] Controller: PrintsInspector Task: generateDocumentRaportData: {}
[2022-11-28  06:53:19] [type: Select] [user: admin] [ip: undefined] [proxy: undefined] Database: scheduler; SQL: SELECT * FROM users_without_passwords WHERE  username = 'admin'
[2022-11-28  06:53:19] [type: Select] [user: admin] [ip: undefined] [proxy: undefined] Database: scheduler; SQL: SELECT * FROM document_details WHERE  id = '5'
[2022-11-28  06:53:19] [type: Select] [user: admin] [ip: undefined] [proxy: undefined] Database: scheduler; SQL: SELECT * FROM document_user_details WHERE  id = '5'
[2022-11-28  06:53:19] [type: Select] [user: admin] [ip: undefined] [proxy: undefined] Database: scheduler; SQL: SELECT * FROM document_entries_details WHERE  active = '1' and id_document = '5'
[2022-11-28  06:53:19] [type: Select] [user: admin] [ip: undefined] [proxy: undefined] Database: scheduler; SQL: SELECT * FROM ticket_details WHERE  active = '1' and id_document = '5'
[2022-11-28  06:53:19] [type: Select] [user: admin] [ip: undefined] [proxy: undefined] Database: scheduler; SQL: SELECT * FROM article_details WHERE  active = '1' and id_document = '5'
[2022-11-28  06:53:19] [type: Select] [user: admin] [ip: undefined] [proxy: undefined] Database: scheduler; SQL: SELECT * FROM decision_details WHERE  active = '1' and id_document = '5'
[2022-11-28  06:53:19] [type: Select] [user: admin] [ip: undefined] [proxy: undefined] Database: scheduler; SQL: SELECT * FROM suspension_details WHERE  active = '1' and id_document = '5'
[2022-11-28  06:53:19] [type: Select] [user: admin] [ip: undefined] [proxy: undefined] Database: scheduler; SQL: SELECT * FROM suspension_ticket_details WHERE  active = '1' and id_document = '5'
[2022-11-28  06:53:19] [type: Select] [user: admin] [ip: undefined] [proxy: undefined] Database: scheduler; SQL: SELECT * FROM suspension_art_41_details WHERE  active = '1' and id_document = '5'
[2022-11-28  06:53:19] [type: Select] [user: admin] [ip: undefined] [proxy: undefined] Database: scheduler; SQL: SELECT * FROM suspension_decision_details WHERE  active = '1' and id_document = '5'
[2022-11-28  06:53:19] [type: Select] [user: admin] [ip: undefined] [proxy: undefined] Database: scheduler; SQL: SELECT * FROM instrument_usage_details WHERE  active = '1' and id_document = '5'
[2022-11-28  06:53:19] [type: Select] [user: admin] [ip: undefined] [proxy: undefined] Database: scheduler; SQL: SELECT * FROM court_application_details WHERE  active = '1' and id_document = '5'
[2022-11-28  06:54:51] [type: Request] [user: admin] [ip: undefined] [proxy: undefined] Controller: PrintsInspector Task: generateDocumentRaportData: {}
[2022-11-28  06:54:51] [type: Select] [user: admin] [ip: undefined] [proxy: undefined] Database: scheduler; SQL: SELECT * FROM users_without_passwords WHERE  username = 'admin'
[2022-11-28  06:54:51] [type: Select] [user: admin] [ip: undefined] [proxy: undefined] Database: scheduler; SQL: SELECT * FROM document_details WHERE  id = '4'
[2022-11-28  06:54:51] [type: Select] [user: admin] [ip: undefined] [proxy: undefined] Database: scheduler; SQL: SELECT * FROM document_user_details WHERE  id = '4'
[2022-11-28  06:54:51] [type: Select] [user: admin] [ip: undefined] [proxy: undefined] Database: scheduler; SQL: SELECT * FROM document_entries_details WHERE  active = '1' and id_document = '4'
[2022-11-28  06:54:51] [type: Select] [user: admin] [ip: undefined] [proxy: undefined] Database: scheduler; SQL: SELECT * FROM ticket_details WHERE  active = '1' and id_document = '4'
[2022-11-28  06:54:51] [type: Select] [user: admin] [ip: undefined] [proxy: undefined] Database: scheduler; SQL: SELECT * FROM article_details WHERE  active = '1' and id_document = '4'
[2022-11-28  06:54:51] [type: Select] [user: admin] [ip: undefined] [proxy: undefined] Database: scheduler; SQL: SELECT * FROM decision_details WHERE  active = '1' and id_document = '4'
[2022-11-28  06:54:51] [type: Select] [user: admin] [ip: undefined] [proxy: undefined] Database: scheduler; SQL: SELECT * FROM suspension_details WHERE  active = '1' and id_document = '4'
[2022-11-28  06:54:51] [type: Select] [user: admin] [ip: undefined] [proxy: undefined] Database: scheduler; SQL: SELECT * FROM suspension_ticket_details WHERE  active = '1' and id_document = '4'
[2022-11-28  06:54:51] [type: Select] [user: admin] [ip: undefined] [proxy: undefined] Database: scheduler; SQL: SELECT * FROM suspension_art_41_details WHERE  active = '1' and id_document = '4'
[2022-11-28  06:54:51] [type: Select] [user: admin] [ip: undefined] [proxy: undefined] Database: scheduler; SQL: SELECT * FROM suspension_decision_details WHERE  active = '1' and id_document = '4'
[2022-11-28  06:54:51] [type: Select] [user: admin] [ip: undefined] [proxy: undefined] Database: scheduler; SQL: SELECT * FROM instrument_usage_details WHERE  active = '1' and id_document = '4'
[2022-11-28  06:54:51] [type: Select] [user: admin] [ip: undefined] [proxy: undefined] Database: scheduler; SQL: SELECT * FROM court_application_details WHERE  active = '1' and id_document = '4'
[2022-11-28  06:55:18] [type: Request] [user: admin] [ip: undefined] [proxy: undefined] Controller: PrintsInspector Task: generateDocumentRaportData: {}
[2022-11-28  06:55:18] [type: Select] [user: admin] [ip: undefined] [proxy: undefined] Database: scheduler; SQL: SELECT * FROM users_without_passwords WHERE  username = 'admin'
[2022-11-28  06:55:18] [type: Select] [user: admin] [ip: undefined] [proxy: undefined] Database: scheduler; SQL: SELECT * FROM document_details WHERE  id = '4'
[2022-11-28  06:55:18] [type: Select] [user: admin] [ip: undefined] [proxy: undefined] Database: scheduler; SQL: SELECT * FROM document_user_details WHERE  id = '4'
[2022-11-28  06:55:18] [type: Select] [user: admin] [ip: undefined] [proxy: undefined] Database: scheduler; SQL: SELECT * FROM document_entries_details WHERE  active = '1' and id_document = '4'
[2022-11-28  06:55:18] [type: Select] [user: admin] [ip: undefined] [proxy: undefined] Database: scheduler; SQL: SELECT * FROM ticket_details WHERE  active = '1' and id_document = '4'
[2022-11-28  06:55:18] [type: Select] [user: admin] [ip: undefined] [proxy: undefined] Database: scheduler; SQL: SELECT * FROM article_details WHERE  active = '1' and id_document = '4'
[2022-11-28  06:55:18] [type: Select] [user: admin] [ip: undefined] [proxy: undefined] Database: scheduler; SQL: SELECT * FROM decision_details WHERE  active = '1' and id_document = '4'
[2022-11-28  06:55:18] [type: Select] [user: admin] [ip: undefined] [proxy: undefined] Database: scheduler; SQL: SELECT * FROM suspension_details WHERE  active = '1' and id_document = '4'
[2022-11-28  06:55:18] [type: Select] [user: admin] [ip: undefined] [proxy: undefined] Database: scheduler; SQL: SELECT * FROM suspension_ticket_details WHERE  active = '1' and id_document = '4'
[2022-11-28  06:55:18] [type: Select] [user: admin] [ip: undefined] [proxy: undefined] Database: scheduler; SQL: SELECT * FROM suspension_art_41_details WHERE  active = '1' and id_document = '4'
[2022-11-28  06:55:18] [type: Select] [user: admin] [ip: undefined] [proxy: undefined] Database: scheduler; SQL: SELECT * FROM suspension_decision_details WHERE  active = '1' and id_document = '4'
[2022-11-28  06:55:18] [type: Select] [user: admin] [ip: undefined] [proxy: undefined] Database: scheduler; SQL: SELECT * FROM instrument_usage_details WHERE  active = '1' and id_document = '4'
[2022-11-28  06:55:18] [type: Select] [user: admin] [ip: undefined] [proxy: undefined] Database: scheduler; SQL: SELECT * FROM court_application_details WHERE  active = '1' and id_document = '4'
[2022-11-28  06:55:25] [type: Request] [user: admin] [ip: undefined] [proxy: undefined] Controller: PrintsInspector Task: generateDocumentRaportData: {}
[2022-11-28  06:55:25] [type: Select] [user: admin] [ip: undefined] [proxy: undefined] Database: scheduler; SQL: SELECT * FROM users_without_passwords WHERE  username = 'admin'
[2022-11-28  06:55:25] [type: Select] [user: admin] [ip: undefined] [proxy: undefined] Database: scheduler; SQL: SELECT * FROM document_details WHERE  id = '5'
[2022-11-28  06:55:25] [type: Select] [user: admin] [ip: undefined] [proxy: undefined] Database: scheduler; SQL: SELECT * FROM document_user_details WHERE  id = '5'
[2022-11-28  06:55:25] [type: Select] [user: admin] [ip: undefined] [proxy: undefined] Database: scheduler; SQL: SELECT * FROM document_entries_details WHERE  active = '1' and id_document = '5'
[2022-11-28  06:55:25] [type: Select] [user: admin] [ip: undefined] [proxy: undefined] Database: scheduler; SQL: SELECT * FROM ticket_details WHERE  active = '1' and id_document = '5'
[2022-11-28  06:55:25] [type: Select] [user: admin] [ip: undefined] [proxy: undefined] Database: scheduler; SQL: SELECT * FROM article_details WHERE  active = '1' and id_document = '5'
[2022-11-28  06:55:25] [type: Select] [user: admin] [ip: undefined] [proxy: undefined] Database: scheduler; SQL: SELECT * FROM decision_details WHERE  active = '1' and id_document = '5'
[2022-11-28  06:55:25] [type: Select] [user: admin] [ip: undefined] [proxy: undefined] Database: scheduler; SQL: SELECT * FROM suspension_details WHERE  active = '1' and id_document = '5'
[2022-11-28  06:55:25] [type: Select] [user: admin] [ip: undefined] [proxy: undefined] Database: scheduler; SQL: SELECT * FROM suspension_ticket_details WHERE  active = '1' and id_document = '5'
[2022-11-28  06:55:25] [type: Select] [user: admin] [ip: undefined] [proxy: undefined] Database: scheduler; SQL: SELECT * FROM suspension_art_41_details WHERE  active = '1' and id_document = '5'
[2022-11-28  06:55:25] [type: Select] [user: admin] [ip: undefined] [proxy: undefined] Database: scheduler; SQL: SELECT * FROM suspension_decision_details WHERE  active = '1' and id_document = '5'
[2022-11-28  06:55:25] [type: Select] [user: admin] [ip: undefined] [proxy: undefined] Database: scheduler; SQL: SELECT * FROM instrument_usage_details WHERE  active = '1' and id_document = '5'
[2022-11-28  06:55:25] [type: Select] [user: admin] [ip: undefined] [proxy: undefined] Database: scheduler; SQL: SELECT * FROM court_application_details WHERE  active = '1' and id_document = '5'
[2022-11-28  07:00:41] [type: Request] [user: admin] [ip: undefined] [proxy: undefined] Controller: PrintsInspector Task: generateDocumentRaportData: {}
[2022-11-28  07:00:41] [type: Select] [user: admin] [ip: undefined] [proxy: undefined] Database: scheduler; SQL: SELECT * FROM users_without_passwords WHERE  username = 'admin'
[2022-11-28  07:00:41] [type: Select] [user: admin] [ip: undefined] [proxy: undefined] Database: scheduler; SQL: SELECT * FROM document_details WHERE  id = '5'
[2022-11-28  07:00:41] [type: Select] [user: admin] [ip: undefined] [proxy: undefined] Database: scheduler; SQL: SELECT * FROM document_user_details WHERE  id = '5'
[2022-11-28  07:00:41] [type: Select] [user: admin] [ip: undefined] [proxy: undefined] Database: scheduler; SQL: SELECT * FROM document_entries_details WHERE  active = '1' and id_document = '5'
[2022-11-28  07:00:41] [type: Select] [user: admin] [ip: undefined] [proxy: undefined] Database: scheduler; SQL: SELECT * FROM ticket_details WHERE  active = '1' and id_document = '5'
[2022-11-28  07:00:41] [type: Select] [user: admin] [ip: undefined] [proxy: undefined] Database: scheduler; SQL: SELECT * FROM article_details WHERE  active = '1' and id_document = '5'
[2022-11-28  07:00:41] [type: Select] [user: admin] [ip: undefined] [proxy: undefined] Database: scheduler; SQL: SELECT * FROM decision_details WHERE  active = '1' and id_document = '5'
[2022-11-28  07:00:41] [type: Select] [user: admin] [ip: undefined] [proxy: undefined] Database: scheduler; SQL: SELECT * FROM suspension_details WHERE  active = '1' and id_document = '5'
[2022-11-28  07:00:41] [type: Select] [user: admin] [ip: undefined] [proxy: undefined] Database: scheduler; SQL: SELECT * FROM suspension_ticket_details WHERE  active = '1' and id_document = '5'
[2022-11-28  07:00:41] [type: Select] [user: admin] [ip: undefined] [proxy: undefined] Database: scheduler; SQL: SELECT * FROM suspension_art_41_details WHERE  active = '1' and id_document = '5'
[2022-11-28  07:00:41] [type: Select] [user: admin] [ip: undefined] [proxy: undefined] Database: scheduler; SQL: SELECT * FROM suspension_decision_details WHERE  active = '1' and id_document = '5'
[2022-11-28  07:00:41] [type: Select] [user: admin] [ip: undefined] [proxy: undefined] Database: scheduler; SQL: SELECT * FROM instrument_usage_details WHERE  active = '1' and id_document = '5'
[2022-11-28  07:00:41] [type: Select] [user: admin] [ip: undefined] [proxy: undefined] Database: scheduler; SQL: SELECT * FROM court_application_details WHERE  active = '1' and id_document = '5'
[2022-11-28  07:04:38] [type: Request] [user: admin] [ip: undefined] [proxy: undefined] Controller: PrintsInspector Task: generateDocumentRaportData: {}
[2022-11-28  07:04:38] [type: Select] [user: admin] [ip: undefined] [proxy: undefined] Database: scheduler; SQL: SELECT * FROM users_without_passwords WHERE  username = 'admin'
[2022-11-28  07:04:38] [type: Select] [user: admin] [ip: undefined] [proxy: undefined] Database: scheduler; SQL: SELECT * FROM document_details WHERE  id = '5'
[2022-11-28  07:04:38] [type: Select] [user: admin] [ip: undefined] [proxy: undefined] Database: scheduler; SQL: SELECT * FROM document_user_details WHERE  id = '5'
[2022-11-28  07:04:38] [type: Select] [user: admin] [ip: undefined] [proxy: undefined] Database: scheduler; SQL: SELECT * FROM document_entries_details WHERE  active = '1' and id_document = '5'
[2022-11-28  07:04:38] [type: Select] [user: admin] [ip: undefined] [proxy: undefined] Database: scheduler; SQL: SELECT * FROM ticket_details WHERE  active = '1' and id_document = '5'
[2022-11-28  07:04:38] [type: Select] [user: admin] [ip: undefined] [proxy: undefined] Database: scheduler; SQL: SELECT * FROM article_details WHERE  active = '1' and id_document = '5'
[2022-11-28  07:04:38] [type: Select] [user: admin] [ip: undefined] [proxy: undefined] Database: scheduler; SQL: SELECT * FROM decision_details WHERE  active = '1' and id_document = '5'
[2022-11-28  07:04:38] [type: Select] [user: admin] [ip: undefined] [proxy: undefined] Database: scheduler; SQL: SELECT * FROM suspension_details WHERE  active = '1' and id_document = '5'
[2022-11-28  07:04:38] [type: Select] [user: admin] [ip: undefined] [proxy: undefined] Database: scheduler; SQL: SELECT * FROM suspension_ticket_details WHERE  active = '1' and id_document = '5'
[2022-11-28  07:04:38] [type: Select] [user: admin] [ip: undefined] [proxy: undefined] Database: scheduler; SQL: SELECT * FROM suspension_art_41_details WHERE  active = '1' and id_document = '5'
[2022-11-28  07:04:38] [type: Select] [user: admin] [ip: undefined] [proxy: undefined] Database: scheduler; SQL: SELECT * FROM suspension_decision_details WHERE  active = '1' and id_document = '5'
[2022-11-28  07:04:38] [type: Select] [user: admin] [ip: undefined] [proxy: undefined] Database: scheduler; SQL: SELECT * FROM instrument_usage_details WHERE  active = '1' and id_document = '5'
[2022-11-28  07:04:38] [type: Select] [user: admin] [ip: undefined] [proxy: undefined] Database: scheduler; SQL: SELECT * FROM court_application_details WHERE  active = '1' and id_document = '5'
[2022-11-28  07:04:57] [type: Request] [user: admin] [ip: undefined] [proxy: undefined] Controller: PrintsInspector Task: generateDocumentRaportData: {}
[2022-11-28  07:04:57] [type: Select] [user: admin] [ip: undefined] [proxy: undefined] Database: scheduler; SQL: SELECT * FROM users_without_passwords WHERE  username = 'admin'
[2022-11-28  07:04:57] [type: Select] [user: admin] [ip: undefined] [proxy: undefined] Database: scheduler; SQL: SELECT * FROM document_details WHERE  id = '5'
[2022-11-28  07:04:57] [type: Select] [user: admin] [ip: undefined] [proxy: undefined] Database: scheduler; SQL: SELECT * FROM document_user_details WHERE  id = '5'
[2022-11-28  07:04:57] [type: Select] [user: admin] [ip: undefined] [proxy: undefined] Database: scheduler; SQL: SELECT * FROM document_entries_details WHERE  active = '1' and id_document = '5'
[2022-11-28  07:04:57] [type: Select] [user: admin] [ip: undefined] [proxy: undefined] Database: scheduler; SQL: SELECT * FROM ticket_details WHERE  active = '1' and id_document = '5'
[2022-11-28  07:04:57] [type: Select] [user: admin] [ip: undefined] [proxy: undefined] Database: scheduler; SQL: SELECT * FROM article_details WHERE  active = '1' and id_document = '5'
[2022-11-28  07:04:57] [type: Select] [user: admin] [ip: undefined] [proxy: undefined] Database: scheduler; SQL: SELECT * FROM decision_details WHERE  active = '1' and id_document = '5'
[2022-11-28  07:04:57] [type: Select] [user: admin] [ip: undefined] [proxy: undefined] Database: scheduler; SQL: SELECT * FROM suspension_details WHERE  active = '1' and id_document = '5'
[2022-11-28  07:04:57] [type: Select] [user: admin] [ip: undefined] [proxy: undefined] Database: scheduler; SQL: SELECT * FROM suspension_ticket_details WHERE  active = '1' and id_document = '5'
[2022-11-28  07:04:57] [type: Select] [user: admin] [ip: undefined] [proxy: undefined] Database: scheduler; SQL: SELECT * FROM suspension_art_41_details WHERE  active = '1' and id_document = '5'
[2022-11-28  07:04:57] [type: Select] [user: admin] [ip: undefined] [proxy: undefined] Database: scheduler; SQL: SELECT * FROM suspension_decision_details WHERE  active = '1' and id_document = '5'
[2022-11-28  07:04:57] [type: Select] [user: admin] [ip: undefined] [proxy: undefined] Database: scheduler; SQL: SELECT * FROM instrument_usage_details WHERE  active = '1' and id_document = '5'
[2022-11-28  07:04:57] [type: Select] [user: admin] [ip: undefined] [proxy: undefined] Database: scheduler; SQL: SELECT * FROM court_application_details WHERE  active = '1' and id_document = '5'
[2022-11-28  07:07:30] [type: Request] [user: admin] [ip: undefined] [proxy: undefined] Controller: PrintsInspector Task: generateDocumentRaportData: {}
[2022-11-28  07:07:30] [type: Select] [user: admin] [ip: undefined] [proxy: undefined] Database: scheduler; SQL: SELECT * FROM users_without_passwords WHERE  username = 'admin'
[2022-11-28  07:07:30] [type: Select] [user: admin] [ip: undefined] [proxy: undefined] Database: scheduler; SQL: SELECT * FROM document_details WHERE  id = '5'
[2022-11-28  07:07:30] [type: Select] [user: admin] [ip: undefined] [proxy: undefined] Database: scheduler; SQL: SELECT * FROM document_user_details WHERE  id = '5'
[2022-11-28  07:07:30] [type: Select] [user: admin] [ip: undefined] [proxy: undefined] Database: scheduler; SQL: SELECT * FROM document_entries_details WHERE  active = '1' and id_document = '5'
[2022-11-28  07:07:30] [type: Select] [user: admin] [ip: undefined] [proxy: undefined] Database: scheduler; SQL: SELECT * FROM ticket_details WHERE  active = '1' and id_document = '5'
[2022-11-28  07:07:30] [type: Select] [user: admin] [ip: undefined] [proxy: undefined] Database: scheduler; SQL: SELECT * FROM article_details WHERE  active = '1' and id_document = '5'
[2022-11-28  07:07:30] [type: Select] [user: admin] [ip: undefined] [proxy: undefined] Database: scheduler; SQL: SELECT * FROM decision_details WHERE  active = '1' and id_document = '5'
[2022-11-28  07:07:31] [type: Select] [user: admin] [ip: undefined] [proxy: undefined] Database: scheduler; SQL: SELECT * FROM suspension_details WHERE  active = '1' and id_document = '5'
[2022-11-28  07:07:31] [type: Select] [user: admin] [ip: undefined] [proxy: undefined] Database: scheduler; SQL: SELECT * FROM suspension_ticket_details WHERE  active = '1' and id_document = '5'
[2022-11-28  07:07:31] [type: Select] [user: admin] [ip: undefined] [proxy: undefined] Database: scheduler; SQL: SELECT * FROM suspension_art_41_details WHERE  active = '1' and id_document = '5'
[2022-11-28  07:07:31] [type: Select] [user: admin] [ip: undefined] [proxy: undefined] Database: scheduler; SQL: SELECT * FROM suspension_decision_details WHERE  active = '1' and id_document = '5'
[2022-11-28  07:07:31] [type: Select] [user: admin] [ip: undefined] [proxy: undefined] Database: scheduler; SQL: SELECT * FROM instrument_usage_details WHERE  active = '1' and id_document = '5'
[2022-11-28  07:07:31] [type: Select] [user: admin] [ip: undefined] [proxy: undefined] Database: scheduler; SQL: SELECT * FROM court_application_details WHERE  active = '1' and id_document = '5'
[2022-11-28  07:09:06] [type: Access] [user: admin] [ip: undefined] [proxy: undefined] http://
[2022-11-28  07:09:06] [type: Select] [user: admin] [ip: undefined] [proxy: undefined] Database: scheduler; SQL: SELECT * FROM users_employment_periods WHERE  active = '1' and ( ( start <= '2022-11-1' and end >= '2022-11-1' ) or ( start <= '2022-11-30' and end >= '2022-11-30' )) ORDER BY sort_priority ASC, surname ASC
[2022-11-28  07:09:07] [type: Request] [user: admin] [ip: undefined] [proxy: undefined] Controller: LanguageSelection Task: getInterfaceNamesData: {}
[2022-11-28  07:09:09] [type: Request] [user: admin] [ip: undefined] [proxy: undefined] Controller: PrintsSchedule Task: generateAttendanceListData: {}
[2022-11-28  07:09:09] [type: Select] [user: admin] [ip: undefined] [proxy: undefined] Database: scheduler; SQL: SELECT * FROM users_employment_periods WHERE  active = '1' and ( ( start <= '2022-11-1' and end >= '2022-11-1' ) or ( start <= '2022-11-30' and end >= '2022-11-30' )) ORDER BY sort_priority ASC, surname ASC
[2022-11-28  07:09:09] [type: Select] [user: admin] [ip: undefined] [proxy: undefined] Database: scheduler; SQL: SELECT * FROM days_off WHERE  active = '1' and for_all = '1' and month(date) = '11' and year(date) = '2022'
[2022-11-28  07:09:09] [type: Select] [user: admin] [ip: undefined] [proxy: undefined] Database: scheduler; SQL: SELECT * FROM users_employment_periods WHERE  active = '1' and ( ( start <= '2022-11-1' and end >= '2022-11-1' ) or ( start <= '2022-11-30' and end >= '2022-11-30' )) ORDER BY sort_priority ASC, surname ASC
[2022-11-28  07:09:26] [type: Request] [user: admin] [ip: undefined] [proxy: undefined] Controller: PrintsSchedule Task: generateNotificationListData: {}
[2022-11-28  07:09:26] [type: Select] [user: admin] [ip: undefined] [proxy: undefined] Database: scheduler; SQL: SELECT * FROM days_off WHERE  active = '1' and for_all = '1' and month(date) = '11' and year(date) = '2022'
[2022-11-28  07:09:26] [type: Select] [user: admin] [ip: undefined] [proxy: undefined] Database: scheduler; SQL: SELECT * FROM users_employment_periods WHERE  active = '1' and ( ( start <= '2022-11-1' and end >= '2022-11-1' ) or ( start <= '2022-11-30' and end >= '2022-11-30' )) ORDER BY sort_priority ASC, surname ASC
[2022-11-28  07:09:59] [type: Access] [user: admin] [ip: undefined] [proxy: undefined] http://
[2022-11-28  07:10:00] [type: Request] [user: admin] [ip: undefined] [proxy: undefined] Controller: LanguageSelection Task: getInterfaceNamesData: {}
[2022-11-28  07:17:05] [type: Access] [user: admin] [ip: undefined] [proxy: undefined] http://
[2022-11-28  07:18:02] [type: Access] [user: admin] [ip: undefined] [proxy: undefined] http://
[2022-11-28  07:18:35] [type: Access] [user: admin] [ip: undefined] [proxy: undefined] http://
[2022-11-28  07:19:08] [type: Access] [user: admin] [ip: undefined] [proxy: undefined] http://
[2022-11-28  07:19:10] [type: Request] [user: admin] [ip: undefined] [proxy: undefined] Controller: LanguageSelection Task: getInterfaceNamesData: {}
[2022-11-28  07:19:11] [type: Access] [user: admin] [ip: undefined] [proxy: undefined] http://
[2022-11-28  07:19:13] [type: Request] [user: admin] [ip: undefined] [proxy: undefined] Controller: LanguageSelection Task: getInterfaceNamesData: {}
[2022-11-28  07:19:37] [type: Access] [user: admin] [ip: undefined] [proxy: undefined] http://
[2022-11-28  07:19:38] [type: Request] [user: admin] [ip: undefined] [proxy: undefined] Controller: LanguageSelection Task: getInterfaceNamesData: {}
[2022-11-28  07:20:46] [type: Access] [user: admin] [ip: undefined] [proxy: undefined] http://
[2022-11-28  07:20:48] [type: Request] [user: admin] [ip: undefined] [proxy: undefined] Controller: LanguageSelection Task: getInterfaceNamesData: {}
[2022-11-28  07:20:48] [type: Request] [user: admin] [ip: undefined] [proxy: undefined] Controller: StatsSuzug Task: getSuzugUsersData: {}
[2022-11-28  07:20:48] [type: Select] [user: admin] [ip: undefined] [proxy: undefined] Database: scheduler; SQL: SELECT * FROM suzug_user_details WHERE  year = '2022' ORDER BY number ASC
[2022-11-28  07:20:51] [type: Request] [user: admin] [ip: undefined] [proxy: undefined] Controller: StatsSuzug Task: getAssignmentOptionsData: {}
[2022-11-28  07:20:51] [type: Select] [user: admin] [ip: undefined] [proxy: undefined] Database: scheduler; SQL: SELECT * FROM suzug_user_details WHERE  active = '1' and year = '2022' ORDER BY number ASC
[2022-11-28  07:20:51] [type: Select] [user: admin] [ip: undefined] [proxy: undefined] Database: scheduler; SQL: SELECT * FROM users_employment_periods WHERE  active = '1' and inspector = '1' and ( ( start <= '2022-01-01' and end >= '2022-01-01' ) or ( start <= '2022-12-31' and end >= '2022-12-31' )) ORDER BY sort_priority ASC, surname ASC
[2022-11-28  07:21:17] [type: Request] [user: admin] [ip: undefined] [proxy: undefined] Controller: StatsSuzug Task: changeStatusData: {}
[2022-11-28  07:21:17] [type: Select] [user: admin] [ip: undefined] [proxy: undefined] Database: scheduler; SQL: SELECT * FROM suzug_user_details WHERE  id = '1'
[2022-11-28  07:21:17] [type: update] [user: admin] [ip: undefined] [proxy: undefined] Database: scheduler; SQL: UPDATE suzug_user SET active='0' WHERE id = '1'
[2022-11-28  07:21:19] [type: Request] [user: admin] [ip: undefined] [proxy: undefined] Controller: StatsSuzug Task: getSuzugUsersData: {}
[2022-11-28  07:21:19] [type: Select] [user: admin] [ip: undefined] [proxy: undefined] Database: scheduler; SQL: SELECT * FROM suzug_user_details WHERE  year = '2022' ORDER BY number ASC
[2022-11-28  07:21:26] [type: Request] [user: admin] [ip: undefined] [proxy: undefined] Controller: StatsSuzug Task: changeStatusData: {}
[2022-11-28  07:21:26] [type: Select] [user: admin] [ip: undefined] [proxy: undefined] Database: scheduler; SQL: SELECT * FROM suzug_user_details WHERE  id = '1'
[2022-11-28  07:21:26] [type: Select] [user: admin] [ip: undefined] [proxy: undefined] Database: scheduler; SQL: SELECT * FROM suzug_user_details WHERE  active = '1' and year = '2022' and number = '1'
[2022-11-28  07:21:26] [type: Select] [user: admin] [ip: undefined] [proxy: undefined] Database: scheduler; SQL: SELECT * FROM suzug_user_details WHERE  active = '1' and year = '2022' and id_user = '2'
[2022-11-28  07:21:26] [type: update] [user: admin] [ip: undefined] [proxy: undefined] Database: scheduler; SQL: UPDATE suzug_user SET active='1' WHERE id = '1'
[2022-11-28  07:21:28] [type: Request] [user: admin] [ip: undefined] [proxy: undefined] Controller: StatsSuzug Task: getSuzugUsersData: {}
[2022-11-28  07:21:28] [type: Select] [user: admin] [ip: undefined] [proxy: undefined] Database: scheduler; SQL: SELECT * FROM suzug_user_details WHERE  year = '2022' ORDER BY number ASC
[2022-11-28  07:21:31] [type: Request] [user: admin] [ip: undefined] [proxy: undefined] Controller: StatsSuzug Task: changeStatusData: {}
[2022-11-28  07:21:31] [type: Select] [user: admin] [ip: undefined] [proxy: undefined] Database: scheduler; SQL: SELECT * FROM suzug_user_details WHERE  id = '1'
[2022-11-28  07:21:31] [type: update] [user: admin] [ip: undefined] [proxy: undefined] Database: scheduler; SQL: UPDATE suzug_user SET active='0' WHERE id = '1'
[2022-11-28  07:21:32] [type: Request] [user: admin] [ip: undefined] [proxy: undefined] Controller: StatsSuzug Task: getSuzugUsersData: {}
[2022-11-28  07:21:32] [type: Select] [user: admin] [ip: undefined] [proxy: undefined] Database: scheduler; SQL: SELECT * FROM suzug_user_details WHERE  year = '2022' ORDER BY number ASC
[2022-11-28  07:21:33] [type: Request] [user: admin] [ip: undefined] [proxy: undefined] Controller: StatsSuzug Task: getAssignmentOptionsData: {}
[2022-11-28  07:21:33] [type: Select] [user: admin] [ip: undefined] [proxy: undefined] Database: scheduler; SQL: SELECT * FROM suzug_user_details WHERE  active = '1' and year = '2022' ORDER BY number ASC
[2022-11-28  07:21:33] [type: Select] [user: admin] [ip: undefined] [proxy: undefined] Database: scheduler; SQL: SELECT * FROM users_employment_periods WHERE  active = '1' and inspector = '1' and ( ( start <= '2022-01-01' and end >= '2022-01-01' ) or ( start <= '2022-12-31' and end >= '2022-12-31' )) ORDER BY sort_priority ASC, surname ASC
[2022-11-28  07:21:40] [type: Request] [user: admin] [ip: undefined] [proxy: undefined] Controller: StatsSuzug Task: saveData: {}
[2022-11-28  07:21:40] [type: Select] [user: admin] [ip: undefined] [proxy: undefined] Database: scheduler; SQL: SELECT * FROM suzug_user_details WHERE  active = '1' and year = '2022' and number = '5'
[2022-11-28  07:21:40] [type: Select] [user: admin] [ip: undefined] [proxy: undefined] Database: scheduler; SQL: SELECT * FROM suzug_user_details WHERE  active = '1' and year = '2022' and id_user = '2'
[2022-11-28  07:21:40] [type: insert] [user: admin] [ip: undefined] [proxy: undefined] Database: scheduler; SQL: INSERT INTO suzug_user (year, number, id_user) VALUES ('2022', '5', '2')
[2022-11-28  07:21:41] [type: Request] [user: admin] [ip: undefined] [proxy: undefined] Controller: StatsSuzug Task: getSuzugUsersData: {}
[2022-11-28  07:21:41] [type: Select] [user: admin] [ip: undefined] [proxy: undefined] Database: scheduler; SQL: SELECT * FROM suzug_user_details WHERE  year = '2022' ORDER BY number ASC
[2022-11-28  07:21:46] [type: Request] [user: admin] [ip: undefined] [proxy: undefined] Controller: StatsSuzug Task: getAssignmentOptionsData: {}
[2022-11-28  07:21:46] [type: Select] [user: admin] [ip: undefined] [proxy: undefined] Database: scheduler; SQL: SELECT * FROM suzug_user_details WHERE  active = '1' and year = '2022' ORDER BY number ASC
[2022-11-28  07:21:46] [type: Select] [user: admin] [ip: undefined] [proxy: undefined] Database: scheduler; SQL: SELECT * FROM users_employment_periods WHERE  active = '1' and inspector = '1' and ( ( start <= '2022-01-01' and end >= '2022-01-01' ) or ( start <= '2022-12-31' and end >= '2022-12-31' )) ORDER BY sort_priority ASC, surname ASC
[2022-11-28  07:21:49] [type: Request] [user: admin] [ip: undefined] [proxy: undefined] Controller: StatsSuzug Task: saveData: {}
[2022-11-28  07:21:49] [type: Select] [user: admin] [ip: undefined] [proxy: undefined] Database: scheduler; SQL: SELECT * FROM suzug_user_details WHERE  active = '1' and year = '2022' and number = '4'
[2022-11-28  07:21:49] [type: Select] [user: admin] [ip: undefined] [proxy: undefined] Database: scheduler; SQL: SELECT * FROM suzug_user_details WHERE  active = '1' and year = '2022' and id_user = '2'
[2022-11-28  07:21:49] [type: Select] [user: admin] [ip: undefined] [proxy: undefined] Database: scheduler; SQL: SELECT * FROM suzug_user WHERE  id = '10'
[2022-11-28  07:21:49] [type: update] [user: admin] [ip: undefined] [proxy: undefined] Database: scheduler; SQL: UPDATE suzug_user SET active='1', year='2022', number='4', id_user='2' WHERE id = '10'
[2022-11-28  07:21:50] [type: Request] [user: admin] [ip: undefined] [proxy: undefined] Controller: StatsSuzug Task: getSuzugUsersData: {}
[2022-11-28  07:21:50] [type: Select] [user: admin] [ip: undefined] [proxy: undefined] Database: scheduler; SQL: SELECT * FROM suzug_user_details WHERE  year = '2022' ORDER BY number ASC
[2022-11-28  07:21:55] [type: Request] [user: admin] [ip: undefined] [proxy: undefined] Controller: StatsSuzug Task: changeStatusData: {}
[2022-11-28  07:21:55] [type: Select] [user: admin] [ip: undefined] [proxy: undefined] Database: scheduler; SQL: SELECT * FROM suzug_user_details WHERE  id = '10'
[2022-11-28  07:21:55] [type: update] [user: admin] [ip: undefined] [proxy: undefined] Database: scheduler; SQL: UPDATE suzug_user SET active='0' WHERE id = '10'
[2022-11-28  07:21:56] [type: Request] [user: admin] [ip: undefined] [proxy: undefined] Controller: StatsSuzug Task: getSuzugUsersData: {}
[2022-11-28  07:21:56] [type: Select] [user: admin] [ip: undefined] [proxy: undefined] Database: scheduler; SQL: SELECT * FROM suzug_user_details WHERE  year = '2022' ORDER BY number ASC
[2022-11-28  07:21:57] [type: Request] [user: admin] [ip: undefined] [proxy: undefined] Controller: StatsSuzug Task: changeStatusData: {}
[2022-11-28  07:21:57] [type: Select] [user: admin] [ip: undefined] [proxy: undefined] Database: scheduler; SQL: SELECT * FROM suzug_user_details WHERE  id = '1'
[2022-11-28  07:21:57] [type: Select] [user: admin] [ip: undefined] [proxy: undefined] Database: scheduler; SQL: SELECT * FROM suzug_user_details WHERE  active = '1' and year = '2022' and number = '1'
[2022-11-28  07:21:57] [type: Select] [user: admin] [ip: undefined] [proxy: undefined] Database: scheduler; SQL: SELECT * FROM suzug_user_details WHERE  active = '1' and year = '2022' and id_user = '2'
[2022-11-28  07:21:57] [type: update] [user: admin] [ip: undefined] [proxy: undefined] Database: scheduler; SQL: UPDATE suzug_user SET active='1' WHERE id = '1'
[2022-11-28  07:21:59] [type: Request] [user: admin] [ip: undefined] [proxy: undefined] Controller: StatsSuzug Task: getSuzugUsersData: {}
[2022-11-28  07:21:59] [type: Select] [user: admin] [ip: undefined] [proxy: undefined] Database: scheduler; SQL: SELECT * FROM suzug_user_details WHERE  year = '2022' ORDER BY number ASC
[2022-11-28  07:22:28] [type: Access] [user: admin] [ip: undefined] [proxy: undefined] http://
[2022-11-28  07:22:29] [type: Request] [user: admin] [ip: undefined] [proxy: undefined] Controller: LanguageSelection Task: getInterfaceNamesData: {}
[2022-11-28  08:28:26] [type: Access] [user: admin] [ip: undefined] [proxy: undefined] http://
[2022-11-28  08:28:28] [type: Request] [user: admin] [ip: undefined] [proxy: undefined] Controller: LanguageSelection Task: getInterfaceNamesData: {}
[2022-11-28  08:29:18] [type: Access] [user: admin] [ip: undefined] [proxy: undefined] http://
[2022-11-28  08:29:20] [type: Request] [user: admin] [ip: undefined] [proxy: undefined] Controller: LanguageSelection Task: getInterfaceNamesData: {}
[2022-11-28  08:29:20] [type: Request] [user: admin] [ip: undefined] [proxy: undefined] Controller: StatsSettings Task: getSingleStatsData: {}
[2022-11-28  08:30:20] [type: Access] [user: admin] [ip: undefined] [proxy: undefined] http://
[2022-11-28  08:30:21] [type: Request] [user: admin] [ip: undefined] [proxy: undefined] Controller: LanguageSelection Task: getInterfaceNamesData: {}
[2022-11-28  08:30:22] [type: Request] [user: admin] [ip: undefined] [proxy: undefined] Controller: StatsSettings Task: getSingleStatsData: {}
[2022-11-28  08:30:22] [type: Select] [user: admin] [ip: undefined] [proxy: undefined] Database: scheduler; SQL: SELECT name, name FROM statistics WHERE  type = 'Pojedyncze'
[2022-11-28  08:30:22] [type: Error] [user: admin] [ip: undefined] [proxy: undefined] Services\StatsService::getAllSingleStatistics(): Return value must be of type Services\Container, Tanweb\Container returned ;
 #0 /var/www/html/sys/classes/Controllers/StatsSettings.php(28): Services\StatsService->getAllSingleStatistics()
#1 /var/www/html/sys/classes/Controllers/Base/Controller.php(112): Controllers\StatsSettings->getSingleStats()
#2 /var/www/html/sys/classes/Controllers/Base/Controller.php(89): Controllers\Base\Controller->runTask(Object(Tanweb\Request\Request))
#3 /var/www/html/sys/scripts/requests/rest.php(26): Controllers\Base\Controller->run(Object(Tanweb\Request\Request))
#4 {main}
[2022-11-28  08:30:58] [type: Access] [user: admin] [ip: undefined] [proxy: undefined] http://
[2022-11-28  08:31:00] [type: Request] [user: admin] [ip: undefined] [proxy: undefined] Controller: LanguageSelection Task: getInterfaceNamesData: {}
[2022-11-28  08:31:00] [type: Request] [user: admin] [ip: undefined] [proxy: undefined] Controller: StatsSettings Task: getSingleStatsData: {}
[2022-11-28  08:31:00] [type: Select] [user: admin] [ip: undefined] [proxy: undefined] Database: scheduler; SQL: SELECT name, name FROM statistics WHERE  type = 'Pojedyncze'
[2022-11-28  08:34:38] [type: Access] [user: admin] [ip: undefined] [proxy: undefined] http://
[2022-11-28  08:34:40] [type: Request] [user: admin] [ip: undefined] [proxy: undefined] Controller: LanguageSelection Task: getInterfaceNamesData: {}
[2022-11-28  08:34:40] [type: Request] [user: admin] [ip: undefined] [proxy: undefined] Controller: StatsSettings Task: getSingleStatsData: {}
[2022-11-28  08:34:40] [type: Select] [user: admin] [ip: undefined] [proxy: undefined] Database: scheduler; SQL: SELECT name, name FROM statistics WHERE  type = 'Pojedyncze'
[2022-11-28  08:35:05] [type: Access] [user: admin] [ip: undefined] [proxy: undefined] http://
[2022-11-28  08:35:06] [type: Request] [user: admin] [ip: undefined] [proxy: undefined] Controller: LanguageSelection Task: getInterfaceNamesData: {}
[2022-11-28  08:35:07] [type: Request] [user: admin] [ip: undefined] [proxy: undefined] Controller: StatsSettings Task: getSingleStatsData: {}
[2022-11-28  08:35:07] [type: Select] [user: admin] [ip: undefined] [proxy: undefined] Database: scheduler; SQL: SELECT name, name FROM statistics WHERE  type = 'Pojedyncze'
[2022-11-28  08:35:32] [type: Access] [user: admin] [ip: undefined] [proxy: undefined] http://
[2022-11-28  08:35:33] [type: Request] [user: admin] [ip: undefined] [proxy: undefined] Controller: LanguageSelection Task: getInterfaceNamesData: {}
[2022-11-28  08:35:34] [type: Request] [user: admin] [ip: undefined] [proxy: undefined] Controller: StatsSettings Task: getSingleStatsData: {}
[2022-11-28  08:35:34] [type: Select] [user: admin] [ip: undefined] [proxy: undefined] Database: scheduler; SQL: SELECT name, name FROM statistics WHERE  type = 'Pojedyncze'
[2022-11-28  08:37:44] [type: Access] [user: admin] [ip: undefined] [proxy: undefined] http://
[2022-11-28  08:37:46] [type: Request] [user: admin] [ip: undefined] [proxy: undefined] Controller: LanguageSelection Task: getInterfaceNamesData: {}
[2022-11-28  08:37:47] [type: Request] [user: admin] [ip: undefined] [proxy: undefined] Controller: StatsSettings Task: getSingleStatsData: {}
[2022-11-28  08:37:47] [type: Select] [user: admin] [ip: undefined] [proxy: undefined] Database: scheduler; SQL: SELECT name, name FROM statistics WHERE  type = 'Pojedyncze'
[2022-11-28  08:38:05] [type: Access] [user: admin] [ip: undefined] [proxy: undefined] http://
[2022-11-28  08:38:06] [type: Request] [user: admin] [ip: undefined] [proxy: undefined] Controller: LanguageSelection Task: getInterfaceNamesData: {}
[2022-11-28  08:38:07] [type: Request] [user: admin] [ip: undefined] [proxy: undefined] Controller: StatsSettings Task: getSingleStatsData: {}
[2022-11-28  08:38:07] [type: Select] [user: admin] [ip: undefined] [proxy: undefined] Database: scheduler; SQL: SELECT name, name FROM statistics WHERE  type = 'Pojedyncze'
[2022-11-28  08:43:39] [type: Access] [user: admin] [ip: undefined] [proxy: undefined] http://
[2022-11-28  08:43:41] [type: Request] [user: admin] [ip: undefined] [proxy: undefined] Controller: LanguageSelection Task: getInterfaceNamesData: {}
[2022-11-28  08:43:41] [type: Request] [user: admin] [ip: undefined] [proxy: undefined] Controller: StatsSettings Task: getSingleStatsData: {}
[2022-11-28  08:43:41] [type: Select] [user: admin] [ip: undefined] [proxy: undefined] Database: scheduler; SQL: SELECT name, name FROM statistics WHERE  type = 'Pojedyncze'
[2022-11-28  08:44:00] [type: Access] [user: admin] [ip: undefined] [proxy: undefined] http://
[2022-11-28  08:44:01] [type: Request] [user: admin] [ip: undefined] [proxy: undefined] Controller: LanguageSelection Task: getInterfaceNamesData: {}
[2022-11-28  08:44:02] [type: Request] [user: admin] [ip: undefined] [proxy: undefined] Controller: StatsSettings Task: getSingleStatsData: {}
[2022-11-28  08:44:02] [type: Select] [user: admin] [ip: undefined] [proxy: undefined] Database: scheduler; SQL: SELECT name, name FROM statistics WHERE  type = 'Pojedyncze'
[2022-11-28  08:52:54] [type: Access] [user: admin] [ip: undefined] [proxy: undefined] http://
[2022-11-28  08:52:55] [type: Request] [user: admin] [ip: undefined] [proxy: undefined] Controller: LanguageSelection Task: getInterfaceNamesData: {}
[2022-11-28  08:52:56] [type: Request] [user: admin] [ip: undefined] [proxy: undefined] Controller: StatsSettings Task: getSingleStatsData: {}
[2022-11-28  08:52:56] [type: Select] [user: admin] [ip: undefined] [proxy: undefined] Database: scheduler; SQL: SELECT name, name FROM statistics WHERE  type = 'Pojedyncze'
[2022-11-28  09:00:53] [type: Access] [user: admin] [ip: undefined] [proxy: undefined] http://
[2022-11-28  09:00:55] [type: Request] [user: admin] [ip: undefined] [proxy: undefined] Controller: LanguageSelection Task: getInterfaceNamesData: {}
[2022-11-28  09:00:55] [type: Request] [user: admin] [ip: undefined] [proxy: undefined] Controller: StatsSettings Task: getSingleStatsData: {}
[2022-11-28  09:00:55] [type: Select] [user: admin] [ip: undefined] [proxy: undefined] Database: scheduler; SQL: SELECT name, name FROM statistics WHERE  type = 'Pojedyncze'
[2022-11-28  09:05:35] [type: Access] [user: admin] [ip: undefined] [proxy: undefined] http://
[2022-11-28  09:05:37] [type: Request] [user: admin] [ip: undefined] [proxy: undefined] Controller: LanguageSelection Task: getInterfaceNamesData: {}
[2022-11-28  09:05:37] [type: Request] [user: admin] [ip: undefined] [proxy: undefined] Controller: StatsSettings Task: getSingleStatsData: {}
[2022-11-28  09:05:37] [type: Select] [user: admin] [ip: undefined] [proxy: undefined] Database: scheduler; SQL: SELECT name, name FROM statistics WHERE  type = 'Pojedyncze'
[2022-11-28  09:06:21] [type: Access] [user: admin] [ip: undefined] [proxy: undefined] http://
[2022-11-28  09:06:22] [type: Request] [user: admin] [ip: undefined] [proxy: undefined] Controller: LanguageSelection Task: getInterfaceNamesData: {}
[2022-11-28  09:06:23] [type: Request] [user: admin] [ip: undefined] [proxy: undefined] Controller: StatsSettings Task: getSingleStatsData: {}
[2022-11-28  09:06:23] [type: Select] [user: admin] [ip: undefined] [proxy: undefined] Database: scheduler; SQL: SELECT name, name FROM statistics WHERE  type = 'Pojedyncze'
[2022-11-28  09:08:00] [type: Access] [user: admin] [ip: undefined] [proxy: undefined] http://
[2022-11-28  09:08:02] [type: Request] [user: admin] [ip: undefined] [proxy: undefined] Controller: LanguageSelection Task: getInterfaceNamesData: {}
[2022-11-28  09:08:02] [type: Request] [user: admin] [ip: undefined] [proxy: undefined] Controller: StatsSettings Task: getSingleStatsData: {}
[2022-11-28  09:08:02] [type: Select] [user: admin] [ip: undefined] [proxy: undefined] Database: scheduler; SQL: SELECT name, name FROM statistics WHERE  type = 'Pojedyncze'
[2022-11-28  09:08:33] [type: Access] [user: admin] [ip: undefined] [proxy: undefined] http://
[2022-11-28  09:08:34] [type: Request] [user: admin] [ip: undefined] [proxy: undefined] Controller: LanguageSelection Task: getInterfaceNamesData: {}
[2022-11-28  09:08:35] [type: Request] [user: admin] [ip: undefined] [proxy: undefined] Controller: StatsSettings Task: getSingleStatsData: {}
[2022-11-28  09:08:35] [type: Select] [user: admin] [ip: undefined] [proxy: undefined] Database: scheduler; SQL: SELECT name, name FROM statistics WHERE  type = 'Pojedyncze'
[2022-11-28  09:09:03] [type: Access] [user: admin] [ip: undefined] [proxy: undefined] http://
[2022-11-28  09:09:05] [type: Request] [user: admin] [ip: undefined] [proxy: undefined] Controller: LanguageSelection Task: getInterfaceNamesData: {}
[2022-11-28  09:09:05] [type: Request] [user: admin] [ip: undefined] [proxy: undefined] Controller: StatsSettings Task: getSingleStatsData: {}
[2022-11-28  09:09:05] [type: Select] [user: admin] [ip: undefined] [proxy: undefined] Database: scheduler; SQL: SELECT name, name FROM statistics WHERE  type = 'Pojedyncze'
[2022-11-28  09:09:36] [type: Access] [user: admin] [ip: undefined] [proxy: undefined] http://
[2022-11-28  09:09:37] [type: Request] [user: admin] [ip: undefined] [proxy: undefined] Controller: LanguageSelection Task: getInterfaceNamesData: {}
[2022-11-28  09:09:38] [type: Request] [user: admin] [ip: undefined] [proxy: undefined] Controller: StatsSettings Task: getSingleStatsData: {}
[2022-11-28  09:09:38] [type: Select] [user: admin] [ip: undefined] [proxy: undefined] Database: scheduler; SQL: SELECT name, name FROM statistics WHERE  type = 'Pojedyncze'
[2022-11-28  09:10:03] [type: Access] [user: admin] [ip: undefined] [proxy: undefined] http://
[2022-11-28  09:10:04] [type: Request] [user: admin] [ip: undefined] [proxy: undefined] Controller: LanguageSelection Task: getInterfaceNamesData: {}
[2022-11-28  09:10:04] [type: Request] [user: admin] [ip: undefined] [proxy: undefined] Controller: StatsSettings Task: getSingleStatsData: {}
[2022-11-28  09:10:04] [type: Select] [user: admin] [ip: undefined] [proxy: undefined] Database: scheduler; SQL: SELECT name, name FROM statistics WHERE  type = 'Pojedyncze'
[2022-11-28  09:13:09] [type: Access] [user: admin] [ip: undefined] [proxy: undefined] http://
[2022-11-28  09:13:11] [type: Request] [user: admin] [ip: undefined] [proxy: undefined] Controller: LanguageSelection Task: getInterfaceNamesData: {}
[2022-11-28  09:13:11] [type: Request] [user: admin] [ip: undefined] [proxy: undefined] Controller: StatsSettings Task: getSingleStatsData: {}
[2022-11-28  09:13:11] [type: Select] [user: admin] [ip: undefined] [proxy: undefined] Database: scheduler; SQL: SELECT name, name FROM statistics WHERE  type = 'Pojedyncze'
[2022-11-28  09:16:17] [type: Access] [user: admin] [ip: undefined] [proxy: undefined] http://
[2022-11-28  09:16:19] [type: Request] [user: admin] [ip: undefined] [proxy: undefined] Controller: LanguageSelection Task: getInterfaceNamesData: {}
[2022-11-28  09:16:19] [type: Request] [user: admin] [ip: undefined] [proxy: undefined] Controller: StatsSettings Task: getSingleStatsData: {}
[2022-11-28  09:16:19] [type: Select] [user: admin] [ip: undefined] [proxy: undefined] Database: scheduler; SQL: SELECT name, name FROM statistics WHERE  type = 'Pojedyncze'
[2022-11-28  09:17:16] [type: Access] [user: admin] [ip: undefined] [proxy: undefined] http://
[2022-11-28  09:17:18] [type: Request] [user: admin] [ip: undefined] [proxy: undefined] Controller: LanguageSelection Task: getInterfaceNamesData: {}
[2022-11-28  09:17:18] [type: Request] [user: admin] [ip: undefined] [proxy: undefined] Controller: StatsSettings Task: getSingleStatsData: {}
[2022-11-28  09:17:18] [type: Select] [user: admin] [ip: undefined] [proxy: undefined] Database: scheduler; SQL: SELECT name, name FROM statistics WHERE  type = 'Pojedyncze'
[2022-11-28  09:18:39] [type: Access] [user: admin] [ip: undefined] [proxy: undefined] http://
[2022-11-28  09:18:41] [type: Request] [user: admin] [ip: undefined] [proxy: undefined] Controller: LanguageSelection Task: getInterfaceNamesData: {}
[2022-11-28  09:18:41] [type: Request] [user: admin] [ip: undefined] [proxy: undefined] Controller: StatsSettings Task: getSingleStatsData: {}
[2022-11-28  09:18:41] [type: Select] [user: admin] [ip: undefined] [proxy: undefined] Database: scheduler; SQL: SELECT name, name FROM statistics WHERE  type = 'Pojedyncze'
[2022-11-28  09:29:11] [type: Access] [user: admin] [ip: undefined] [proxy: undefined] http://
[2022-11-28  09:29:12] [type: Request] [user: admin] [ip: undefined] [proxy: undefined] Controller: LanguageSelection Task: getInterfaceNamesData: {}
[2022-11-28  09:29:13] [type: Request] [user: admin] [ip: undefined] [proxy: undefined] Controller: StatsSettings Task: getSingleStatsData: {}
[2022-11-28  09:29:13] [type: Select] [user: admin] [ip: undefined] [proxy: undefined] Database: scheduler; SQL: SELECT name, name FROM statistics WHERE  type = 'Pojedyncze'
[2022-11-28  09:30:29] [type: Access] [user: admin] [ip: undefined] [proxy: undefined] http://
[2022-11-28  09:30:31] [type: Request] [user: admin] [ip: undefined] [proxy: undefined] Controller: LanguageSelection Task: getInterfaceNamesData: {}
[2022-11-28  09:30:31] [type: Request] [user: admin] [ip: undefined] [proxy: undefined] Controller: StatsSettings Task: getSingleStatsData: {}
[2022-11-28  09:30:31] [type: Select] [user: admin] [ip: undefined] [proxy: undefined] Database: scheduler; SQL: SELECT name, name FROM statistics WHERE  type = 'Pojedyncze'
[2022-11-28  09:30:45] [type: Access] [user: admin] [ip: undefined] [proxy: undefined] http://
[2022-11-28  09:30:46] [type: Request] [user: admin] [ip: undefined] [proxy: undefined] Controller: LanguageSelection Task: getInterfaceNamesData: {}
[2022-11-28  09:30:47] [type: Request] [user: admin] [ip: undefined] [proxy: undefined] Controller: StatsSettings Task: getSingleStatsData: {}
[2022-11-28  09:30:47] [type: Select] [user: admin] [ip: undefined] [proxy: undefined] Database: scheduler; SQL: SELECT name, name FROM statistics WHERE  type = 'Pojedyncze'
