[2022-11-29  07:02:13] [type: Request] [user: ] [ip: undefined] [proxy: undefined] Controller: LanguageSelection Task: getInterfaceNamesData: {}
[2022-11-29  07:02:17] [type: Request] [user: admin] [ip: undefined] [proxy: undefined] Controller: LanguageSelection Task: getInterfaceNamesData: {}
[2022-11-29  07:02:21] [type: Access] [user: admin] [ip: undefined] [proxy: undefined] http://
[2022-11-29  07:02:22] [type: Request] [user: admin] [ip: undefined] [proxy: undefined] Controller: LanguageSelection Task: getInterfaceNamesData: {}
[2022-11-29  07:02:24] [type: Access] [user: admin] [ip: undefined] [proxy: undefined] http://
[2022-11-29  07:02:25] [type: Request] [user: admin] [ip: undefined] [proxy: undefined] Controller: LanguageSelection Task: getInterfaceNamesData: {}
[2022-11-29  07:02:26] [type: Request] [user: admin] [ip: undefined] [proxy: undefined] Controller: StatsSettings Task: getSingleStatsData: {}
[2022-11-29  07:02:26] [type: Select] [user: admin] [ip: undefined] [proxy: undefined] Database: scheduler; SQL: SELECT name, name FROM statistics WHERE  type = 'Pojedyncze'
[2022-11-29  07:44:13] [type: Access] [user: admin] [ip: undefined] [proxy: undefined] http://
[2022-11-29  07:44:15] [type: Request] [user: admin] [ip: undefined] [proxy: undefined] Controller: LanguageSelection Task: getInterfaceNamesData: {}
[2022-11-29  07:44:15] [type: Request] [user: admin] [ip: undefined] [proxy: undefined] Controller: StatsSettings Task: getSingleStatsData: {}
[2022-11-29  07:44:15] [type: Select] [user: admin] [ip: undefined] [proxy: undefined] Database: scheduler; SQL: SELECT name, name FROM statistics WHERE  type = 'Pojedyncze'
[2022-11-29  07:44:18] [type: Access] [user: admin] [ip: undefined] [proxy: undefined] http://
[2022-11-29  07:44:20] [type: Request] [user: admin] [ip: undefined] [proxy: undefined] Controller: LanguageSelection Task: getInterfaceNamesData: {}
[2022-11-29  07:44:20] [type: Request] [user: admin] [ip: undefined] [proxy: undefined] Controller: StatsSettings Task: getSingleStatsData: {}
[2022-11-29  07:44:20] [type: Select] [user: admin] [ip: undefined] [proxy: undefined] Database: scheduler; SQL: SELECT name, name FROM statistics WHERE  type = 'Pojedyncze'
[2022-11-29  07:44:24] [type: Request] [user: admin] [ip: undefined] [proxy: undefined] Controller: StatsSettings Task: getStatsTypesData: {}
[2022-11-29  08:12:55] [type: Access] [user: admin] [ip: undefined] [proxy: undefined] http://
[2022-11-29  08:12:57] [type: Request] [user: admin] [ip: undefined] [proxy: undefined] Controller: LanguageSelection Task: getInterfaceNamesData: {}
[2022-11-29  08:12:57] [type: Request] [user: admin] [ip: undefined] [proxy: undefined] Controller: StatsSettings Task: getSingleStatsData: {}
[2022-11-29  08:12:57] [type: Select] [user: admin] [ip: undefined] [proxy: undefined] Database: scheduler; SQL: SELECT name, name FROM statistics WHERE  type = 'Pojedyncze'
[2022-11-29  08:12:58] [type: Request] [user: admin] [ip: undefined] [proxy: undefined] Controller: StatsSettings Task: getStatsStageOneData: {}
[2022-11-29  08:14:37] [type: Access] [user: admin] [ip: undefined] [proxy: undefined] http://
[2022-11-29  08:14:39] [type: Request] [user: admin] [ip: undefined] [proxy: undefined] Controller: LanguageSelection Task: getInterfaceNamesData: {}
[2022-11-29  08:14:39] [type: Request] [user: admin] [ip: undefined] [proxy: undefined] Controller: StatsSettings Task: getSingleStatsData: {}
[2022-11-29  08:14:39] [type: Select] [user: admin] [ip: undefined] [proxy: undefined] Database: scheduler; SQL: SELECT name, name FROM statistics WHERE  type = 'Pojedyncze'
[2022-11-29  08:14:40] [type: Request] [user: admin] [ip: undefined] [proxy: undefined] Controller: StatsSettings Task: getStatsStageOneData: {}
[2022-11-29  08:16:55] [type: Access] [user: admin] [ip: undefined] [proxy: undefined] http://
[2022-11-29  08:16:57] [type: Request] [user: admin] [ip: undefined] [proxy: undefined] Controller: LanguageSelection Task: getInterfaceNamesData: {}
[2022-11-29  08:16:57] [type: Request] [user: admin] [ip: undefined] [proxy: undefined] Controller: StatsSettings Task: getSingleStatsData: {}
[2022-11-29  08:16:57] [type: Select] [user: admin] [ip: undefined] [proxy: undefined] Database: scheduler; SQL: SELECT name, name FROM statistics WHERE  type = 'Pojedyncze'
[2022-11-29  08:16:59] [type: Request] [user: admin] [ip: undefined] [proxy: undefined] Controller: StatsSettings Task: getStatsStageOneData: {}
[2022-11-29  08:20:38] [type: Access] [user: admin] [ip: undefined] [proxy: undefined] http://
[2022-11-29  08:20:39] [type: Request] [user: admin] [ip: undefined] [proxy: undefined] Controller: LanguageSelection Task: getInterfaceNamesData: {}
[2022-11-29  08:20:40] [type: Request] [user: admin] [ip: undefined] [proxy: undefined] Controller: StatsSettings Task: getSingleStatsData: {}
[2022-11-29  08:20:40] [type: Select] [user: admin] [ip: undefined] [proxy: undefined] Database: scheduler; SQL: SELECT name, name FROM statistics WHERE  type = 'Pojedyncze'
[2022-11-29  08:20:41] [type: Request] [user: admin] [ip: undefined] [proxy: undefined] Controller: StatsSettings Task: getStatsStageOneData: {}
[2022-11-29  08:25:10] [type: Access] [user: admin] [ip: undefined] [proxy: undefined] http://
[2022-11-29  08:25:11] [type: Request] [user: admin] [ip: undefined] [proxy: undefined] Controller: LanguageSelection Task: getInterfaceNamesData: {}
[2022-11-29  08:25:12] [type: Request] [user: admin] [ip: undefined] [proxy: undefined] Controller: StatsSettings Task: getSingleStatsData: {}
[2022-11-29  08:25:12] [type: Select] [user: admin] [ip: undefined] [proxy: undefined] Database: scheduler; SQL: SELECT name, name FROM statistics WHERE  type = 'Pojedyncze'
[2022-11-29  08:25:13] [type: Request] [user: admin] [ip: undefined] [proxy: undefined] Controller: StatsSettings Task: getStatsStageOneData: {}
[2022-11-29  08:27:17] [type: Request] [user: admin] [ip: undefined] [proxy: undefined] Controller: StatsSettings Task: getStatsStageOneData: {}
[2022-11-29  08:36:45] [type: Access] [user: admin] [ip: undefined] [proxy: undefined] http://
[2022-11-29  08:36:47] [type: Request] [user: admin] [ip: undefined] [proxy: undefined] Controller: LanguageSelection Task: getInterfaceNamesData: {}
[2022-11-29  08:36:47] [type: Request] [user: admin] [ip: undefined] [proxy: undefined] Controller: StatsSettings Task: getSingleStatsData: {}
[2022-11-29  08:36:47] [type: Select] [user: admin] [ip: undefined] [proxy: undefined] Database: scheduler; SQL: SELECT name, name FROM statistics WHERE  type = 'Pojedyncze'
[2022-11-29  08:36:50] [type: Request] [user: admin] [ip: undefined] [proxy: undefined] Controller: StatsSettings Task: getStatsStageOneData: {}
[2022-11-29  08:36:58] [type: Request] [user: admin] [ip: undefined] [proxy: undefined] Controller: StatsSettings Task: getStatsStageTwoData: {}
[2022-11-29  08:41:41] [type: Access] [user: admin] [ip: undefined] [proxy: undefined] http://
[2022-11-29  08:41:43] [type: Request] [user: admin] [ip: undefined] [proxy: undefined] Controller: LanguageSelection Task: getInterfaceNamesData: {}
[2022-11-29  08:41:43] [type: Request] [user: admin] [ip: undefined] [proxy: undefined] Controller: StatsSettings Task: getSingleStatsData: {}
[2022-11-29  08:41:43] [type: Select] [user: admin] [ip: undefined] [proxy: undefined] Database: scheduler; SQL: SELECT name, name FROM statistics WHERE  type = 'Pojedyncze'
[2022-11-29  08:41:44] [type: Request] [user: admin] [ip: undefined] [proxy: undefined] Controller: StatsSettings Task: getStatsStageOneData: {}
[2022-11-29  08:41:58] [type: Request] [user: admin] [ip: undefined] [proxy: undefined] Controller: StatsSettings Task: getStatsStageTwoData: {}
[2022-11-29  08:42:26] [type: Request] [user: admin] [ip: undefined] [proxy: undefined] Controller: StatsSettings Task: getStatsStageOneData: {}
[2022-11-29  08:42:55] [type: Request] [user: admin] [ip: undefined] [proxy: undefined] Controller: StatsSettings Task: getStatsStageTwoData: {}
[2022-11-29  08:43:15] [type: Access] [user: admin] [ip: undefined] [proxy: undefined] http://
[2022-11-29  08:43:17] [type: Request] [user: admin] [ip: undefined] [proxy: undefined] Controller: LanguageSelection Task: getInterfaceNamesData: {}
[2022-11-29  08:43:17] [type: Request] [user: admin] [ip: undefined] [proxy: undefined] Controller: StatsSettings Task: getSingleStatsData: {}
[2022-11-29  08:43:17] [type: Select] [user: admin] [ip: undefined] [proxy: undefined] Database: scheduler; SQL: SELECT name, name FROM statistics WHERE  type = 'Pojedyncze'
[2022-11-29  08:43:19] [type: Request] [user: admin] [ip: undefined] [proxy: undefined] Controller: StatsSettings Task: getStatsStageOneData: {}
[2022-11-29  08:43:32] [type: Request] [user: admin] [ip: undefined] [proxy: undefined] Controller: StatsSettings Task: getStatsStageTwoData: {}
[2022-11-29  08:44:00] [type: Request] [user: admin] [ip: undefined] [proxy: undefined] Controller: StatsSettings Task: getStatsStageOneData: {}
[2022-11-29  08:44:10] [type: Request] [user: admin] [ip: undefined] [proxy: undefined] Controller: StatsSettings Task: getStatsStageTwoData: {}
[2022-11-29  08:44:50] [type: Access] [user: admin] [ip: undefined] [proxy: undefined] http://
[2022-11-29  08:44:51] [type: Request] [user: admin] [ip: undefined] [proxy: undefined] Controller: LanguageSelection Task: getInterfaceNamesData: {}
[2022-11-29  08:44:52] [type: Request] [user: admin] [ip: undefined] [proxy: undefined] Controller: StatsSettings Task: getSingleStatsData: {}
[2022-11-29  08:44:52] [type: Select] [user: admin] [ip: undefined] [proxy: undefined] Database: scheduler; SQL: SELECT name, name FROM statistics WHERE  type = 'Pojedyncze'
[2022-11-29  08:44:53] [type: Request] [user: admin] [ip: undefined] [proxy: undefined] Controller: StatsSettings Task: getStatsStageOneData: {}
[2022-11-29  08:45:06] [type: Request] [user: admin] [ip: undefined] [proxy: undefined] Controller: StatsSettings Task: getStatsStageTwoData: {}
[2022-11-29  09:16:59] [type: Access] [user: admin] [ip: undefined] [proxy: undefined] http://
[2022-11-29  09:17:01] [type: Request] [user: admin] [ip: undefined] [proxy: undefined] Controller: LanguageSelection Task: getInterfaceNamesData: {}
[2022-11-29  09:17:01] [type: Request] [user: admin] [ip: undefined] [proxy: undefined] Controller: StatsSettings Task: getSingleStatsData: {}
[2022-11-29  09:17:01] [type: Select] [user: admin] [ip: undefined] [proxy: undefined] Database: scheduler; SQL: SELECT name, name FROM statistics WHERE  type = 'Pojedyncze'
[2022-11-29  09:17:03] [type: Request] [user: admin] [ip: undefined] [proxy: undefined] Controller: StatsSettings Task: getStatsStageOneData: {}
[2022-11-29  09:17:16] [type: Request] [user: admin] [ip: undefined] [proxy: undefined] Controller: StatsSettings Task: getStatsStageTwoData: {}
[2022-11-29  09:17:16] [type: Error] [user: admin] [ip: undefined] [proxy: undefined] Class "Custom\Statistics\Options\Group" not found ;
 #0 /var/www/html/sys/classes/Services/StatsService.php(106): Services\StatsService->getGroups(Object(Tanweb\Container))
#1 /var/www/html/sys/classes/Controllers/StatsSettings.php(54): Services\StatsService->getStatsSettingsStageTwo(Object(Tanweb\Container))
#2 /var/www/html/sys/classes/Controllers/Base/Controller.php(112): Controllers\StatsSettings->getStatsStageTwo()
#3 /var/www/html/sys/classes/Controllers/Base/Controller.php(89): Controllers\Base\Controller->runTask(Object(Tanweb\Request\Request))
#4 /var/www/html/sys/scripts/requests/rest.php(26): Controllers\Base\Controller->run(Object(Tanweb\Request\Request))
#5 {main}
[2022-11-29  09:17:52] [type: Request] [user: admin] [ip: undefined] [proxy: undefined] Controller: StatsSettings Task: getStatsStageOneData: {}
[2022-11-29  09:18:06] [type: Request] [user: admin] [ip: undefined] [proxy: undefined] Controller: StatsSettings Task: getStatsStageTwoData: {}
[2022-11-29  09:19:59] [type: Request] [user: admin] [ip: undefined] [proxy: undefined] Controller: StatsSettings Task: getStatsStageOneData: {}
[2022-11-29  09:20:10] [type: Request] [user: admin] [ip: undefined] [proxy: undefined] Controller: StatsSettings Task: getStatsStageTwoData: {}
[2022-11-29  09:23:15] [type: Access] [user: admin] [ip: undefined] [proxy: undefined] http://
[2022-11-29  09:23:17] [type: Request] [user: admin] [ip: undefined] [proxy: undefined] Controller: LanguageSelection Task: getInterfaceNamesData: {}
[2022-11-29  09:23:17] [type: Request] [user: admin] [ip: undefined] [proxy: undefined] Controller: StatsSettings Task: getSingleStatsData: {}
[2022-11-29  09:23:17] [type: Select] [user: admin] [ip: undefined] [proxy: undefined] Database: scheduler; SQL: SELECT name, name FROM statistics WHERE  type = 'Pojedyncze'
[2022-11-29  09:23:19] [type: Request] [user: admin] [ip: undefined] [proxy: undefined] Controller: StatsSettings Task: getStatsStageOneData: {}
[2022-11-29  09:23:31] [type: Request] [user: admin] [ip: undefined] [proxy: undefined] Controller: StatsSettings Task: getStatsStageTwoData: {}
[2022-11-29  09:46:55] [type: Access] [user: admin] [ip: undefined] [proxy: undefined] http://
[2022-11-29  09:46:57] [type: Request] [user: admin] [ip: undefined] [proxy: undefined] Controller: LanguageSelection Task: getInterfaceNamesData: {}
[2022-11-29  09:46:57] [type: Request] [user: admin] [ip: undefined] [proxy: undefined] Controller: StatsSettings Task: getSingleStatsData: {}
[2022-11-29  09:46:57] [type: Select] [user: admin] [ip: undefined] [proxy: undefined] Database: scheduler; SQL: SELECT name, name FROM statistics WHERE  type = 'Pojedyncze'
[2022-11-29  09:46:58] [type: Request] [user: admin] [ip: undefined] [proxy: undefined] Controller: StatsSettings Task: getStatsStageOneData: {}
[2022-11-29  09:47:10] [type: Request] [user: admin] [ip: undefined] [proxy: undefined] Controller: StatsSettings Task: getStatsStageTwoData: {}
[2022-11-29  09:47:10] [type: Error] [user: admin] [ip: undefined] [proxy: undefined] Class "Custom\Statistics\Options\Method" not found ;
 #0 /var/www/html/sys/classes/Services/StatsService.php(108): Services\StatsService->getMethods(Object(Tanweb\Container))
#1 /var/www/html/sys/classes/Controllers/StatsSettings.php(54): Services\StatsService->getStatsSettingsStageTwo(Object(Tanweb\Container))
#2 /var/www/html/sys/classes/Controllers/Base/Controller.php(112): Controllers\StatsSettings->getStatsStageTwo()
#3 /var/www/html/sys/classes/Controllers/Base/Controller.php(89): Controllers\Base\Controller->runTask(Object(Tanweb\Request\Request))
#4 /var/www/html/sys/scripts/requests/rest.php(26): Controllers\Base\Controller->run(Object(Tanweb\Request\Request))
#5 {main}
[2022-11-29  09:47:19] [type: Request] [user: admin] [ip: undefined] [proxy: undefined] Controller: StatsSettings Task: getStatsStageOneData: {}
[2022-11-29  09:47:33] [type: Request] [user: admin] [ip: undefined] [proxy: undefined] Controller: StatsSettings Task: getStatsStageTwoData: {}
[2022-11-29  09:47:33] [type: Error] [user: admin] [ip: undefined] [proxy: undefined] Class "Custom\Statistics\Options\Container" not found ;
 #0 /var/www/html/sys/classes/Custom/Statistics/Options/Method.php(26): Custom\Statistics\Options\Method::formContainer(Object(Custom\Statistics\Options\Method), Object(Custom\Statistics\Options\Method), Object(Custom\Statistics\Options\Method))
#1 /var/www/html/sys/classes/Services/StatsService.php(122): Custom\Statistics\Options\Method::getGroupsForDataSet(Object(Custom\Statistics\Options\DataSet))
#2 /var/www/html/sys/classes/Services/StatsService.php(108): Services\StatsService->getMethods(Object(Tanweb\Container))
#3 /var/www/html/sys/classes/Controllers/StatsSettings.php(54): Services\StatsService->getStatsSettingsStageTwo(Object(Tanweb\Container))
#4 /var/www/html/sys/classes/Controllers/Base/Controller.php(112): Controllers\StatsSettings->getStatsStageTwo()
#5 /var/www/html/sys/classes/Controllers/Base/Controller.php(89): Controllers\Base\Controller->runTask(Object(Tanweb\Request\Request))
#6 /var/www/html/sys/scripts/requests/rest.php(26): Controllers\Base\Controller->run(Object(Tanweb\Request\Request))
#7 {main}
[2022-11-29  09:48:10] [type: Access] [user: admin] [ip: undefined] [proxy: undefined] http://
[2022-11-29  09:48:12] [type: Request] [user: admin] [ip: undefined] [proxy: undefined] Controller: LanguageSelection Task: getInterfaceNamesData: {}
[2022-11-29  09:48:13] [type: Request] [user: admin] [ip: undefined] [proxy: undefined] Controller: StatsSettings Task: getSingleStatsData: {}
[2022-11-29  09:48:13] [type: Select] [user: admin] [ip: undefined] [proxy: undefined] Database: scheduler; SQL: SELECT name, name FROM statistics WHERE  type = 'Pojedyncze'
[2022-11-29  09:48:13] [type: Request] [user: admin] [ip: undefined] [proxy: undefined] Controller: StatsSettings Task: getStatsStageOneData: {}
[2022-11-29  09:48:25] [type: Request] [user: admin] [ip: undefined] [proxy: undefined] Controller: StatsSettings Task: getStatsStageTwoData: {}
[2022-11-29  09:48:45] [type: Access] [user: admin] [ip: undefined] [proxy: undefined] http://
[2022-11-29  09:48:46] [type: Request] [user: admin] [ip: undefined] [proxy: undefined] Controller: LanguageSelection Task: getInterfaceNamesData: {}
[2022-11-29  09:48:47] [type: Request] [user: admin] [ip: undefined] [proxy: undefined] Controller: StatsSettings Task: getSingleStatsData: {}
[2022-11-29  09:48:47] [type: Select] [user: admin] [ip: undefined] [proxy: undefined] Database: scheduler; SQL: SELECT name, name FROM statistics WHERE  type = 'Pojedyncze'
[2022-11-29  09:48:48] [type: Request] [user: admin] [ip: undefined] [proxy: undefined] Controller: StatsSettings Task: getStatsStageOneData: {}
[2022-11-29  09:49:01] [type: Request] [user: admin] [ip: undefined] [proxy: undefined] Controller: StatsSettings Task: getStatsStageTwoData: {}
[2022-11-29  09:49:35] [type: Request] [user: admin] [ip: undefined] [proxy: undefined] Controller: StatsSettings Task: getStatsStageOneData: {}
[2022-11-29  09:49:45] [type: Request] [user: admin] [ip: undefined] [proxy: undefined] Controller: StatsSettings Task: getStatsStageTwoData: {}
[2022-11-29  09:50:02] [type: Request] [user: admin] [ip: undefined] [proxy: undefined] Controller: StatsSettings Task: getStatsStageOneData: {}
[2022-11-29  09:50:10] [type: Request] [user: admin] [ip: undefined] [proxy: undefined] Controller: StatsSettings Task: getStatsStageTwoData: {}
[2022-11-29  09:59:07] [type: Request] [user: admin] [ip: undefined] [proxy: undefined] Controller: StatsSettings Task: getStatsStageOneData: {}
[2022-11-29  09:59:19] [type: Request] [user: admin] [ip: undefined] [proxy: undefined] Controller: StatsSettings Task: getStatsStageTwoData: {}
[2022-11-29  09:59:27] [type: Request] [user: admin] [ip: undefined] [proxy: undefined] Controller: StatsSettings Task: getStatsStageOneData: {}
[2022-11-29  10:16:48] [type: Access] [user: admin] [ip: undefined] [proxy: undefined] http://
[2022-11-29  10:16:50] [type: Request] [user: admin] [ip: undefined] [proxy: undefined] Controller: LanguageSelection Task: getInterfaceNamesData: {}
[2022-11-29  10:16:50] [type: Request] [user: admin] [ip: undefined] [proxy: undefined] Controller: StatsSettings Task: getSingleStatsData: {}
[2022-11-29  10:16:50] [type: Select] [user: admin] [ip: undefined] [proxy: undefined] Database: scheduler; SQL: SELECT name, name FROM statistics WHERE  type = 'Pojedyncze'
[2022-11-29  10:16:52] [type: Request] [user: admin] [ip: undefined] [proxy: undefined] Controller: StatsSettings Task: getStatsStageOneData: {}
[2022-11-29  10:17:12] [type: Request] [user: admin] [ip: undefined] [proxy: undefined] Controller: StatsSettings Task: getStatsStageTwoData: {}
[2022-11-29  10:18:17] [type: Access] [user: admin] [ip: undefined] [proxy: undefined] http://
[2022-11-29  10:18:19] [type: Request] [user: admin] [ip: undefined] [proxy: undefined] Controller: LanguageSelection Task: getInterfaceNamesData: {}
[2022-11-29  10:18:20] [type: Request] [user: admin] [ip: undefined] [proxy: undefined] Controller: StatsSettings Task: getSingleStatsData: {}
[2022-11-29  10:18:20] [type: Select] [user: admin] [ip: undefined] [proxy: undefined] Database: scheduler; SQL: SELECT name, name FROM statistics WHERE  type = 'Pojedyncze'
[2022-11-29  10:18:21] [type: Request] [user: admin] [ip: undefined] [proxy: undefined] Controller: StatsSettings Task: getStatsStageOneData: {}
[2022-11-29  10:18:35] [type: Request] [user: admin] [ip: undefined] [proxy: undefined] Controller: StatsSettings Task: getStatsStageTwoData: {}
[2022-11-29  10:20:48] [type: Access] [user: admin] [ip: undefined] [proxy: undefined] http://
[2022-11-29  10:20:50] [type: Request] [user: admin] [ip: undefined] [proxy: undefined] Controller: LanguageSelection Task: getInterfaceNamesData: {}
[2022-11-29  10:20:51] [type: Request] [user: admin] [ip: undefined] [proxy: undefined] Controller: StatsSettings Task: getSingleStatsData: {}
[2022-11-29  10:20:51] [type: Select] [user: admin] [ip: undefined] [proxy: undefined] Database: scheduler; SQL: SELECT name, name FROM statistics WHERE  type = 'Pojedyncze'
[2022-11-29  10:20:53] [type: Request] [user: admin] [ip: undefined] [proxy: undefined] Controller: StatsSettings Task: getStatsStageOneData: {}
[2022-11-29  10:21:03] [type: Request] [user: admin] [ip: undefined] [proxy: undefined] Controller: StatsSettings Task: getStatsStageTwoData: {}
[2022-11-29  10:22:19] [type: Access] [user: admin] [ip: undefined] [proxy: undefined] http://
[2022-11-29  10:22:21] [type: Request] [user: admin] [ip: undefined] [proxy: undefined] Controller: LanguageSelection Task: getInterfaceNamesData: {}
[2022-11-29  10:22:21] [type: Request] [user: admin] [ip: undefined] [proxy: undefined] Controller: StatsSettings Task: getSingleStatsData: {}
[2022-11-29  10:22:21] [type: Select] [user: admin] [ip: undefined] [proxy: undefined] Database: scheduler; SQL: SELECT name, name FROM statistics WHERE  type = 'Pojedyncze'
[2022-11-29  10:31:11] [type: Access] [user: admin] [ip: undefined] [proxy: undefined] http://
[2022-11-29  10:31:13] [type: Request] [user: admin] [ip: undefined] [proxy: undefined] Controller: LanguageSelection Task: getInterfaceNamesData: {}
[2022-11-29  10:31:13] [type: Request] [user: admin] [ip: undefined] [proxy: undefined] Controller: StatsSettings Task: getSingleStatsData: {}
[2022-11-29  10:31:13] [type: Select] [user: admin] [ip: undefined] [proxy: undefined] Database: scheduler; SQL: SELECT name, name FROM statistics WHERE  type = 'Pojedyncze'
[2022-11-29  10:31:15] [type: Access] [user: admin] [ip: undefined] [proxy: undefined] http://
[2022-11-29  10:31:16] [type: Request] [user: admin] [ip: undefined] [proxy: undefined] Controller: LanguageSelection Task: getInterfaceNamesData: {}
[2022-11-29  10:31:17] [type: Request] [user: admin] [ip: undefined] [proxy: undefined] Controller: StatsSettings Task: getSingleStatsData: {}
[2022-11-29  10:31:17] [type: Select] [user: admin] [ip: undefined] [proxy: undefined] Database: scheduler; SQL: SELECT name, name FROM statistics WHERE  type = 'Pojedyncze'
[2022-11-29  10:31:19] [type: Request] [user: admin] [ip: undefined] [proxy: undefined] Controller: StatsSettings Task: getStatsStageOneData: {}
[2022-11-29  10:31:34] [type: Request] [user: admin] [ip: undefined] [proxy: undefined] Controller: StatsSettings Task: getStatsStageTwoData: {}
[2022-11-29  10:31:46] [type: Request] [user: admin] [ip: undefined] [proxy: undefined] Controller: StatsSettings Task: saveStatsData: {}
[2022-11-29  10:31:46] [type: Error] [user: admin] [ip: undefined] [proxy: undefined] Tanweb\Database\SQL\MysqlBuilder::into(): Argument #2 ($value) must be of type string, array given, called in /var/www/html/sys/classes/Data/Access/DataAccessObject.php on line 108 ;
 #0 /var/www/html/sys/classes/Data/Access/DataAccessObject.php(108): Tanweb\Database\SQL\MysqlBuilder->into('json', Array)
#1 /var/www/html/sys/classes/Data/Access/DataAccessObject.php(64): Data\Access\DataAccessObject->add(Object(Tanweb\Container))
#2 /var/www/html/sys/classes/Services/StatsService.php(129): Data\Access\DataAccessObject->save(Object(Tanweb\Container))
#3 /var/www/html/sys/classes/Controllers/StatsSettings.php(61): Services\StatsService->saveStats(Object(Tanweb\Container))
#4 /var/www/html/sys/classes/Controllers/Base/Controller.php(112): Controllers\StatsSettings->saveStats()
#5 /var/www/html/sys/classes/Controllers/Base/Controller.php(89): Controllers\Base\Controller->runTask(Object(Tanweb\Request\Request))
#6 /var/www/html/sys/scripts/requests/rest.php(26): Controllers\Base\Controller->run(Object(Tanweb\Request\Request))
#7 {main}
[2022-11-29  10:33:46] [type: Request] [user: admin] [ip: undefined] [proxy: undefined] Controller: StatsSettings Task: getStatsStageOneData: {}
[2022-11-29  10:34:03] [type: Request] [user: admin] [ip: undefined] [proxy: undefined] Controller: StatsSettings Task: getStatsStageTwoData: {}
[2022-11-29  10:34:18] [type: Request] [user: admin] [ip: undefined] [proxy: undefined] Controller: StatsSettings Task: saveStatsData: {}
[2022-11-29  10:34:18] [type: insert] [user: admin] [ip: undefined] [proxy: undefined] Database: scheduler; SQL: INSERT INTO statistics (name, type, json) VALUES ('Mandaty', 'Pojedyncze', '{"dataset":"Mandaty","resultForm":"Tabela","inputs":["Miesi\u0105c","Rok"],"x":["Miejsca"],"y":["U\u017cytkownicy"],"method":"Zliczanie"}')
[2022-11-29  10:34:19] [type: Request] [user: admin] [ip: undefined] [proxy: undefined] Controller: StatsSettings Task: getSingleStatsData: {}
[2022-11-29  10:34:19] [type: Select] [user: admin] [ip: undefined] [proxy: undefined] Database: scheduler; SQL: SELECT name, name FROM statistics WHERE  type = 'Pojedyncze'
[2022-11-29  10:36:24] [type: Access] [user: admin] [ip: undefined] [proxy: undefined] http://
[2022-11-29  10:36:25] [type: Request] [user: admin] [ip: undefined] [proxy: undefined] Controller: LanguageSelection Task: getInterfaceNamesData: {}
[2022-11-29  10:36:26] [type: Request] [user: admin] [ip: undefined] [proxy: undefined] Controller: StatsSettings Task: getSingleStatsData: {}
[2022-11-29  10:36:26] [type: Select] [user: admin] [ip: undefined] [proxy: undefined] Database: scheduler; SQL: SELECT name, name FROM statistics WHERE  type = 'Pojedyncze'
[2022-11-29  10:39:37] [type: Access] [user: admin] [ip: undefined] [proxy: undefined] http://
[2022-11-29  10:39:39] [type: Request] [user: admin] [ip: undefined] [proxy: undefined] Controller: LanguageSelection Task: getInterfaceNamesData: {}
[2022-11-29  10:39:39] [type: Request] [user: admin] [ip: undefined] [proxy: undefined] Controller: StatsSettings Task: getStatsWithoutFormData: {}
[2022-11-29  10:39:39] [type: Select] [user: admin] [ip: undefined] [proxy: undefined] Database: scheduler; SQL: SELECT * FROM statistics WHERE  type != 'Ze wzoru'
[2022-11-29  10:42:42] [type: Access] [user: admin] [ip: undefined] [proxy: undefined] http://
[2022-11-29  10:42:44] [type: Request] [user: admin] [ip: undefined] [proxy: undefined] Controller: LanguageSelection Task: getInterfaceNamesData: {}
[2022-11-29  10:42:44] [type: Request] [user: admin] [ip: undefined] [proxy: undefined] Controller: StatsSettings Task: getStatsWithoutFormData: {}
[2022-11-29  10:42:44] [type: Select] [user: admin] [ip: undefined] [proxy: undefined] Database: scheduler; SQL: SELECT * FROM statistics WHERE  type != 'Ze wzoru'
[2022-11-29  10:43:21] [type: Request] [user: admin] [ip: undefined] [proxy: undefined] Controller: StatsSettings Task: getStatsStageOneData: {}
[2022-11-29  10:43:42] [type: Request] [user: admin] [ip: undefined] [proxy: undefined] Controller: StatsSettings Task: getStatsStageTwoData: {}
[2022-11-29  10:43:51] [type: Request] [user: admin] [ip: undefined] [proxy: undefined] Controller: StatsSettings Task: saveStatsData: {}
[2022-11-29  10:44:07] [type: insert] [user: admin] [ip: undefined] [proxy: undefined] Database: scheduler; SQL: INSERT INTO statistics (name, type, json) VALUES ('test', 'Zestawienie miesięczne', '{"dataset":"Wnioski do s\u0105du","resultForm":"Wykres okr\u0119gowy","inputs":["Miesi\u0105c","Rok"],"x":["U\u017cytkownicy"],"method":"Zliczanie"}')
[2022-11-29  10:44:10] [type: Request] [user: admin] [ip: undefined] [proxy: undefined] Controller: StatsSettings Task: getStatsWithoutFormData: {}
[2022-11-29  10:44:10] [type: Select] [user: admin] [ip: undefined] [proxy: undefined] Database: scheduler; SQL: SELECT * FROM statistics WHERE  type != 'Ze wzoru'
[2022-11-29  10:51:53] [type: Request] [user: admin] [ip: undefined] [proxy: undefined] Controller: StatsSettings Task: removeStatsData: {}
[2022-11-29  10:51:53] [type: insert] [user: admin] [ip: undefined] [proxy: undefined] Database: scheduler; SQL: DELETE FROM statistics WHERE id = '2'
[2022-11-29  10:51:54] [type: Request] [user: admin] [ip: undefined] [proxy: undefined] Controller: StatsSettings Task: getStatsWithoutFormData: {}
[2022-11-29  10:51:54] [type: Select] [user: admin] [ip: undefined] [proxy: undefined] Database: scheduler; SQL: SELECT * FROM statistics WHERE  type != 'Ze wzoru'
[2022-11-29  10:51:56] [type: Request] [user: admin] [ip: undefined] [proxy: undefined] Controller: StatsSettings Task: getStatsStageOneData: {}
[2022-11-29  10:52:15] [type: Request] [user: admin] [ip: undefined] [proxy: undefined] Controller: StatsSettings Task: getStatsStageTwoData: {}
[2022-11-29  10:52:28] [type: Request] [user: admin] [ip: undefined] [proxy: undefined] Controller: StatsSettings Task: saveStatsData: {}
[2022-11-29  10:52:28] [type: insert] [user: admin] [ip: undefined] [proxy: undefined] Database: scheduler; SQL: INSERT INTO statistics (name, type, json) VALUES ('test', 'Zestawienie miesięczne', '{"dataset":"Wnioski do sądu","resultForm":"Wykres kołowy","inputs":["Miesiąc","Użytkownik"],"x":["Użytkownicy"],"method":"Średnia na typ użytkownika"}')
[2022-11-29  10:52:30] [type: Request] [user: admin] [ip: undefined] [proxy: undefined] Controller: StatsSettings Task: getStatsWithoutFormData: {}
[2022-11-29  10:52:30] [type: Select] [user: admin] [ip: undefined] [proxy: undefined] Database: scheduler; SQL: SELECT * FROM statistics WHERE  type != 'Ze wzoru'
[2022-11-29  10:52:48] [type: Request] [user: admin] [ip: undefined] [proxy: undefined] Controller: StatsSettings Task: removeStatsData: {}
[2022-11-29  10:52:48] [type: insert] [user: admin] [ip: undefined] [proxy: undefined] Database: scheduler; SQL: DELETE FROM statistics WHERE id = '3'
[2022-11-29  10:52:49] [type: Request] [user: admin] [ip: undefined] [proxy: undefined] Controller: StatsSettings Task: getStatsWithoutFormData: {}
[2022-11-29  10:52:49] [type: Select] [user: admin] [ip: undefined] [proxy: undefined] Database: scheduler; SQL: SELECT * FROM statistics WHERE  type != 'Ze wzoru'
[2022-11-29  10:52:51] [type: Request] [user: admin] [ip: undefined] [proxy: undefined] Controller: StatsSettings Task: removeStatsData: {}
[2022-11-29  10:52:51] [type: insert] [user: admin] [ip: undefined] [proxy: undefined] Database: scheduler; SQL: DELETE FROM statistics WHERE id = '1'
[2022-11-29  10:52:52] [type: Request] [user: admin] [ip: undefined] [proxy: undefined] Controller: StatsSettings Task: getStatsWithoutFormData: {}
[2022-11-29  10:52:52] [type: Select] [user: admin] [ip: undefined] [proxy: undefined] Database: scheduler; SQL: SELECT * FROM statistics WHERE  type != 'Ze wzoru'
[2022-11-29  10:52:57] [type: Request] [user: admin] [ip: undefined] [proxy: undefined] Controller: StatsSettings Task: getStatsStageOneData: {}
[2022-11-29  11:45:07] [type: Access] [user: admin] [ip: undefined] [proxy: undefined] http://
[2022-11-29  11:45:09] [type: Request] [user: admin] [ip: undefined] [proxy: undefined] Controller: LanguageSelection Task: getInterfaceNamesData: {}
[2022-11-29  11:45:11] [type: Access] [user: admin] [ip: undefined] [proxy: undefined] http://
[2022-11-29  11:45:46] [type: Access] [user: admin] [ip: undefined] [proxy: undefined] http://
[2022-11-29  11:45:47] [type: Request] [user: admin] [ip: undefined] [proxy: undefined] Controller: LanguageSelection Task: getInterfaceNamesData: {}
[2022-11-29  11:45:48] [type: Request] [user: admin] [ip: undefined] [proxy: undefined] Controller: StatsSettings Task: getStatsWithoutFormData: {}
[2022-11-29  11:45:48] [type: Select] [user: admin] [ip: undefined] [proxy: undefined] Database: scheduler; SQL: SELECT * FROM statistics WHERE  type != 'Ze wzoru'
[2022-11-29  11:45:55] [type: Access] [user: admin] [ip: undefined] [proxy: undefined] http://
[2022-11-29  11:45:56] [type: Request] [user: admin] [ip: undefined] [proxy: undefined] Controller: LanguageSelection Task: getInterfaceNamesData: {}
[2022-11-29  11:50:55] [type: Access] [user: admin] [ip: undefined] [proxy: undefined] http://
[2022-11-29  11:50:57] [type: Request] [user: admin] [ip: undefined] [proxy: undefined] Controller: LanguageSelection Task: getInterfaceNamesData: {}
[2022-11-29  11:50:57] [type: Request] [user: admin] [ip: undefined] [proxy: undefined] Controller: StatsSettings Task: getStatsWithoutFormData: {}
[2022-11-29  11:50:57] [type: Select] [user: admin] [ip: undefined] [proxy: undefined] Database: scheduler; SQL: SELECT * FROM statistics WHERE  type != 'Ze wzoru'
[2022-11-29  11:51:05] [type: Request] [user: admin] [ip: undefined] [proxy: undefined] Controller: StatsSettings Task: getStatsStageOneData: {}
[2022-11-29  11:51:34] [type: Request] [user: admin] [ip: undefined] [proxy: undefined] Controller: StatsSettings Task: getStatsStageTwoData: {}
[2022-11-29  11:51:47] [type: Request] [user: admin] [ip: undefined] [proxy: undefined] Controller: StatsSettings Task: saveStatsData: {}
[2022-11-29  11:51:47] [type: insert] [user: admin] [ip: undefined] [proxy: undefined] Database: scheduler; SQL: INSERT INTO statistics (name, type, json) VALUES ('Mandaty Miesięcznie', 'Pojedyncze', '{"dataset":"Mandaty","resultForm":"Tabela","inputs":["Miesiąc","Rok"],"x":["Miejsca"],"y":["Użytkownicy"],"method":"Zliczanie"}')
[2022-11-29  11:51:49] [type: Request] [user: admin] [ip: undefined] [proxy: undefined] Controller: StatsSettings Task: getStatsWithoutFormData: {}
[2022-11-29  11:51:49] [type: Select] [user: admin] [ip: undefined] [proxy: undefined] Database: scheduler; SQL: SELECT * FROM statistics WHERE  type != 'Ze wzoru'
[2022-11-29  11:51:54] [type: Access] [user: admin] [ip: undefined] [proxy: undefined] http://
[2022-11-29  11:51:55] [type: Request] [user: admin] [ip: undefined] [proxy: undefined] Controller: LanguageSelection Task: getInterfaceNamesData: {}
[2022-11-29  11:53:01] [type: Access] [user: admin] [ip: undefined] [proxy: undefined] http://
[2022-11-29  11:53:03] [type: Request] [user: admin] [ip: undefined] [proxy: undefined] Controller: LanguageSelection Task: getInterfaceNamesData: {}
[2022-11-29  11:53:13] [type: Access] [user: admin] [ip: undefined] [proxy: undefined] http://
[2022-11-29  11:53:15] [type: Request] [user: admin] [ip: undefined] [proxy: undefined] Controller: LanguageSelection Task: getInterfaceNamesData: {}
[2022-11-29  11:53:15] [type: Request] [user: admin] [ip: undefined] [proxy: undefined] Controller: StatsDisplay Task: getStatsData: {}
[2022-11-29  11:53:24] [type: Select] [user: admin] [ip: undefined] [proxy: undefined] Database: scheduler; SQL: SELECT name, name FROM statistics WHERE  active = '1'
[2022-11-29  11:53:31] [type: Error] [user: admin] [ip: undefined] [proxy: undefined] Container error: value not defined for key: json ;
 #0 /var/www/html/sys/classes/Tanweb/Container.php(42): Tanweb\Container->throwException('value not defin...')
#1 /var/www/html/sys/classes/Data/Access/Tables/StatisticsDAO.php(64): Tanweb\Container->get('json')
#2 /var/www/html/sys/classes/Data/Access/Tables/StatisticsDAO.php(56): Data\Access\Tables\StatisticsDAO->parseJsons(Object(Tanweb\Container))
#3 /var/www/html/sys/classes/Services/StatsService.php(39): Data\Access\Tables\StatisticsDAO->getActiveNamesAndIds()
#4 /var/www/html/sys/classes/Controllers/StatsDisplay.php(32): Services\StatsService->getActiveStats()
#5 /var/www/html/sys/classes/Controllers/Base/Controller.php(112): Controllers\StatsDisplay->getStats()
#6 /var/www/html/sys/classes/Controllers/Base/Controller.php(89): Controllers\Base\Controller->runTask(Object(Tanweb\Request\Request))
#7 /var/www/html/sys/scripts/requests/rest.php(26): Controllers\Base\Controller->run(Object(Tanweb\Request\Request))
#8 {main}
[2022-11-29  11:54:18] [type: Access] [user: admin] [ip: undefined] [proxy: undefined] http://
[2022-11-29  11:54:19] [type: Request] [user: admin] [ip: undefined] [proxy: undefined] Controller: LanguageSelection Task: getInterfaceNamesData: {}
[2022-11-29  11:54:19] [type: Request] [user: admin] [ip: undefined] [proxy: undefined] Controller: StatsDisplay Task: getStatsData: {}
[2022-11-29  11:54:22] [type: Select] [user: admin] [ip: undefined] [proxy: undefined] Database: scheduler; SQL: SELECT name, name FROM statistics WHERE  active = '1'
[2022-11-29  11:55:31] [type: Access] [user: admin] [ip: undefined] [proxy: undefined] http://
[2022-11-29  11:55:42] [type: Request] [user: admin] [ip: undefined] [proxy: undefined] Controller: LanguageSelection Task: getInterfaceNamesData: {}
[2022-11-29  11:55:43] [type: Request] [user: admin] [ip: undefined] [proxy: undefined] Controller: StatsDisplay Task: getStatsData: {}
[2022-11-29  11:55:43] [type: Select] [user: admin] [ip: undefined] [proxy: undefined] Database: scheduler; SQL: SELECT name, name FROM statistics WHERE  active = '1'
[2022-11-29  11:55:53] [type: Access] [user: admin] [ip: undefined] [proxy: undefined] http://
[2022-11-29  11:55:54] [type: Request] [user: admin] [ip: undefined] [proxy: undefined] Controller: LanguageSelection Task: getInterfaceNamesData: {}
[2022-11-29  11:55:55] [type: Request] [user: admin] [ip: undefined] [proxy: undefined] Controller: StatsDisplay Task: getStatsData: {}
[2022-11-29  11:56:41] [type: Select] [user: admin] [ip: undefined] [proxy: undefined] Database: scheduler; SQL: SELECT name, name FROM statistics WHERE  active = '1'
[2022-11-29  11:56:46] [type: Access] [user: admin] [ip: undefined] [proxy: undefined] http://
[2022-11-29  11:56:47] [type: Request] [user: admin] [ip: undefined] [proxy: undefined] Controller: LanguageSelection Task: getInterfaceNamesData: {}
[2022-11-29  11:56:48] [type: Request] [user: admin] [ip: undefined] [proxy: undefined] Controller: StatsDisplay Task: getStatsData: {}
[2022-11-29  11:56:54] [type: Select] [user: admin] [ip: undefined] [proxy: undefined] Database: scheduler; SQL: SELECT id, name FROM statistics WHERE  active = '1'
[2022-11-29  11:59:04] [type: Access] [user: admin] [ip: undefined] [proxy: undefined] http://
[2022-11-29  11:59:05] [type: Request] [user: admin] [ip: undefined] [proxy: undefined] Controller: LanguageSelection Task: getInterfaceNamesData: {}
[2022-11-29  11:59:06] [type: Request] [user: admin] [ip: undefined] [proxy: undefined] Controller: StatsDisplay Task: getStatsData: {}
[2022-11-29  11:59:06] [type: Select] [user: admin] [ip: undefined] [proxy: undefined] Database: scheduler; SQL: SELECT id, name FROM statistics WHERE  active = '1'
[2022-11-29  11:59:38] [type: Access] [user: admin] [ip: undefined] [proxy: undefined] http://
[2022-11-29  11:59:39] [type: Request] [user: admin] [ip: undefined] [proxy: undefined] Controller: LanguageSelection Task: getInterfaceNamesData: {}
[2022-11-29  11:59:40] [type: Request] [user: admin] [ip: undefined] [proxy: undefined] Controller: StatsDisplay Task: getStatsData: {}
[2022-11-29  11:59:40] [type: Select] [user: admin] [ip: undefined] [proxy: undefined] Database: scheduler; SQL: SELECT id, name FROM statistics WHERE  active = '1'
[2022-11-29  12:08:15] [type: Access] [user: admin] [ip: undefined] [proxy: undefined] http://
[2022-11-29  12:08:17] [type: Request] [user: admin] [ip: undefined] [proxy: undefined] Controller: LanguageSelection Task: getInterfaceNamesData: {}
[2022-11-29  12:08:17] [type: Request] [user: admin] [ip: undefined] [proxy: undefined] Controller: StatsSettings Task: getStatsWithoutFormData: {}
[2022-11-29  12:08:17] [type: Select] [user: admin] [ip: undefined] [proxy: undefined] Database: scheduler; SQL: SELECT * FROM statistics WHERE  type != 'Ze wzoru'
[2022-11-29  12:08:19] [type: Request] [user: admin] [ip: undefined] [proxy: undefined] Controller: StatsSettings Task: getStatsStageOneData: {}
[2022-11-29  12:08:57] [type: Request] [user: admin] [ip: undefined] [proxy: undefined] Controller: StatsSettings Task: getStatsStageTwoData: {}
[2022-11-29  12:09:25] [type: Request] [user: admin] [ip: undefined] [proxy: undefined] Controller: StatsSettings Task: saveStatsData: {}
[2022-11-29  12:09:25] [type: Error] [user: admin] [ip: undefined] [proxy: undefined] Container error: value not defined for key: inputs ;
 #0 /var/www/html/sys/classes/Tanweb/Container.php(42): Tanweb\Container->throwException('value not defin...')
#1 /var/www/html/sys/classes/Services/StatsService.php(144): Tanweb\Container->get('inputs')
#2 /var/www/html/sys/classes/Services/StatsService.php(138): Services\StatsService->addInput(Object(Tanweb\Container), Object(Custom\Statistics\Options\Input))
#3 /var/www/html/sys/classes/Services/StatsService.php(125): Services\StatsService->checkInputs(Object(Tanweb\Container))
#4 /var/www/html/sys/classes/Controllers/StatsSettings.php(48): Services\StatsService->saveStats(Object(Tanweb\Container))
#5 /var/www/html/sys/classes/Controllers/Base/Controller.php(112): Controllers\StatsSettings->saveStats()
#6 /var/www/html/sys/classes/Controllers/Base/Controller.php(89): Controllers\Base\Controller->runTask(Object(Tanweb\Request\Request))
#7 /var/www/html/sys/scripts/requests/rest.php(26): Controllers\Base\Controller->run(Object(Tanweb\Request\Request))
#8 {main}
[2022-11-29  12:10:04] [type: Request] [user: admin] [ip: undefined] [proxy: undefined] Controller: StatsSettings Task: getStatsStageOneData: {}
[2022-11-29  12:10:28] [type: Request] [user: admin] [ip: undefined] [proxy: undefined] Controller: StatsSettings Task: getStatsStageTwoData: {}
[2022-11-29  12:10:41] [type: Request] [user: admin] [ip: undefined] [proxy: undefined] Controller: StatsSettings Task: saveStatsData: {}
[2022-11-29  12:10:59] [type: Error] [user: admin] [ip: undefined] [proxy: undefined] Container error: value not defined for key: inputs ;
 #0 /var/www/html/sys/classes/Tanweb/Container.php(42): Tanweb\Container->throwException('value not defin...')
#1 /var/www/html/sys/classes/Services/StatsService.php(144): Tanweb\Container->get('inputs')
#2 /var/www/html/sys/classes/Services/StatsService.php(138): Services\StatsService->addInput(Object(Tanweb\Container), Object(Custom\Statistics\Options\Input))
#3 /var/www/html/sys/classes/Services/StatsService.php(125): Services\StatsService->checkInputs(Object(Tanweb\Container))
#4 /var/www/html/sys/classes/Controllers/StatsSettings.php(48): Services\StatsService->saveStats(Object(Tanweb\Container))
#5 /var/www/html/sys/classes/Controllers/Base/Controller.php(112): Controllers\StatsSettings->saveStats()
#6 /var/www/html/sys/classes/Controllers/Base/Controller.php(89): Controllers\Base\Controller->runTask(Object(Tanweb\Request\Request))
#7 /var/www/html/sys/scripts/requests/rest.php(26): Controllers\Base\Controller->run(Object(Tanweb\Request\Request))
#8 {main}
[2022-11-29  12:11:29] [type: Request] [user: admin] [ip: undefined] [proxy: undefined] Controller: StatsSettings Task: getStatsStageOneData: {}
[2022-11-29  12:12:44] [type: Request] [user: admin] [ip: undefined] [proxy: undefined] Controller: StatsSettings Task: getStatsStageTwoData: {}
[2022-11-29  12:14:00] [type: Request] [user: admin] [ip: undefined] [proxy: undefined] Controller: StatsSettings Task: saveStatsData: {}
[2022-11-29  12:14:08] [type: Error] [user: admin] [ip: undefined] [proxy: undefined] Container error: value not defined for key: inputs ;
 #0 /var/www/html/sys/classes/Tanweb/Container.php(42): Tanweb\Container->throwException('value not defin...')
#1 /var/www/html/sys/classes/Services/StatsService.php(144): Tanweb\Container->get('inputs')
#2 /var/www/html/sys/classes/Services/StatsService.php(138): Services\StatsService->addInput(Object(Tanweb\Container), Object(Custom\Statistics\Options\Input))
#3 /var/www/html/sys/classes/Services/StatsService.php(125): Services\StatsService->checkInputs(Object(Tanweb\Container))
#4 /var/www/html/sys/classes/Controllers/StatsSettings.php(48): Services\StatsService->saveStats(Object(Tanweb\Container))
#5 /var/www/html/sys/classes/Controllers/Base/Controller.php(112): Controllers\StatsSettings->saveStats()
#6 /var/www/html/sys/classes/Controllers/Base/Controller.php(89): Controllers\Base\Controller->runTask(Object(Tanweb\Request\Request))
#7 /var/www/html/sys/scripts/requests/rest.php(26): Controllers\Base\Controller->run(Object(Tanweb\Request\Request))
#8 {main}
[2022-11-29  12:15:35] [type: Request] [user: admin] [ip: undefined] [proxy: undefined] Controller: StatsSettings Task: getStatsStageOneData: {}
[2022-11-29  12:16:07] [type: Request] [user: admin] [ip: undefined] [proxy: undefined] Controller: StatsSettings Task: getStatsStageTwoData: {}
[2022-11-29  12:16:19] [type: Request] [user: admin] [ip: undefined] [proxy: undefined] Controller: StatsSettings Task: saveStatsData: {}
[2022-11-29  12:16:52] [type: insert] [user: admin] [ip: undefined] [proxy: undefined] Database: scheduler; SQL: INSERT INTO statistics (name, type, json) VALUES ('Roczne zestawienie mandatów', 'Zestawienie roczne', '{"dataset":"Mandaty","resultForm":"Wykres słupkowy","x":["Lata"],"method":"Zliczanie","inputs":["Zakres lat"]}')
[2022-11-29  12:16:56] [type: Request] [user: admin] [ip: undefined] [proxy: undefined] Controller: StatsSettings Task: getStatsWithoutFormData: {}
[2022-11-29  12:16:56] [type: Select] [user: admin] [ip: undefined] [proxy: undefined] Database: scheduler; SQL: SELECT * FROM statistics WHERE  type != 'Ze wzoru'
[2022-11-29  12:17:12] [type: Access] [user: admin] [ip: undefined] [proxy: undefined] http://
[2022-11-29  12:17:13] [type: Request] [user: admin] [ip: undefined] [proxy: undefined] Controller: LanguageSelection Task: getInterfaceNamesData: {}
[2022-11-29  12:17:14] [type: Request] [user: admin] [ip: undefined] [proxy: undefined] Controller: StatsDisplay Task: getStatsData: {}
[2022-11-29  12:17:14] [type: Select] [user: admin] [ip: undefined] [proxy: undefined] Database: scheduler; SQL: SELECT id, name FROM statistics WHERE  active = '1'
[2022-11-29  13:15:52] [type: Access] [user: admin] [ip: undefined] [proxy: undefined] http://
[2022-11-29  13:15:53] [type: Request] [user: admin] [ip: undefined] [proxy: undefined] Controller: LanguageSelection Task: getInterfaceNamesData: {}
[2022-11-29  13:15:54] [type: Request] [user: admin] [ip: undefined] [proxy: undefined] Controller: StatsDisplay Task: getStatsData: {}
[2022-11-29  13:15:54] [type: Select] [user: admin] [ip: undefined] [proxy: undefined] Database: scheduler; SQL: SELECT id, name FROM statistics WHERE  active = '1'
[2022-11-29  13:15:55] [type: Error] [user: admin] [ip: undefined] [proxy: undefined] method getInputsSettings() not defined.
[2022-11-29  13:16:17] [type: Access] [user: admin] [ip: undefined] [proxy: undefined] http://
[2022-11-29  13:16:18] [type: Request] [user: admin] [ip: undefined] [proxy: undefined] Controller: LanguageSelection Task: getInterfaceNamesData: {}
[2022-11-29  13:16:19] [type: Request] [user: admin] [ip: undefined] [proxy: undefined] Controller: StatsDisplay Task: getStatsData: {}
[2022-11-29  13:16:19] [type: Select] [user: admin] [ip: undefined] [proxy: undefined] Database: scheduler; SQL: SELECT id, name FROM statistics WHERE  active = '1'
[2022-11-29  13:16:20] [type: Request] [user: admin] [ip: undefined] [proxy: undefined] Controller: StatsDisplay Task: getInputsSettingsData: {}
[2022-11-29  13:16:20] [type: Select] [user: admin] [ip: undefined] [proxy: undefined] Database: scheduler; SQL: SELECT * FROM statistics WHERE  id = '4'
[2022-11-29  13:16:20] [type: Error] [user: admin] [ip: undefined] [proxy: undefined] Tanweb\Container::__construct(): Argument #1 ($data) must be of type ?array, string given, called in /var/www/html/sys/classes/Services/StatsService.php on line 126 ;
 #0 /var/www/html/sys/classes/Services/StatsService.php(126): Tanweb\Container->__construct('{"x": ["Miejsca...')
#1 /var/www/html/sys/classes/Controllers/StatsDisplay.php(39): Services\StatsService->getInputSettings(4)
#2 /var/www/html/sys/classes/Controllers/Base/Controller.php(112): Controllers\StatsDisplay->getInputsSettings()
#3 /var/www/html/sys/classes/Controllers/Base/Controller.php(89): Controllers\Base\Controller->runTask(Object(Tanweb\Request\Request))
#4 /var/www/html/sys/scripts/requests/rest.php(26): Controllers\Base\Controller->run(Object(Tanweb\Request\Request))
#5 {main}
[2022-11-29  13:17:13] [type: Access] [user: admin] [ip: undefined] [proxy: undefined] http://
[2022-11-29  13:17:14] [type: Request] [user: admin] [ip: undefined] [proxy: undefined] Controller: LanguageSelection Task: getInterfaceNamesData: {}
[2022-11-29  13:17:15] [type: Request] [user: admin] [ip: undefined] [proxy: undefined] Controller: StatsDisplay Task: getStatsData: {}
[2022-11-29  13:17:15] [type: Select] [user: admin] [ip: undefined] [proxy: undefined] Database: scheduler; SQL: SELECT id, name FROM statistics WHERE  active = '1'
[2022-11-29  13:17:17] [type: Request] [user: admin] [ip: undefined] [proxy: undefined] Controller: StatsDisplay Task: getInputsSettingsData: {}
[2022-11-29  13:17:19] [type: Select] [user: admin] [ip: undefined] [proxy: undefined] Database: scheduler; SQL: SELECT * FROM statistics WHERE  id = '4'
[2022-11-29  13:17:27] [type: Error] [user: admin] [ip: undefined] [proxy: undefined] Tanweb\Container::__construct(): Argument #1 ($data) must be of type ?array, string given, called in /var/www/html/sys/classes/Services/StatsService.php on line 126 ;
 #0 /var/www/html/sys/classes/Services/StatsService.php(126): Tanweb\Container->__construct('{"x": ["Miejsca...')
#1 /var/www/html/sys/classes/Controllers/StatsDisplay.php(39): Services\StatsService->getInputSettings(4)
#2 /var/www/html/sys/classes/Controllers/Base/Controller.php(112): Controllers\StatsDisplay->getInputsSettings()
#3 /var/www/html/sys/classes/Controllers/Base/Controller.php(89): Controllers\Base\Controller->runTask(Object(Tanweb\Request\Request))
#4 /var/www/html/sys/scripts/requests/rest.php(26): Controllers\Base\Controller->run(Object(Tanweb\Request\Request))
#5 {main}
[2022-11-29  13:18:08] [type: Access] [user: admin] [ip: undefined] [proxy: undefined] http://
[2022-11-29  13:18:10] [type: Request] [user: admin] [ip: undefined] [proxy: undefined] Controller: LanguageSelection Task: getInterfaceNamesData: {}
[2022-11-29  13:18:10] [type: Request] [user: admin] [ip: undefined] [proxy: undefined] Controller: StatsDisplay Task: getStatsData: {}
[2022-11-29  13:18:10] [type: Select] [user: admin] [ip: undefined] [proxy: undefined] Database: scheduler; SQL: SELECT id, name FROM statistics WHERE  active = '1'
[2022-11-29  13:18:12] [type: Request] [user: admin] [ip: undefined] [proxy: undefined] Controller: StatsDisplay Task: getInputsSettingsData: {}
[2022-11-29  13:18:14] [type: Select] [user: admin] [ip: undefined] [proxy: undefined] Database: scheduler; SQL: SELECT * FROM statistics WHERE  id = '4'
[2022-11-29  13:18:22] [type: Error] [user: admin] [ip: undefined] [proxy: undefined] Tanweb\Container::__construct(): Argument #1 ($data) must be of type ?array, stdClass given, called in /var/www/html/sys/classes/Services/StatsService.php on line 126 ;
 #0 /var/www/html/sys/classes/Services/StatsService.php(126): Tanweb\Container->__construct(Object(stdClass))
#1 /var/www/html/sys/classes/Controllers/StatsDisplay.php(39): Services\StatsService->getInputSettings(4)
#2 /var/www/html/sys/classes/Controllers/Base/Controller.php(112): Controllers\StatsDisplay->getInputsSettings()
#3 /var/www/html/sys/classes/Controllers/Base/Controller.php(89): Controllers\Base\Controller->runTask(Object(Tanweb\Request\Request))
#4 /var/www/html/sys/scripts/requests/rest.php(26): Controllers\Base\Controller->run(Object(Tanweb\Request\Request))
#5 {main}
[2022-11-29  13:19:40] [type: Request] [user: admin] [ip: undefined] [proxy: undefined] Controller: StatsDisplay Task: getInputsSettingsData: {}
[2022-11-29  13:19:42] [type: Select] [user: admin] [ip: undefined] [proxy: undefined] Database: scheduler; SQL: SELECT * FROM statistics WHERE  id = '5'
[2022-11-29  13:20:01] [type: Error] [user: admin] [ip: undefined] [proxy: undefined] Tanweb\Container::__construct(): Argument #1 ($data) must be of type ?array, stdClass given, called in /var/www/html/sys/classes/Services/StatsService.php on line 128 ;
 #0 /var/www/html/sys/classes/Services/StatsService.php(128): Tanweb\Container->__construct(Object(stdClass))
#1 /var/www/html/sys/classes/Controllers/StatsDisplay.php(39): Services\StatsService->getInputSettings(5)
#2 /var/www/html/sys/classes/Controllers/Base/Controller.php(112): Controllers\StatsDisplay->getInputsSettings()
#3 /var/www/html/sys/classes/Controllers/Base/Controller.php(89): Controllers\Base\Controller->runTask(Object(Tanweb\Request\Request))
#4 /var/www/html/sys/scripts/requests/rest.php(26): Controllers\Base\Controller->run(Object(Tanweb\Request\Request))
#5 {main}
[2022-11-29  13:20:46] [type: Request] [user: admin] [ip: undefined] [proxy: undefined] Controller: StatsDisplay Task: getInputsSettingsData: {}
[2022-11-29  13:20:48] [type: Select] [user: admin] [ip: undefined] [proxy: undefined] Database: scheduler; SQL: SELECT * FROM statistics WHERE  id = '4'
[2022-11-29  13:21:22] [type: Access] [user: admin] [ip: undefined] [proxy: undefined] http://
[2022-11-29  13:21:23] [type: Request] [user: admin] [ip: undefined] [proxy: undefined] Controller: LanguageSelection Task: getInterfaceNamesData: {}
[2022-11-29  13:21:24] [type: Request] [user: admin] [ip: undefined] [proxy: undefined] Controller: StatsDisplay Task: getStatsData: {}
[2022-11-29  13:21:24] [type: Select] [user: admin] [ip: undefined] [proxy: undefined] Database: scheduler; SQL: SELECT id, name FROM statistics WHERE  active = '1'
[2022-11-29  13:21:25] [type: Request] [user: admin] [ip: undefined] [proxy: undefined] Controller: StatsDisplay Task: getInputsSettingsData: {}
[2022-11-29  13:21:25] [type: Select] [user: admin] [ip: undefined] [proxy: undefined] Database: scheduler; SQL: SELECT * FROM statistics WHERE  id = '4'
[2022-11-29  13:22:48] [type: Request] [user: admin] [ip: undefined] [proxy: undefined] Controller: StatsDisplay Task: getInputsSettingsData: {}
[2022-11-29  13:22:48] [type: Select] [user: admin] [ip: undefined] [proxy: undefined] Database: scheduler; SQL: SELECT * FROM statistics WHERE  id = '5'
[2022-11-29  13:22:56] [type: Request] [user: admin] [ip: undefined] [proxy: undefined] Controller: StatsDisplay Task: getInputsSettingsData: {}
[2022-11-29  13:22:56] [type: Select] [user: admin] [ip: undefined] [proxy: undefined] Database: scheduler; SQL: SELECT * FROM statistics WHERE  id = '4'
